[0.022s] Invoking command in '/home/leoxia/Code/XJTU-RMV-Task05/src/build/detect_and_solve': CMAKE_PREFIX_PATH=${CMAKE_PREFIX_PATH}:/opt/ros/humble /usr/bin/cmake --build /home/leoxia/Code/XJTU-RMV-Task05/src/build/detect_and_solve -- -j4 -l4
[0.115s] [35m[1mConsolidate compiler generated dependencies of target detect_and_solve[0m
[0.156s] [100%] Built target detect_and_solve
[0.179s] Invoked command in '/home/leoxia/Code/XJTU-RMV-Task05/src/build/detect_and_solve' returned '0': CMAKE_PREFIX_PATH=${CMAKE_PREFIX_PATH}:/opt/ros/humble /usr/bin/cmake --build /home/leoxia/Code/XJTU-RMV-Task05/src/build/detect_and_solve -- -j4 -l4
[0.203s] Invoking command in '/home/leoxia/Code/XJTU-RMV-Task05/src/build/detect_and_solve': CMAKE_PREFIX_PATH=${CMAKE_PREFIX_PATH}:/opt/ros/humble /usr/bin/cmake --install /home/leoxia/Code/XJTU-RMV-Task05/src/build/detect_and_solve
[0.218s] -- Install configuration: ""
[0.219s] -- Execute custom install script
[0.220s] -- Up-to-date symlink: /home/leoxia/Code/XJTU-RMV-Task05/src/install/detect_and_solve/lib/detect_and_solve/detect_and_solve
[0.221s] -- Up-to-date symlink: /home/leoxia/Code/XJTU-RMV-Task05/src/install/detect_and_solve/include/detect_and_solve/recognition.hpp
[0.221s] -- Up-to-date symlink: /home/leoxia/Code/XJTU-RMV-Task05/src/install/detect_and_solve/include/detect_and_solve/util.hpp
[0.221s] -- Up-to-date symlink: /home/leoxia/Code/XJTU-RMV-Task05/src/install/detect_and_solve/share/detect_and_solve/launch/launch.py
[0.223s] -- Up-to-date symlink: /home/leoxia/Code/XJTU-RMV-Task05/src/install/detect_and_solve/share/detect_and_solve/config/camera.json
[0.223s] -- Up-to-date symlink: /home/leoxia/Code/XJTU-RMV-Task05/src/install/detect_and_solve/share/detect_and_solve/config/camera.yaml
[0.224s] -- Up-to-date symlink: /home/leoxia/Code/XJTU-RMV-Task05/src/install/detect_and_solve/share/ament_index/resource_index/package_run_dependencies/detect_and_solve
[0.224s] -- Up-to-date symlink: /home/leoxia/Code/XJTU-RMV-Task05/src/install/detect_and_solve/share/ament_index/resource_index/parent_prefix_path/detect_and_solve
[0.225s] -- Up-to-date symlink: /home/leoxia/Code/XJTU-RMV-Task05/src/install/detect_and_solve/share/detect_and_solve/environment/ament_prefix_path.sh
[0.226s] -- Up-to-date symlink: /home/leoxia/Code/XJTU-RMV-Task05/src/install/detect_and_solve/share/detect_and_solve/environment/ament_prefix_path.dsv
[0.226s] -- Up-to-date symlink: /home/leoxia/Code/XJTU-RMV-Task05/src/install/detect_and_solve/share/detect_and_solve/environment/path.sh
[0.226s] -- Up-to-date symlink: /home/leoxia/Code/XJTU-RMV-Task05/src/install/detect_and_solve/share/detect_and_solve/environment/path.dsv
[0.227s] -- Up-to-date symlink: /home/leoxia/Code/XJTU-RMV-Task05/src/install/detect_and_solve/share/detect_and_solve/local_setup.bash
[0.227s] -- Up-to-date symlink: /home/leoxia/Code/XJTU-RMV-Task05/src/install/detect_and_solve/share/detect_and_solve/local_setup.sh
[0.229s] -- Up-to-date symlink: /home/leoxia/Code/XJTU-RMV-Task05/src/install/detect_and_solve/share/detect_and_solve/local_setup.zsh
[0.229s] -- Up-to-date symlink: /home/leoxia/Code/XJTU-RMV-Task05/src/install/detect_and_solve/share/detect_and_solve/local_setup.dsv
[0.229s] -- Symlinking: /home/leoxia/Code/XJTU-RMV-Task05/src/install/detect_and_solve/share/detect_and_solve/package.dsv
[0.247s] -- Up-to-date symlink: /home/leoxia/Code/XJTU-RMV-Task05/src/install/detect_and_solve/share/ament_index/resource_index/packages/detect_and_solve
[0.248s] -- Up-to-date symlink: /home/leoxia/Code/XJTU-RMV-Task05/src/install/detect_and_solve/share/detect_and_solve/cmake/detect_and_solveConfig.cmake
[0.251s] -- Up-to-date symlink: /home/leoxia/Code/XJTU-RMV-Task05/src/install/detect_and_solve/share/detect_and_solve/cmake/detect_and_solveConfig-version.cmake
[0.252s] -- Up-to-date symlink: /home/leoxia/Code/XJTU-RMV-Task05/src/install/detect_and_solve/share/detect_and_solve/package.xml
[0.253s] Invoked command in '/home/leoxia/Code/XJTU-RMV-Task05/src/build/detect_and_solve' returned '0': CMAKE_PREFIX_PATH=${CMAKE_PREFIX_PATH}:/opt/ros/humble /usr/bin/cmake --install /home/leoxia/Code/XJTU-RMV-Task05/src/build/detect_and_solve
