[0.042s] Invoking command in '/home/leoxia/Code/XJTU-RMV-Task05/src/build/hik_camera': CMAKE_PREFIX_PATH=${CMAKE_PREFIX_PATH}:/opt/ros/humble /usr/bin/cmake --build /home/leoxia/Code/XJTU-RMV-Task05/src/build/hik_camera -- -j4 -l4
[0.183s] [100%] Built target hik_camera_node
[0.211s] Invoked command in '/home/leoxia/Code/XJTU-RMV-Task05/src/build/hik_camera' returned '0': CMAKE_PREFIX_PATH=${CMAKE_PREFIX_PATH}:/opt/ros/humble /usr/bin/cmake --build /home/leoxia/Code/XJTU-RMV-Task05/src/build/hik_camera -- -j4 -l4
[0.231s] Invoking command in '/home/leoxia/Code/XJTU-RMV-Task05/src/build/hik_camera': CMAKE_PREFIX_PATH=${CMAKE_PREFIX_PATH}:/opt/ros/humble /usr/bin/cmake --install /home/leoxia/Code/XJTU-RMV-Task05/src/build/hik_camera
[0.248s] -- Install configuration: ""
[0.248s] -- Execute custom install script
[0.250s] -- Up-to-date symlink: /home/leoxia/Code/XJTU-RMV-Task05/src/install/hik_camera/lib/hik_camera/hik_camera_node
[0.251s] -- Up-to-date symlink: /home/leoxia/Code/XJTU-RMV-Task05/src/install/hik_camera/share/hik_camera/launch/launch.py
[0.254s] -- Up-to-date symlink: /home/leoxia/Code/XJTU-RMV-Task05/src/install/hik_camera/share/ament_index/resource_index/package_run_dependencies/hik_camera
[0.256s] -- Up-to-date symlink: /home/leoxia/Code/XJTU-RMV-Task05/src/install/hik_camera/share/ament_index/resource_index/parent_prefix_path/hik_camera
[0.256s] -- Up-to-date symlink: /home/leoxia/Code/XJTU-RMV-Task05/src/install/hik_camera/share/hik_camera/environment/ament_prefix_path.sh
[0.257s] -- Up-to-date symlink: /home/leoxia/Code/XJTU-RMV-Task05/src/install/hik_camera/share/hik_camera/environment/ament_prefix_path.dsv
[0.257s] -- Up-to-date symlink: /home/leoxia/Code/XJTU-RMV-Task05/src/install/hik_camera/share/hik_camera/environment/path.sh
[0.257s] -- Up-to-date symlink: /home/leoxia/Code/XJTU-RMV-Task05/src/install/hik_camera/share/hik_camera/environment/path.dsv
[0.258s] -- Up-to-date symlink: /home/leoxia/Code/XJTU-RMV-Task05/src/install/hik_camera/share/hik_camera/local_setup.bash
[0.258s] -- Up-to-date symlink: /home/leoxia/Code/XJTU-RMV-Task05/src/install/hik_camera/share/hik_camera/local_setup.sh
[0.259s] -- Up-to-date symlink: /home/leoxia/Code/XJTU-RMV-Task05/src/install/hik_camera/share/hik_camera/local_setup.zsh
[0.259s] -- Up-to-date symlink: /home/leoxia/Code/XJTU-RMV-Task05/src/install/hik_camera/share/hik_camera/local_setup.dsv
[0.260s] -- Symlinking: /home/leoxia/Code/XJTU-RMV-Task05/src/install/hik_camera/share/hik_camera/package.dsv
[0.280s] -- Up-to-date symlink: /home/leoxia/Code/XJTU-RMV-Task05/src/install/hik_camera/share/ament_index/resource_index/packages/hik_camera
[0.280s] -- Up-to-date symlink: /home/leoxia/Code/XJTU-RMV-Task05/src/install/hik_camera/share/hik_camera/cmake/hik_cameraConfig.cmake
[0.280s] -- Up-to-date symlink: /home/leoxia/Code/XJTU-RMV-Task05/src/install/hik_camera/share/hik_camera/cmake/hik_cameraConfig-version.cmake
[0.280s] -- Up-to-date symlink: /home/leoxia/Code/XJTU-RMV-Task05/src/install/hik_camera/share/hik_camera/package.xml
[0.283s] Invoked command in '/home/leoxia/Code/XJTU-RMV-Task05/src/build/hik_camera' returned '0': CMAKE_PREFIX_PATH=${CMAKE_PREFIX_PATH}:/opt/ros/humble /usr/bin/cmake --install /home/leoxia/Code/XJTU-RMV-Task05/src/build/hik_camera
