[0.048s] Invoking command in '/home/leoxia/Code/XJTU-RMV-Task05/src/build/detect_and_solve': CMAKE_PREFIX_PATH=${CMAKE_PREFIX_PATH}:/opt/ros/humble /usr/bin/cmake --build /home/leoxia/Code/XJTU-RMV-Task05/src/build/detect_and_solve -- -j4 -l4
[0.158s] [35m[1mConsolidate compiler generated dependencies of target detect_and_solve[0m
[0.200s] [ 25%] [32mBuilding CXX object CMakeFiles/detect_and_solve.dir/src/recognition.cpp.o[0m
[4.277s] [ 50%] [32m[1mLinking CXX executable detect_and_solve[0m
[6.054s] [100%] Built target detect_and_solve
[6.079s] Invoked command in '/home/leoxia/Code/XJTU-RMV-Task05/src/build/detect_and_solve' returned '0': CMAKE_PREFIX_PATH=${CMAKE_PREFIX_PATH}:/opt/ros/humble /usr/bin/cmake --build /home/leoxia/Code/XJTU-RMV-Task05/src/build/detect_and_solve -- -j4 -l4
[6.080s] Invoking command in '/home/leoxia/Code/XJTU-RMV-Task05/src/build/detect_and_solve': CMAKE_PREFIX_PATH=${CMAKE_PREFIX_PATH}:/opt/ros/humble /usr/bin/cmake --install /home/leoxia/Code/XJTU-RMV-Task05/src/build/detect_and_solve
[6.096s] -- Install configuration: ""
[6.097s] -- Execute custom install script
[6.099s] -- Up-to-date symlink: /home/leoxia/Code/XJTU-RMV-Task05/src/install/detect_and_solve/lib/detect_and_solve/detect_and_solve
[6.100s] -- Up-to-date symlink: /home/leoxia/Code/XJTU-RMV-Task05/src/install/detect_and_solve/include/detect_and_solve/recognition.hpp
[6.100s] -- Up-to-date symlink: /home/leoxia/Code/XJTU-RMV-Task05/src/install/detect_and_solve/include/detect_and_solve/util.hpp
[6.101s] -- Up-to-date symlink: /home/leoxia/Code/XJTU-RMV-Task05/src/install/detect_and_solve/share/detect_and_solve/launch/launch.py
[6.101s] -- Up-to-date symlink: /home/leoxia/Code/XJTU-RMV-Task05/src/install/detect_and_solve/share/detect_and_solve/config/camera.json
[6.101s] -- Up-to-date symlink: /home/leoxia/Code/XJTU-RMV-Task05/src/install/detect_and_solve/share/detect_and_solve/config/camera.yaml
[6.103s] -- Up-to-date symlink: /home/leoxia/Code/XJTU-RMV-Task05/src/install/detect_and_solve/share/ament_index/resource_index/package_run_dependencies/detect_and_solve
[6.104s] -- Up-to-date symlink: /home/leoxia/Code/XJTU-RMV-Task05/src/install/detect_and_solve/share/ament_index/resource_index/parent_prefix_path/detect_and_solve
[6.105s] -- Up-to-date symlink: /home/leoxia/Code/XJTU-RMV-Task05/src/install/detect_and_solve/share/detect_and_solve/environment/ament_prefix_path.sh
[6.105s] -- Up-to-date symlink: /home/leoxia/Code/XJTU-RMV-Task05/src/install/detect_and_solve/share/detect_and_solve/environment/ament_prefix_path.dsv
[6.107s] -- Up-to-date symlink: /home/leoxia/Code/XJTU-RMV-Task05/src/install/detect_and_solve/share/detect_and_solve/environment/path.sh
[6.107s] -- Up-to-date symlink: /home/leoxia/Code/XJTU-RMV-Task05/src/install/detect_and_solve/share/detect_and_solve/environment/path.dsv
[6.107s] -- Up-to-date symlink: /home/leoxia/Code/XJTU-RMV-Task05/src/install/detect_and_solve/share/detect_and_solve/local_setup.bash
[6.108s] -- Up-to-date symlink: /home/leoxia/Code/XJTU-RMV-Task05/src/install/detect_and_solve/share/detect_and_solve/local_setup.sh
[6.108s] -- Up-to-date symlink: /home/leoxia/Code/XJTU-RMV-Task05/src/install/detect_and_solve/share/detect_and_solve/local_setup.zsh
[6.108s] -- Up-to-date symlink: /home/leoxia/Code/XJTU-RMV-Task05/src/install/detect_and_solve/share/detect_and_solve/local_setup.dsv
[6.108s] -- Symlinking: /home/leoxia/Code/XJTU-RMV-Task05/src/install/detect_and_solve/share/detect_and_solve/package.dsv
[6.126s] -- Up-to-date symlink: /home/leoxia/Code/XJTU-RMV-Task05/src/install/detect_and_solve/share/ament_index/resource_index/packages/detect_and_solve
[6.126s] -- Up-to-date symlink: /home/leoxia/Code/XJTU-RMV-Task05/src/install/detect_and_solve/share/detect_and_solve/cmake/detect_and_solveConfig.cmake
[6.126s] -- Up-to-date symlink: /home/leoxia/Code/XJTU-RMV-Task05/src/install/detect_and_solve/share/detect_and_solve/cmake/detect_and_solveConfig-version.cmake
[6.127s] -- Up-to-date symlink: /home/leoxia/Code/XJTU-RMV-Task05/src/install/detect_and_solve/share/detect_and_solve/package.xml
[6.131s] Invoked command in '/home/leoxia/Code/XJTU-RMV-Task05/src/build/detect_and_solve' returned '0': CMAKE_PREFIX_PATH=${CMAKE_PREFIX_PATH}:/opt/ros/humble /usr/bin/cmake --install /home/leoxia/Code/XJTU-RMV-Task05/src/build/detect_and_solve
