[0.179s] DEBUG:colcon:Command line arguments: ['/usr/bin/colcon', 'build', '--symlink-install']
[0.179s] DEBUG:colcon:Parsed command line arguments: Namespace(log_base=None, log_level=None, verb_name='build', build_base='build', install_base='install', merge_install=False, symlink_install=True, test_result_base=None, continue_on_error=False, executor='parallel', parallel_workers=4, event_handlers=None, ignore_user_meta=False, metas=['./colcon.meta'], base_paths=['.'], packages_ignore=None, packages_ignore_regex=None, paths=None, packages_up_to=None, packages_up_to_regex=None, packages_above=None, packages_above_and_dependencies=None, packages_above_depth=None, packages_select_by_dep=None, packages_skip_by_dep=None, packages_skip_up_to=None, packages_select_build_failed=False, packages_skip_build_finished=False, packages_select_test_failures=False, packages_skip_test_passed=False, packages_select=None, packages_skip=None, packages_select_regex=None, packages_skip_regex=None, packages_start=None, packages_end=None, allow_overriding=[], cmake_args=None, cmake_target=None, cmake_target_skip_unavailable=False, cmake_clean_cache=False, cmake_clean_first=False, cmake_force_configure=False, ament_cmake_args=None, catkin_cmake_args=None, catkin_skip_building_tests=False, verb_parser=<colcon_defaults.argument_parser.defaults.DefaultArgumentsDecorator object at 0x76d5f9fe7220>, verb_extension=<colcon_core.verb.build.BuildVerb object at 0x76d5f9fe6d40>, main=<bound method BuildVerb.main of <colcon_core.verb.build.BuildVerb object at 0x76d5f9fe6d40>>)
[0.435s] Level 1:colcon.colcon_core.package_discovery:discover_packages(colcon_meta) check parameters
[0.435s] Level 1:colcon.colcon_core.package_discovery:discover_packages(recursive) check parameters
[0.435s] Level 1:colcon.colcon_core.package_discovery:discover_packages(ignore) check parameters
[0.435s] Level 1:colcon.colcon_core.package_discovery:discover_packages(path) check parameters
[0.435s] Level 1:colcon.colcon_core.package_discovery:discover_packages(colcon_meta) discover
[0.435s] Level 1:colcon.colcon_core.package_discovery:discover_packages(recursive) discover
[0.435s] INFO:colcon.colcon_core.package_discovery:Crawling recursively for packages in '/home/leoxia/Code/XJTU-RMV-Task05/src'
[0.435s] Level 1:colcon.colcon_core.package_identification:_identify(.) by extensions ['ignore', 'ignore_ament_install']
[0.436s] Level 1:colcon.colcon_core.package_identification:_identify(.) by extension 'ignore'
[0.436s] Level 1:colcon.colcon_core.package_identification:_identify(.) by extension 'ignore_ament_install'
[0.436s] Level 1:colcon.colcon_core.package_identification:_identify(.) by extensions ['colcon_pkg']
[0.436s] Level 1:colcon.colcon_core.package_identification:_identify(.) by extension 'colcon_pkg'
[0.436s] Level 1:colcon.colcon_core.package_identification:_identify(.) by extensions ['colcon_meta']
[0.436s] Level 1:colcon.colcon_core.package_identification:_identify(.) by extension 'colcon_meta'
[0.436s] Level 1:colcon.colcon_core.package_identification:_identify(.) by extensions ['ros']
[0.436s] Level 1:colcon.colcon_core.package_identification:_identify(.) by extension 'ros'
[0.454s] Level 1:colcon.colcon_core.package_identification:_identify(.) by extensions ['cmake', 'python']
[0.454s] Level 1:colcon.colcon_core.package_identification:_identify(.) by extension 'cmake'
[0.455s] Level 1:colcon.colcon_core.package_identification:_identify(.) by extension 'python'
[0.455s] Level 1:colcon.colcon_core.package_identification:_identify(.) by extensions ['python_setup_py']
[0.455s] Level 1:colcon.colcon_core.package_identification:_identify(.) by extension 'python_setup_py'
[0.455s] Level 1:colcon.colcon_core.package_identification:_identify($(ALLUSERSPROFILE)) by extensions ['ignore', 'ignore_ament_install']
[0.455s] Level 1:colcon.colcon_core.package_identification:_identify($(ALLUSERSPROFILE)) by extension 'ignore'
[0.455s] Level 1:colcon.colcon_core.package_identification:_identify($(ALLUSERSPROFILE)) by extension 'ignore_ament_install'
[0.455s] Level 1:colcon.colcon_core.package_identification:_identify($(ALLUSERSPROFILE)) by extensions ['colcon_pkg']
[0.455s] Level 1:colcon.colcon_core.package_identification:_identify($(ALLUSERSPROFILE)) by extension 'colcon_pkg'
[0.455s] Level 1:colcon.colcon_core.package_identification:_identify($(ALLUSERSPROFILE)) by extensions ['colcon_meta']
[0.455s] Level 1:colcon.colcon_core.package_identification:_identify($(ALLUSERSPROFILE)) by extension 'colcon_meta'
[0.456s] Level 1:colcon.colcon_core.package_identification:_identify($(ALLUSERSPROFILE)) by extensions ['ros']
[0.456s] Level 1:colcon.colcon_core.package_identification:_identify($(ALLUSERSPROFILE)) by extension 'ros'
[0.456s] Level 1:colcon.colcon_core.package_identification:_identify($(ALLUSERSPROFILE)) by extensions ['cmake', 'python']
[0.456s] Level 1:colcon.colcon_core.package_identification:_identify($(ALLUSERSPROFILE)) by extension 'cmake'
[0.456s] Level 1:colcon.colcon_core.package_identification:_identify($(ALLUSERSPROFILE)) by extension 'python'
[0.456s] Level 1:colcon.colcon_core.package_identification:_identify($(ALLUSERSPROFILE)) by extensions ['python_setup_py']
[0.456s] Level 1:colcon.colcon_core.package_identification:_identify($(ALLUSERSPROFILE)) by extension 'python_setup_py'
[0.456s] Level 1:colcon.colcon_core.package_identification:_identify($(ALLUSERSPROFILE)/GenICam) by extensions ['ignore', 'ignore_ament_install']
[0.456s] Level 1:colcon.colcon_core.package_identification:_identify($(ALLUSERSPROFILE)/GenICam) by extension 'ignore'
[0.456s] Level 1:colcon.colcon_core.package_identification:_identify($(ALLUSERSPROFILE)/GenICam) by extension 'ignore_ament_install'
[0.456s] Level 1:colcon.colcon_core.package_identification:_identify($(ALLUSERSPROFILE)/GenICam) by extensions ['colcon_pkg']
[0.457s] Level 1:colcon.colcon_core.package_identification:_identify($(ALLUSERSPROFILE)/GenICam) by extension 'colcon_pkg'
[0.457s] Level 1:colcon.colcon_core.package_identification:_identify($(ALLUSERSPROFILE)/GenICam) by extensions ['colcon_meta']
[0.457s] Level 1:colcon.colcon_core.package_identification:_identify($(ALLUSERSPROFILE)/GenICam) by extension 'colcon_meta'
[0.457s] Level 1:colcon.colcon_core.package_identification:_identify($(ALLUSERSPROFILE)/GenICam) by extensions ['ros']
[0.457s] Level 1:colcon.colcon_core.package_identification:_identify($(ALLUSERSPROFILE)/GenICam) by extension 'ros'
[0.457s] Level 1:colcon.colcon_core.package_identification:_identify($(ALLUSERSPROFILE)/GenICam) by extensions ['cmake', 'python']
[0.457s] Level 1:colcon.colcon_core.package_identification:_identify($(ALLUSERSPROFILE)/GenICam) by extension 'cmake'
[0.457s] Level 1:colcon.colcon_core.package_identification:_identify($(ALLUSERSPROFILE)/GenICam) by extension 'python'
[0.457s] Level 1:colcon.colcon_core.package_identification:_identify($(ALLUSERSPROFILE)/GenICam) by extensions ['python_setup_py']
[0.457s] Level 1:colcon.colcon_core.package_identification:_identify($(ALLUSERSPROFILE)/GenICam) by extension 'python_setup_py'
[0.457s] Level 1:colcon.colcon_core.package_identification:_identify($(ALLUSERSPROFILE)/GenICam/xml) by extensions ['ignore', 'ignore_ament_install']
[0.458s] Level 1:colcon.colcon_core.package_identification:_identify($(ALLUSERSPROFILE)/GenICam/xml) by extension 'ignore'
[0.458s] Level 1:colcon.colcon_core.package_identification:_identify($(ALLUSERSPROFILE)/GenICam/xml) by extension 'ignore_ament_install'
[0.458s] Level 1:colcon.colcon_core.package_identification:_identify($(ALLUSERSPROFILE)/GenICam/xml) by extensions ['colcon_pkg']
[0.458s] Level 1:colcon.colcon_core.package_identification:_identify($(ALLUSERSPROFILE)/GenICam/xml) by extension 'colcon_pkg'
[0.458s] Level 1:colcon.colcon_core.package_identification:_identify($(ALLUSERSPROFILE)/GenICam/xml) by extensions ['colcon_meta']
[0.458s] Level 1:colcon.colcon_core.package_identification:_identify($(ALLUSERSPROFILE)/GenICam/xml) by extension 'colcon_meta'
[0.458s] Level 1:colcon.colcon_core.package_identification:_identify($(ALLUSERSPROFILE)/GenICam/xml) by extensions ['ros']
[0.458s] Level 1:colcon.colcon_core.package_identification:_identify($(ALLUSERSPROFILE)/GenICam/xml) by extension 'ros'
[0.458s] Level 1:colcon.colcon_core.package_identification:_identify($(ALLUSERSPROFILE)/GenICam/xml) by extensions ['cmake', 'python']
[0.458s] Level 1:colcon.colcon_core.package_identification:_identify($(ALLUSERSPROFILE)/GenICam/xml) by extension 'cmake'
[0.458s] Level 1:colcon.colcon_core.package_identification:_identify($(ALLUSERSPROFILE)/GenICam/xml) by extension 'python'
[0.458s] Level 1:colcon.colcon_core.package_identification:_identify($(ALLUSERSPROFILE)/GenICam/xml) by extensions ['python_setup_py']
[0.459s] Level 1:colcon.colcon_core.package_identification:_identify($(ALLUSERSPROFILE)/GenICam/xml) by extension 'python_setup_py'
[0.459s] Level 1:colcon.colcon_core.package_identification:_identify($(ALLUSERSPROFILE)/GenICam/xml/cache) by extensions ['ignore', 'ignore_ament_install']
[0.459s] Level 1:colcon.colcon_core.package_identification:_identify($(ALLUSERSPROFILE)/GenICam/xml/cache) by extension 'ignore'
[0.459s] Level 1:colcon.colcon_core.package_identification:_identify($(ALLUSERSPROFILE)/GenICam/xml/cache) by extension 'ignore_ament_install'
[0.459s] Level 1:colcon.colcon_core.package_identification:_identify($(ALLUSERSPROFILE)/GenICam/xml/cache) by extensions ['colcon_pkg']
[0.459s] Level 1:colcon.colcon_core.package_identification:_identify($(ALLUSERSPROFILE)/GenICam/xml/cache) by extension 'colcon_pkg'
[0.459s] Level 1:colcon.colcon_core.package_identification:_identify($(ALLUSERSPROFILE)/GenICam/xml/cache) by extensions ['colcon_meta']
[0.459s] Level 1:colcon.colcon_core.package_identification:_identify($(ALLUSERSPROFILE)/GenICam/xml/cache) by extension 'colcon_meta'
[0.459s] Level 1:colcon.colcon_core.package_identification:_identify($(ALLUSERSPROFILE)/GenICam/xml/cache) by extensions ['ros']
[0.459s] Level 1:colcon.colcon_core.package_identification:_identify($(ALLUSERSPROFILE)/GenICam/xml/cache) by extension 'ros'
[0.460s] Level 1:colcon.colcon_core.package_identification:_identify($(ALLUSERSPROFILE)/GenICam/xml/cache) by extensions ['cmake', 'python']
[0.460s] Level 1:colcon.colcon_core.package_identification:_identify($(ALLUSERSPROFILE)/GenICam/xml/cache) by extension 'cmake'
[0.460s] Level 1:colcon.colcon_core.package_identification:_identify($(ALLUSERSPROFILE)/GenICam/xml/cache) by extension 'python'
[0.460s] Level 1:colcon.colcon_core.package_identification:_identify($(ALLUSERSPROFILE)/GenICam/xml/cache) by extensions ['python_setup_py']
[0.460s] Level 1:colcon.colcon_core.package_identification:_identify($(ALLUSERSPROFILE)/GenICam/xml/cache) by extension 'python_setup_py'
[0.460s] Level 1:colcon.colcon_core.package_identification:_identify(build) by extensions ['ignore', 'ignore_ament_install']
[0.460s] Level 1:colcon.colcon_core.package_identification:_identify(build) by extension 'ignore'
[0.460s] Level 1:colcon.colcon_core.package_identification:_identify(build) ignored
[0.460s] Level 1:colcon.colcon_core.package_identification:_identify(detect_and_solve) by extensions ['ignore', 'ignore_ament_install']
[0.461s] Level 1:colcon.colcon_core.package_identification:_identify(detect_and_solve) by extension 'ignore'
[0.461s] Level 1:colcon.colcon_core.package_identification:_identify(detect_and_solve) by extension 'ignore_ament_install'
[0.461s] Level 1:colcon.colcon_core.package_identification:_identify(detect_and_solve) by extensions ['colcon_pkg']
[0.461s] Level 1:colcon.colcon_core.package_identification:_identify(detect_and_solve) by extension 'colcon_pkg'
[0.461s] Level 1:colcon.colcon_core.package_identification:_identify(detect_and_solve) by extensions ['colcon_meta']
[0.461s] Level 1:colcon.colcon_core.package_identification:_identify(detect_and_solve) by extension 'colcon_meta'
[0.461s] Level 1:colcon.colcon_core.package_identification:_identify(detect_and_solve) by extensions ['ros']
[0.461s] Level 1:colcon.colcon_core.package_identification:_identify(detect_and_solve) by extension 'ros'
[0.465s] DEBUG:colcon.colcon_core.package_identification:Package 'detect_and_solve' with type 'ros.ament_cmake' and name 'detect_and_solve'
[0.465s] Level 1:colcon.colcon_core.package_identification:_identify(hik_camera) by extensions ['ignore', 'ignore_ament_install']
[0.466s] Level 1:colcon.colcon_core.package_identification:_identify(hik_camera) by extension 'ignore'
[0.466s] Level 1:colcon.colcon_core.package_identification:_identify(hik_camera) by extension 'ignore_ament_install'
[0.466s] Level 1:colcon.colcon_core.package_identification:_identify(hik_camera) by extensions ['colcon_pkg']
[0.466s] Level 1:colcon.colcon_core.package_identification:_identify(hik_camera) by extension 'colcon_pkg'
[0.466s] Level 1:colcon.colcon_core.package_identification:_identify(hik_camera) by extensions ['colcon_meta']
[0.466s] Level 1:colcon.colcon_core.package_identification:_identify(hik_camera) by extension 'colcon_meta'
[0.466s] Level 1:colcon.colcon_core.package_identification:_identify(hik_camera) by extensions ['ros']
[0.466s] Level 1:colcon.colcon_core.package_identification:_identify(hik_camera) by extension 'ros'
[0.468s] DEBUG:colcon.colcon_core.package_identification:Package 'hik_camera' with type 'ros.ament_cmake' and name 'hik_camera'
[0.468s] Level 1:colcon.colcon_core.package_identification:_identify(install) by extensions ['ignore', 'ignore_ament_install']
[0.468s] Level 1:colcon.colcon_core.package_identification:_identify(install) by extension 'ignore'
[0.468s] Level 1:colcon.colcon_core.package_identification:_identify(install) ignored
[0.468s] Level 1:colcon.colcon_core.package_identification:_identify(log) by extensions ['ignore', 'ignore_ament_install']
[0.469s] Level 1:colcon.colcon_core.package_identification:_identify(log) by extension 'ignore'
[0.469s] Level 1:colcon.colcon_core.package_identification:_identify(log) ignored
[0.469s] Level 1:colcon.colcon_core.package_discovery:discover_packages(recursive) using defaults
[0.469s] Level 1:colcon.colcon_core.package_discovery:discover_packages(ignore) discover
[0.469s] Level 1:colcon.colcon_core.package_discovery:discover_packages(ignore) using defaults
[0.469s] Level 1:colcon.colcon_core.package_discovery:discover_packages(path) discover
[0.469s] Level 1:colcon.colcon_core.package_discovery:discover_packages(path) using defaults
[0.501s] Level 1:colcon.colcon_core.package_discovery:discover_packages(prefix_path) check parameters
[0.501s] Level 1:colcon.colcon_core.package_discovery:discover_packages(prefix_path) discover
[0.503s] WARNING:colcon.colcon_ros.prefix_path.catkin:The path '/home/leoxia/Code/XJTU-RMV-Task05/src/install/detect' in the environment variable CMAKE_PREFIX_PATH doesn't exist
[0.504s] DEBUG:colcon.colcon_installed_package_information.package_discovery:Found 2 installed packages in /home/leoxia/Code/XJTU-RMV-Task05/src/install
[0.506s] DEBUG:colcon.colcon_installed_package_information.package_discovery:Found 271 installed packages in /opt/ros/humble
[0.511s] Level 1:colcon.colcon_core.package_discovery:discover_packages(prefix_path) using defaults
[0.589s] Level 5:colcon.colcon_core.verb:set package 'detect_and_solve' build argument 'cmake_args' from command line to 'None'
[0.589s] Level 5:colcon.colcon_core.verb:set package 'detect_and_solve' build argument 'cmake_target' from command line to 'None'
[0.589s] Level 5:colcon.colcon_core.verb:set package 'detect_and_solve' build argument 'cmake_target_skip_unavailable' from command line to 'False'
[0.589s] Level 5:colcon.colcon_core.verb:set package 'detect_and_solve' build argument 'cmake_clean_cache' from command line to 'False'
[0.589s] Level 5:colcon.colcon_core.verb:set package 'detect_and_solve' build argument 'cmake_clean_first' from command line to 'False'
[0.589s] Level 5:colcon.colcon_core.verb:set package 'detect_and_solve' build argument 'cmake_force_configure' from command line to 'False'
[0.589s] Level 5:colcon.colcon_core.verb:set package 'detect_and_solve' build argument 'ament_cmake_args' from command line to 'None'
[0.589s] Level 5:colcon.colcon_core.verb:set package 'detect_and_solve' build argument 'catkin_cmake_args' from command line to 'None'
[0.589s] Level 5:colcon.colcon_core.verb:set package 'detect_and_solve' build argument 'catkin_skip_building_tests' from command line to 'False'
[0.589s] DEBUG:colcon.colcon_core.verb:Building package 'detect_and_solve' with the following arguments: {'ament_cmake_args': None, 'build_base': '/home/leoxia/Code/XJTU-RMV-Task05/src/build/detect_and_solve', 'catkin_cmake_args': None, 'catkin_skip_building_tests': False, 'cmake_args': None, 'cmake_clean_cache': False, 'cmake_clean_first': False, 'cmake_force_configure': False, 'cmake_target': None, 'cmake_target_skip_unavailable': False, 'install_base': '/home/leoxia/Code/XJTU-RMV-Task05/src/install/detect_and_solve', 'merge_install': False, 'path': '/home/leoxia/Code/XJTU-RMV-Task05/src/detect_and_solve', 'symlink_install': True, 'test_result_base': None}
[0.590s] Level 5:colcon.colcon_core.verb:set package 'hik_camera' build argument 'cmake_args' from command line to 'None'
[0.590s] Level 5:colcon.colcon_core.verb:set package 'hik_camera' build argument 'cmake_target' from command line to 'None'
[0.590s] Level 5:colcon.colcon_core.verb:set package 'hik_camera' build argument 'cmake_target_skip_unavailable' from command line to 'False'
[0.590s] Level 5:colcon.colcon_core.verb:set package 'hik_camera' build argument 'cmake_clean_cache' from command line to 'False'
[0.590s] Level 5:colcon.colcon_core.verb:set package 'hik_camera' build argument 'cmake_clean_first' from command line to 'False'
[0.590s] Level 5:colcon.colcon_core.verb:set package 'hik_camera' build argument 'cmake_force_configure' from command line to 'False'
[0.590s] Level 5:colcon.colcon_core.verb:set package 'hik_camera' build argument 'ament_cmake_args' from command line to 'None'
[0.590s] Level 5:colcon.colcon_core.verb:set package 'hik_camera' build argument 'catkin_cmake_args' from command line to 'None'
[0.590s] Level 5:colcon.colcon_core.verb:set package 'hik_camera' build argument 'catkin_skip_building_tests' from command line to 'False'
[0.590s] DEBUG:colcon.colcon_core.verb:Building package 'hik_camera' with the following arguments: {'ament_cmake_args': None, 'build_base': '/home/leoxia/Code/XJTU-RMV-Task05/src/build/hik_camera', 'catkin_cmake_args': None, 'catkin_skip_building_tests': False, 'cmake_args': None, 'cmake_clean_cache': False, 'cmake_clean_first': False, 'cmake_force_configure': False, 'cmake_target': None, 'cmake_target_skip_unavailable': False, 'install_base': '/home/leoxia/Code/XJTU-RMV-Task05/src/install/hik_camera', 'merge_install': False, 'path': '/home/leoxia/Code/XJTU-RMV-Task05/src/hik_camera', 'symlink_install': True, 'test_result_base': None}
[0.591s] INFO:colcon.colcon_core.executor:Executing jobs using 'parallel' executor
[0.592s] DEBUG:colcon.colcon_parallel_executor.executor.parallel:run_until_complete
[0.593s] INFO:colcon.colcon_ros.task.ament_cmake.build:Building ROS package in '/home/leoxia/Code/XJTU-RMV-Task05/src/detect_and_solve' with build type 'ament_cmake'
[0.593s] INFO:colcon.colcon_cmake.task.cmake.build:Building CMake package in '/home/leoxia/Code/XJTU-RMV-Task05/src/detect_and_solve'
[0.597s] INFO:colcon.colcon_core.plugin_system:Skipping extension 'colcon_core.shell.bat': Not used on non-Windows systems
[0.597s] INFO:colcon.colcon_core.shell:Skip shell extension 'powershell' for command environment: Not usable outside of PowerShell
[0.597s] DEBUG:colcon.colcon_core.shell:Skip shell extension 'dsv' for command environment
[0.603s] INFO:colcon.colcon_ros.task.ament_cmake.build:Building ROS package in '/home/leoxia/Code/XJTU-RMV-Task05/src/hik_camera' with build type 'ament_cmake'
[0.603s] INFO:colcon.colcon_cmake.task.cmake.build:Building CMake package in '/home/leoxia/Code/XJTU-RMV-Task05/src/hik_camera'
[0.603s] INFO:colcon.colcon_core.shell:Skip shell extension 'powershell' for command environment: Not usable outside of PowerShell
[0.604s] DEBUG:colcon.colcon_core.shell:Skip shell extension 'dsv' for command environment
[0.623s] DEBUG:colcon.colcon_core.event_handler.log_command:Invoking command in '/home/leoxia/Code/XJTU-RMV-Task05/src/build/detect_and_solve': CMAKE_PREFIX_PATH=${CMAKE_PREFIX_PATH}:/opt/ros/humble /usr/bin/cmake --build /home/leoxia/Code/XJTU-RMV-Task05/src/build/detect_and_solve -- -j4 -l4
[0.631s] DEBUG:colcon.colcon_core.event_handler.log_command:Invoking command in '/home/leoxia/Code/XJTU-RMV-Task05/src/build/hik_camera': CMAKE_PREFIX_PATH=${CMAKE_PREFIX_PATH}:/opt/ros/humble /usr/bin/cmake --build /home/leoxia/Code/XJTU-RMV-Task05/src/build/hik_camera -- -j4 -l4
[0.809s] DEBUG:colcon.colcon_core.event_handler.log_command:Invoked command in '/home/leoxia/Code/XJTU-RMV-Task05/src/build/detect_and_solve' returned '0': CMAKE_PREFIX_PATH=${CMAKE_PREFIX_PATH}:/opt/ros/humble /usr/bin/cmake --build /home/leoxia/Code/XJTU-RMV-Task05/src/build/detect_and_solve -- -j4 -l4
[0.826s] DEBUG:colcon.colcon_core.event_handler.log_command:Invoking command in '/home/leoxia/Code/XJTU-RMV-Task05/src/build/detect_and_solve': CMAKE_PREFIX_PATH=${CMAKE_PREFIX_PATH}:/opt/ros/humble /usr/bin/cmake --install /home/leoxia/Code/XJTU-RMV-Task05/src/build/detect_and_solve
[0.839s] DEBUG:colcon.colcon_core.event_handler.log_command:Invoked command in '/home/leoxia/Code/XJTU-RMV-Task05/src/build/hik_camera' returned '0': CMAKE_PREFIX_PATH=${CMAKE_PREFIX_PATH}:/opt/ros/humble /usr/bin/cmake --build /home/leoxia/Code/XJTU-RMV-Task05/src/build/hik_camera -- -j4 -l4
[0.840s] DEBUG:colcon.colcon_core.event_handler.log_command:Invoking command in '/home/leoxia/Code/XJTU-RMV-Task05/src/build/hik_camera': CMAKE_PREFIX_PATH=${CMAKE_PREFIX_PATH}:/opt/ros/humble /usr/bin/cmake --install /home/leoxia/Code/XJTU-RMV-Task05/src/build/hik_camera
[0.884s] Level 1:colcon.colcon_core.environment:create_environment_scripts_only(detect_and_solve)
[0.885s] DEBUG:colcon.colcon_core.event_handler.log_command:Invoked command in '/home/leoxia/Code/XJTU-RMV-Task05/src/build/detect_and_solve' returned '0': CMAKE_PREFIX_PATH=${CMAKE_PREFIX_PATH}:/opt/ros/humble /usr/bin/cmake --install /home/leoxia/Code/XJTU-RMV-Task05/src/build/detect_and_solve
[0.891s] Level 1:colcon.colcon_core.environment:checking '/home/leoxia/Code/XJTU-RMV-Task05/src/install/detect_and_solve' for CMake module files
[0.892s] Level 1:colcon.colcon_core.environment:checking '/home/leoxia/Code/XJTU-RMV-Task05/src/install/detect_and_solve' for CMake config files
[0.893s] Level 1:colcon.colcon_core.shell:create_environment_hook('detect_and_solve', 'cmake_prefix_path')
[0.893s] INFO:colcon.colcon_core.shell:Creating environment hook '/home/leoxia/Code/XJTU-RMV-Task05/src/install/detect_and_solve/share/detect_and_solve/hook/cmake_prefix_path.ps1'
[0.894s] INFO:colcon.colcon_core.shell:Creating environment descriptor '/home/leoxia/Code/XJTU-RMV-Task05/src/install/detect_and_solve/share/detect_and_solve/hook/cmake_prefix_path.dsv'
[0.896s] INFO:colcon.colcon_core.shell:Creating environment hook '/home/leoxia/Code/XJTU-RMV-Task05/src/install/detect_and_solve/share/detect_and_solve/hook/cmake_prefix_path.sh'
[0.898s] Level 1:colcon.colcon_core.environment:checking '/home/leoxia/Code/XJTU-RMV-Task05/src/install/detect_and_solve/lib'
[0.898s] Level 1:colcon.colcon_core.environment:checking '/home/leoxia/Code/XJTU-RMV-Task05/src/install/detect_and_solve/bin'
[0.898s] Level 1:colcon.colcon_core.environment:checking '/home/leoxia/Code/XJTU-RMV-Task05/src/install/detect_and_solve/lib/pkgconfig/detect_and_solve.pc'
[0.899s] Level 1:colcon.colcon_core.environment:checking '/home/leoxia/Code/XJTU-RMV-Task05/src/install/detect_and_solve/lib/python3.10/site-packages'
[0.899s] Level 1:colcon.colcon_core.environment:checking '/home/leoxia/Code/XJTU-RMV-Task05/src/install/detect_and_solve/bin'
[0.900s] INFO:colcon.colcon_core.shell:Creating package script '/home/leoxia/Code/XJTU-RMV-Task05/src/install/detect_and_solve/share/detect_and_solve/package.ps1'
[0.901s] INFO:colcon.colcon_core.shell:Creating package descriptor '/home/leoxia/Code/XJTU-RMV-Task05/src/install/detect_and_solve/share/detect_and_solve/package.dsv'
[0.902s] INFO:colcon.colcon_core.shell:Creating package script '/home/leoxia/Code/XJTU-RMV-Task05/src/install/detect_and_solve/share/detect_and_solve/package.sh'
[0.904s] INFO:colcon.colcon_core.shell:Creating package script '/home/leoxia/Code/XJTU-RMV-Task05/src/install/detect_and_solve/share/detect_and_solve/package.bash'
[0.905s] INFO:colcon.colcon_core.shell:Creating package script '/home/leoxia/Code/XJTU-RMV-Task05/src/install/detect_and_solve/share/detect_and_solve/package.zsh'
[0.906s] Level 1:colcon.colcon_core.environment:create_file_with_runtime_dependencies(/home/leoxia/Code/XJTU-RMV-Task05/src/install/detect_and_solve/share/colcon-core/packages/detect_and_solve)
[0.908s] Level 1:colcon.colcon_core.environment:create_environment_scripts_only(detect_and_solve)
[0.908s] Level 1:colcon.colcon_core.environment:checking '/home/leoxia/Code/XJTU-RMV-Task05/src/install/detect_and_solve' for CMake module files
[0.909s] Level 1:colcon.colcon_core.environment:checking '/home/leoxia/Code/XJTU-RMV-Task05/src/install/detect_and_solve' for CMake config files
[0.909s] Level 1:colcon.colcon_core.shell:create_environment_hook('detect_and_solve', 'cmake_prefix_path')
[0.910s] INFO:colcon.colcon_core.shell:Creating environment hook '/home/leoxia/Code/XJTU-RMV-Task05/src/install/detect_and_solve/share/detect_and_solve/hook/cmake_prefix_path.ps1'
[0.911s] INFO:colcon.colcon_core.shell:Creating environment descriptor '/home/leoxia/Code/XJTU-RMV-Task05/src/install/detect_and_solve/share/detect_and_solve/hook/cmake_prefix_path.dsv'
[0.911s] INFO:colcon.colcon_core.shell:Creating environment hook '/home/leoxia/Code/XJTU-RMV-Task05/src/install/detect_and_solve/share/detect_and_solve/hook/cmake_prefix_path.sh'
[0.912s] Level 1:colcon.colcon_core.environment:checking '/home/leoxia/Code/XJTU-RMV-Task05/src/install/detect_and_solve/lib'
[0.913s] Level 1:colcon.colcon_core.environment:checking '/home/leoxia/Code/XJTU-RMV-Task05/src/install/detect_and_solve/bin'
[0.913s] Level 1:colcon.colcon_core.environment:checking '/home/leoxia/Code/XJTU-RMV-Task05/src/install/detect_and_solve/lib/pkgconfig/detect_and_solve.pc'
[0.913s] Level 1:colcon.colcon_core.environment:checking '/home/leoxia/Code/XJTU-RMV-Task05/src/install/detect_and_solve/lib/python3.10/site-packages'
[0.913s] Level 1:colcon.colcon_core.environment:checking '/home/leoxia/Code/XJTU-RMV-Task05/src/install/detect_and_solve/bin'
[0.914s] INFO:colcon.colcon_core.shell:Creating package script '/home/leoxia/Code/XJTU-RMV-Task05/src/install/detect_and_solve/share/detect_and_solve/package.ps1'
[0.915s] INFO:colcon.colcon_core.shell:Creating package descriptor '/home/leoxia/Code/XJTU-RMV-Task05/src/install/detect_and_solve/share/detect_and_solve/package.dsv'
[0.916s] INFO:colcon.colcon_core.shell:Creating package script '/home/leoxia/Code/XJTU-RMV-Task05/src/install/detect_and_solve/share/detect_and_solve/package.sh'
[0.917s] INFO:colcon.colcon_core.shell:Creating package script '/home/leoxia/Code/XJTU-RMV-Task05/src/install/detect_and_solve/share/detect_and_solve/package.bash'
[0.918s] INFO:colcon.colcon_core.shell:Creating package script '/home/leoxia/Code/XJTU-RMV-Task05/src/install/detect_and_solve/share/detect_and_solve/package.zsh'
[0.918s] Level 1:colcon.colcon_core.environment:create_file_with_runtime_dependencies(/home/leoxia/Code/XJTU-RMV-Task05/src/install/detect_and_solve/share/colcon-core/packages/detect_and_solve)
[0.921s] Level 1:colcon.colcon_core.environment:create_environment_scripts_only(hik_camera)
[0.921s] DEBUG:colcon.colcon_core.event_handler.log_command:Invoked command in '/home/leoxia/Code/XJTU-RMV-Task05/src/build/hik_camera' returned '0': CMAKE_PREFIX_PATH=${CMAKE_PREFIX_PATH}:/opt/ros/humble /usr/bin/cmake --install /home/leoxia/Code/XJTU-RMV-Task05/src/build/hik_camera
[0.922s] Level 1:colcon.colcon_core.environment:checking '/home/leoxia/Code/XJTU-RMV-Task05/src/install/hik_camera' for CMake module files
[0.923s] Level 1:colcon.colcon_core.environment:checking '/home/leoxia/Code/XJTU-RMV-Task05/src/install/hik_camera' for CMake config files
[0.923s] Level 1:colcon.colcon_core.shell:create_environment_hook('hik_camera', 'cmake_prefix_path')
[0.924s] INFO:colcon.colcon_core.shell:Creating environment hook '/home/leoxia/Code/XJTU-RMV-Task05/src/install/hik_camera/share/hik_camera/hook/cmake_prefix_path.ps1'
[0.924s] INFO:colcon.colcon_core.shell:Creating environment descriptor '/home/leoxia/Code/XJTU-RMV-Task05/src/install/hik_camera/share/hik_camera/hook/cmake_prefix_path.dsv'
[0.925s] INFO:colcon.colcon_core.shell:Creating environment hook '/home/leoxia/Code/XJTU-RMV-Task05/src/install/hik_camera/share/hik_camera/hook/cmake_prefix_path.sh'
[0.927s] Level 1:colcon.colcon_core.environment:checking '/home/leoxia/Code/XJTU-RMV-Task05/src/install/hik_camera/lib'
[0.927s] Level 1:colcon.colcon_core.environment:checking '/home/leoxia/Code/XJTU-RMV-Task05/src/install/hik_camera/bin'
[0.927s] Level 1:colcon.colcon_core.environment:checking '/home/leoxia/Code/XJTU-RMV-Task05/src/install/hik_camera/lib/pkgconfig/hik_camera.pc'
[0.927s] Level 1:colcon.colcon_core.environment:checking '/home/leoxia/Code/XJTU-RMV-Task05/src/install/hik_camera/lib/python3.10/site-packages'
[0.928s] Level 1:colcon.colcon_core.environment:checking '/home/leoxia/Code/XJTU-RMV-Task05/src/install/hik_camera/bin'
[0.928s] INFO:colcon.colcon_core.shell:Creating package script '/home/leoxia/Code/XJTU-RMV-Task05/src/install/hik_camera/share/hik_camera/package.ps1'
[0.929s] INFO:colcon.colcon_core.shell:Creating package descriptor '/home/leoxia/Code/XJTU-RMV-Task05/src/install/hik_camera/share/hik_camera/package.dsv'
[0.930s] INFO:colcon.colcon_core.shell:Creating package script '/home/leoxia/Code/XJTU-RMV-Task05/src/install/hik_camera/share/hik_camera/package.sh'
[0.931s] INFO:colcon.colcon_core.shell:Creating package script '/home/leoxia/Code/XJTU-RMV-Task05/src/install/hik_camera/share/hik_camera/package.bash'
[0.932s] INFO:colcon.colcon_core.shell:Creating package script '/home/leoxia/Code/XJTU-RMV-Task05/src/install/hik_camera/share/hik_camera/package.zsh'
[0.933s] Level 1:colcon.colcon_core.environment:create_file_with_runtime_dependencies(/home/leoxia/Code/XJTU-RMV-Task05/src/install/hik_camera/share/colcon-core/packages/hik_camera)
[0.934s] Level 1:colcon.colcon_core.environment:create_environment_scripts_only(hik_camera)
[0.934s] Level 1:colcon.colcon_core.environment:checking '/home/leoxia/Code/XJTU-RMV-Task05/src/install/hik_camera' for CMake module files
[0.935s] Level 1:colcon.colcon_core.environment:checking '/home/leoxia/Code/XJTU-RMV-Task05/src/install/hik_camera' for CMake config files
[0.936s] Level 1:colcon.colcon_core.shell:create_environment_hook('hik_camera', 'cmake_prefix_path')
[0.936s] INFO:colcon.colcon_core.shell:Creating environment hook '/home/leoxia/Code/XJTU-RMV-Task05/src/install/hik_camera/share/hik_camera/hook/cmake_prefix_path.ps1'
[0.937s] INFO:colcon.colcon_core.shell:Creating environment descriptor '/home/leoxia/Code/XJTU-RMV-Task05/src/install/hik_camera/share/hik_camera/hook/cmake_prefix_path.dsv'
[0.938s] INFO:colcon.colcon_core.shell:Creating environment hook '/home/leoxia/Code/XJTU-RMV-Task05/src/install/hik_camera/share/hik_camera/hook/cmake_prefix_path.sh'
[0.939s] Level 1:colcon.colcon_core.environment:checking '/home/leoxia/Code/XJTU-RMV-Task05/src/install/hik_camera/lib'
[0.939s] Level 1:colcon.colcon_core.environment:checking '/home/leoxia/Code/XJTU-RMV-Task05/src/install/hik_camera/bin'
[0.939s] Level 1:colcon.colcon_core.environment:checking '/home/leoxia/Code/XJTU-RMV-Task05/src/install/hik_camera/lib/pkgconfig/hik_camera.pc'
[0.940s] Level 1:colcon.colcon_core.environment:checking '/home/leoxia/Code/XJTU-RMV-Task05/src/install/hik_camera/lib/python3.10/site-packages'
[0.940s] Level 1:colcon.colcon_core.environment:checking '/home/leoxia/Code/XJTU-RMV-Task05/src/install/hik_camera/bin'
[0.940s] INFO:colcon.colcon_core.shell:Creating package script '/home/leoxia/Code/XJTU-RMV-Task05/src/install/hik_camera/share/hik_camera/package.ps1'
[0.942s] INFO:colcon.colcon_core.shell:Creating package descriptor '/home/leoxia/Code/XJTU-RMV-Task05/src/install/hik_camera/share/hik_camera/package.dsv'
[0.943s] INFO:colcon.colcon_core.shell:Creating package script '/home/leoxia/Code/XJTU-RMV-Task05/src/install/hik_camera/share/hik_camera/package.sh'
[0.944s] INFO:colcon.colcon_core.shell:Creating package script '/home/leoxia/Code/XJTU-RMV-Task05/src/install/hik_camera/share/hik_camera/package.bash'
[0.944s] INFO:colcon.colcon_core.shell:Creating package script '/home/leoxia/Code/XJTU-RMV-Task05/src/install/hik_camera/share/hik_camera/package.zsh'
[0.945s] Level 1:colcon.colcon_core.environment:create_file_with_runtime_dependencies(/home/leoxia/Code/XJTU-RMV-Task05/src/install/hik_camera/share/colcon-core/packages/hik_camera)
[0.946s] DEBUG:colcon.colcon_parallel_executor.executor.parallel:closing loop
[0.947s] DEBUG:colcon.colcon_parallel_executor.executor.parallel:loop closed
[0.947s] DEBUG:colcon.colcon_parallel_executor.executor.parallel:run_until_complete finished with '0'
[0.947s] DEBUG:colcon.colcon_core.event_reactor:joining thread
[0.963s] INFO:colcon.colcon_core.plugin_system:Skipping extension 'colcon_notification.desktop_notification.terminal_notifier': Not used on non-Darwin systems
[0.963s] INFO:colcon.colcon_core.plugin_system:Skipping extension 'colcon_notification.desktop_notification.win32': Not used on non-Windows systems
[0.963s] INFO:colcon.colcon_notification.desktop_notification:Sending desktop notification using 'notify2'
[0.987s] DEBUG:colcon.colcon_core.event_reactor:joined thread
[0.988s] INFO:colcon.colcon_core.shell:Creating prefix script '/home/leoxia/Code/XJTU-RMV-Task05/src/install/local_setup.ps1'
[0.990s] INFO:colcon.colcon_core.shell:Creating prefix util module '/home/leoxia/Code/XJTU-RMV-Task05/src/install/_local_setup_util_ps1.py'
[0.993s] INFO:colcon.colcon_core.shell:Creating prefix chain script '/home/leoxia/Code/XJTU-RMV-Task05/src/install/setup.ps1'
[0.995s] INFO:colcon.colcon_core.shell:Creating prefix script '/home/leoxia/Code/XJTU-RMV-Task05/src/install/local_setup.sh'
[0.996s] INFO:colcon.colcon_core.shell:Creating prefix util module '/home/leoxia/Code/XJTU-RMV-Task05/src/install/_local_setup_util_sh.py'
[0.997s] INFO:colcon.colcon_core.shell:Creating prefix chain script '/home/leoxia/Code/XJTU-RMV-Task05/src/install/setup.sh'
[0.999s] INFO:colcon.colcon_core.shell:Creating prefix script '/home/leoxia/Code/XJTU-RMV-Task05/src/install/local_setup.bash'
[1.000s] INFO:colcon.colcon_core.shell:Creating prefix chain script '/home/leoxia/Code/XJTU-RMV-Task05/src/install/setup.bash'
[1.003s] INFO:colcon.colcon_core.shell:Creating prefix script '/home/leoxia/Code/XJTU-RMV-Task05/src/install/local_setup.zsh'
[1.004s] INFO:colcon.colcon_core.shell:Creating prefix chain script '/home/leoxia/Code/XJTU-RMV-Task05/src/install/setup.zsh'
