[0.030s] Invoking command in '/home/leoxia/Code/XJTU-RMV-Task05/src/build/hik_camera': CMAKE_PREFIX_PATH=${CMAKE_PREFIX_PATH}:/opt/ros/humble /usr/bin/cmake --build /home/leoxia/Code/XJTU-RMV-Task05/src/build/hik_camera -- -j4 -l4
[0.123s] [35m[1mConsolidate compiler generated dependencies of target hik_camera_node[0m
[0.168s] [ 33%] [32mBuilding CXX object CMakeFiles/hik_camera_node.dir/src/hik_camera_node.cpp.o[0m
[6.393s] [01m[K/home/leoxia/Code/XJTU-RMV-Task05/src/hik_camera/src/hik_camera_node.cpp:[m[K In member function ‘[01m[Krcl_interfaces::msg::SetParametersResult HikCameraNode::onParamChange(const std::vector<rclcpp::Parameter>&)[m[K’:
[6.393s] [01m[K/home/leoxia/Code/XJTU-RMV-Task05/src/hik_camera/src/hik_camera_node.cpp:83:55:[m[K [01;35m[Kwarning: [m[Kunused parameter ‘[01m[Kparams[m[K’ [[01;35m[K]8;;https://gcc.gnu.org/onlinedocs/gcc/Warning-Options.html#index-Wunused-parameter-Wunused-parameter]8;;[m[K]
[6.393s]    83 |   onParamChange([01;35m[Kconst std::vector<rclcpp::Parameter> &params[m[K)
[6.393s]       |                 [01;35m[K~~~~~~~~~~~~~~~~~~~~~~~~~~~~~~~~~~~~~~^~~~~~[m[K
[12.362s] [ 66%] [32m[1mLinking CXX executable hik_camera_node[0m
[13.180s] [100%] Built target hik_camera_node
[13.204s] Invoked command in '/home/leoxia/Code/XJTU-RMV-Task05/src/build/hik_camera' returned '0': CMAKE_PREFIX_PATH=${CMAKE_PREFIX_PATH}:/opt/ros/humble /usr/bin/cmake --build /home/leoxia/Code/XJTU-RMV-Task05/src/build/hik_camera -- -j4 -l4
[13.206s] Invoking command in '/home/leoxia/Code/XJTU-RMV-Task05/src/build/hik_camera': CMAKE_PREFIX_PATH=${CMAKE_PREFIX_PATH}:/opt/ros/humble /usr/bin/cmake --install /home/leoxia/Code/XJTU-RMV-Task05/src/build/hik_camera
[13.217s] -- Install configuration: ""
[13.218s] -- Execute custom install script
[13.220s] -- Up-to-date symlink: /home/leoxia/Code/XJTU-RMV-Task05/src/install/hik_camera/lib/hik_camera/hik_camera_node
[13.220s] -- Up-to-date symlink: /home/leoxia/Code/XJTU-RMV-Task05/src/install/hik_camera/share/hik_camera/launch/launch.py
[13.220s] -- Up-to-date symlink: /home/leoxia/Code/XJTU-RMV-Task05/src/install/hik_camera/share/ament_index/resource_index/package_run_dependencies/hik_camera
[13.221s] -- Up-to-date symlink: /home/leoxia/Code/XJTU-RMV-Task05/src/install/hik_camera/share/ament_index/resource_index/parent_prefix_path/hik_camera
[13.221s] -- Up-to-date symlink: /home/leoxia/Code/XJTU-RMV-Task05/src/install/hik_camera/share/hik_camera/environment/ament_prefix_path.sh
[13.221s] -- Up-to-date symlink: /home/leoxia/Code/XJTU-RMV-Task05/src/install/hik_camera/share/hik_camera/environment/ament_prefix_path.dsv
[13.221s] -- Up-to-date symlink: /home/leoxia/Code/XJTU-RMV-Task05/src/install/hik_camera/share/hik_camera/environment/path.sh
[13.221s] -- Up-to-date symlink: /home/leoxia/Code/XJTU-RMV-Task05/src/install/hik_camera/share/hik_camera/environment/path.dsv
[13.222s] -- Up-to-date symlink: /home/leoxia/Code/XJTU-RMV-Task05/src/install/hik_camera/share/hik_camera/local_setup.bash
[13.223s] -- Up-to-date symlink: /home/leoxia/Code/XJTU-RMV-Task05/src/install/hik_camera/share/hik_camera/local_setup.sh
[13.223s] -- Up-to-date symlink: /home/leoxia/Code/XJTU-RMV-Task05/src/install/hik_camera/share/hik_camera/local_setup.zsh
[13.223s] -- Up-to-date symlink: /home/leoxia/Code/XJTU-RMV-Task05/src/install/hik_camera/share/hik_camera/local_setup.dsv
[13.223s] -- Symlinking: /home/leoxia/Code/XJTU-RMV-Task05/src/install/hik_camera/share/hik_camera/package.dsv
[13.241s] -- Up-to-date symlink: /home/leoxia/Code/XJTU-RMV-Task05/src/install/hik_camera/share/ament_index/resource_index/packages/hik_camera
[13.241s] -- Up-to-date symlink: /home/leoxia/Code/XJTU-RMV-Task05/src/install/hik_camera/share/hik_camera/cmake/hik_cameraConfig.cmake
[13.241s] -- Up-to-date symlink: /home/leoxia/Code/XJTU-RMV-Task05/src/install/hik_camera/share/hik_camera/cmake/hik_cameraConfig-version.cmake
[13.241s] -- Up-to-date symlink: /home/leoxia/Code/XJTU-RMV-Task05/src/install/hik_camera/share/hik_camera/package.xml
[13.245s] Invoked command in '/home/leoxia/Code/XJTU-RMV-Task05/src/build/hik_camera' returned '0': CMAKE_PREFIX_PATH=${CMAKE_PREFIX_PATH}:/opt/ros/humble /usr/bin/cmake --install /home/leoxia/Code/XJTU-RMV-Task05/src/build/hik_camera
