[0.023s] Invoking command in '/home/leoxia/Code/XJTU-RMV-Task05/src/build/hik_camera': CMAKE_PREFIX_PATH=${CMAKE_PREFIX_PATH}:/opt/ros/humble /usr/bin/cmake --build /home/leoxia/Code/XJTU-RMV-Task05/src/build/hik_camera -- -j4 -l4
[0.164s] [100%] Built target hik_camera_node
[0.193s] Invoked command in '/home/leoxia/Code/XJTU-RMV-Task05/src/build/hik_camera' returned '0': CMAKE_PREFIX_PATH=${CMAKE_PREFIX_PATH}:/opt/ros/humble /usr/bin/cmake --build /home/leoxia/Code/XJTU-RMV-Task05/src/build/hik_camera -- -j4 -l4
[0.210s] Invoking command in '/home/leoxia/Code/XJTU-RMV-Task05/src/build/hik_camera': CMAKE_PREFIX_PATH=${CMAKE_PREFIX_PATH}:/opt/ros/humble /usr/bin/cmake --install /home/leoxia/Code/XJTU-RMV-Task05/src/build/hik_camera
[0.228s] -- Install configuration: ""
[0.229s] -- Execute custom install script
[0.230s] -- Up-to-date symlink: /home/leoxia/Code/XJTU-RMV-Task05/src/install/hik_camera/lib/hik_camera/hik_camera_node
[0.236s] -- Up-to-date symlink: /home/leoxia/Code/XJTU-RMV-Task05/src/install/hik_camera/share/hik_camera/launch/launch.py
[0.236s] -- Up-to-date symlink: /home/leoxia/Code/XJTU-RMV-Task05/src/install/hik_camera/share/ament_index/resource_index/package_run_dependencies/hik_camera
[0.236s] -- Up-to-date symlink: /home/leoxia/Code/XJTU-RMV-Task05/src/install/hik_camera/share/ament_index/resource_index/parent_prefix_path/hik_camera
[0.236s] -- Up-to-date symlink: /home/leoxia/Code/XJTU-RMV-Task05/src/install/hik_camera/share/hik_camera/environment/ament_prefix_path.sh
[0.237s] -- Up-to-date symlink: /home/leoxia/Code/XJTU-RMV-Task05/src/install/hik_camera/share/hik_camera/environment/ament_prefix_path.dsv
[0.237s] -- Up-to-date symlink: /home/leoxia/Code/XJTU-RMV-Task05/src/install/hik_camera/share/hik_camera/environment/path.sh
[0.237s] -- Up-to-date symlink: /home/leoxia/Code/XJTU-RMV-Task05/src/install/hik_camera/share/hik_camera/environment/path.dsv
[0.237s] -- Up-to-date symlink: /home/leoxia/Code/XJTU-RMV-Task05/src/install/hik_camera/share/hik_camera/local_setup.bash
[0.237s] -- Up-to-date symlink: /home/leoxia/Code/XJTU-RMV-Task05/src/install/hik_camera/share/hik_camera/local_setup.sh
[0.237s] -- Up-to-date symlink: /home/leoxia/Code/XJTU-RMV-Task05/src/install/hik_camera/share/hik_camera/local_setup.zsh
[0.237s] -- Up-to-date symlink: /home/leoxia/Code/XJTU-RMV-Task05/src/install/hik_camera/share/hik_camera/local_setup.dsv
[0.237s] -- Symlinking: /home/leoxia/Code/XJTU-RMV-Task05/src/install/hik_camera/share/hik_camera/package.dsv
[0.253s] -- Up-to-date symlink: /home/leoxia/Code/XJTU-RMV-Task05/src/install/hik_camera/share/ament_index/resource_index/packages/hik_camera
[0.253s] -- Up-to-date symlink: /home/leoxia/Code/XJTU-RMV-Task05/src/install/hik_camera/share/hik_camera/cmake/hik_cameraConfig.cmake
[0.253s] -- Up-to-date symlink: /home/leoxia/Code/XJTU-RMV-Task05/src/install/hik_camera/share/hik_camera/cmake/hik_cameraConfig-version.cmake
[0.253s] -- Up-to-date symlink: /home/leoxia/Code/XJTU-RMV-Task05/src/install/hik_camera/share/hik_camera/package.xml
[0.256s] Invoked command in '/home/leoxia/Code/XJTU-RMV-Task05/src/build/hik_camera' returned '0': CMAKE_PREFIX_PATH=${CMAKE_PREFIX_PATH}:/opt/ros/humble /usr/bin/cmake --install /home/leoxia/Code/XJTU-RMV-Task05/src/build/hik_camera
