[0.040s] Invoking command in '/home/leoxia/Code/XJTU-RMV-Task05/src/build/detect_and_solve': CMAKE_PREFIX_PATH=${CMAKE_PREFIX_PATH}:/opt/ros/humble /usr/bin/cmake --build /home/leoxia/Code/XJTU-RMV-Task05/src/build/detect_and_solve -- -j4 -l4
[0.267s] [35m[1mConsolidate compiler generated dependencies of target detect_and_solve[0m
[0.324s] [ 33%] [32mBuilding CXX object CMakeFiles/detect_and_solve.dir/src/recognition.cpp.o[0m
[4.062s] [ 66%] [32m[1mLinking CXX executable detect_and_solve[0m
[5.769s] [100%] Built target detect_and_solve
[5.790s] Invoked command in '/home/leoxia/Code/XJTU-RMV-Task05/src/build/detect_and_solve' returned '0': CMAKE_PREFIX_PATH=${CMAKE_PREFIX_PATH}:/opt/ros/humble /usr/bin/cmake --build /home/leoxia/Code/XJTU-RMV-Task05/src/build/detect_and_solve -- -j4 -l4
[5.797s] Invoking command in '/home/leoxia/Code/XJTU-RMV-Task05/src/build/detect_and_solve': CMAKE_PREFIX_PATH=${CMAKE_PREFIX_PATH}:/opt/ros/humble /usr/bin/cmake --install /home/leoxia/Code/XJTU-RMV-Task05/src/build/detect_and_solve
[5.810s] -- Install configuration: ""
[5.811s] -- Execute custom install script
[5.813s] -- Up-to-date symlink: /home/leoxia/Code/XJTU-RMV-Task05/src/install/detect_and_solve/lib/detect_and_solve/detect_and_solve
[5.814s] -- Up-to-date symlink: /home/leoxia/Code/XJTU-RMV-Task05/src/install/detect_and_solve/include/detect_and_solve/recognition.hpp
[5.814s] -- Up-to-date symlink: /home/leoxia/Code/XJTU-RMV-Task05/src/install/detect_and_solve/share/detect_and_solve/launch/launch.py
[5.816s] -- Up-to-date symlink: /home/leoxia/Code/XJTU-RMV-Task05/src/install/detect_and_solve/share/detect_and_solve/config/camera.yaml
[5.816s] -- Up-to-date symlink: /home/leoxia/Code/XJTU-RMV-Task05/src/install/detect_and_solve/share/ament_index/resource_index/package_run_dependencies/detect_and_solve
[5.816s] -- Up-to-date symlink: /home/leoxia/Code/XJTU-RMV-Task05/src/install/detect_and_solve/share/ament_index/resource_index/parent_prefix_path/detect_and_solve
[5.818s] -- Up-to-date symlink: /home/leoxia/Code/XJTU-RMV-Task05/src/install/detect_and_solve/share/detect_and_solve/environment/ament_prefix_path.sh
[5.818s] -- Up-to-date symlink: /home/leoxia/Code/XJTU-RMV-Task05/src/install/detect_and_solve/share/detect_and_solve/environment/ament_prefix_path.dsv
[5.819s] -- Up-to-date symlink: /home/leoxia/Code/XJTU-RMV-Task05/src/install/detect_and_solve/share/detect_and_solve/environment/path.sh
[5.819s] -- Up-to-date symlink: /home/leoxia/Code/XJTU-RMV-Task05/src/install/detect_and_solve/share/detect_and_solve/environment/path.dsv
[5.819s] -- Up-to-date symlink: /home/leoxia/Code/XJTU-RMV-Task05/src/install/detect_and_solve/share/detect_and_solve/local_setup.bash
[5.820s] -- Up-to-date symlink: /home/leoxia/Code/XJTU-RMV-Task05/src/install/detect_and_solve/share/detect_and_solve/local_setup.sh
[5.821s] -- Up-to-date symlink: /home/leoxia/Code/XJTU-RMV-Task05/src/install/detect_and_solve/share/detect_and_solve/local_setup.zsh
[5.821s] -- Up-to-date symlink: /home/leoxia/Code/XJTU-RMV-Task05/src/install/detect_and_solve/share/detect_and_solve/local_setup.dsv
[5.826s] -- Symlinking: /home/leoxia/Code/XJTU-RMV-Task05/src/install/detect_and_solve/share/detect_and_solve/package.dsv
[5.840s] -- Up-to-date symlink: /home/leoxia/Code/XJTU-RMV-Task05/src/install/detect_and_solve/share/ament_index/resource_index/packages/detect_and_solve
[5.840s] -- Up-to-date symlink: /home/leoxia/Code/XJTU-RMV-Task05/src/install/detect_and_solve/share/detect_and_solve/cmake/detect_and_solveConfig.cmake
[5.841s] -- Up-to-date symlink: /home/leoxia/Code/XJTU-RMV-Task05/src/install/detect_and_solve/share/detect_and_solve/cmake/detect_and_solveConfig-version.cmake
[5.842s] -- Up-to-date symlink: /home/leoxia/Code/XJTU-RMV-Task05/src/install/detect_and_solve/share/detect_and_solve/package.xml
[5.845s] Invoked command in '/home/leoxia/Code/XJTU-RMV-Task05/src/build/detect_and_solve' returned '0': CMAKE_PREFIX_PATH=${CMAKE_PREFIX_PATH}:/opt/ros/humble /usr/bin/cmake --install /home/leoxia/Code/XJTU-RMV-Task05/src/build/detect_and_solve
