[0.263s] DEBUG:colcon:Command line arguments: ['/usr/bin/colcon', 'build', '--symlink-install']
[0.263s] DEBUG:colcon:Parsed command line arguments: Namespace(log_base=None, log_level=None, verb_name='build', build_base='build', install_base='install', merge_install=False, symlink_install=True, test_result_base=None, continue_on_error=False, executor='parallel', parallel_workers=4, event_handlers=None, ignore_user_meta=False, metas=['./colcon.meta'], base_paths=['.'], packages_ignore=None, packages_ignore_regex=None, paths=None, packages_up_to=None, packages_up_to_regex=None, packages_above=None, packages_above_and_dependencies=None, packages_above_depth=None, packages_select_by_dep=None, packages_skip_by_dep=None, packages_skip_up_to=None, packages_select_build_failed=False, packages_skip_build_finished=False, packages_select_test_failures=False, packages_skip_test_passed=False, packages_select=None, packages_skip=None, packages_select_regex=None, packages_skip_regex=None, packages_start=None, packages_end=None, allow_overriding=[], cmake_args=None, cmake_target=None, cmake_target_skip_unavailable=False, cmake_clean_cache=False, cmake_clean_first=False, cmake_force_configure=False, ament_cmake_args=None, catkin_cmake_args=None, catkin_skip_building_tests=False, verb_parser=<colcon_defaults.argument_parser.defaults.DefaultArgumentsDecorator object at 0x711f926ef220>, verb_extension=<colcon_core.verb.build.BuildVerb object at 0x711f926eed10>, main=<bound method BuildVerb.main of <colcon_core.verb.build.BuildVerb object at 0x711f926eed10>>)
[0.584s] Level 1:colcon.colcon_core.package_discovery:discover_packages(colcon_meta) check parameters
[0.584s] Level 1:colcon.colcon_core.package_discovery:discover_packages(recursive) check parameters
[0.584s] Level 1:colcon.colcon_core.package_discovery:discover_packages(ignore) check parameters
[0.584s] Level 1:colcon.colcon_core.package_discovery:discover_packages(path) check parameters
[0.584s] Level 1:colcon.colcon_core.package_discovery:discover_packages(colcon_meta) discover
[0.585s] Level 1:colcon.colcon_core.package_discovery:discover_packages(recursive) discover
[0.585s] INFO:colcon.colcon_core.package_discovery:Crawling recursively for packages in '/home/leoxia/Code/XJTU-RMV-Task05/src'
[0.585s] Level 1:colcon.colcon_core.package_identification:_identify(.) by extensions ['ignore', 'ignore_ament_install']
[0.585s] Level 1:colcon.colcon_core.package_identification:_identify(.) by extension 'ignore'
[0.585s] Level 1:colcon.colcon_core.package_identification:_identify(.) by extension 'ignore_ament_install'
[0.585s] Level 1:colcon.colcon_core.package_identification:_identify(.) by extensions ['colcon_pkg']
[0.585s] Level 1:colcon.colcon_core.package_identification:_identify(.) by extension 'colcon_pkg'
[0.585s] Level 1:colcon.colcon_core.package_identification:_identify(.) by extensions ['colcon_meta']
[0.585s] Level 1:colcon.colcon_core.package_identification:_identify(.) by extension 'colcon_meta'
[0.586s] Level 1:colcon.colcon_core.package_identification:_identify(.) by extensions ['ros']
[0.586s] Level 1:colcon.colcon_core.package_identification:_identify(.) by extension 'ros'
[0.610s] Level 1:colcon.colcon_core.package_identification:_identify(.) by extensions ['cmake', 'python']
[0.610s] Level 1:colcon.colcon_core.package_identification:_identify(.) by extension 'cmake'
[0.610s] Level 1:colcon.colcon_core.package_identification:_identify(.) by extension 'python'
[0.611s] Level 1:colcon.colcon_core.package_identification:_identify(.) by extensions ['python_setup_py']
[0.611s] Level 1:colcon.colcon_core.package_identification:_identify(.) by extension 'python_setup_py'
[0.611s] Level 1:colcon.colcon_core.package_identification:_identify($(ALLUSERSPROFILE)) by extensions ['ignore', 'ignore_ament_install']
[0.611s] Level 1:colcon.colcon_core.package_identification:_identify($(ALLUSERSPROFILE)) by extension 'ignore'
[0.611s] Level 1:colcon.colcon_core.package_identification:_identify($(ALLUSERSPROFILE)) by extension 'ignore_ament_install'
[0.611s] Level 1:colcon.colcon_core.package_identification:_identify($(ALLUSERSPROFILE)) by extensions ['colcon_pkg']
[0.611s] Level 1:colcon.colcon_core.package_identification:_identify($(ALLUSERSPROFILE)) by extension 'colcon_pkg'
[0.611s] Level 1:colcon.colcon_core.package_identification:_identify($(ALLUSERSPROFILE)) by extensions ['colcon_meta']
[0.611s] Level 1:colcon.colcon_core.package_identification:_identify($(ALLUSERSPROFILE)) by extension 'colcon_meta'
[0.612s] Level 1:colcon.colcon_core.package_identification:_identify($(ALLUSERSPROFILE)) by extensions ['ros']
[0.612s] Level 1:colcon.colcon_core.package_identification:_identify($(ALLUSERSPROFILE)) by extension 'ros'
[0.612s] Level 1:colcon.colcon_core.package_identification:_identify($(ALLUSERSPROFILE)) by extensions ['cmake', 'python']
[0.612s] Level 1:colcon.colcon_core.package_identification:_identify($(ALLUSERSPROFILE)) by extension 'cmake'
[0.612s] Level 1:colcon.colcon_core.package_identification:_identify($(ALLUSERSPROFILE)) by extension 'python'
[0.612s] Level 1:colcon.colcon_core.package_identification:_identify($(ALLUSERSPROFILE)) by extensions ['python_setup_py']
[0.612s] Level 1:colcon.colcon_core.package_identification:_identify($(ALLUSERSPROFILE)) by extension 'python_setup_py'
[0.612s] Level 1:colcon.colcon_core.package_identification:_identify($(ALLUSERSPROFILE)/GenICam) by extensions ['ignore', 'ignore_ament_install']
[0.612s] Level 1:colcon.colcon_core.package_identification:_identify($(ALLUSERSPROFILE)/GenICam) by extension 'ignore'
[0.612s] Level 1:colcon.colcon_core.package_identification:_identify($(ALLUSERSPROFILE)/GenICam) by extension 'ignore_ament_install'
[0.613s] Level 1:colcon.colcon_core.package_identification:_identify($(ALLUSERSPROFILE)/GenICam) by extensions ['colcon_pkg']
[0.613s] Level 1:colcon.colcon_core.package_identification:_identify($(ALLUSERSPROFILE)/GenICam) by extension 'colcon_pkg'
[0.613s] Level 1:colcon.colcon_core.package_identification:_identify($(ALLUSERSPROFILE)/GenICam) by extensions ['colcon_meta']
[0.613s] Level 1:colcon.colcon_core.package_identification:_identify($(ALLUSERSPROFILE)/GenICam) by extension 'colcon_meta'
[0.613s] Level 1:colcon.colcon_core.package_identification:_identify($(ALLUSERSPROFILE)/GenICam) by extensions ['ros']
[0.613s] Level 1:colcon.colcon_core.package_identification:_identify($(ALLUSERSPROFILE)/GenICam) by extension 'ros'
[0.613s] Level 1:colcon.colcon_core.package_identification:_identify($(ALLUSERSPROFILE)/GenICam) by extensions ['cmake', 'python']
[0.613s] Level 1:colcon.colcon_core.package_identification:_identify($(ALLUSERSPROFILE)/GenICam) by extension 'cmake'
[0.613s] Level 1:colcon.colcon_core.package_identification:_identify($(ALLUSERSPROFILE)/GenICam) by extension 'python'
[0.613s] Level 1:colcon.colcon_core.package_identification:_identify($(ALLUSERSPROFILE)/GenICam) by extensions ['python_setup_py']
[0.613s] Level 1:colcon.colcon_core.package_identification:_identify($(ALLUSERSPROFILE)/GenICam) by extension 'python_setup_py'
[0.614s] Level 1:colcon.colcon_core.package_identification:_identify($(ALLUSERSPROFILE)/GenICam/xml) by extensions ['ignore', 'ignore_ament_install']
[0.614s] Level 1:colcon.colcon_core.package_identification:_identify($(ALLUSERSPROFILE)/GenICam/xml) by extension 'ignore'
[0.614s] Level 1:colcon.colcon_core.package_identification:_identify($(ALLUSERSPROFILE)/GenICam/xml) by extension 'ignore_ament_install'
[0.614s] Level 1:colcon.colcon_core.package_identification:_identify($(ALLUSERSPROFILE)/GenICam/xml) by extensions ['colcon_pkg']
[0.614s] Level 1:colcon.colcon_core.package_identification:_identify($(ALLUSERSPROFILE)/GenICam/xml) by extension 'colcon_pkg'
[0.614s] Level 1:colcon.colcon_core.package_identification:_identify($(ALLUSERSPROFILE)/GenICam/xml) by extensions ['colcon_meta']
[0.614s] Level 1:colcon.colcon_core.package_identification:_identify($(ALLUSERSPROFILE)/GenICam/xml) by extension 'colcon_meta'
[0.614s] Level 1:colcon.colcon_core.package_identification:_identify($(ALLUSERSPROFILE)/GenICam/xml) by extensions ['ros']
[0.615s] Level 1:colcon.colcon_core.package_identification:_identify($(ALLUSERSPROFILE)/GenICam/xml) by extension 'ros'
[0.615s] Level 1:colcon.colcon_core.package_identification:_identify($(ALLUSERSPROFILE)/GenICam/xml) by extensions ['cmake', 'python']
[0.615s] Level 1:colcon.colcon_core.package_identification:_identify($(ALLUSERSPROFILE)/GenICam/xml) by extension 'cmake'
[0.615s] Level 1:colcon.colcon_core.package_identification:_identify($(ALLUSERSPROFILE)/GenICam/xml) by extension 'python'
[0.615s] Level 1:colcon.colcon_core.package_identification:_identify($(ALLUSERSPROFILE)/GenICam/xml) by extensions ['python_setup_py']
[0.615s] Level 1:colcon.colcon_core.package_identification:_identify($(ALLUSERSPROFILE)/GenICam/xml) by extension 'python_setup_py'
[0.615s] Level 1:colcon.colcon_core.package_identification:_identify($(ALLUSERSPROFILE)/GenICam/xml/cache) by extensions ['ignore', 'ignore_ament_install']
[0.615s] Level 1:colcon.colcon_core.package_identification:_identify($(ALLUSERSPROFILE)/GenICam/xml/cache) by extension 'ignore'
[0.616s] Level 1:colcon.colcon_core.package_identification:_identify($(ALLUSERSPROFILE)/GenICam/xml/cache) by extension 'ignore_ament_install'
[0.616s] Level 1:colcon.colcon_core.package_identification:_identify($(ALLUSERSPROFILE)/GenICam/xml/cache) by extensions ['colcon_pkg']
[0.616s] Level 1:colcon.colcon_core.package_identification:_identify($(ALLUSERSPROFILE)/GenICam/xml/cache) by extension 'colcon_pkg'
[0.616s] Level 1:colcon.colcon_core.package_identification:_identify($(ALLUSERSPROFILE)/GenICam/xml/cache) by extensions ['colcon_meta']
[0.616s] Level 1:colcon.colcon_core.package_identification:_identify($(ALLUSERSPROFILE)/GenICam/xml/cache) by extension 'colcon_meta'
[0.616s] Level 1:colcon.colcon_core.package_identification:_identify($(ALLUSERSPROFILE)/GenICam/xml/cache) by extensions ['ros']
[0.616s] Level 1:colcon.colcon_core.package_identification:_identify($(ALLUSERSPROFILE)/GenICam/xml/cache) by extension 'ros'
[0.616s] Level 1:colcon.colcon_core.package_identification:_identify($(ALLUSERSPROFILE)/GenICam/xml/cache) by extensions ['cmake', 'python']
[0.616s] Level 1:colcon.colcon_core.package_identification:_identify($(ALLUSERSPROFILE)/GenICam/xml/cache) by extension 'cmake'
[0.617s] Level 1:colcon.colcon_core.package_identification:_identify($(ALLUSERSPROFILE)/GenICam/xml/cache) by extension 'python'
[0.617s] Level 1:colcon.colcon_core.package_identification:_identify($(ALLUSERSPROFILE)/GenICam/xml/cache) by extensions ['python_setup_py']
[0.617s] Level 1:colcon.colcon_core.package_identification:_identify($(ALLUSERSPROFILE)/GenICam/xml/cache) by extension 'python_setup_py'
[0.617s] Level 1:colcon.colcon_core.package_identification:_identify(build) by extensions ['ignore', 'ignore_ament_install']
[0.617s] Level 1:colcon.colcon_core.package_identification:_identify(build) by extension 'ignore'
[0.617s] Level 1:colcon.colcon_core.package_identification:_identify(build) ignored
[0.617s] Level 1:colcon.colcon_core.package_identification:_identify(detect_and_solve) by extensions ['ignore', 'ignore_ament_install']
[0.618s] Level 1:colcon.colcon_core.package_identification:_identify(detect_and_solve) by extension 'ignore'
[0.618s] Level 1:colcon.colcon_core.package_identification:_identify(detect_and_solve) by extension 'ignore_ament_install'
[0.618s] Level 1:colcon.colcon_core.package_identification:_identify(detect_and_solve) by extensions ['colcon_pkg']
[0.618s] Level 1:colcon.colcon_core.package_identification:_identify(detect_and_solve) by extension 'colcon_pkg'
[0.618s] Level 1:colcon.colcon_core.package_identification:_identify(detect_and_solve) by extensions ['colcon_meta']
[0.618s] Level 1:colcon.colcon_core.package_identification:_identify(detect_and_solve) by extension 'colcon_meta'
[0.618s] Level 1:colcon.colcon_core.package_identification:_identify(detect_and_solve) by extensions ['ros']
[0.618s] Level 1:colcon.colcon_core.package_identification:_identify(detect_and_solve) by extension 'ros'
[0.624s] DEBUG:colcon.colcon_core.package_identification:Package 'detect_and_solve' with type 'ros.ament_cmake' and name 'detect_and_solve'
[0.625s] Level 1:colcon.colcon_core.package_identification:_identify(hik_camera) by extensions ['ignore', 'ignore_ament_install']
[0.625s] Level 1:colcon.colcon_core.package_identification:_identify(hik_camera) by extension 'ignore'
[0.625s] Level 1:colcon.colcon_core.package_identification:_identify(hik_camera) by extension 'ignore_ament_install'
[0.625s] Level 1:colcon.colcon_core.package_identification:_identify(hik_camera) by extensions ['colcon_pkg']
[0.625s] Level 1:colcon.colcon_core.package_identification:_identify(hik_camera) by extension 'colcon_pkg'
[0.626s] Level 1:colcon.colcon_core.package_identification:_identify(hik_camera) by extensions ['colcon_meta']
[0.626s] Level 1:colcon.colcon_core.package_identification:_identify(hik_camera) by extension 'colcon_meta'
[0.626s] Level 1:colcon.colcon_core.package_identification:_identify(hik_camera) by extensions ['ros']
[0.626s] Level 1:colcon.colcon_core.package_identification:_identify(hik_camera) by extension 'ros'
[0.627s] DEBUG:colcon.colcon_core.package_identification:Package 'hik_camera' with type 'ros.ament_cmake' and name 'hik_camera'
[0.628s] Level 1:colcon.colcon_core.package_identification:_identify(install) by extensions ['ignore', 'ignore_ament_install']
[0.628s] Level 1:colcon.colcon_core.package_identification:_identify(install) by extension 'ignore'
[0.628s] Level 1:colcon.colcon_core.package_identification:_identify(install) ignored
[0.628s] Level 1:colcon.colcon_core.package_identification:_identify(log) by extensions ['ignore', 'ignore_ament_install']
[0.628s] Level 1:colcon.colcon_core.package_identification:_identify(log) by extension 'ignore'
[0.629s] Level 1:colcon.colcon_core.package_identification:_identify(log) ignored
[0.629s] Level 1:colcon.colcon_core.package_discovery:discover_packages(recursive) using defaults
[0.629s] Level 1:colcon.colcon_core.package_discovery:discover_packages(ignore) discover
[0.629s] Level 1:colcon.colcon_core.package_discovery:discover_packages(ignore) using defaults
[0.629s] Level 1:colcon.colcon_core.package_discovery:discover_packages(path) discover
[0.629s] Level 1:colcon.colcon_core.package_discovery:discover_packages(path) using defaults
[0.681s] Level 1:colcon.colcon_core.package_discovery:discover_packages(prefix_path) check parameters
[0.681s] Level 1:colcon.colcon_core.package_discovery:discover_packages(prefix_path) discover
[0.689s] DEBUG:colcon.colcon_installed_package_information.package_discovery:Found 2 installed packages in /home/leoxia/Code/XJTU-RMV-Task05/src/install
[0.690s] DEBUG:colcon.colcon_installed_package_information.package_discovery:Found 2 installed packages in /home/leoxia/Code/XJTU-RMV-Task05/install
[0.692s] DEBUG:colcon.colcon_installed_package_information.package_discovery:Found 271 installed packages in /opt/ros/humble
[0.696s] Level 1:colcon.colcon_core.package_discovery:discover_packages(prefix_path) using defaults
[0.837s] Level 5:colcon.colcon_core.verb:set package 'detect_and_solve' build argument 'cmake_args' from command line to 'None'
[0.837s] Level 5:colcon.colcon_core.verb:set package 'detect_and_solve' build argument 'cmake_target' from command line to 'None'
[0.838s] Level 5:colcon.colcon_core.verb:set package 'detect_and_solve' build argument 'cmake_target_skip_unavailable' from command line to 'False'
[0.838s] Level 5:colcon.colcon_core.verb:set package 'detect_and_solve' build argument 'cmake_clean_cache' from command line to 'False'
[0.838s] Level 5:colcon.colcon_core.verb:set package 'detect_and_solve' build argument 'cmake_clean_first' from command line to 'False'
[0.838s] Level 5:colcon.colcon_core.verb:set package 'detect_and_solve' build argument 'cmake_force_configure' from command line to 'False'
[0.838s] Level 5:colcon.colcon_core.verb:set package 'detect_and_solve' build argument 'ament_cmake_args' from command line to 'None'
[0.838s] Level 5:colcon.colcon_core.verb:set package 'detect_and_solve' build argument 'catkin_cmake_args' from command line to 'None'
[0.838s] Level 5:colcon.colcon_core.verb:set package 'detect_and_solve' build argument 'catkin_skip_building_tests' from command line to 'False'
[0.838s] DEBUG:colcon.colcon_core.verb:Building package 'detect_and_solve' with the following arguments: {'ament_cmake_args': None, 'build_base': '/home/leoxia/Code/XJTU-RMV-Task05/src/build/detect_and_solve', 'catkin_cmake_args': None, 'catkin_skip_building_tests': False, 'cmake_args': None, 'cmake_clean_cache': False, 'cmake_clean_first': False, 'cmake_force_configure': False, 'cmake_target': None, 'cmake_target_skip_unavailable': False, 'install_base': '/home/leoxia/Code/XJTU-RMV-Task05/src/install/detect_and_solve', 'merge_install': False, 'path': '/home/leoxia/Code/XJTU-RMV-Task05/src/detect_and_solve', 'symlink_install': True, 'test_result_base': None}
[0.839s] Level 5:colcon.colcon_core.verb:set package 'hik_camera' build argument 'cmake_args' from command line to 'None'
[0.839s] Level 5:colcon.colcon_core.verb:set package 'hik_camera' build argument 'cmake_target' from command line to 'None'
[0.839s] Level 5:colcon.colcon_core.verb:set package 'hik_camera' build argument 'cmake_target_skip_unavailable' from command line to 'False'
[0.839s] Level 5:colcon.colcon_core.verb:set package 'hik_camera' build argument 'cmake_clean_cache' from command line to 'False'
[0.839s] Level 5:colcon.colcon_core.verb:set package 'hik_camera' build argument 'cmake_clean_first' from command line to 'False'
[0.839s] Level 5:colcon.colcon_core.verb:set package 'hik_camera' build argument 'cmake_force_configure' from command line to 'False'
[0.839s] Level 5:colcon.colcon_core.verb:set package 'hik_camera' build argument 'ament_cmake_args' from command line to 'None'
[0.839s] Level 5:colcon.colcon_core.verb:set package 'hik_camera' build argument 'catkin_cmake_args' from command line to 'None'
[0.839s] Level 5:colcon.colcon_core.verb:set package 'hik_camera' build argument 'catkin_skip_building_tests' from command line to 'False'
[0.839s] DEBUG:colcon.colcon_core.verb:Building package 'hik_camera' with the following arguments: {'ament_cmake_args': None, 'build_base': '/home/leoxia/Code/XJTU-RMV-Task05/src/build/hik_camera', 'catkin_cmake_args': None, 'catkin_skip_building_tests': False, 'cmake_args': None, 'cmake_clean_cache': False, 'cmake_clean_first': False, 'cmake_force_configure': False, 'cmake_target': None, 'cmake_target_skip_unavailable': False, 'install_base': '/home/leoxia/Code/XJTU-RMV-Task05/src/install/hik_camera', 'merge_install': False, 'path': '/home/leoxia/Code/XJTU-RMV-Task05/src/hik_camera', 'symlink_install': True, 'test_result_base': None}
[0.840s] INFO:colcon.colcon_core.executor:Executing jobs using 'parallel' executor
[0.842s] DEBUG:colcon.colcon_parallel_executor.executor.parallel:run_until_complete
[0.842s] INFO:colcon.colcon_ros.task.ament_cmake.build:Building ROS package in '/home/leoxia/Code/XJTU-RMV-Task05/src/detect_and_solve' with build type 'ament_cmake'
[0.842s] INFO:colcon.colcon_cmake.task.cmake.build:Building CMake package in '/home/leoxia/Code/XJTU-RMV-Task05/src/detect_and_solve'
[0.849s] INFO:colcon.colcon_core.plugin_system:Skipping extension 'colcon_core.shell.bat': Not used on non-Windows systems
[0.850s] INFO:colcon.colcon_core.shell:Skip shell extension 'powershell' for command environment: Not usable outside of PowerShell
[0.850s] DEBUG:colcon.colcon_core.shell:Skip shell extension 'dsv' for command environment
[0.858s] INFO:colcon.colcon_ros.task.ament_cmake.build:Building ROS package in '/home/leoxia/Code/XJTU-RMV-Task05/src/hik_camera' with build type 'ament_cmake'
[0.858s] INFO:colcon.colcon_cmake.task.cmake.build:Building CMake package in '/home/leoxia/Code/XJTU-RMV-Task05/src/hik_camera'
[0.858s] INFO:colcon.colcon_core.shell:Skip shell extension 'powershell' for command environment: Not usable outside of PowerShell
[0.859s] DEBUG:colcon.colcon_core.shell:Skip shell extension 'dsv' for command environment
[0.875s] DEBUG:colcon.colcon_core.event_handler.log_command:Invoking command in '/home/leoxia/Code/XJTU-RMV-Task05/src/build/detect_and_solve': CMAKE_PREFIX_PATH=${CMAKE_PREFIX_PATH}:/opt/ros/humble /usr/bin/cmake --build /home/leoxia/Code/XJTU-RMV-Task05/src/build/detect_and_solve -- -j4 -l4
[0.886s] DEBUG:colcon.colcon_core.event_handler.log_command:Invoking command in '/home/leoxia/Code/XJTU-RMV-Task05/src/build/hik_camera': CMAKE_PREFIX_PATH=${CMAKE_PREFIX_PATH}:/opt/ros/humble /usr/bin/cmake --build /home/leoxia/Code/XJTU-RMV-Task05/src/build/hik_camera -- -j4 -l4
[1.144s] DEBUG:colcon.colcon_core.event_handler.log_command:Invoked command in '/home/leoxia/Code/XJTU-RMV-Task05/src/build/hik_camera' returned '0': CMAKE_PREFIX_PATH=${CMAKE_PREFIX_PATH}:/opt/ros/humble /usr/bin/cmake --build /home/leoxia/Code/XJTU-RMV-Task05/src/build/hik_camera -- -j4 -l4
[1.170s] DEBUG:colcon.colcon_core.event_handler.log_command:Invoking command in '/home/leoxia/Code/XJTU-RMV-Task05/src/build/hik_camera': CMAKE_PREFIX_PATH=${CMAKE_PREFIX_PATH}:/opt/ros/humble /usr/bin/cmake --install /home/leoxia/Code/XJTU-RMV-Task05/src/build/hik_camera
[1.226s] Level 1:colcon.colcon_core.environment:create_environment_scripts_only(hik_camera)
[1.227s] DEBUG:colcon.colcon_core.event_handler.log_command:Invoked command in '/home/leoxia/Code/XJTU-RMV-Task05/src/build/hik_camera' returned '0': CMAKE_PREFIX_PATH=${CMAKE_PREFIX_PATH}:/opt/ros/humble /usr/bin/cmake --install /home/leoxia/Code/XJTU-RMV-Task05/src/build/hik_camera
[1.237s] Level 1:colcon.colcon_core.environment:checking '/home/leoxia/Code/XJTU-RMV-Task05/src/install/hik_camera' for CMake module files
[1.238s] Level 1:colcon.colcon_core.environment:checking '/home/leoxia/Code/XJTU-RMV-Task05/src/install/hik_camera' for CMake config files
[1.238s] Level 1:colcon.colcon_core.shell:create_environment_hook('hik_camera', 'cmake_prefix_path')
[1.239s] INFO:colcon.colcon_core.shell:Creating environment hook '/home/leoxia/Code/XJTU-RMV-Task05/src/install/hik_camera/share/hik_camera/hook/cmake_prefix_path.ps1'
[1.242s] INFO:colcon.colcon_core.shell:Creating environment descriptor '/home/leoxia/Code/XJTU-RMV-Task05/src/install/hik_camera/share/hik_camera/hook/cmake_prefix_path.dsv'
[1.243s] INFO:colcon.colcon_core.shell:Creating environment hook '/home/leoxia/Code/XJTU-RMV-Task05/src/install/hik_camera/share/hik_camera/hook/cmake_prefix_path.sh'
[1.248s] Level 1:colcon.colcon_core.environment:checking '/home/leoxia/Code/XJTU-RMV-Task05/src/install/hik_camera/lib'
[1.248s] Level 1:colcon.colcon_core.environment:checking '/home/leoxia/Code/XJTU-RMV-Task05/src/install/hik_camera/bin'
[1.248s] Level 1:colcon.colcon_core.environment:checking '/home/leoxia/Code/XJTU-RMV-Task05/src/install/hik_camera/lib/pkgconfig/hik_camera.pc'
[1.249s] Level 1:colcon.colcon_core.environment:checking '/home/leoxia/Code/XJTU-RMV-Task05/src/install/hik_camera/lib/python3.10/site-packages'
[1.250s] Level 1:colcon.colcon_core.environment:checking '/home/leoxia/Code/XJTU-RMV-Task05/src/install/hik_camera/bin'
[1.250s] INFO:colcon.colcon_core.shell:Creating package script '/home/leoxia/Code/XJTU-RMV-Task05/src/install/hik_camera/share/hik_camera/package.ps1'
[1.256s] INFO:colcon.colcon_core.shell:Creating package descriptor '/home/leoxia/Code/XJTU-RMV-Task05/src/install/hik_camera/share/hik_camera/package.dsv'
[1.257s] INFO:colcon.colcon_core.shell:Creating package script '/home/leoxia/Code/XJTU-RMV-Task05/src/install/hik_camera/share/hik_camera/package.sh'
[1.262s] INFO:colcon.colcon_core.shell:Creating package script '/home/leoxia/Code/XJTU-RMV-Task05/src/install/hik_camera/share/hik_camera/package.bash'
[1.264s] INFO:colcon.colcon_core.shell:Creating package script '/home/leoxia/Code/XJTU-RMV-Task05/src/install/hik_camera/share/hik_camera/package.zsh'
[1.265s] Level 1:colcon.colcon_core.environment:create_file_with_runtime_dependencies(/home/leoxia/Code/XJTU-RMV-Task05/src/install/hik_camera/share/colcon-core/packages/hik_camera)
[1.267s] Level 1:colcon.colcon_core.environment:create_environment_scripts_only(hik_camera)
[1.267s] Level 1:colcon.colcon_core.environment:checking '/home/leoxia/Code/XJTU-RMV-Task05/src/install/hik_camera' for CMake module files
[1.268s] Level 1:colcon.colcon_core.environment:checking '/home/leoxia/Code/XJTU-RMV-Task05/src/install/hik_camera' for CMake config files
[1.270s] Level 1:colcon.colcon_core.shell:create_environment_hook('hik_camera', 'cmake_prefix_path')
[1.271s] INFO:colcon.colcon_core.shell:Creating environment hook '/home/leoxia/Code/XJTU-RMV-Task05/src/install/hik_camera/share/hik_camera/hook/cmake_prefix_path.ps1'
[1.271s] INFO:colcon.colcon_core.shell:Creating environment descriptor '/home/leoxia/Code/XJTU-RMV-Task05/src/install/hik_camera/share/hik_camera/hook/cmake_prefix_path.dsv'
[1.274s] INFO:colcon.colcon_core.shell:Creating environment hook '/home/leoxia/Code/XJTU-RMV-Task05/src/install/hik_camera/share/hik_camera/hook/cmake_prefix_path.sh'
[1.275s] Level 1:colcon.colcon_core.environment:checking '/home/leoxia/Code/XJTU-RMV-Task05/src/install/hik_camera/lib'
[1.275s] Level 1:colcon.colcon_core.environment:checking '/home/leoxia/Code/XJTU-RMV-Task05/src/install/hik_camera/bin'
[1.276s] Level 1:colcon.colcon_core.environment:checking '/home/leoxia/Code/XJTU-RMV-Task05/src/install/hik_camera/lib/pkgconfig/hik_camera.pc'
[1.277s] Level 1:colcon.colcon_core.environment:checking '/home/leoxia/Code/XJTU-RMV-Task05/src/install/hik_camera/lib/python3.10/site-packages'
[1.278s] Level 1:colcon.colcon_core.environment:checking '/home/leoxia/Code/XJTU-RMV-Task05/src/install/hik_camera/bin'
[1.279s] INFO:colcon.colcon_core.shell:Creating package script '/home/leoxia/Code/XJTU-RMV-Task05/src/install/hik_camera/share/hik_camera/package.ps1'
[1.282s] INFO:colcon.colcon_core.shell:Creating package descriptor '/home/leoxia/Code/XJTU-RMV-Task05/src/install/hik_camera/share/hik_camera/package.dsv'
[1.284s] INFO:colcon.colcon_core.shell:Creating package script '/home/leoxia/Code/XJTU-RMV-Task05/src/install/hik_camera/share/hik_camera/package.sh'
[1.285s] INFO:colcon.colcon_core.shell:Creating package script '/home/leoxia/Code/XJTU-RMV-Task05/src/install/hik_camera/share/hik_camera/package.bash'
[1.287s] INFO:colcon.colcon_core.shell:Creating package script '/home/leoxia/Code/XJTU-RMV-Task05/src/install/hik_camera/share/hik_camera/package.zsh'
[1.288s] Level 1:colcon.colcon_core.environment:create_file_with_runtime_dependencies(/home/leoxia/Code/XJTU-RMV-Task05/src/install/hik_camera/share/colcon-core/packages/hik_camera)
[22.098s] DEBUG:colcon.colcon_core.event_handler.log_command:Invoked command in '/home/leoxia/Code/XJTU-RMV-Task05/src/build/detect_and_solve' returned '0': CMAKE_PREFIX_PATH=${CMAKE_PREFIX_PATH}:/opt/ros/humble /usr/bin/cmake --build /home/leoxia/Code/XJTU-RMV-Task05/src/build/detect_and_solve -- -j4 -l4
[22.101s] DEBUG:colcon.colcon_core.event_handler.log_command:Invoking command in '/home/leoxia/Code/XJTU-RMV-Task05/src/build/detect_and_solve': CMAKE_PREFIX_PATH=${CMAKE_PREFIX_PATH}:/opt/ros/humble /usr/bin/cmake --install /home/leoxia/Code/XJTU-RMV-Task05/src/build/detect_and_solve
[22.148s] Level 1:colcon.colcon_core.environment:create_environment_scripts_only(detect_and_solve)
[22.148s] Level 1:colcon.colcon_core.environment:checking '/home/leoxia/Code/XJTU-RMV-Task05/src/install/detect_and_solve' for CMake module files
[22.150s] DEBUG:colcon.colcon_core.event_handler.log_command:Invoked command in '/home/leoxia/Code/XJTU-RMV-Task05/src/build/detect_and_solve' returned '0': CMAKE_PREFIX_PATH=${CMAKE_PREFIX_PATH}:/opt/ros/humble /usr/bin/cmake --install /home/leoxia/Code/XJTU-RMV-Task05/src/build/detect_and_solve
[22.150s] Level 1:colcon.colcon_core.environment:checking '/home/leoxia/Code/XJTU-RMV-Task05/src/install/detect_and_solve' for CMake config files
[22.151s] Level 1:colcon.colcon_core.shell:create_environment_hook('detect_and_solve', 'cmake_prefix_path')
[22.152s] INFO:colcon.colcon_core.shell:Creating environment hook '/home/leoxia/Code/XJTU-RMV-Task05/src/install/detect_and_solve/share/detect_and_solve/hook/cmake_prefix_path.ps1'
[22.154s] INFO:colcon.colcon_core.shell:Creating environment descriptor '/home/leoxia/Code/XJTU-RMV-Task05/src/install/detect_and_solve/share/detect_and_solve/hook/cmake_prefix_path.dsv'
[22.155s] INFO:colcon.colcon_core.shell:Creating environment hook '/home/leoxia/Code/XJTU-RMV-Task05/src/install/detect_and_solve/share/detect_and_solve/hook/cmake_prefix_path.sh'
[22.156s] Level 1:colcon.colcon_core.environment:checking '/home/leoxia/Code/XJTU-RMV-Task05/src/install/detect_and_solve/lib'
[22.156s] Level 1:colcon.colcon_core.environment:checking '/home/leoxia/Code/XJTU-RMV-Task05/src/install/detect_and_solve/bin'
[22.157s] Level 1:colcon.colcon_core.environment:checking '/home/leoxia/Code/XJTU-RMV-Task05/src/install/detect_and_solve/lib/pkgconfig/detect_and_solve.pc'
[22.157s] Level 1:colcon.colcon_core.environment:checking '/home/leoxia/Code/XJTU-RMV-Task05/src/install/detect_and_solve/lib/python3.10/site-packages'
[22.158s] Level 1:colcon.colcon_core.environment:checking '/home/leoxia/Code/XJTU-RMV-Task05/src/install/detect_and_solve/bin'
[22.158s] INFO:colcon.colcon_core.shell:Creating package script '/home/leoxia/Code/XJTU-RMV-Task05/src/install/detect_and_solve/share/detect_and_solve/package.ps1'
[22.159s] INFO:colcon.colcon_core.shell:Creating package descriptor '/home/leoxia/Code/XJTU-RMV-Task05/src/install/detect_and_solve/share/detect_and_solve/package.dsv'
[22.160s] INFO:colcon.colcon_core.shell:Creating package script '/home/leoxia/Code/XJTU-RMV-Task05/src/install/detect_and_solve/share/detect_and_solve/package.sh'
[22.160s] INFO:colcon.colcon_core.shell:Creating package script '/home/leoxia/Code/XJTU-RMV-Task05/src/install/detect_and_solve/share/detect_and_solve/package.bash'
[22.161s] INFO:colcon.colcon_core.shell:Creating package script '/home/leoxia/Code/XJTU-RMV-Task05/src/install/detect_and_solve/share/detect_and_solve/package.zsh'
[22.162s] Level 1:colcon.colcon_core.environment:create_file_with_runtime_dependencies(/home/leoxia/Code/XJTU-RMV-Task05/src/install/detect_and_solve/share/colcon-core/packages/detect_and_solve)
[22.163s] Level 1:colcon.colcon_core.environment:create_environment_scripts_only(detect_and_solve)
[22.165s] Level 1:colcon.colcon_core.environment:checking '/home/leoxia/Code/XJTU-RMV-Task05/src/install/detect_and_solve' for CMake module files
[22.166s] Level 1:colcon.colcon_core.environment:checking '/home/leoxia/Code/XJTU-RMV-Task05/src/install/detect_and_solve' for CMake config files
[22.167s] Level 1:colcon.colcon_core.shell:create_environment_hook('detect_and_solve', 'cmake_prefix_path')
[22.168s] INFO:colcon.colcon_core.shell:Creating environment hook '/home/leoxia/Code/XJTU-RMV-Task05/src/install/detect_and_solve/share/detect_and_solve/hook/cmake_prefix_path.ps1'
[22.169s] INFO:colcon.colcon_core.shell:Creating environment descriptor '/home/leoxia/Code/XJTU-RMV-Task05/src/install/detect_and_solve/share/detect_and_solve/hook/cmake_prefix_path.dsv'
[22.170s] INFO:colcon.colcon_core.shell:Creating environment hook '/home/leoxia/Code/XJTU-RMV-Task05/src/install/detect_and_solve/share/detect_and_solve/hook/cmake_prefix_path.sh'
[22.171s] Level 1:colcon.colcon_core.environment:checking '/home/leoxia/Code/XJTU-RMV-Task05/src/install/detect_and_solve/lib'
[22.171s] Level 1:colcon.colcon_core.environment:checking '/home/leoxia/Code/XJTU-RMV-Task05/src/install/detect_and_solve/bin'
[22.171s] Level 1:colcon.colcon_core.environment:checking '/home/leoxia/Code/XJTU-RMV-Task05/src/install/detect_and_solve/lib/pkgconfig/detect_and_solve.pc'
[22.172s] Level 1:colcon.colcon_core.environment:checking '/home/leoxia/Code/XJTU-RMV-Task05/src/install/detect_and_solve/lib/python3.10/site-packages'
[22.173s] Level 1:colcon.colcon_core.environment:checking '/home/leoxia/Code/XJTU-RMV-Task05/src/install/detect_and_solve/bin'
[22.174s] INFO:colcon.colcon_core.shell:Creating package script '/home/leoxia/Code/XJTU-RMV-Task05/src/install/detect_and_solve/share/detect_and_solve/package.ps1'
[22.175s] INFO:colcon.colcon_core.shell:Creating package descriptor '/home/leoxia/Code/XJTU-RMV-Task05/src/install/detect_and_solve/share/detect_and_solve/package.dsv'
[22.176s] INFO:colcon.colcon_core.shell:Creating package script '/home/leoxia/Code/XJTU-RMV-Task05/src/install/detect_and_solve/share/detect_and_solve/package.sh'
[22.179s] INFO:colcon.colcon_core.shell:Creating package script '/home/leoxia/Code/XJTU-RMV-Task05/src/install/detect_and_solve/share/detect_and_solve/package.bash'
[22.180s] INFO:colcon.colcon_core.shell:Creating package script '/home/leoxia/Code/XJTU-RMV-Task05/src/install/detect_and_solve/share/detect_and_solve/package.zsh'
[22.180s] Level 1:colcon.colcon_core.environment:create_file_with_runtime_dependencies(/home/leoxia/Code/XJTU-RMV-Task05/src/install/detect_and_solve/share/colcon-core/packages/detect_and_solve)
[22.181s] DEBUG:colcon.colcon_parallel_executor.executor.parallel:closing loop
[22.182s] DEBUG:colcon.colcon_parallel_executor.executor.parallel:loop closed
[22.182s] DEBUG:colcon.colcon_parallel_executor.executor.parallel:run_until_complete finished with '0'
[22.182s] DEBUG:colcon.colcon_core.event_reactor:joining thread
[22.197s] INFO:colcon.colcon_core.plugin_system:Skipping extension 'colcon_notification.desktop_notification.terminal_notifier': Not used on non-Darwin systems
[22.197s] INFO:colcon.colcon_core.plugin_system:Skipping extension 'colcon_notification.desktop_notification.win32': Not used on non-Windows systems
[22.197s] INFO:colcon.colcon_notification.desktop_notification:Sending desktop notification using 'notify2'
[22.218s] DEBUG:colcon.colcon_core.event_reactor:joined thread
[22.219s] INFO:colcon.colcon_core.shell:Creating prefix script '/home/leoxia/Code/XJTU-RMV-Task05/src/install/local_setup.ps1'
[22.222s] INFO:colcon.colcon_core.shell:Creating prefix util module '/home/leoxia/Code/XJTU-RMV-Task05/src/install/_local_setup_util_ps1.py'
[22.224s] INFO:colcon.colcon_core.shell:Creating prefix chain script '/home/leoxia/Code/XJTU-RMV-Task05/src/install/setup.ps1'
[22.227s] INFO:colcon.colcon_core.shell:Creating prefix script '/home/leoxia/Code/XJTU-RMV-Task05/src/install/local_setup.sh'
[22.228s] INFO:colcon.colcon_core.shell:Creating prefix util module '/home/leoxia/Code/XJTU-RMV-Task05/src/install/_local_setup_util_sh.py'
[22.229s] INFO:colcon.colcon_core.shell:Creating prefix chain script '/home/leoxia/Code/XJTU-RMV-Task05/src/install/setup.sh'
[22.231s] INFO:colcon.colcon_core.shell:Creating prefix script '/home/leoxia/Code/XJTU-RMV-Task05/src/install/local_setup.bash'
[22.233s] INFO:colcon.colcon_core.shell:Creating prefix chain script '/home/leoxia/Code/XJTU-RMV-Task05/src/install/setup.bash'
[22.235s] INFO:colcon.colcon_core.shell:Creating prefix script '/home/leoxia/Code/XJTU-RMV-Task05/src/install/local_setup.zsh'
[22.236s] INFO:colcon.colcon_core.shell:Creating prefix chain script '/home/leoxia/Code/XJTU-RMV-Task05/src/install/setup.zsh'
