[0.039s] Invoking command in '/home/leoxia/Code/XJTU-RMV-Task05/src/build/detect_and_solve': CMAKE_PREFIX_PATH=${CMAKE_PREFIX_PATH}:/opt/ros/humble /usr/bin/cmake --build /home/leoxia/Code/XJTU-RMV-Task05/src/build/detect_and_solve -- -j4 -l4
[0.178s] -- Found ament_cmake: 1.3.12 (/opt/ros/humble/share/ament_cmake/cmake)
[0.479s] -- Override CMake install command with custom implementation using symlinks instead of copying resources
[0.527s] -- Found rclcpp: 16.0.15 (/opt/ros/humble/share/rclcpp/cmake)
[0.624s] -- Found rosidl_generator_c: 3.1.7 (/opt/ros/humble/share/rosidl_generator_c/cmake)
[0.634s] -- Found rosidl_adapter: 3.1.7 (/opt/ros/humble/share/rosidl_adapter/cmake)
[0.656s] -- Found rosidl_generator_cpp: 3.1.7 (/opt/ros/humble/share/rosidl_generator_cpp/cmake)
[0.686s] -- Using all available rosidl_typesupport_c: rosidl_typesupport_fastrtps_c;rosidl_typesupport_introspection_c
[0.721s] -- Using all available rosidl_typesupport_cpp: rosidl_typesupport_fastrtps_cpp;rosidl_typesupport_introspection_cpp
[0.822s] -- Found rmw_implementation_cmake: 6.1.2 (/opt/ros/humble/share/rmw_implementation_cmake/cmake)
[0.828s] -- Found rmw_fastrtps_cpp: 6.2.8 (/opt/ros/humble/share/rmw_fastrtps_cpp/cmake)
[1.030s] -- Using RMW implementation 'rmw_fastrtps_cpp' as default
[1.186s] -- Found cv_bridge: 3.2.1 (/opt/ros/humble/share/cv_bridge/cmake)
[1.313s] -- Found ament_lint_auto: 0.12.14 (/opt/ros/humble/share/ament_lint_auto/cmake)
[1.449s] -- Configuring done
[1.481s] -- Generating done
[1.493s] -- Build files have been written to: /home/leoxia/Code/XJTU-RMV-Task05/src/build/detect_and_solve
[1.549s] [35m[1mConsolidate compiler generated dependencies of target detect_and_solve[0m
[1.586s] [ 33%] [32mBuilding CXX object CMakeFiles/detect_and_solve.dir/src/node.cpp.o[0m
[1.588s] [ 66%] [32mBuilding CXX object CMakeFiles/detect_and_solve.dir/src/recognition.cpp.o[0m
[1.608s] [01m[K/home/leoxia/Code/XJTU-RMV-Task05/src/detect_and_solve/src/recognition.cpp:7:10:[m[K [01;31m[Kfatal error: [m[Krecognition.hpp: No such file or directory
[1.608s]     7 | #include [01;31m[K"recognition.hpp"[m[K
[1.608s]       |          [01;31m[K^~~~~~~~~~~~~~~~~[m[K
[1.608s] compilation terminated.
[1.612s] gmake[2]: *** [CMakeFiles/detect_and_solve.dir/build.make:90: CMakeFiles/detect_and_solve.dir/src/recognition.cpp.o] Error 1
[1.613s] gmake[2]: *** Waiting for unfinished jobs....
[2.354s] [01m[K/home/leoxia/Code/XJTU-RMV-Task05/src/detect_and_solve/src/node.cpp:12:10:[m[K [01;31m[Kfatal error: [m[Krecognition.hpp: No such file or directory
[2.354s]    12 | #include [01;31m[K"recognition.hpp"[m[K
[2.354s]       |          [01;31m[K^~~~~~~~~~~~~~~~~[m[K
[2.354s] compilation terminated.
[2.358s] gmake[2]: *** [CMakeFiles/detect_and_solve.dir/build.make:76: CMakeFiles/detect_and_solve.dir/src/node.cpp.o] Error 1
[2.359s] gmake[1]: *** [CMakeFiles/Makefile2:137: CMakeFiles/detect_and_solve.dir/all] Error 2
[2.359s] gmake: *** [Makefile:146: all] Error 2
[2.363s] Invoked command in '/home/leoxia/Code/XJTU-RMV-Task05/src/build/detect_and_solve' returned '2': CMAKE_PREFIX_PATH=${CMAKE_PREFIX_PATH}:/opt/ros/humble /usr/bin/cmake --build /home/leoxia/Code/XJTU-RMV-Task05/src/build/detect_and_solve -- -j4 -l4
