-- The C compiler identification is GNU 11.4.0
-- The CXX compiler identification is GNU 11.4.0
-- Detecting C compiler ABI info
-- Detecting C compiler ABI info - done
-- Check for working C compiler: /usr/bin/cc - skipped
-- Detecting C compile features
-- Detecting C compile features - done
-- Detecting CXX compiler ABI info
-- Detecting CXX compiler ABI info - done
-- Check for working CXX compiler: /usr/bin/c++ - skipped
-- Detecting CXX compile features
-- Detecting CXX compile features - done
-- Found ament_cmake: 1.3.12 (/opt/ros/humble/share/ament_cmake/cmake)
-- Found Python3: /usr/bin/python3 (found version "3.10.12") found components: Interpreter 
-- Found rclcpp: 16.0.15 (/opt/ros/humble/share/rclcpp/cmake)
-- Found rosidl_generator_c: 3.1.7 (/opt/ros/humble/share/rosidl_generator_c/cmake)
-- Found rosidl_adapter: 3.1.7 (/opt/ros/humble/share/rosidl_adapter/cmake)
-- Found rosidl_generator_cpp: 3.1.7 (/opt/ros/humble/share/rosidl_generator_cpp/cmake)
-- Using all available rosidl_typesupport_c: rosidl_typesupport_fastrtps_c;rosidl_typesupport_introspection_c
-- Using all available rosidl_typesupport_cpp: rosidl_typesupport_fastrtps_cpp;rosidl_typesupport_introspection_cpp
-- Found rmw_implementation_cmake: 6.1.2 (/opt/ros/humble/share/rmw_implementation_cmake/cmake)
-- Found rmw_fastrtps_cpp: 6.2.8 (/opt/ros/humble/share/rmw_fastrtps_cpp/cmake)
-- Found OpenSSL: /usr/lib/x86_64-linux-gnu/libcrypto.so (found version "3.0.2")  
-- Found FastRTPS: /opt/ros/humble/include  
-- Using RMW implementation 'rmw_fastrtps_cpp' as default
-- Looking for pthread.h
-- Looking for pthread.h - found
-- Performing Test CMAKE_HAVE_LIBC_PTHREAD
-- Performing Test CMAKE_HAVE_LIBC_PTHREAD - Success
-- Found Threads: TRUE  
-- Found cv_bridge: 3.2.1 (/opt/ros/humble/share/cv_bridge/cmake)
-- Found OpenCV: /usr (found version "4.5.4") 
-- Found ament_lint_auto: 0.12.14 (/opt/ros/humble/share/ament_lint_auto/cmake)
-- Configuring done
-- Generating done
-- Build files have been written to: /home/leoxia/Code/XJTU-RMV-Task05/src/build/detect
[ 66%] [32mBuilding CXX object CMakeFiles/detect.dir/src/recognition.cpp.o[0m
[ 66%] [32mBuilding CXX object CMakeFiles/detect.dir/src/node.cpp.o[0m
[100%] [32m[1mLinking CXX executable detect[0m
[100%] Built target detect
-- Install configuration: ""
-- Installing: /home/leoxia/Code/XJTU-RMV-Task05/src/install/detect/lib/detect/detect
-- Set runtime path of "/home/leoxia/Code/XJTU-RMV-Task05/src/install/detect/lib/detect/detect" to ""
-- Installing: /home/leoxia/Code/XJTU-RMV-Task05/src/install/detect/include
-- Installing: /home/leoxia/Code/XJTU-RMV-Task05/src/install/detect/include/detect_and_solve
-- Installing: /home/leoxia/Code/XJTU-RMV-Task05/src/install/detect/share/detect/launch
-- Installing: /home/leoxia/Code/XJTU-RMV-Task05/src/install/detect/share/ament_index/resource_index/package_run_dependencies/detect
-- Installing: /home/leoxia/Code/XJTU-RMV-Task05/src/install/detect/share/ament_index/resource_index/parent_prefix_path/detect
-- Installing: /home/leoxia/Code/XJTU-RMV-Task05/src/install/detect/share/detect/environment/ament_prefix_path.sh
-- Installing: /home/leoxia/Code/XJTU-RMV-Task05/src/install/detect/share/detect/environment/ament_prefix_path.dsv
-- Installing: /home/leoxia/Code/XJTU-RMV-Task05/src/install/detect/share/detect/environment/path.sh
-- Installing: /home/leoxia/Code/XJTU-RMV-Task05/src/install/detect/share/detect/environment/path.dsv
-- Installing: /home/leoxia/Code/XJTU-RMV-Task05/src/install/detect/share/detect/local_setup.bash
-- Installing: /home/leoxia/Code/XJTU-RMV-Task05/src/install/detect/share/detect/local_setup.sh
-- Installing: /home/leoxia/Code/XJTU-RMV-Task05/src/install/detect/share/detect/local_setup.zsh
-- Installing: /home/leoxia/Code/XJTU-RMV-Task05/src/install/detect/share/detect/local_setup.dsv
-- Installing: /home/leoxia/Code/XJTU-RMV-Task05/src/install/detect/share/detect/package.dsv
-- Installing: /home/leoxia/Code/XJTU-RMV-Task05/src/install/detect/share/ament_index/resource_index/packages/detect
-- Installing: /home/leoxia/Code/XJTU-RMV-Task05/src/install/detect/share/detect/cmake/detectConfig.cmake
-- Installing: /home/leoxia/Code/XJTU-RMV-Task05/src/install/detect/share/detect/cmake/detectConfig-version.cmake
-- Installing: /home/leoxia/Code/XJTU-RMV-Task05/src/install/detect/share/detect/package.xml
