[0.206s] DEBUG:colcon:Command line arguments: ['/usr/bin/colcon', 'build', '--symlink-install']
[0.207s] DEBUG:colcon:Parsed command line arguments: Namespace(log_base=None, log_level=None, verb_name='build', build_base='build', install_base='install', merge_install=False, symlink_install=True, test_result_base=None, continue_on_error=False, executor='parallel', parallel_workers=4, event_handlers=None, ignore_user_meta=False, metas=['./colcon.meta'], base_paths=['.'], packages_ignore=None, packages_ignore_regex=None, paths=None, packages_up_to=None, packages_up_to_regex=None, packages_above=None, packages_above_and_dependencies=None, packages_above_depth=None, packages_select_by_dep=None, packages_skip_by_dep=None, packages_skip_up_to=None, packages_select_build_failed=False, packages_skip_build_finished=False, packages_select_test_failures=False, packages_skip_test_passed=False, packages_select=None, packages_skip=None, packages_select_regex=None, packages_skip_regex=None, packages_start=None, packages_end=None, allow_overriding=[], cmake_args=None, cmake_target=None, cmake_target_skip_unavailable=False, cmake_clean_cache=False, cmake_clean_first=False, cmake_force_configure=False, ament_cmake_args=None, catkin_cmake_args=None, catkin_skip_building_tests=False, verb_parser=<colcon_defaults.argument_parser.defaults.DefaultArgumentsDecorator object at 0x7dd166deb190>, verb_extension=<colcon_core.verb.build.BuildVerb object at 0x7dd166deac80>, main=<bound method BuildVerb.main of <colcon_core.verb.build.BuildVerb object at 0x7dd166deac80>>)
[0.518s] Level 1:colcon.colcon_core.package_discovery:discover_packages(colcon_meta) check parameters
[0.518s] Level 1:colcon.colcon_core.package_discovery:discover_packages(recursive) check parameters
[0.518s] Level 1:colcon.colcon_core.package_discovery:discover_packages(ignore) check parameters
[0.518s] Level 1:colcon.colcon_core.package_discovery:discover_packages(path) check parameters
[0.518s] Level 1:colcon.colcon_core.package_discovery:discover_packages(colcon_meta) discover
[0.518s] Level 1:colcon.colcon_core.package_discovery:discover_packages(recursive) discover
[0.518s] INFO:colcon.colcon_core.package_discovery:Crawling recursively for packages in '/home/leoxia/Code/XJTU-RMV-Task05/src'
[0.519s] Level 1:colcon.colcon_core.package_identification:_identify(.) by extensions ['ignore', 'ignore_ament_install']
[0.519s] Level 1:colcon.colcon_core.package_identification:_identify(.) by extension 'ignore'
[0.519s] Level 1:colcon.colcon_core.package_identification:_identify(.) by extension 'ignore_ament_install'
[0.519s] Level 1:colcon.colcon_core.package_identification:_identify(.) by extensions ['colcon_pkg']
[0.519s] Level 1:colcon.colcon_core.package_identification:_identify(.) by extension 'colcon_pkg'
[0.519s] Level 1:colcon.colcon_core.package_identification:_identify(.) by extensions ['colcon_meta']
[0.519s] Level 1:colcon.colcon_core.package_identification:_identify(.) by extension 'colcon_meta'
[0.519s] Level 1:colcon.colcon_core.package_identification:_identify(.) by extensions ['ros']
[0.519s] Level 1:colcon.colcon_core.package_identification:_identify(.) by extension 'ros'
[0.540s] Level 1:colcon.colcon_core.package_identification:_identify(.) by extensions ['cmake', 'python']
[0.540s] Level 1:colcon.colcon_core.package_identification:_identify(.) by extension 'cmake'
[0.540s] Level 1:colcon.colcon_core.package_identification:_identify(.) by extension 'python'
[0.541s] Level 1:colcon.colcon_core.package_identification:_identify(.) by extensions ['python_setup_py']
[0.541s] Level 1:colcon.colcon_core.package_identification:_identify(.) by extension 'python_setup_py'
[0.541s] Level 1:colcon.colcon_core.package_identification:_identify(build) by extensions ['ignore', 'ignore_ament_install']
[0.541s] Level 1:colcon.colcon_core.package_identification:_identify(build) by extension 'ignore'
[0.541s] Level 1:colcon.colcon_core.package_identification:_identify(build) ignored
[0.541s] Level 1:colcon.colcon_core.package_identification:_identify(detect_and_solve) by extensions ['ignore', 'ignore_ament_install']
[0.542s] Level 1:colcon.colcon_core.package_identification:_identify(detect_and_solve) by extension 'ignore'
[0.542s] Level 1:colcon.colcon_core.package_identification:_identify(detect_and_solve) by extension 'ignore_ament_install'
[0.542s] Level 1:colcon.colcon_core.package_identification:_identify(detect_and_solve) by extensions ['colcon_pkg']
[0.542s] Level 1:colcon.colcon_core.package_identification:_identify(detect_and_solve) by extension 'colcon_pkg'
[0.542s] Level 1:colcon.colcon_core.package_identification:_identify(detect_and_solve) by extensions ['colcon_meta']
[0.542s] Level 1:colcon.colcon_core.package_identification:_identify(detect_and_solve) by extension 'colcon_meta'
[0.542s] Level 1:colcon.colcon_core.package_identification:_identify(detect_and_solve) by extensions ['ros']
[0.542s] Level 1:colcon.colcon_core.package_identification:_identify(detect_and_solve) by extension 'ros'
[0.547s] DEBUG:colcon.colcon_core.package_identification:Package 'detect_and_solve' with type 'ros.ament_cmake' and name 'detect_and_solve'
[0.547s] Level 1:colcon.colcon_core.package_identification:_identify(hik_camera) by extensions ['ignore', 'ignore_ament_install']
[0.547s] Level 1:colcon.colcon_core.package_identification:_identify(hik_camera) by extension 'ignore'
[0.548s] Level 1:colcon.colcon_core.package_identification:_identify(hik_camera) by extension 'ignore_ament_install'
[0.548s] Level 1:colcon.colcon_core.package_identification:_identify(hik_camera) by extensions ['colcon_pkg']
[0.548s] Level 1:colcon.colcon_core.package_identification:_identify(hik_camera) by extension 'colcon_pkg'
[0.548s] Level 1:colcon.colcon_core.package_identification:_identify(hik_camera) by extensions ['colcon_meta']
[0.548s] Level 1:colcon.colcon_core.package_identification:_identify(hik_camera) by extension 'colcon_meta'
[0.548s] Level 1:colcon.colcon_core.package_identification:_identify(hik_camera) by extensions ['ros']
[0.548s] Level 1:colcon.colcon_core.package_identification:_identify(hik_camera) by extension 'ros'
[0.550s] DEBUG:colcon.colcon_core.package_identification:Package 'hik_camera' with type 'ros.ament_cmake' and name 'hik_camera'
[0.550s] Level 1:colcon.colcon_core.package_identification:_identify(install) by extensions ['ignore', 'ignore_ament_install']
[0.550s] Level 1:colcon.colcon_core.package_identification:_identify(install) by extension 'ignore'
[0.550s] Level 1:colcon.colcon_core.package_identification:_identify(install) ignored
[0.550s] Level 1:colcon.colcon_core.package_identification:_identify(log) by extensions ['ignore', 'ignore_ament_install']
[0.551s] Level 1:colcon.colcon_core.package_identification:_identify(log) by extension 'ignore'
[0.551s] Level 1:colcon.colcon_core.package_identification:_identify(log) ignored
[0.551s] Level 1:colcon.colcon_core.package_discovery:discover_packages(recursive) using defaults
[0.551s] Level 1:colcon.colcon_core.package_discovery:discover_packages(ignore) discover
[0.551s] Level 1:colcon.colcon_core.package_discovery:discover_packages(ignore) using defaults
[0.551s] Level 1:colcon.colcon_core.package_discovery:discover_packages(path) discover
[0.551s] Level 1:colcon.colcon_core.package_discovery:discover_packages(path) using defaults
[0.587s] Level 1:colcon.colcon_core.package_discovery:discover_packages(prefix_path) check parameters
[0.588s] Level 1:colcon.colcon_core.package_discovery:discover_packages(prefix_path) discover
[0.591s] DEBUG:colcon.colcon_installed_package_information.package_discovery:Found 2 installed packages in /home/leoxia/Code/XJTU-RMV-Task05/src/install
[0.593s] DEBUG:colcon.colcon_installed_package_information.package_discovery:Found 271 installed packages in /opt/ros/humble
[0.597s] Level 1:colcon.colcon_core.package_discovery:discover_packages(prefix_path) using defaults
[0.704s] Level 5:colcon.colcon_core.verb:set package 'detect_and_solve' build argument 'cmake_args' from command line to 'None'
[0.704s] Level 5:colcon.colcon_core.verb:set package 'detect_and_solve' build argument 'cmake_target' from command line to 'None'
[0.704s] Level 5:colcon.colcon_core.verb:set package 'detect_and_solve' build argument 'cmake_target_skip_unavailable' from command line to 'False'
[0.704s] Level 5:colcon.colcon_core.verb:set package 'detect_and_solve' build argument 'cmake_clean_cache' from command line to 'False'
[0.704s] Level 5:colcon.colcon_core.verb:set package 'detect_and_solve' build argument 'cmake_clean_first' from command line to 'False'
[0.704s] Level 5:colcon.colcon_core.verb:set package 'detect_and_solve' build argument 'cmake_force_configure' from command line to 'False'
[0.704s] Level 5:colcon.colcon_core.verb:set package 'detect_and_solve' build argument 'ament_cmake_args' from command line to 'None'
[0.704s] Level 5:colcon.colcon_core.verb:set package 'detect_and_solve' build argument 'catkin_cmake_args' from command line to 'None'
[0.704s] Level 5:colcon.colcon_core.verb:set package 'detect_and_solve' build argument 'catkin_skip_building_tests' from command line to 'False'
[0.704s] DEBUG:colcon.colcon_core.verb:Building package 'detect_and_solve' with the following arguments: {'ament_cmake_args': None, 'build_base': '/home/leoxia/Code/XJTU-RMV-Task05/src/build/detect_and_solve', 'catkin_cmake_args': None, 'catkin_skip_building_tests': False, 'cmake_args': None, 'cmake_clean_cache': False, 'cmake_clean_first': False, 'cmake_force_configure': False, 'cmake_target': None, 'cmake_target_skip_unavailable': False, 'install_base': '/home/leoxia/Code/XJTU-RMV-Task05/src/install/detect_and_solve', 'merge_install': False, 'path': '/home/leoxia/Code/XJTU-RMV-Task05/src/detect_and_solve', 'symlink_install': True, 'test_result_base': None}
[0.705s] Level 5:colcon.colcon_core.verb:set package 'hik_camera' build argument 'cmake_args' from command line to 'None'
[0.705s] Level 5:colcon.colcon_core.verb:set package 'hik_camera' build argument 'cmake_target' from command line to 'None'
[0.705s] Level 5:colcon.colcon_core.verb:set package 'hik_camera' build argument 'cmake_target_skip_unavailable' from command line to 'False'
[0.705s] Level 5:colcon.colcon_core.verb:set package 'hik_camera' build argument 'cmake_clean_cache' from command line to 'False'
[0.705s] Level 5:colcon.colcon_core.verb:set package 'hik_camera' build argument 'cmake_clean_first' from command line to 'False'
[0.705s] Level 5:colcon.colcon_core.verb:set package 'hik_camera' build argument 'cmake_force_configure' from command line to 'False'
[0.705s] Level 5:colcon.colcon_core.verb:set package 'hik_camera' build argument 'ament_cmake_args' from command line to 'None'
[0.705s] Level 5:colcon.colcon_core.verb:set package 'hik_camera' build argument 'catkin_cmake_args' from command line to 'None'
[0.706s] Level 5:colcon.colcon_core.verb:set package 'hik_camera' build argument 'catkin_skip_building_tests' from command line to 'False'
[0.706s] DEBUG:colcon.colcon_core.verb:Building package 'hik_camera' with the following arguments: {'ament_cmake_args': None, 'build_base': '/home/leoxia/Code/XJTU-RMV-Task05/src/build/hik_camera', 'catkin_cmake_args': None, 'catkin_skip_building_tests': False, 'cmake_args': None, 'cmake_clean_cache': False, 'cmake_clean_first': False, 'cmake_force_configure': False, 'cmake_target': None, 'cmake_target_skip_unavailable': False, 'install_base': '/home/leoxia/Code/XJTU-RMV-Task05/src/install/hik_camera', 'merge_install': False, 'path': '/home/leoxia/Code/XJTU-RMV-Task05/src/hik_camera', 'symlink_install': True, 'test_result_base': None}
[0.706s] INFO:colcon.colcon_core.executor:Executing jobs using 'parallel' executor
[0.708s] DEBUG:colcon.colcon_parallel_executor.executor.parallel:run_until_complete
[0.708s] INFO:colcon.colcon_ros.task.ament_cmake.build:Building ROS package in '/home/leoxia/Code/XJTU-RMV-Task05/src/detect_and_solve' with build type 'ament_cmake'
[0.708s] INFO:colcon.colcon_cmake.task.cmake.build:Building CMake package in '/home/leoxia/Code/XJTU-RMV-Task05/src/detect_and_solve'
[0.715s] INFO:colcon.colcon_core.plugin_system:Skipping extension 'colcon_core.shell.bat': Not used on non-Windows systems
[0.715s] INFO:colcon.colcon_core.shell:Skip shell extension 'powershell' for command environment: Not usable outside of PowerShell
[0.715s] DEBUG:colcon.colcon_core.shell:Skip shell extension 'dsv' for command environment
[0.721s] INFO:colcon.colcon_ros.task.ament_cmake.build:Building ROS package in '/home/leoxia/Code/XJTU-RMV-Task05/src/hik_camera' with build type 'ament_cmake'
[0.721s] INFO:colcon.colcon_cmake.task.cmake.build:Building CMake package in '/home/leoxia/Code/XJTU-RMV-Task05/src/hik_camera'
[0.722s] INFO:colcon.colcon_core.shell:Skip shell extension 'powershell' for command environment: Not usable outside of PowerShell
[0.722s] DEBUG:colcon.colcon_core.shell:Skip shell extension 'dsv' for command environment
[0.741s] DEBUG:colcon.colcon_core.event_handler.log_command:Invoking command in '/home/leoxia/Code/XJTU-RMV-Task05/src/build/detect_and_solve': CMAKE_PREFIX_PATH=${CMAKE_PREFIX_PATH}:/opt/ros/humble /usr/bin/cmake --build /home/leoxia/Code/XJTU-RMV-Task05/src/build/detect_and_solve -- -j4 -l4
[0.756s] DEBUG:colcon.colcon_core.event_handler.log_command:Invoking command in '/home/leoxia/Code/XJTU-RMV-Task05/src/build/hik_camera': CMAKE_PREFIX_PATH=${CMAKE_PREFIX_PATH}:/opt/ros/humble /usr/bin/cmake --build /home/leoxia/Code/XJTU-RMV-Task05/src/build/hik_camera -- -j4 -l4
[0.918s] DEBUG:colcon.colcon_core.event_handler.log_command:Invoked command in '/home/leoxia/Code/XJTU-RMV-Task05/src/build/hik_camera' returned '0': CMAKE_PREFIX_PATH=${CMAKE_PREFIX_PATH}:/opt/ros/humble /usr/bin/cmake --build /home/leoxia/Code/XJTU-RMV-Task05/src/build/hik_camera -- -j4 -l4
[0.945s] DEBUG:colcon.colcon_core.event_handler.log_command:Invoking command in '/home/leoxia/Code/XJTU-RMV-Task05/src/build/hik_camera': CMAKE_PREFIX_PATH=${CMAKE_PREFIX_PATH}:/opt/ros/humble /usr/bin/cmake --install /home/leoxia/Code/XJTU-RMV-Task05/src/build/hik_camera
[0.998s] Level 1:colcon.colcon_core.environment:create_environment_scripts_only(hik_camera)
[1.000s] DEBUG:colcon.colcon_core.event_handler.log_command:Invoked command in '/home/leoxia/Code/XJTU-RMV-Task05/src/build/hik_camera' returned '0': CMAKE_PREFIX_PATH=${CMAKE_PREFIX_PATH}:/opt/ros/humble /usr/bin/cmake --install /home/leoxia/Code/XJTU-RMV-Task05/src/build/hik_camera
[1.008s] Level 1:colcon.colcon_core.environment:checking '/home/leoxia/Code/XJTU-RMV-Task05/src/install/hik_camera' for CMake module files
[1.008s] Level 1:colcon.colcon_core.environment:checking '/home/leoxia/Code/XJTU-RMV-Task05/src/install/hik_camera' for CMake config files
[1.009s] Level 1:colcon.colcon_core.shell:create_environment_hook('hik_camera', 'cmake_prefix_path')
[1.010s] INFO:colcon.colcon_core.shell:Creating environment hook '/home/leoxia/Code/XJTU-RMV-Task05/src/install/hik_camera/share/hik_camera/hook/cmake_prefix_path.ps1'
[1.014s] INFO:colcon.colcon_core.shell:Creating environment descriptor '/home/leoxia/Code/XJTU-RMV-Task05/src/install/hik_camera/share/hik_camera/hook/cmake_prefix_path.dsv'
[1.014s] INFO:colcon.colcon_core.shell:Creating environment hook '/home/leoxia/Code/XJTU-RMV-Task05/src/install/hik_camera/share/hik_camera/hook/cmake_prefix_path.sh'
[1.016s] Level 1:colcon.colcon_core.environment:checking '/home/leoxia/Code/XJTU-RMV-Task05/src/install/hik_camera/lib'
[1.017s] Level 1:colcon.colcon_core.environment:checking '/home/leoxia/Code/XJTU-RMV-Task05/src/install/hik_camera/bin'
[1.017s] Level 1:colcon.colcon_core.environment:checking '/home/leoxia/Code/XJTU-RMV-Task05/src/install/hik_camera/lib/pkgconfig/hik_camera.pc'
[1.017s] Level 1:colcon.colcon_core.environment:checking '/home/leoxia/Code/XJTU-RMV-Task05/src/install/hik_camera/lib/python3.10/site-packages'
[1.018s] Level 1:colcon.colcon_core.environment:checking '/home/leoxia/Code/XJTU-RMV-Task05/src/install/hik_camera/bin'
[1.019s] INFO:colcon.colcon_core.shell:Creating package script '/home/leoxia/Code/XJTU-RMV-Task05/src/install/hik_camera/share/hik_camera/package.ps1'
[1.020s] INFO:colcon.colcon_core.shell:Creating package descriptor '/home/leoxia/Code/XJTU-RMV-Task05/src/install/hik_camera/share/hik_camera/package.dsv'
[1.021s] INFO:colcon.colcon_core.shell:Creating package script '/home/leoxia/Code/XJTU-RMV-Task05/src/install/hik_camera/share/hik_camera/package.sh'
[1.023s] INFO:colcon.colcon_core.shell:Creating package script '/home/leoxia/Code/XJTU-RMV-Task05/src/install/hik_camera/share/hik_camera/package.bash'
[1.024s] INFO:colcon.colcon_core.shell:Creating package script '/home/leoxia/Code/XJTU-RMV-Task05/src/install/hik_camera/share/hik_camera/package.zsh'
[1.026s] Level 1:colcon.colcon_core.environment:create_file_with_runtime_dependencies(/home/leoxia/Code/XJTU-RMV-Task05/src/install/hik_camera/share/colcon-core/packages/hik_camera)
[1.027s] Level 1:colcon.colcon_core.environment:create_environment_scripts_only(hik_camera)
[1.028s] Level 1:colcon.colcon_core.environment:checking '/home/leoxia/Code/XJTU-RMV-Task05/src/install/hik_camera' for CMake module files
[1.029s] Level 1:colcon.colcon_core.environment:checking '/home/leoxia/Code/XJTU-RMV-Task05/src/install/hik_camera' for CMake config files
[1.029s] Level 1:colcon.colcon_core.shell:create_environment_hook('hik_camera', 'cmake_prefix_path')
[1.030s] INFO:colcon.colcon_core.shell:Creating environment hook '/home/leoxia/Code/XJTU-RMV-Task05/src/install/hik_camera/share/hik_camera/hook/cmake_prefix_path.ps1'
[1.031s] INFO:colcon.colcon_core.shell:Creating environment descriptor '/home/leoxia/Code/XJTU-RMV-Task05/src/install/hik_camera/share/hik_camera/hook/cmake_prefix_path.dsv'
[1.032s] INFO:colcon.colcon_core.shell:Creating environment hook '/home/leoxia/Code/XJTU-RMV-Task05/src/install/hik_camera/share/hik_camera/hook/cmake_prefix_path.sh'
[1.033s] Level 1:colcon.colcon_core.environment:checking '/home/leoxia/Code/XJTU-RMV-Task05/src/install/hik_camera/lib'
[1.033s] Level 1:colcon.colcon_core.environment:checking '/home/leoxia/Code/XJTU-RMV-Task05/src/install/hik_camera/bin'
[1.033s] Level 1:colcon.colcon_core.environment:checking '/home/leoxia/Code/XJTU-RMV-Task05/src/install/hik_camera/lib/pkgconfig/hik_camera.pc'
[1.034s] Level 1:colcon.colcon_core.environment:checking '/home/leoxia/Code/XJTU-RMV-Task05/src/install/hik_camera/lib/python3.10/site-packages'
[1.034s] Level 1:colcon.colcon_core.environment:checking '/home/leoxia/Code/XJTU-RMV-Task05/src/install/hik_camera/bin'
[1.035s] INFO:colcon.colcon_core.shell:Creating package script '/home/leoxia/Code/XJTU-RMV-Task05/src/install/hik_camera/share/hik_camera/package.ps1'
[1.036s] INFO:colcon.colcon_core.shell:Creating package descriptor '/home/leoxia/Code/XJTU-RMV-Task05/src/install/hik_camera/share/hik_camera/package.dsv'
[1.037s] INFO:colcon.colcon_core.shell:Creating package script '/home/leoxia/Code/XJTU-RMV-Task05/src/install/hik_camera/share/hik_camera/package.sh'
[1.038s] INFO:colcon.colcon_core.shell:Creating package script '/home/leoxia/Code/XJTU-RMV-Task05/src/install/hik_camera/share/hik_camera/package.bash'
[1.039s] INFO:colcon.colcon_core.shell:Creating package script '/home/leoxia/Code/XJTU-RMV-Task05/src/install/hik_camera/share/hik_camera/package.zsh'
[1.040s] Level 1:colcon.colcon_core.environment:create_file_with_runtime_dependencies(/home/leoxia/Code/XJTU-RMV-Task05/src/install/hik_camera/share/colcon-core/packages/hik_camera)
[23.717s] DEBUG:colcon.colcon_core.event_handler.log_command:Invoked command in '/home/leoxia/Code/XJTU-RMV-Task05/src/build/detect_and_solve' returned '0': CMAKE_PREFIX_PATH=${CMAKE_PREFIX_PATH}:/opt/ros/humble /usr/bin/cmake --build /home/leoxia/Code/XJTU-RMV-Task05/src/build/detect_and_solve -- -j4 -l4
[23.726s] DEBUG:colcon.colcon_core.event_handler.log_command:Invoking command in '/home/leoxia/Code/XJTU-RMV-Task05/src/build/detect_and_solve': CMAKE_PREFIX_PATH=${CMAKE_PREFIX_PATH}:/opt/ros/humble /usr/bin/cmake --install /home/leoxia/Code/XJTU-RMV-Task05/src/build/detect_and_solve
[23.776s] Level 1:colcon.colcon_core.environment:create_environment_scripts_only(detect_and_solve)
[23.777s] Level 1:colcon.colcon_core.environment:checking '/home/leoxia/Code/XJTU-RMV-Task05/src/install/detect_and_solve' for CMake module files
[23.778s] DEBUG:colcon.colcon_core.event_handler.log_command:Invoked command in '/home/leoxia/Code/XJTU-RMV-Task05/src/build/detect_and_solve' returned '0': CMAKE_PREFIX_PATH=${CMAKE_PREFIX_PATH}:/opt/ros/humble /usr/bin/cmake --install /home/leoxia/Code/XJTU-RMV-Task05/src/build/detect_and_solve
[23.780s] Level 1:colcon.colcon_core.environment:checking '/home/leoxia/Code/XJTU-RMV-Task05/src/install/detect_and_solve' for CMake config files
[23.784s] Level 1:colcon.colcon_core.shell:create_environment_hook('detect_and_solve', 'cmake_prefix_path')
[23.785s] INFO:colcon.colcon_core.shell:Creating environment hook '/home/leoxia/Code/XJTU-RMV-Task05/src/install/detect_and_solve/share/detect_and_solve/hook/cmake_prefix_path.ps1'
[23.786s] INFO:colcon.colcon_core.shell:Creating environment descriptor '/home/leoxia/Code/XJTU-RMV-Task05/src/install/detect_and_solve/share/detect_and_solve/hook/cmake_prefix_path.dsv'
[23.787s] INFO:colcon.colcon_core.shell:Creating environment hook '/home/leoxia/Code/XJTU-RMV-Task05/src/install/detect_and_solve/share/detect_and_solve/hook/cmake_prefix_path.sh'
[23.789s] Level 1:colcon.colcon_core.environment:checking '/home/leoxia/Code/XJTU-RMV-Task05/src/install/detect_and_solve/lib'
[23.789s] Level 1:colcon.colcon_core.environment:checking '/home/leoxia/Code/XJTU-RMV-Task05/src/install/detect_and_solve/bin'
[23.789s] Level 1:colcon.colcon_core.environment:checking '/home/leoxia/Code/XJTU-RMV-Task05/src/install/detect_and_solve/lib/pkgconfig/detect_and_solve.pc'
[23.790s] Level 1:colcon.colcon_core.environment:checking '/home/leoxia/Code/XJTU-RMV-Task05/src/install/detect_and_solve/lib/python3.10/site-packages'
[23.790s] Level 1:colcon.colcon_core.environment:checking '/home/leoxia/Code/XJTU-RMV-Task05/src/install/detect_and_solve/bin'
[23.791s] INFO:colcon.colcon_core.shell:Creating package script '/home/leoxia/Code/XJTU-RMV-Task05/src/install/detect_and_solve/share/detect_and_solve/package.ps1'
[23.792s] INFO:colcon.colcon_core.shell:Creating package descriptor '/home/leoxia/Code/XJTU-RMV-Task05/src/install/detect_and_solve/share/detect_and_solve/package.dsv'
[23.793s] INFO:colcon.colcon_core.shell:Creating package script '/home/leoxia/Code/XJTU-RMV-Task05/src/install/detect_and_solve/share/detect_and_solve/package.sh'
[23.794s] INFO:colcon.colcon_core.shell:Creating package script '/home/leoxia/Code/XJTU-RMV-Task05/src/install/detect_and_solve/share/detect_and_solve/package.bash'
[23.795s] INFO:colcon.colcon_core.shell:Creating package script '/home/leoxia/Code/XJTU-RMV-Task05/src/install/detect_and_solve/share/detect_and_solve/package.zsh'
[23.796s] Level 1:colcon.colcon_core.environment:create_file_with_runtime_dependencies(/home/leoxia/Code/XJTU-RMV-Task05/src/install/detect_and_solve/share/colcon-core/packages/detect_and_solve)
[23.797s] Level 1:colcon.colcon_core.environment:create_environment_scripts_only(detect_and_solve)
[23.798s] Level 1:colcon.colcon_core.environment:checking '/home/leoxia/Code/XJTU-RMV-Task05/src/install/detect_and_solve' for CMake module files
[23.799s] Level 1:colcon.colcon_core.environment:checking '/home/leoxia/Code/XJTU-RMV-Task05/src/install/detect_and_solve' for CMake config files
[23.799s] Level 1:colcon.colcon_core.shell:create_environment_hook('detect_and_solve', 'cmake_prefix_path')
[23.800s] INFO:colcon.colcon_core.shell:Creating environment hook '/home/leoxia/Code/XJTU-RMV-Task05/src/install/detect_and_solve/share/detect_and_solve/hook/cmake_prefix_path.ps1'
[23.801s] INFO:colcon.colcon_core.shell:Creating environment descriptor '/home/leoxia/Code/XJTU-RMV-Task05/src/install/detect_and_solve/share/detect_and_solve/hook/cmake_prefix_path.dsv'
[23.801s] INFO:colcon.colcon_core.shell:Creating environment hook '/home/leoxia/Code/XJTU-RMV-Task05/src/install/detect_and_solve/share/detect_and_solve/hook/cmake_prefix_path.sh'
[23.802s] Level 1:colcon.colcon_core.environment:checking '/home/leoxia/Code/XJTU-RMV-Task05/src/install/detect_and_solve/lib'
[23.803s] Level 1:colcon.colcon_core.environment:checking '/home/leoxia/Code/XJTU-RMV-Task05/src/install/detect_and_solve/bin'
[23.803s] Level 1:colcon.colcon_core.environment:checking '/home/leoxia/Code/XJTU-RMV-Task05/src/install/detect_and_solve/lib/pkgconfig/detect_and_solve.pc'
[23.803s] Level 1:colcon.colcon_core.environment:checking '/home/leoxia/Code/XJTU-RMV-Task05/src/install/detect_and_solve/lib/python3.10/site-packages'
[23.804s] Level 1:colcon.colcon_core.environment:checking '/home/leoxia/Code/XJTU-RMV-Task05/src/install/detect_and_solve/bin'
[23.804s] INFO:colcon.colcon_core.shell:Creating package script '/home/leoxia/Code/XJTU-RMV-Task05/src/install/detect_and_solve/share/detect_and_solve/package.ps1'
[23.805s] INFO:colcon.colcon_core.shell:Creating package descriptor '/home/leoxia/Code/XJTU-RMV-Task05/src/install/detect_and_solve/share/detect_and_solve/package.dsv'
[23.806s] INFO:colcon.colcon_core.shell:Creating package script '/home/leoxia/Code/XJTU-RMV-Task05/src/install/detect_and_solve/share/detect_and_solve/package.sh'
[23.807s] INFO:colcon.colcon_core.shell:Creating package script '/home/leoxia/Code/XJTU-RMV-Task05/src/install/detect_and_solve/share/detect_and_solve/package.bash'
[23.808s] INFO:colcon.colcon_core.shell:Creating package script '/home/leoxia/Code/XJTU-RMV-Task05/src/install/detect_and_solve/share/detect_and_solve/package.zsh'
[23.809s] Level 1:colcon.colcon_core.environment:create_file_with_runtime_dependencies(/home/leoxia/Code/XJTU-RMV-Task05/src/install/detect_and_solve/share/colcon-core/packages/detect_and_solve)
[23.809s] DEBUG:colcon.colcon_parallel_executor.executor.parallel:closing loop
[23.810s] DEBUG:colcon.colcon_parallel_executor.executor.parallel:loop closed
[23.810s] DEBUG:colcon.colcon_parallel_executor.executor.parallel:run_until_complete finished with '0'
[23.810s] DEBUG:colcon.colcon_core.event_reactor:joining thread
[23.828s] INFO:colcon.colcon_core.plugin_system:Skipping extension 'colcon_notification.desktop_notification.terminal_notifier': Not used on non-Darwin systems
[23.828s] INFO:colcon.colcon_core.plugin_system:Skipping extension 'colcon_notification.desktop_notification.win32': Not used on non-Windows systems
[23.828s] INFO:colcon.colcon_notification.desktop_notification:Sending desktop notification using 'notify2'
[23.861s] DEBUG:colcon.colcon_core.event_reactor:joined thread
[23.862s] INFO:colcon.colcon_core.shell:Creating prefix script '/home/leoxia/Code/XJTU-RMV-Task05/src/install/local_setup.ps1'
[23.864s] INFO:colcon.colcon_core.shell:Creating prefix util module '/home/leoxia/Code/XJTU-RMV-Task05/src/install/_local_setup_util_ps1.py'
[23.867s] INFO:colcon.colcon_core.shell:Creating prefix chain script '/home/leoxia/Code/XJTU-RMV-Task05/src/install/setup.ps1'
[23.871s] INFO:colcon.colcon_core.shell:Creating prefix script '/home/leoxia/Code/XJTU-RMV-Task05/src/install/local_setup.sh'
[23.872s] INFO:colcon.colcon_core.shell:Creating prefix util module '/home/leoxia/Code/XJTU-RMV-Task05/src/install/_local_setup_util_sh.py'
[23.874s] INFO:colcon.colcon_core.shell:Creating prefix chain script '/home/leoxia/Code/XJTU-RMV-Task05/src/install/setup.sh'
[23.876s] INFO:colcon.colcon_core.shell:Creating prefix script '/home/leoxia/Code/XJTU-RMV-Task05/src/install/local_setup.bash'
[23.878s] INFO:colcon.colcon_core.shell:Creating prefix chain script '/home/leoxia/Code/XJTU-RMV-Task05/src/install/setup.bash'
[23.880s] INFO:colcon.colcon_core.shell:Creating prefix script '/home/leoxia/Code/XJTU-RMV-Task05/src/install/local_setup.zsh'
[23.882s] INFO:colcon.colcon_core.shell:Creating prefix chain script '/home/leoxia/Code/XJTU-RMV-Task05/src/install/setup.zsh'
