-- The C compiler identification is GNU 11.4.0
-- The CXX compiler identification is GNU 11.4.0
-- Detecting C compiler ABI info
-- Detecting C compiler ABI info - done
-- Check for working C compiler: /usr/bin/cc - skipped
-- Detecting C compile features
-- Detecting C compile features - done
-- Detecting CXX compiler ABI info
-- Detecting CXX compiler ABI info - done
-- Check for working CXX compiler: /usr/bin/c++ - skipped
-- Detecting CXX compile features
-- Detecting CXX compile features - done
-- Found ament_cmake: 1.3.12 (/opt/ros/humble/share/ament_cmake/cmake)
-- Found Python3: /usr/bin/python3 (found version "3.10.12") found components: Interpreter 
-- Override CMake install command with custom implementation using symlinks instead of copying resources
-- Found rclcpp: 16.0.15 (/opt/ros/humble/share/rclcpp/cmake)
-- Found rosidl_generator_c: 3.1.7 (/opt/ros/humble/share/rosidl_generator_c/cmake)
-- Found rosidl_adapter: 3.1.7 (/opt/ros/humble/share/rosidl_adapter/cmake)
-- Found rosidl_generator_cpp: 3.1.7 (/opt/ros/humble/share/rosidl_generator_cpp/cmake)
-- Using all available rosidl_typesupport_c: rosidl_typesupport_fastrtps_c;rosidl_typesupport_introspection_c
-- Using all available rosidl_typesupport_cpp: rosidl_typesupport_fastrtps_cpp;rosidl_typesupport_introspection_cpp
-- Found rmw_implementation_cmake: 6.1.2 (/opt/ros/humble/share/rmw_implementation_cmake/cmake)
-- Found rmw_fastrtps_cpp: 6.2.8 (/opt/ros/humble/share/rmw_fastrtps_cpp/cmake)
-- Found OpenSSL: /usr/lib/x86_64-linux-gnu/libcrypto.so (found version "3.0.2")  
-- Found FastRTPS: /opt/ros/humble/include  
-- Using RMW implementation 'rmw_fastrtps_cpp' as default
-- Looking for pthread.h
-- Looking for pthread.h - found
-- Performing Test CMAKE_HAVE_LIBC_PTHREAD
-- Performing Test CMAKE_HAVE_LIBC_PTHREAD - Success
-- Found Threads: TRUE  
-- Found cv_bridge: 3.2.1 (/opt/ros/humble/share/cv_bridge/cmake)
-- Found OpenCV: /usr (found version "4.5.4") 
-- Found ament_lint_auto: 0.12.14 (/opt/ros/humble/share/ament_lint_auto/cmake)
-- Configuring done
-- Generating done
-- Build files have been written to: /home/leoxia/Code/XJTU-RMV-Task05/build/detect_and_solve
[ 33%] [32mBuilding CXX object CMakeFiles/detect_and_solve.dir/src/node.cpp.o[0m
[ 66%] [32mBuilding CXX object CMakeFiles/detect_and_solve.dir/src/recognition.cpp.o[0m
[100%] [32m[1mLinking CXX executable detect_and_solve[0m
[100%] Built target detect_and_solve
-- Install configuration: "Debug"
-- Execute custom install script
-- Symlinking: /home/leoxia/Code/XJTU-RMV-Task05/install/detect_and_solve/lib/detect_and_solve/detect_and_solve
-- Symlinking: /home/leoxia/Code/XJTU-RMV-Task05/install/detect_and_solve/include/detect_and_solve/recognition.hpp
-- Symlinking: /home/leoxia/Code/XJTU-RMV-Task05/install/detect_and_solve/share/detect_and_solve/launch/launch.py
-- Symlinking: /home/leoxia/Code/XJTU-RMV-Task05/install/detect_and_solve/share/detect_and_solve/config/camera.json
-- Symlinking: /home/leoxia/Code/XJTU-RMV-Task05/install/detect_and_solve/share/detect_and_solve/config/camera.yaml
-- Symlinking: /home/leoxia/Code/XJTU-RMV-Task05/install/detect_and_solve/share/ament_index/resource_index/package_run_dependencies/detect_and_solve
-- Symlinking: /home/leoxia/Code/XJTU-RMV-Task05/install/detect_and_solve/share/ament_index/resource_index/parent_prefix_path/detect_and_solve
-- Symlinking: /home/leoxia/Code/XJTU-RMV-Task05/install/detect_and_solve/share/detect_and_solve/environment/ament_prefix_path.sh
-- Symlinking: /home/leoxia/Code/XJTU-RMV-Task05/install/detect_and_solve/share/detect_and_solve/environment/ament_prefix_path.dsv
-- Symlinking: /home/leoxia/Code/XJTU-RMV-Task05/install/detect_and_solve/share/detect_and_solve/environment/path.sh
-- Symlinking: /home/leoxia/Code/XJTU-RMV-Task05/install/detect_and_solve/share/detect_and_solve/environment/path.dsv
-- Symlinking: /home/leoxia/Code/XJTU-RMV-Task05/install/detect_and_solve/share/detect_and_solve/local_setup.bash
-- Symlinking: /home/leoxia/Code/XJTU-RMV-Task05/install/detect_and_solve/share/detect_and_solve/local_setup.sh
-- Symlinking: /home/leoxia/Code/XJTU-RMV-Task05/install/detect_and_solve/share/detect_and_solve/local_setup.zsh
-- Symlinking: /home/leoxia/Code/XJTU-RMV-Task05/install/detect_and_solve/share/detect_and_solve/local_setup.dsv
-- Symlinking: /home/leoxia/Code/XJTU-RMV-Task05/install/detect_and_solve/share/detect_and_solve/package.dsv
-- Symlinking: /home/leoxia/Code/XJTU-RMV-Task05/install/detect_and_solve/share/ament_index/resource_index/packages/detect_and_solve
-- Symlinking: /home/leoxia/Code/XJTU-RMV-Task05/install/detect_and_solve/share/detect_and_solve/cmake/detect_and_solveConfig.cmake
-- Symlinking: /home/leoxia/Code/XJTU-RMV-Task05/install/detect_and_solve/share/detect_and_solve/cmake/detect_and_solveConfig-version.cmake
-- Symlinking: /home/leoxia/Code/XJTU-RMV-Task05/install/detect_and_solve/share/detect_and_solve/package.xml
