[35m[1mConsolidate compiler generated dependencies of target detect[0m
[100%] Built target detect
-- Install configuration: ""
-- Up-to-date: /home/leoxia/Code/XJTU-RMV-Task05/src/install/detect/lib/detect/detect
-- Up-to-date: /home/leoxia/Code/XJTU-RMV-Task05/src/install/detect/include
-- Up-to-date: /home/leoxia/Code/XJTU-RMV-Task05/src/install/detect/include/detect_and_solve
-- Up-to-date: /home/leoxia/Code/XJTU-RMV-Task05/src/install/detect/share/detect/launch
-- Up-to-date: /home/leoxia/Code/XJTU-RMV-Task05/src/install/detect/share/ament_index/resource_index/package_run_dependencies/detect
-- Up-to-date: /home/leoxia/Code/XJTU-RMV-Task05/src/install/detect/share/ament_index/resource_index/parent_prefix_path/detect
-- Up-to-date: /home/leoxia/Code/XJTU-RMV-Task05/src/install/detect/share/detect/environment/ament_prefix_path.sh
-- Up-to-date: /home/leoxia/Code/XJTU-RMV-Task05/src/install/detect/share/detect/environment/ament_prefix_path.dsv
-- Up-to-date: /home/leoxia/Code/XJTU-RMV-Task05/src/install/detect/share/detect/environment/path.sh
-- Up-to-date: /home/leoxia/Code/XJTU-RMV-Task05/src/install/detect/share/detect/environment/path.dsv
-- Up-to-date: /home/leoxia/Code/XJTU-RMV-Task05/src/install/detect/share/detect/local_setup.bash
-- Up-to-date: /home/leoxia/Code/XJTU-RMV-Task05/src/install/detect/share/detect/local_setup.sh
-- Up-to-date: /home/leoxia/Code/XJTU-RMV-Task05/src/install/detect/share/detect/local_setup.zsh
-- Up-to-date: /home/leoxia/Code/XJTU-RMV-Task05/src/install/detect/share/detect/local_setup.dsv
-- Installing: /home/leoxia/Code/XJTU-RMV-Task05/src/install/detect/share/detect/package.dsv
-- Up-to-date: /home/leoxia/Code/XJTU-RMV-Task05/src/install/detect/share/ament_index/resource_index/packages/detect
-- Up-to-date: /home/leoxia/Code/XJTU-RMV-Task05/src/install/detect/share/detect/cmake/detectConfig.cmake
-- Up-to-date: /home/leoxia/Code/XJTU-RMV-Task05/src/install/detect/share/detect/cmake/detectConfig-version.cmake
-- Up-to-date: /home/leoxia/Code/XJTU-RMV-Task05/src/install/detect/share/detect/package.xml
