[0.032s] Invoking command in '/home/leoxia/Code/XJTU-RMV-Task05/src/build/detect': /usr/bin/cmake --build /home/leoxia/Code/XJTU-RMV-Task05/src/build/detect -- -j4 -l4
[0.229s] [35m[1mConsolidate compiler generated dependencies of target detect[0m
[0.289s] [100%] Built target detect
[0.309s] Invoked command in '/home/leoxia/Code/XJTU-RMV-Task05/src/build/detect' returned '0': /usr/bin/cmake --build /home/leoxia/Code/XJTU-RMV-Task05/src/build/detect -- -j4 -l4
[0.329s] Invoking command in '/home/leoxia/Code/XJTU-RMV-Task05/src/build/detect': /usr/bin/cmake --install /home/leoxia/Code/XJTU-RMV-Task05/src/build/detect
[0.346s] -- Install configuration: ""
[0.349s] -- Up-to-date: /home/leoxia/Code/XJTU-RMV-Task05/src/install/detect/lib/detect/detect
[0.349s] -- Up-to-date: /home/leoxia/Code/XJTU-RMV-Task05/src/install/detect/include
[0.350s] -- Up-to-date: /home/leoxia/Code/XJTU-RMV-Task05/src/install/detect/include/detect_and_solve
[0.350s] -- Up-to-date: /home/leoxia/Code/XJTU-RMV-Task05/src/install/detect/share/detect/launch
[0.350s] -- Up-to-date: /home/leoxia/Code/XJTU-RMV-Task05/src/install/detect/share/ament_index/resource_index/package_run_dependencies/detect
[0.350s] -- Up-to-date: /home/leoxia/Code/XJTU-RMV-Task05/src/install/detect/share/ament_index/resource_index/parent_prefix_path/detect
[0.350s] -- Up-to-date: /home/leoxia/Code/XJTU-RMV-Task05/src/install/detect/share/detect/environment/ament_prefix_path.sh
[0.351s] -- Up-to-date: /home/leoxia/Code/XJTU-RMV-Task05/src/install/detect/share/detect/environment/ament_prefix_path.dsv
[0.351s] -- Up-to-date: /home/leoxia/Code/XJTU-RMV-Task05/src/install/detect/share/detect/environment/path.sh
[0.351s] -- Up-to-date: /home/leoxia/Code/XJTU-RMV-Task05/src/install/detect/share/detect/environment/path.dsv
[0.351s] -- Up-to-date: /home/leoxia/Code/XJTU-RMV-Task05/src/install/detect/share/detect/local_setup.bash
[0.351s] -- Up-to-date: /home/leoxia/Code/XJTU-RMV-Task05/src/install/detect/share/detect/local_setup.sh
[0.351s] -- Up-to-date: /home/leoxia/Code/XJTU-RMV-Task05/src/install/detect/share/detect/local_setup.zsh
[0.351s] -- Up-to-date: /home/leoxia/Code/XJTU-RMV-Task05/src/install/detect/share/detect/local_setup.dsv
[0.351s] -- Installing: /home/leoxia/Code/XJTU-RMV-Task05/src/install/detect/share/detect/package.dsv
[0.351s] -- Up-to-date: /home/leoxia/Code/XJTU-RMV-Task05/src/install/detect/share/ament_index/resource_index/packages/detect
[0.352s] -- Up-to-date: /home/leoxia/Code/XJTU-RMV-Task05/src/install/detect/share/detect/cmake/detectConfig.cmake
[0.352s] -- Up-to-date: /home/leoxia/Code/XJTU-RMV-Task05/src/install/detect/share/detect/cmake/detectConfig-version.cmake
[0.352s] -- Up-to-date: /home/leoxia/Code/XJTU-RMV-Task05/src/install/detect/share/detect/package.xml
[0.354s] Invoked command in '/home/leoxia/Code/XJTU-RMV-Task05/src/build/detect' returned '0': /usr/bin/cmake --install /home/leoxia/Code/XJTU-RMV-Task05/src/build/detect
