[0.376s] DEBUG:colcon:Command line arguments: ['/usr/bin/colcon', 'build', '--symlink-install']
[0.376s] DEBUG:colcon:Parsed command line arguments: Namespace(log_base=None, log_level=None, verb_name='build', build_base='build', install_base='install', merge_install=False, symlink_install=True, test_result_base=None, continue_on_error=False, executor='parallel', parallel_workers=4, event_handlers=None, ignore_user_meta=False, metas=['./colcon.meta'], base_paths=['.'], packages_ignore=None, packages_ignore_regex=None, paths=None, packages_up_to=None, packages_up_to_regex=None, packages_above=None, packages_above_and_dependencies=None, packages_above_depth=None, packages_select_by_dep=None, packages_skip_by_dep=None, packages_skip_up_to=None, packages_select_build_failed=False, packages_skip_build_finished=False, packages_select_test_failures=False, packages_skip_test_passed=False, packages_select=None, packages_skip=None, packages_select_regex=None, packages_skip_regex=None, packages_start=None, packages_end=None, allow_overriding=[], cmake_args=None, cmake_target=None, cmake_target_skip_unavailable=False, cmake_clean_cache=False, cmake_clean_first=False, cmake_force_configure=False, ament_cmake_args=None, catkin_cmake_args=None, catkin_skip_building_tests=False, verb_parser=<colcon_defaults.argument_parser.defaults.DefaultArgumentsDecorator object at 0x7030e11e7220>, verb_extension=<colcon_core.verb.build.BuildVerb object at 0x7030e11e6d40>, main=<bound method BuildVerb.main of <colcon_core.verb.build.BuildVerb object at 0x7030e11e6d40>>)
[1.090s] Level 1:colcon.colcon_core.package_discovery:discover_packages(colcon_meta) check parameters
[1.091s] Level 1:colcon.colcon_core.package_discovery:discover_packages(recursive) check parameters
[1.091s] Level 1:colcon.colcon_core.package_discovery:discover_packages(ignore) check parameters
[1.091s] Level 1:colcon.colcon_core.package_discovery:discover_packages(path) check parameters
[1.091s] Level 1:colcon.colcon_core.package_discovery:discover_packages(colcon_meta) discover
[1.091s] Level 1:colcon.colcon_core.package_discovery:discover_packages(recursive) discover
[1.091s] INFO:colcon.colcon_core.package_discovery:Crawling recursively for packages in '/home/leoxia/Code/XJTU-RMV-Task05/src'
[1.091s] Level 1:colcon.colcon_core.package_identification:_identify(.) by extensions ['ignore', 'ignore_ament_install']
[1.091s] Level 1:colcon.colcon_core.package_identification:_identify(.) by extension 'ignore'
[1.092s] Level 1:colcon.colcon_core.package_identification:_identify(.) by extension 'ignore_ament_install'
[1.092s] Level 1:colcon.colcon_core.package_identification:_identify(.) by extensions ['colcon_pkg']
[1.092s] Level 1:colcon.colcon_core.package_identification:_identify(.) by extension 'colcon_pkg'
[1.092s] Level 1:colcon.colcon_core.package_identification:_identify(.) by extensions ['colcon_meta']
[1.092s] Level 1:colcon.colcon_core.package_identification:_identify(.) by extension 'colcon_meta'
[1.092s] Level 1:colcon.colcon_core.package_identification:_identify(.) by extensions ['ros']
[1.092s] Level 1:colcon.colcon_core.package_identification:_identify(.) by extension 'ros'
[1.116s] Level 1:colcon.colcon_core.package_identification:_identify(.) by extensions ['cmake', 'python']
[1.116s] Level 1:colcon.colcon_core.package_identification:_identify(.) by extension 'cmake'
[1.116s] Level 1:colcon.colcon_core.package_identification:_identify(.) by extension 'python'
[1.116s] Level 1:colcon.colcon_core.package_identification:_identify(.) by extensions ['python_setup_py']
[1.117s] Level 1:colcon.colcon_core.package_identification:_identify(.) by extension 'python_setup_py'
[1.117s] Level 1:colcon.colcon_core.package_identification:_identify($(ALLUSERSPROFILE)) by extensions ['ignore', 'ignore_ament_install']
[1.117s] Level 1:colcon.colcon_core.package_identification:_identify($(ALLUSERSPROFILE)) by extension 'ignore'
[1.117s] Level 1:colcon.colcon_core.package_identification:_identify($(ALLUSERSPROFILE)) by extension 'ignore_ament_install'
[1.117s] Level 1:colcon.colcon_core.package_identification:_identify($(ALLUSERSPROFILE)) by extensions ['colcon_pkg']
[1.117s] Level 1:colcon.colcon_core.package_identification:_identify($(ALLUSERSPROFILE)) by extension 'colcon_pkg'
[1.117s] Level 1:colcon.colcon_core.package_identification:_identify($(ALLUSERSPROFILE)) by extensions ['colcon_meta']
[1.117s] Level 1:colcon.colcon_core.package_identification:_identify($(ALLUSERSPROFILE)) by extension 'colcon_meta'
[1.117s] Level 1:colcon.colcon_core.package_identification:_identify($(ALLUSERSPROFILE)) by extensions ['ros']
[1.118s] Level 1:colcon.colcon_core.package_identification:_identify($(ALLUSERSPROFILE)) by extension 'ros'
[1.118s] Level 1:colcon.colcon_core.package_identification:_identify($(ALLUSERSPROFILE)) by extensions ['cmake', 'python']
[1.118s] Level 1:colcon.colcon_core.package_identification:_identify($(ALLUSERSPROFILE)) by extension 'cmake'
[1.118s] Level 1:colcon.colcon_core.package_identification:_identify($(ALLUSERSPROFILE)) by extension 'python'
[1.118s] Level 1:colcon.colcon_core.package_identification:_identify($(ALLUSERSPROFILE)) by extensions ['python_setup_py']
[1.118s] Level 1:colcon.colcon_core.package_identification:_identify($(ALLUSERSPROFILE)) by extension 'python_setup_py'
[1.118s] Level 1:colcon.colcon_core.package_identification:_identify($(ALLUSERSPROFILE)/GenICam) by extensions ['ignore', 'ignore_ament_install']
[1.119s] Level 1:colcon.colcon_core.package_identification:_identify($(ALLUSERSPROFILE)/GenICam) by extension 'ignore'
[1.119s] Level 1:colcon.colcon_core.package_identification:_identify($(ALLUSERSPROFILE)/GenICam) by extension 'ignore_ament_install'
[1.119s] Level 1:colcon.colcon_core.package_identification:_identify($(ALLUSERSPROFILE)/GenICam) by extensions ['colcon_pkg']
[1.119s] Level 1:colcon.colcon_core.package_identification:_identify($(ALLUSERSPROFILE)/GenICam) by extension 'colcon_pkg'
[1.119s] Level 1:colcon.colcon_core.package_identification:_identify($(ALLUSERSPROFILE)/GenICam) by extensions ['colcon_meta']
[1.119s] Level 1:colcon.colcon_core.package_identification:_identify($(ALLUSERSPROFILE)/GenICam) by extension 'colcon_meta'
[1.119s] Level 1:colcon.colcon_core.package_identification:_identify($(ALLUSERSPROFILE)/GenICam) by extensions ['ros']
[1.119s] Level 1:colcon.colcon_core.package_identification:_identify($(ALLUSERSPROFILE)/GenICam) by extension 'ros'
[1.119s] Level 1:colcon.colcon_core.package_identification:_identify($(ALLUSERSPROFILE)/GenICam) by extensions ['cmake', 'python']
[1.119s] Level 1:colcon.colcon_core.package_identification:_identify($(ALLUSERSPROFILE)/GenICam) by extension 'cmake'
[1.119s] Level 1:colcon.colcon_core.package_identification:_identify($(ALLUSERSPROFILE)/GenICam) by extension 'python'
[1.119s] Level 1:colcon.colcon_core.package_identification:_identify($(ALLUSERSPROFILE)/GenICam) by extensions ['python_setup_py']
[1.120s] Level 1:colcon.colcon_core.package_identification:_identify($(ALLUSERSPROFILE)/GenICam) by extension 'python_setup_py'
[1.120s] Level 1:colcon.colcon_core.package_identification:_identify($(ALLUSERSPROFILE)/GenICam/xml) by extensions ['ignore', 'ignore_ament_install']
[1.120s] Level 1:colcon.colcon_core.package_identification:_identify($(ALLUSERSPROFILE)/GenICam/xml) by extension 'ignore'
[1.120s] Level 1:colcon.colcon_core.package_identification:_identify($(ALLUSERSPROFILE)/GenICam/xml) by extension 'ignore_ament_install'
[1.120s] Level 1:colcon.colcon_core.package_identification:_identify($(ALLUSERSPROFILE)/GenICam/xml) by extensions ['colcon_pkg']
[1.120s] Level 1:colcon.colcon_core.package_identification:_identify($(ALLUSERSPROFILE)/GenICam/xml) by extension 'colcon_pkg'
[1.120s] Level 1:colcon.colcon_core.package_identification:_identify($(ALLUSERSPROFILE)/GenICam/xml) by extensions ['colcon_meta']
[1.120s] Level 1:colcon.colcon_core.package_identification:_identify($(ALLUSERSPROFILE)/GenICam/xml) by extension 'colcon_meta'
[1.120s] Level 1:colcon.colcon_core.package_identification:_identify($(ALLUSERSPROFILE)/GenICam/xml) by extensions ['ros']
[1.120s] Level 1:colcon.colcon_core.package_identification:_identify($(ALLUSERSPROFILE)/GenICam/xml) by extension 'ros'
[1.121s] Level 1:colcon.colcon_core.package_identification:_identify($(ALLUSERSPROFILE)/GenICam/xml) by extensions ['cmake', 'python']
[1.121s] Level 1:colcon.colcon_core.package_identification:_identify($(ALLUSERSPROFILE)/GenICam/xml) by extension 'cmake'
[1.121s] Level 1:colcon.colcon_core.package_identification:_identify($(ALLUSERSPROFILE)/GenICam/xml) by extension 'python'
[1.121s] Level 1:colcon.colcon_core.package_identification:_identify($(ALLUSERSPROFILE)/GenICam/xml) by extensions ['python_setup_py']
[1.121s] Level 1:colcon.colcon_core.package_identification:_identify($(ALLUSERSPROFILE)/GenICam/xml) by extension 'python_setup_py'
[1.121s] Level 1:colcon.colcon_core.package_identification:_identify($(ALLUSERSPROFILE)/GenICam/xml/cache) by extensions ['ignore', 'ignore_ament_install']
[1.121s] Level 1:colcon.colcon_core.package_identification:_identify($(ALLUSERSPROFILE)/GenICam/xml/cache) by extension 'ignore'
[1.121s] Level 1:colcon.colcon_core.package_identification:_identify($(ALLUSERSPROFILE)/GenICam/xml/cache) by extension 'ignore_ament_install'
[1.121s] Level 1:colcon.colcon_core.package_identification:_identify($(ALLUSERSPROFILE)/GenICam/xml/cache) by extensions ['colcon_pkg']
[1.121s] Level 1:colcon.colcon_core.package_identification:_identify($(ALLUSERSPROFILE)/GenICam/xml/cache) by extension 'colcon_pkg'
[1.122s] Level 1:colcon.colcon_core.package_identification:_identify($(ALLUSERSPROFILE)/GenICam/xml/cache) by extensions ['colcon_meta']
[1.122s] Level 1:colcon.colcon_core.package_identification:_identify($(ALLUSERSPROFILE)/GenICam/xml/cache) by extension 'colcon_meta'
[1.122s] Level 1:colcon.colcon_core.package_identification:_identify($(ALLUSERSPROFILE)/GenICam/xml/cache) by extensions ['ros']
[1.122s] Level 1:colcon.colcon_core.package_identification:_identify($(ALLUSERSPROFILE)/GenICam/xml/cache) by extension 'ros'
[1.122s] Level 1:colcon.colcon_core.package_identification:_identify($(ALLUSERSPROFILE)/GenICam/xml/cache) by extensions ['cmake', 'python']
[1.122s] Level 1:colcon.colcon_core.package_identification:_identify($(ALLUSERSPROFILE)/GenICam/xml/cache) by extension 'cmake'
[1.122s] Level 1:colcon.colcon_core.package_identification:_identify($(ALLUSERSPROFILE)/GenICam/xml/cache) by extension 'python'
[1.122s] Level 1:colcon.colcon_core.package_identification:_identify($(ALLUSERSPROFILE)/GenICam/xml/cache) by extensions ['python_setup_py']
[1.122s] Level 1:colcon.colcon_core.package_identification:_identify($(ALLUSERSPROFILE)/GenICam/xml/cache) by extension 'python_setup_py'
[1.123s] Level 1:colcon.colcon_core.package_identification:_identify(build) by extensions ['ignore', 'ignore_ament_install']
[1.123s] Level 1:colcon.colcon_core.package_identification:_identify(build) by extension 'ignore'
[1.123s] Level 1:colcon.colcon_core.package_identification:_identify(build) ignored
[1.123s] Level 1:colcon.colcon_core.package_identification:_identify(detect_and_solve) by extensions ['ignore', 'ignore_ament_install']
[1.124s] Level 1:colcon.colcon_core.package_identification:_identify(detect_and_solve) by extension 'ignore'
[1.124s] Level 1:colcon.colcon_core.package_identification:_identify(detect_and_solve) by extension 'ignore_ament_install'
[1.124s] Level 1:colcon.colcon_core.package_identification:_identify(detect_and_solve) by extensions ['colcon_pkg']
[1.124s] Level 1:colcon.colcon_core.package_identification:_identify(detect_and_solve) by extension 'colcon_pkg'
[1.124s] Level 1:colcon.colcon_core.package_identification:_identify(detect_and_solve) by extensions ['colcon_meta']
[1.124s] Level 1:colcon.colcon_core.package_identification:_identify(detect_and_solve) by extension 'colcon_meta'
[1.124s] Level 1:colcon.colcon_core.package_identification:_identify(detect_and_solve) by extensions ['ros']
[1.124s] Level 1:colcon.colcon_core.package_identification:_identify(detect_and_solve) by extension 'ros'
[1.131s] DEBUG:colcon.colcon_core.package_identification:Package 'detect_and_solve' with type 'ros.ament_cmake' and name 'detect_and_solve'
[1.131s] Level 1:colcon.colcon_core.package_identification:_identify(hik_camera) by extensions ['ignore', 'ignore_ament_install']
[1.131s] Level 1:colcon.colcon_core.package_identification:_identify(hik_camera) by extension 'ignore'
[1.131s] Level 1:colcon.colcon_core.package_identification:_identify(hik_camera) by extension 'ignore_ament_install'
[1.131s] Level 1:colcon.colcon_core.package_identification:_identify(hik_camera) by extensions ['colcon_pkg']
[1.131s] Level 1:colcon.colcon_core.package_identification:_identify(hik_camera) by extension 'colcon_pkg'
[1.132s] Level 1:colcon.colcon_core.package_identification:_identify(hik_camera) by extensions ['colcon_meta']
[1.132s] Level 1:colcon.colcon_core.package_identification:_identify(hik_camera) by extension 'colcon_meta'
[1.132s] Level 1:colcon.colcon_core.package_identification:_identify(hik_camera) by extensions ['ros']
[1.132s] Level 1:colcon.colcon_core.package_identification:_identify(hik_camera) by extension 'ros'
[1.134s] DEBUG:colcon.colcon_core.package_identification:Package 'hik_camera' with type 'ros.ament_cmake' and name 'hik_camera'
[1.134s] Level 1:colcon.colcon_core.package_identification:_identify(install) by extensions ['ignore', 'ignore_ament_install']
[1.134s] Level 1:colcon.colcon_core.package_identification:_identify(install) by extension 'ignore'
[1.134s] Level 1:colcon.colcon_core.package_identification:_identify(install) ignored
[1.135s] Level 1:colcon.colcon_core.package_identification:_identify(log) by extensions ['ignore', 'ignore_ament_install']
[1.135s] Level 1:colcon.colcon_core.package_identification:_identify(log) by extension 'ignore'
[1.135s] Level 1:colcon.colcon_core.package_identification:_identify(log) ignored
[1.135s] Level 1:colcon.colcon_core.package_discovery:discover_packages(recursive) using defaults
[1.135s] Level 1:colcon.colcon_core.package_discovery:discover_packages(ignore) discover
[1.135s] Level 1:colcon.colcon_core.package_discovery:discover_packages(ignore) using defaults
[1.135s] Level 1:colcon.colcon_core.package_discovery:discover_packages(path) discover
[1.135s] Level 1:colcon.colcon_core.package_discovery:discover_packages(path) using defaults
[1.191s] Level 1:colcon.colcon_core.package_discovery:discover_packages(prefix_path) check parameters
[1.191s] Level 1:colcon.colcon_core.package_discovery:discover_packages(prefix_path) discover
[1.195s] WARNING:colcon.colcon_ros.prefix_path.catkin:The path '/home/leoxia/Code/XJTU-RMV-Task05/src/install/detect' in the environment variable CMAKE_PREFIX_PATH doesn't exist
[1.197s] DEBUG:colcon.colcon_installed_package_information.package_discovery:Found 2 installed packages in /home/leoxia/Code/XJTU-RMV-Task05/src/install
[1.200s] DEBUG:colcon.colcon_installed_package_information.package_discovery:Found 271 installed packages in /opt/ros/humble
[1.203s] Level 1:colcon.colcon_core.package_discovery:discover_packages(prefix_path) using defaults
[1.410s] Level 5:colcon.colcon_core.verb:set package 'detect_and_solve' build argument 'cmake_args' from command line to 'None'
[1.410s] Level 5:colcon.colcon_core.verb:set package 'detect_and_solve' build argument 'cmake_target' from command line to 'None'
[1.410s] Level 5:colcon.colcon_core.verb:set package 'detect_and_solve' build argument 'cmake_target_skip_unavailable' from command line to 'False'
[1.410s] Level 5:colcon.colcon_core.verb:set package 'detect_and_solve' build argument 'cmake_clean_cache' from command line to 'False'
[1.410s] Level 5:colcon.colcon_core.verb:set package 'detect_and_solve' build argument 'cmake_clean_first' from command line to 'False'
[1.410s] Level 5:colcon.colcon_core.verb:set package 'detect_and_solve' build argument 'cmake_force_configure' from command line to 'False'
[1.410s] Level 5:colcon.colcon_core.verb:set package 'detect_and_solve' build argument 'ament_cmake_args' from command line to 'None'
[1.411s] Level 5:colcon.colcon_core.verb:set package 'detect_and_solve' build argument 'catkin_cmake_args' from command line to 'None'
[1.411s] Level 5:colcon.colcon_core.verb:set package 'detect_and_solve' build argument 'catkin_skip_building_tests' from command line to 'False'
[1.411s] DEBUG:colcon.colcon_core.verb:Building package 'detect_and_solve' with the following arguments: {'ament_cmake_args': None, 'build_base': '/home/leoxia/Code/XJTU-RMV-Task05/src/build/detect_and_solve', 'catkin_cmake_args': None, 'catkin_skip_building_tests': False, 'cmake_args': None, 'cmake_clean_cache': False, 'cmake_clean_first': False, 'cmake_force_configure': False, 'cmake_target': None, 'cmake_target_skip_unavailable': False, 'install_base': '/home/leoxia/Code/XJTU-RMV-Task05/src/install/detect_and_solve', 'merge_install': False, 'path': '/home/leoxia/Code/XJTU-RMV-Task05/src/detect_and_solve', 'symlink_install': True, 'test_result_base': None}
[1.411s] Level 5:colcon.colcon_core.verb:set package 'hik_camera' build argument 'cmake_args' from command line to 'None'
[1.411s] Level 5:colcon.colcon_core.verb:set package 'hik_camera' build argument 'cmake_target' from command line to 'None'
[1.411s] Level 5:colcon.colcon_core.verb:set package 'hik_camera' build argument 'cmake_target_skip_unavailable' from command line to 'False'
[1.411s] Level 5:colcon.colcon_core.verb:set package 'hik_camera' build argument 'cmake_clean_cache' from command line to 'False'
[1.411s] Level 5:colcon.colcon_core.verb:set package 'hik_camera' build argument 'cmake_clean_first' from command line to 'False'
[1.412s] Level 5:colcon.colcon_core.verb:set package 'hik_camera' build argument 'cmake_force_configure' from command line to 'False'
[1.412s] Level 5:colcon.colcon_core.verb:set package 'hik_camera' build argument 'ament_cmake_args' from command line to 'None'
[1.412s] Level 5:colcon.colcon_core.verb:set package 'hik_camera' build argument 'catkin_cmake_args' from command line to 'None'
[1.412s] Level 5:colcon.colcon_core.verb:set package 'hik_camera' build argument 'catkin_skip_building_tests' from command line to 'False'
[1.412s] DEBUG:colcon.colcon_core.verb:Building package 'hik_camera' with the following arguments: {'ament_cmake_args': None, 'build_base': '/home/leoxia/Code/XJTU-RMV-Task05/src/build/hik_camera', 'catkin_cmake_args': None, 'catkin_skip_building_tests': False, 'cmake_args': None, 'cmake_clean_cache': False, 'cmake_clean_first': False, 'cmake_force_configure': False, 'cmake_target': None, 'cmake_target_skip_unavailable': False, 'install_base': '/home/leoxia/Code/XJTU-RMV-Task05/src/install/hik_camera', 'merge_install': False, 'path': '/home/leoxia/Code/XJTU-RMV-Task05/src/hik_camera', 'symlink_install': True, 'test_result_base': None}
[1.412s] INFO:colcon.colcon_core.executor:Executing jobs using 'parallel' executor
[1.414s] DEBUG:colcon.colcon_parallel_executor.executor.parallel:run_until_complete
[1.414s] INFO:colcon.colcon_ros.task.ament_cmake.build:Building ROS package in '/home/leoxia/Code/XJTU-RMV-Task05/src/detect_and_solve' with build type 'ament_cmake'
[1.414s] INFO:colcon.colcon_cmake.task.cmake.build:Building CMake package in '/home/leoxia/Code/XJTU-RMV-Task05/src/detect_and_solve'
[1.424s] INFO:colcon.colcon_core.plugin_system:Skipping extension 'colcon_core.shell.bat': Not used on non-Windows systems
[1.424s] INFO:colcon.colcon_core.shell:Skip shell extension 'powershell' for command environment: Not usable outside of PowerShell
[1.424s] DEBUG:colcon.colcon_core.shell:Skip shell extension 'dsv' for command environment
[1.430s] INFO:colcon.colcon_ros.task.ament_cmake.build:Building ROS package in '/home/leoxia/Code/XJTU-RMV-Task05/src/hik_camera' with build type 'ament_cmake'
[1.431s] INFO:colcon.colcon_cmake.task.cmake.build:Building CMake package in '/home/leoxia/Code/XJTU-RMV-Task05/src/hik_camera'
[1.431s] INFO:colcon.colcon_core.shell:Skip shell extension 'powershell' for command environment: Not usable outside of PowerShell
[1.431s] DEBUG:colcon.colcon_core.shell:Skip shell extension 'dsv' for command environment
[1.453s] DEBUG:colcon.colcon_core.event_handler.log_command:Invoking command in '/home/leoxia/Code/XJTU-RMV-Task05/src/build/detect_and_solve': CMAKE_PREFIX_PATH=${CMAKE_PREFIX_PATH}:/opt/ros/humble /usr/bin/cmake --build /home/leoxia/Code/XJTU-RMV-Task05/src/build/detect_and_solve -- -j4 -l4
[1.471s] DEBUG:colcon.colcon_core.event_handler.log_command:Invoking command in '/home/leoxia/Code/XJTU-RMV-Task05/src/build/hik_camera': CMAKE_PREFIX_PATH=${CMAKE_PREFIX_PATH}:/opt/ros/humble /usr/bin/cmake --build /home/leoxia/Code/XJTU-RMV-Task05/src/build/hik_camera -- -j4 -l4
[1.645s] DEBUG:colcon.colcon_core.event_handler.log_command:Invoked command in '/home/leoxia/Code/XJTU-RMV-Task05/src/build/hik_camera' returned '0': CMAKE_PREFIX_PATH=${CMAKE_PREFIX_PATH}:/opt/ros/humble /usr/bin/cmake --build /home/leoxia/Code/XJTU-RMV-Task05/src/build/hik_camera -- -j4 -l4
[1.671s] DEBUG:colcon.colcon_core.event_handler.log_command:Invoking command in '/home/leoxia/Code/XJTU-RMV-Task05/src/build/hik_camera': CMAKE_PREFIX_PATH=${CMAKE_PREFIX_PATH}:/opt/ros/humble /usr/bin/cmake --install /home/leoxia/Code/XJTU-RMV-Task05/src/build/hik_camera
[1.737s] Level 1:colcon.colcon_core.environment:create_environment_scripts_only(hik_camera)
[1.739s] DEBUG:colcon.colcon_core.event_handler.log_command:Invoked command in '/home/leoxia/Code/XJTU-RMV-Task05/src/build/hik_camera' returned '0': CMAKE_PREFIX_PATH=${CMAKE_PREFIX_PATH}:/opt/ros/humble /usr/bin/cmake --install /home/leoxia/Code/XJTU-RMV-Task05/src/build/hik_camera
[1.753s] Level 1:colcon.colcon_core.environment:checking '/home/leoxia/Code/XJTU-RMV-Task05/src/install/hik_camera' for CMake module files
[1.755s] Level 1:colcon.colcon_core.environment:checking '/home/leoxia/Code/XJTU-RMV-Task05/src/install/hik_camera' for CMake config files
[1.762s] Level 1:colcon.colcon_core.shell:create_environment_hook('hik_camera', 'cmake_prefix_path')
[1.764s] INFO:colcon.colcon_core.shell:Creating environment hook '/home/leoxia/Code/XJTU-RMV-Task05/src/install/hik_camera/share/hik_camera/hook/cmake_prefix_path.ps1'
[1.766s] INFO:colcon.colcon_core.shell:Creating environment descriptor '/home/leoxia/Code/XJTU-RMV-Task05/src/install/hik_camera/share/hik_camera/hook/cmake_prefix_path.dsv'
[1.768s] INFO:colcon.colcon_core.shell:Creating environment hook '/home/leoxia/Code/XJTU-RMV-Task05/src/install/hik_camera/share/hik_camera/hook/cmake_prefix_path.sh'
[1.771s] Level 1:colcon.colcon_core.environment:checking '/home/leoxia/Code/XJTU-RMV-Task05/src/install/hik_camera/lib'
[1.771s] Level 1:colcon.colcon_core.environment:checking '/home/leoxia/Code/XJTU-RMV-Task05/src/install/hik_camera/bin'
[1.771s] Level 1:colcon.colcon_core.environment:checking '/home/leoxia/Code/XJTU-RMV-Task05/src/install/hik_camera/lib/pkgconfig/hik_camera.pc'
[1.773s] Level 1:colcon.colcon_core.environment:checking '/home/leoxia/Code/XJTU-RMV-Task05/src/install/hik_camera/lib/python3.10/site-packages'
[1.773s] Level 1:colcon.colcon_core.environment:checking '/home/leoxia/Code/XJTU-RMV-Task05/src/install/hik_camera/bin'
[1.774s] INFO:colcon.colcon_core.shell:Creating package script '/home/leoxia/Code/XJTU-RMV-Task05/src/install/hik_camera/share/hik_camera/package.ps1'
[1.777s] INFO:colcon.colcon_core.shell:Creating package descriptor '/home/leoxia/Code/XJTU-RMV-Task05/src/install/hik_camera/share/hik_camera/package.dsv'
[1.779s] INFO:colcon.colcon_core.shell:Creating package script '/home/leoxia/Code/XJTU-RMV-Task05/src/install/hik_camera/share/hik_camera/package.sh'
[1.781s] INFO:colcon.colcon_core.shell:Creating package script '/home/leoxia/Code/XJTU-RMV-Task05/src/install/hik_camera/share/hik_camera/package.bash'
[1.784s] INFO:colcon.colcon_core.shell:Creating package script '/home/leoxia/Code/XJTU-RMV-Task05/src/install/hik_camera/share/hik_camera/package.zsh'
[1.787s] Level 1:colcon.colcon_core.environment:create_file_with_runtime_dependencies(/home/leoxia/Code/XJTU-RMV-Task05/src/install/hik_camera/share/colcon-core/packages/hik_camera)
[1.788s] Level 1:colcon.colcon_core.environment:create_environment_scripts_only(hik_camera)
[1.790s] Level 1:colcon.colcon_core.environment:checking '/home/leoxia/Code/XJTU-RMV-Task05/src/install/hik_camera' for CMake module files
[1.791s] Level 1:colcon.colcon_core.environment:checking '/home/leoxia/Code/XJTU-RMV-Task05/src/install/hik_camera' for CMake config files
[1.791s] Level 1:colcon.colcon_core.shell:create_environment_hook('hik_camera', 'cmake_prefix_path')
[1.792s] INFO:colcon.colcon_core.shell:Creating environment hook '/home/leoxia/Code/XJTU-RMV-Task05/src/install/hik_camera/share/hik_camera/hook/cmake_prefix_path.ps1'
[1.792s] INFO:colcon.colcon_core.shell:Creating environment descriptor '/home/leoxia/Code/XJTU-RMV-Task05/src/install/hik_camera/share/hik_camera/hook/cmake_prefix_path.dsv'
[1.795s] INFO:colcon.colcon_core.shell:Creating environment hook '/home/leoxia/Code/XJTU-RMV-Task05/src/install/hik_camera/share/hik_camera/hook/cmake_prefix_path.sh'
[1.796s] Level 1:colcon.colcon_core.environment:checking '/home/leoxia/Code/XJTU-RMV-Task05/src/install/hik_camera/lib'
[1.796s] Level 1:colcon.colcon_core.environment:checking '/home/leoxia/Code/XJTU-RMV-Task05/src/install/hik_camera/bin'
[1.797s] Level 1:colcon.colcon_core.environment:checking '/home/leoxia/Code/XJTU-RMV-Task05/src/install/hik_camera/lib/pkgconfig/hik_camera.pc'
[1.798s] Level 1:colcon.colcon_core.environment:checking '/home/leoxia/Code/XJTU-RMV-Task05/src/install/hik_camera/lib/python3.10/site-packages'
[1.798s] Level 1:colcon.colcon_core.environment:checking '/home/leoxia/Code/XJTU-RMV-Task05/src/install/hik_camera/bin'
[1.799s] INFO:colcon.colcon_core.shell:Creating package script '/home/leoxia/Code/XJTU-RMV-Task05/src/install/hik_camera/share/hik_camera/package.ps1'
[1.800s] INFO:colcon.colcon_core.shell:Creating package descriptor '/home/leoxia/Code/XJTU-RMV-Task05/src/install/hik_camera/share/hik_camera/package.dsv'
[1.803s] INFO:colcon.colcon_core.shell:Creating package script '/home/leoxia/Code/XJTU-RMV-Task05/src/install/hik_camera/share/hik_camera/package.sh'
[1.804s] INFO:colcon.colcon_core.shell:Creating package script '/home/leoxia/Code/XJTU-RMV-Task05/src/install/hik_camera/share/hik_camera/package.bash'
[1.806s] INFO:colcon.colcon_core.shell:Creating package script '/home/leoxia/Code/XJTU-RMV-Task05/src/install/hik_camera/share/hik_camera/package.zsh'
[1.807s] Level 1:colcon.colcon_core.environment:create_file_with_runtime_dependencies(/home/leoxia/Code/XJTU-RMV-Task05/src/install/hik_camera/share/colcon-core/packages/hik_camera)
[22.407s] DEBUG:colcon.colcon_core.event_handler.log_command:Invoked command in '/home/leoxia/Code/XJTU-RMV-Task05/src/build/detect_and_solve' returned '0': CMAKE_PREFIX_PATH=${CMAKE_PREFIX_PATH}:/opt/ros/humble /usr/bin/cmake --build /home/leoxia/Code/XJTU-RMV-Task05/src/build/detect_and_solve -- -j4 -l4
[22.413s] DEBUG:colcon.colcon_core.event_handler.log_command:Invoking command in '/home/leoxia/Code/XJTU-RMV-Task05/src/build/detect_and_solve': CMAKE_PREFIX_PATH=${CMAKE_PREFIX_PATH}:/opt/ros/humble /usr/bin/cmake --install /home/leoxia/Code/XJTU-RMV-Task05/src/build/detect_and_solve
[22.465s] Level 1:colcon.colcon_core.environment:create_environment_scripts_only(detect_and_solve)
[22.466s] DEBUG:colcon.colcon_core.event_handler.log_command:Invoked command in '/home/leoxia/Code/XJTU-RMV-Task05/src/build/detect_and_solve' returned '0': CMAKE_PREFIX_PATH=${CMAKE_PREFIX_PATH}:/opt/ros/humble /usr/bin/cmake --install /home/leoxia/Code/XJTU-RMV-Task05/src/build/detect_and_solve
[22.467s] Level 1:colcon.colcon_core.environment:checking '/home/leoxia/Code/XJTU-RMV-Task05/src/install/detect_and_solve' for CMake module files
[22.469s] Level 1:colcon.colcon_core.environment:checking '/home/leoxia/Code/XJTU-RMV-Task05/src/install/detect_and_solve' for CMake config files
[22.472s] Level 1:colcon.colcon_core.shell:create_environment_hook('detect_and_solve', 'cmake_prefix_path')
[22.472s] INFO:colcon.colcon_core.shell:Creating environment hook '/home/leoxia/Code/XJTU-RMV-Task05/src/install/detect_and_solve/share/detect_and_solve/hook/cmake_prefix_path.ps1'
[22.474s] INFO:colcon.colcon_core.shell:Creating environment descriptor '/home/leoxia/Code/XJTU-RMV-Task05/src/install/detect_and_solve/share/detect_and_solve/hook/cmake_prefix_path.dsv'
[22.475s] INFO:colcon.colcon_core.shell:Creating environment hook '/home/leoxia/Code/XJTU-RMV-Task05/src/install/detect_and_solve/share/detect_and_solve/hook/cmake_prefix_path.sh'
[22.477s] Level 1:colcon.colcon_core.environment:checking '/home/leoxia/Code/XJTU-RMV-Task05/src/install/detect_and_solve/lib'
[22.477s] Level 1:colcon.colcon_core.environment:checking '/home/leoxia/Code/XJTU-RMV-Task05/src/install/detect_and_solve/bin'
[22.477s] Level 1:colcon.colcon_core.environment:checking '/home/leoxia/Code/XJTU-RMV-Task05/src/install/detect_and_solve/lib/pkgconfig/detect_and_solve.pc'
[22.478s] Level 1:colcon.colcon_core.environment:checking '/home/leoxia/Code/XJTU-RMV-Task05/src/install/detect_and_solve/lib/python3.10/site-packages'
[22.478s] Level 1:colcon.colcon_core.environment:checking '/home/leoxia/Code/XJTU-RMV-Task05/src/install/detect_and_solve/bin'
[22.479s] INFO:colcon.colcon_core.shell:Creating package script '/home/leoxia/Code/XJTU-RMV-Task05/src/install/detect_and_solve/share/detect_and_solve/package.ps1'
[22.480s] INFO:colcon.colcon_core.shell:Creating package descriptor '/home/leoxia/Code/XJTU-RMV-Task05/src/install/detect_and_solve/share/detect_and_solve/package.dsv'
[22.481s] INFO:colcon.colcon_core.shell:Creating package script '/home/leoxia/Code/XJTU-RMV-Task05/src/install/detect_and_solve/share/detect_and_solve/package.sh'
[22.482s] INFO:colcon.colcon_core.shell:Creating package script '/home/leoxia/Code/XJTU-RMV-Task05/src/install/detect_and_solve/share/detect_and_solve/package.bash'
[22.482s] INFO:colcon.colcon_core.shell:Creating package script '/home/leoxia/Code/XJTU-RMV-Task05/src/install/detect_and_solve/share/detect_and_solve/package.zsh'
[22.483s] Level 1:colcon.colcon_core.environment:create_file_with_runtime_dependencies(/home/leoxia/Code/XJTU-RMV-Task05/src/install/detect_and_solve/share/colcon-core/packages/detect_and_solve)
[22.485s] Level 1:colcon.colcon_core.environment:create_environment_scripts_only(detect_and_solve)
[22.485s] Level 1:colcon.colcon_core.environment:checking '/home/leoxia/Code/XJTU-RMV-Task05/src/install/detect_and_solve' for CMake module files
[22.486s] Level 1:colcon.colcon_core.environment:checking '/home/leoxia/Code/XJTU-RMV-Task05/src/install/detect_and_solve' for CMake config files
[22.486s] Level 1:colcon.colcon_core.shell:create_environment_hook('detect_and_solve', 'cmake_prefix_path')
[22.487s] INFO:colcon.colcon_core.shell:Creating environment hook '/home/leoxia/Code/XJTU-RMV-Task05/src/install/detect_and_solve/share/detect_and_solve/hook/cmake_prefix_path.ps1'
[22.487s] INFO:colcon.colcon_core.shell:Creating environment descriptor '/home/leoxia/Code/XJTU-RMV-Task05/src/install/detect_and_solve/share/detect_and_solve/hook/cmake_prefix_path.dsv'
[22.488s] INFO:colcon.colcon_core.shell:Creating environment hook '/home/leoxia/Code/XJTU-RMV-Task05/src/install/detect_and_solve/share/detect_and_solve/hook/cmake_prefix_path.sh'
[22.489s] Level 1:colcon.colcon_core.environment:checking '/home/leoxia/Code/XJTU-RMV-Task05/src/install/detect_and_solve/lib'
[22.491s] Level 1:colcon.colcon_core.environment:checking '/home/leoxia/Code/XJTU-RMV-Task05/src/install/detect_and_solve/bin'
[22.491s] Level 1:colcon.colcon_core.environment:checking '/home/leoxia/Code/XJTU-RMV-Task05/src/install/detect_and_solve/lib/pkgconfig/detect_and_solve.pc'
[22.491s] Level 1:colcon.colcon_core.environment:checking '/home/leoxia/Code/XJTU-RMV-Task05/src/install/detect_and_solve/lib/python3.10/site-packages'
[22.492s] Level 1:colcon.colcon_core.environment:checking '/home/leoxia/Code/XJTU-RMV-Task05/src/install/detect_and_solve/bin'
[22.493s] INFO:colcon.colcon_core.shell:Creating package script '/home/leoxia/Code/XJTU-RMV-Task05/src/install/detect_and_solve/share/detect_and_solve/package.ps1'
[22.494s] INFO:colcon.colcon_core.shell:Creating package descriptor '/home/leoxia/Code/XJTU-RMV-Task05/src/install/detect_and_solve/share/detect_and_solve/package.dsv'
[22.495s] INFO:colcon.colcon_core.shell:Creating package script '/home/leoxia/Code/XJTU-RMV-Task05/src/install/detect_and_solve/share/detect_and_solve/package.sh'
[22.496s] INFO:colcon.colcon_core.shell:Creating package script '/home/leoxia/Code/XJTU-RMV-Task05/src/install/detect_and_solve/share/detect_and_solve/package.bash'
[22.497s] INFO:colcon.colcon_core.shell:Creating package script '/home/leoxia/Code/XJTU-RMV-Task05/src/install/detect_and_solve/share/detect_and_solve/package.zsh'
[22.498s] Level 1:colcon.colcon_core.environment:create_file_with_runtime_dependencies(/home/leoxia/Code/XJTU-RMV-Task05/src/install/detect_and_solve/share/colcon-core/packages/detect_and_solve)
[22.498s] DEBUG:colcon.colcon_parallel_executor.executor.parallel:closing loop
[22.499s] DEBUG:colcon.colcon_parallel_executor.executor.parallel:loop closed
[22.499s] DEBUG:colcon.colcon_parallel_executor.executor.parallel:run_until_complete finished with '0'
[22.499s] DEBUG:colcon.colcon_core.event_reactor:joining thread
[22.521s] INFO:colcon.colcon_core.plugin_system:Skipping extension 'colcon_notification.desktop_notification.terminal_notifier': Not used on non-Darwin systems
[22.522s] INFO:colcon.colcon_core.plugin_system:Skipping extension 'colcon_notification.desktop_notification.win32': Not used on non-Windows systems
[22.522s] INFO:colcon.colcon_notification.desktop_notification:Sending desktop notification using 'notify2'
[22.547s] DEBUG:colcon.colcon_core.event_reactor:joined thread
[22.548s] INFO:colcon.colcon_core.shell:Creating prefix script '/home/leoxia/Code/XJTU-RMV-Task05/src/install/local_setup.ps1'
[22.551s] INFO:colcon.colcon_core.shell:Creating prefix util module '/home/leoxia/Code/XJTU-RMV-Task05/src/install/_local_setup_util_ps1.py'
[22.556s] INFO:colcon.colcon_core.shell:Creating prefix chain script '/home/leoxia/Code/XJTU-RMV-Task05/src/install/setup.ps1'
[22.559s] INFO:colcon.colcon_core.shell:Creating prefix script '/home/leoxia/Code/XJTU-RMV-Task05/src/install/local_setup.sh'
[22.561s] INFO:colcon.colcon_core.shell:Creating prefix util module '/home/leoxia/Code/XJTU-RMV-Task05/src/install/_local_setup_util_sh.py'
[22.563s] INFO:colcon.colcon_core.shell:Creating prefix chain script '/home/leoxia/Code/XJTU-RMV-Task05/src/install/setup.sh'
[22.566s] INFO:colcon.colcon_core.shell:Creating prefix script '/home/leoxia/Code/XJTU-RMV-Task05/src/install/local_setup.bash'
[22.569s] INFO:colcon.colcon_core.shell:Creating prefix chain script '/home/leoxia/Code/XJTU-RMV-Task05/src/install/setup.bash'
[22.572s] INFO:colcon.colcon_core.shell:Creating prefix script '/home/leoxia/Code/XJTU-RMV-Task05/src/install/local_setup.zsh'
[22.575s] INFO:colcon.colcon_core.shell:Creating prefix chain script '/home/leoxia/Code/XJTU-RMV-Task05/src/install/setup.zsh'
