[0.042s] Invoking command in '/home/leoxia/Code/XJTU-RMV-Task05/src/build/hik_camera': CMAKE_PREFIX_PATH=${CMAKE_PREFIX_PATH}:/opt/ros/humble /usr/bin/cmake --build /home/leoxia/Code/XJTU-RMV-Task05/src/build/hik_camera -- -j4 -l4
[0.188s] [35m[1mConsolidate compiler generated dependencies of target hik_camera_node[0m
[0.264s] [100%] Built target hik_camera_node
[0.288s] Invoked command in '/home/leoxia/Code/XJTU-RMV-Task05/src/build/hik_camera' returned '0': CMAKE_PREFIX_PATH=${CMAKE_PREFIX_PATH}:/opt/ros/humble /usr/bin/cmake --build /home/leoxia/Code/XJTU-RMV-Task05/src/build/hik_camera -- -j4 -l4
[0.314s] Invoking command in '/home/leoxia/Code/XJTU-RMV-Task05/src/build/hik_camera': CMAKE_PREFIX_PATH=${CMAKE_PREFIX_PATH}:/opt/ros/humble /usr/bin/cmake --install /home/leoxia/Code/XJTU-RMV-Task05/src/build/hik_camera
[0.345s] -- Install configuration: ""
[0.348s] -- Execute custom install script
[0.350s] -- Up-to-date symlink: /home/leoxia/Code/XJTU-RMV-Task05/src/install/hik_camera/lib/hik_camera/hik_camera_node
[0.354s] -- Up-to-date symlink: /home/leoxia/Code/XJTU-RMV-Task05/src/install/hik_camera/share/hik_camera/launch/launch.py
[0.356s] -- Up-to-date symlink: /home/leoxia/Code/XJTU-RMV-Task05/src/install/hik_camera/share/ament_index/resource_index/package_run_dependencies/hik_camera
[0.357s] -- Up-to-date symlink: /home/leoxia/Code/XJTU-RMV-Task05/src/install/hik_camera/share/ament_index/resource_index/parent_prefix_path/hik_camera
[0.358s] -- Up-to-date symlink: /home/leoxia/Code/XJTU-RMV-Task05/src/install/hik_camera/share/hik_camera/environment/ament_prefix_path.sh
[0.359s] -- Up-to-date symlink: /home/leoxia/Code/XJTU-RMV-Task05/src/install/hik_camera/share/hik_camera/environment/ament_prefix_path.dsv
[0.361s] -- Up-to-date symlink: /home/leoxia/Code/XJTU-RMV-Task05/src/install/hik_camera/share/hik_camera/environment/path.sh
[0.361s] -- Up-to-date symlink: /home/leoxia/Code/XJTU-RMV-Task05/src/install/hik_camera/share/hik_camera/environment/path.dsv
[0.362s] -- Up-to-date symlink: /home/leoxia/Code/XJTU-RMV-Task05/src/install/hik_camera/share/hik_camera/local_setup.bash
[0.364s] -- Up-to-date symlink: /home/leoxia/Code/XJTU-RMV-Task05/src/install/hik_camera/share/hik_camera/local_setup.sh
[0.364s] -- Up-to-date symlink: /home/leoxia/Code/XJTU-RMV-Task05/src/install/hik_camera/share/hik_camera/local_setup.zsh
[0.365s] -- Up-to-date symlink: /home/leoxia/Code/XJTU-RMV-Task05/src/install/hik_camera/share/hik_camera/local_setup.dsv
[0.365s] -- Symlinking: /home/leoxia/Code/XJTU-RMV-Task05/src/install/hik_camera/share/hik_camera/package.dsv
[0.391s] -- Up-to-date symlink: /home/leoxia/Code/XJTU-RMV-Task05/src/install/hik_camera/share/ament_index/resource_index/packages/hik_camera
[0.392s] -- Up-to-date symlink: /home/leoxia/Code/XJTU-RMV-Task05/src/install/hik_camera/share/hik_camera/cmake/hik_cameraConfig.cmake
[0.393s] -- Up-to-date symlink: /home/leoxia/Code/XJTU-RMV-Task05/src/install/hik_camera/share/hik_camera/cmake/hik_cameraConfig-version.cmake
[0.393s] -- Up-to-date symlink: /home/leoxia/Code/XJTU-RMV-Task05/src/install/hik_camera/share/hik_camera/package.xml
[0.397s] Invoked command in '/home/leoxia/Code/XJTU-RMV-Task05/src/build/hik_camera' returned '0': CMAKE_PREFIX_PATH=${CMAKE_PREFIX_PATH}:/opt/ros/humble /usr/bin/cmake --install /home/leoxia/Code/XJTU-RMV-Task05/src/build/hik_camera
