[0.040s] Invoking command in '/home/leoxia/Code/XJTU-RMV-Task05/src/build/detect_and_solve': CMAKE_PREFIX_PATH=${CMAKE_PREFIX_PATH}:/opt/ros/humble /usr/bin/cmake --build /home/leoxia/Code/XJTU-RMV-Task05/src/build/detect_and_solve -- -j4 -l4
[0.340s] [35m[1mConsolidate compiler generated dependencies of target detect_and_solve[0m
[0.400s] [ 25%] [32mBuilding CXX object CMakeFiles/detect_and_solve.dir/src/node.cpp.o[0m
[0.400s] [ 50%] [32mBuilding CXX object CMakeFiles/detect_and_solve.dir/src/recognition.cpp.o[0m
[1.033s] In file included from [01m[K/home/leoxia/Code/XJTU-RMV-Task05/src/detect_and_solve/src/node.cpp:10[m[K:
[1.033s] [01m[K/opt/ros/humble/include/tf2_geometry_msgs/tf2_geometry_msgs/tf2_geometry_msgs.h:35:2:[m[K [01;35m[Kwarning: [m[K#warning This header is obsolete, please include tf2_geometry_msgs/tf2_geometry_msgs.hpp instead [[01;35m[K]8;;https://gcc.gnu.org/onlinedocs/gcc/Warning-Options.html#index-Wcpp-Wcpp]8;;[m[K]
[1.034s]    35 | #[01;35m[Kwarning[m[K This header is obsolete, please include tf2_geometry_msgs/tf2_geometry_msgs.hpp instead
[1.034s]       |  [01;35m[K^~~~~~~[m[K
[3.330s] [01m[K/home/leoxia/Code/XJTU-RMV-Task05/src/detect_and_solve/src/recognition.cpp:[m[K In function ‘[01m[Kbool refineStrip(const cv::Mat&, cv::RotatedRect, cv::RotatedRect&)[m[K’:
[3.330s] [01m[K/home/leoxia/Code/XJTU-RMV-Task05/src/detect_and_solve/src/recognition.cpp:220:41:[m[K [01;31m[Kerror: [m[Kno match for ‘[01m[Koperator=[m[K’ (operand types are ‘[01m[Kcv::RotatedRect[m[K’ and ‘[01m[Kcv::Vec4f[m[K’ {aka ‘[01m[Kcv::Vec<float, 4>[m[K’})
[3.330s]   220 |         out=fitLineToContour(bestContour[01;31m[K)[m[K;
[3.330s]       |                                         [01;31m[K^[m[K
[3.330s] In file included from [01m[K/usr/include/opencv4/opencv2/core.hpp:57[m[K,
[3.330s]                  from [01m[K/usr/include/opencv4/opencv2/opencv.hpp:52[m[K,
[3.332s]                  from [01m[K/home/leoxia/Code/XJTU-RMV-Task05/src/detect_and_solve/include/detect_and_solve/recognition.hpp:4[m[K,
[3.332s]                  from [01m[K/home/leoxia/Code/XJTU-RMV-Task05/src/detect_and_solve/src/recognition.cpp:8[m[K:
[3.332s] [01m[K/usr/include/opencv4/opencv2/core/types.hpp:519:18:[m[K [01;36m[Knote: [m[Kcandidate: ‘[01m[Kcv::RotatedRect& cv::RotatedRect::operator=(const cv::RotatedRect&)[m[K’
[3.333s]   519 | class CV_EXPORTS [01;36m[KRotatedRect[m[K
[3.333s]       |                  [01;36m[K^~~~~~~~~~~[m[K
[3.333s] [01m[K/usr/include/opencv4/opencv2/core/types.hpp:519:18:[m[K [01;36m[Knote: [m[K  no known conversion for argument 1 from ‘[01m[Kcv::Vec4f[m[K’ {aka ‘[01m[Kcv::Vec<float, 4>[m[K’} to ‘[01m[Kconst cv::RotatedRect&[m[K’
[3.333s] [01m[K/usr/include/opencv4/opencv2/core/types.hpp:519:18:[m[K [01;36m[Knote: [m[Kcandidate: ‘[01m[Kcv::RotatedRect& cv::RotatedRect::operator=(cv::RotatedRect&&)[m[K’
[3.333s] [01m[K/usr/include/opencv4/opencv2/core/types.hpp:519:18:[m[K [01;36m[Knote: [m[K  no known conversion for argument 1 from ‘[01m[Kcv::Vec4f[m[K’ {aka ‘[01m[Kcv::Vec<float, 4>[m[K’} to ‘[01m[Kcv::RotatedRect&&[m[K’
[3.333s] [01m[K/home/leoxia/Code/XJTU-RMV-Task05/src/detect_and_solve/src/recognition.cpp:221:12:[m[K [01;31m[Kerror: [m[Kno match for ‘[01m[Koperator[][m[K’ (operand types are ‘[01m[Kcv::RotatedRect[m[K’ and ‘[01m[Kint[m[K’)
[3.333s]   221 |         out[01;31m[K[[m[K0] += roi_box.x;
[3.333s]       |            [01;31m[K^[m[K
[3.334s] [01m[K/home/leoxia/Code/XJTU-RMV-Task05/src/detect_and_solve/src/recognition.cpp:222:12:[m[K [01;31m[Kerror: [m[Kno match for ‘[01m[Koperator[][m[K’ (operand types are ‘[01m[Kcv::RotatedRect[m[K’ and ‘[01m[Kint[m[K’)
[3.334s]   222 |         out[01;31m[K[[m[K1] += roi_box.y;
[3.334s]       |            [01;31m[K^[m[K
[3.334s] [01m[K/home/leoxia/Code/XJTU-RMV-Task05/src/detect_and_solve/src/recognition.cpp:223:12:[m[K [01;31m[Kerror: [m[Kno match for ‘[01m[Koperator[][m[K’ (operand types are ‘[01m[Kcv::RotatedRect[m[K’ and ‘[01m[Kint[m[K’)
[3.334s]   223 |         out[01;31m[K[[m[K2] += roi_box.x;
[3.334s]       |            [01;31m[K^[m[K
[3.334s] [01m[K/home/leoxia/Code/XJTU-RMV-Task05/src/detect_and_solve/src/recognition.cpp:224:12:[m[K [01;31m[Kerror: [m[Kno match for ‘[01m[Koperator[][m[K’ (operand types are ‘[01m[Kcv::RotatedRect[m[K’ and ‘[01m[Kint[m[K’)
[3.334s]   224 |         out[01;31m[K[[m[K3] += roi_box.y;
[3.334s]       |            [01;31m[K^[m[K
[3.335s] [01m[K/home/leoxia/Code/XJTU-RMV-Task05/src/detect_and_solve/src/recognition.cpp:225:18:[m[K [01;31m[Kerror: [m[Kno match for ‘[01m[Koperator<<[m[K’ (operand types are ‘[01m[Kstd::ostream[m[K’ {aka ‘[01m[Kstd::basic_ostream<char>[m[K’} and ‘[01m[Kcv::RotatedRect[m[K’)
[3.335s]   225 |         [32m[Kstd::cout[m[K[01;31m[K<<[m[K[34m[Kout[m[K<<std::endl;
[3.340s]       |         [32m[K~~~~~~~~~[m[K[01;31m[K^~[m[K[34m[K~~~[m[K
[3.340s]       |              [32m[K|[m[K     [34m[K|[m[K
[3.341s]       |              [32m[K|[m[K     [34m[Kcv::RotatedRect[m[K
[3.341s]       |              [32m[Kstd::ostream {aka std::basic_ostream<char>}[m[K
[3.341s] In file included from [01m[K/usr/include/c++/11/iostream:39[m[K,
[3.341s]                  from [01m[K/home/leoxia/Code/XJTU-RMV-Task05/src/detect_and_solve/include/detect_and_solve/recognition.hpp:2[m[K,
[3.341s]                  from [01m[K/home/leoxia/Code/XJTU-RMV-Task05/src/detect_and_solve/src/recognition.cpp:8[m[K:
[3.341s] [01m[K/usr/include/c++/11/ostream:108:7:[m[K [01;36m[Knote: [m[Kcandidate: ‘[01m[Kstd::basic_ostream<_CharT, _Traits>::__ostream_type& std::basic_ostream<_CharT, _Traits>::operator<<(std::basic_ostream<_CharT, _Traits>::__ostream_type& (*)(std::basic_ostream<_CharT, _Traits>::__ostream_type&)) [with _CharT = char; _Traits = std::char_traits<char>; std::basic_ostream<_CharT, _Traits>::__ostream_type = std::basic_ostream<char>][m[K’
[3.341s]   108 |       [01;36m[Koperator[m[K<<(__ostream_type& (*__pf)(__ostream_type&))
[3.341s]       |       [01;36m[K^~~~~~~~[m[K
[3.342s] [01m[K/usr/include/c++/11/ostream:108:36:[m[K [01;36m[Knote: [m[K  no known conversion for argument 1 from ‘[01m[Kcv::RotatedRect[m[K’ to ‘[01m[Kstd::basic_ostream<char>::__ostream_type& (*)(std::basic_ostream<char>::__ostream_type&)[m[K’ {aka ‘[01m[Kstd::basic_ostream<char>& (*)(std::basic_ostream<char>&)[m[K’}
[3.342s]   108 |       operator<<([01;36m[K__ostream_type& (*__pf)(__ostream_type&)[m[K)
[3.342s]       |                  [01;36m[K~~~~~~~~~~~~~~~~~~^~~~~~~~~~~~~~~~~~~~~~[m[K
[3.342s] [01m[K/usr/include/c++/11/ostream:117:7:[m[K [01;36m[Knote: [m[Kcandidate: ‘[01m[Kstd::basic_ostream<_CharT, _Traits>::__ostream_type& std::basic_ostream<_CharT, _Traits>::operator<<(std::basic_ostream<_CharT, _Traits>::__ios_type& (*)(std::basic_ostream<_CharT, _Traits>::__ios_type&)) [with _CharT = char; _Traits = std::char_traits<char>; std::basic_ostream<_CharT, _Traits>::__ostream_type = std::basic_ostream<char>; std::basic_ostream<_CharT, _Traits>::__ios_type = std::basic_ios<char>][m[K’
[3.342s]   117 |       [01;36m[Koperator[m[K<<(__ios_type& (*__pf)(__ios_type&))
[3.342s]       |       [01;36m[K^~~~~~~~[m[K
[3.342s] [01m[K/usr/include/c++/11/ostream:117:32:[m[K [01;36m[Knote: [m[K  no known conversion for argument 1 from ‘[01m[Kcv::RotatedRect[m[K’ to ‘[01m[Kstd::basic_ostream<char>::__ios_type& (*)(std::basic_ostream<char>::__ios_type&)[m[K’ {aka ‘[01m[Kstd::basic_ios<char>& (*)(std::basic_ios<char>&)[m[K’}
[3.342s]   117 |       operator<<([01;36m[K__ios_type& (*__pf)(__ios_type&)[m[K)
[3.342s]       |                  [01;36m[K~~~~~~~~~~~~~~^~~~~~~~~~~~~~~~~~[m[K
[3.345s] [01m[K/usr/include/c++/11/ostream:127:7:[m[K [01;36m[Knote: [m[Kcandidate: ‘[01m[Kstd::basic_ostream<_CharT, _Traits>::__ostream_type& std::basic_ostream<_CharT, _Traits>::operator<<(std::ios_base& (*)(std::ios_base&)) [with _CharT = char; _Traits = std::char_traits<char>; std::basic_ostream<_CharT, _Traits>::__ostream_type = std::basic_ostream<char>][m[K’
[3.346s]   127 |       [01;36m[Koperator[m[K<<(ios_base& (*__pf) (ios_base&))
[3.347s]       |       [01;36m[K^~~~~~~~[m[K
[3.349s] [01m[K/usr/include/c++/11/ostream:127:30:[m[K [01;36m[Knote: [m[K  no known conversion for argument 1 from ‘[01m[Kcv::RotatedRect[m[K’ to ‘[01m[Kstd::ios_base& (*)(std::ios_base&)[m[K’
[3.350s]   127 |       operator<<([01;36m[Kios_base& (*__pf) (ios_base&)[m[K)
[3.351s]       |                  [01;36m[K~~~~~~~~~~~~^~~~~~~~~~~~~~~~~[m[K
[3.351s] [01m[K/usr/include/c++/11/ostream:166:7:[m[K [01;36m[Knote: [m[Kcandidate: ‘[01m[Kstd::basic_ostream<_CharT, _Traits>::__ostream_type& std::basic_ostream<_CharT, _Traits>::operator<<(long int) [with _CharT = char; _Traits = std::char_traits<char>; std::basic_ostream<_CharT, _Traits>::__ostream_type = std::basic_ostream<char>][m[K’
[3.352s]   166 |       [01;36m[Koperator[m[K<<(long __n)
[3.353s]       |       [01;36m[K^~~~~~~~[m[K
[3.353s] [01m[K/usr/include/c++/11/ostream:166:23:[m[K [01;36m[Knote: [m[K  no known conversion for argument 1 from ‘[01m[Kcv::RotatedRect[m[K’ to ‘[01m[Klong int[m[K’
[3.353s]   166 |       operator<<([01;36m[Klong __n[m[K)
[3.353s]       |                  [01;36m[K~~~~~^~~[m[K
[3.353s] [01m[K/usr/include/c++/11/ostream:170:7:[m[K [01;36m[Knote: [m[Kcandidate: ‘[01m[Kstd::basic_ostream<_CharT, _Traits>::__ostream_type& std::basic_ostream<_CharT, _Traits>::operator<<(long unsigned int) [with _CharT = char; _Traits = std::char_traits<char>; std::basic_ostream<_CharT, _Traits>::__ostream_type = std::basic_ostream<char>][m[K’
[3.353s]   170 |       [01;36m[Koperator[m[K<<(unsigned long __n)
[3.353s]       |       [01;36m[K^~~~~~~~[m[K
[3.354s] [01m[K/usr/include/c++/11/ostream:170:32:[m[K [01;36m[Knote: [m[K  no known conversion for argument 1 from ‘[01m[Kcv::RotatedRect[m[K’ to ‘[01m[Klong unsigned int[m[K’
[3.354s]   170 |       operator<<([01;36m[Kunsigned long __n[m[K)
[3.354s]       |                  [01;36m[K~~~~~~~~~~~~~~^~~[m[K
[3.354s] [01m[K/usr/include/c++/11/ostream:174:7:[m[K [01;36m[Knote: [m[Kcandidate: ‘[01m[Kstd::basic_ostream<_CharT, _Traits>::__ostream_type& std::basic_ostream<_CharT, _Traits>::operator<<(bool) [with _CharT = char; _Traits = std::char_traits<char>; std::basic_ostream<_CharT, _Traits>::__ostream_type = std::basic_ostream<char>][m[K’
[3.354s]   174 |       [01;36m[Koperator[m[K<<(bool __n)
[3.354s]       |       [01;36m[K^~~~~~~~[m[K
[3.355s] [01m[K/usr/include/c++/11/ostream:174:23:[m[K [01;36m[Knote: [m[K  no known conversion for argument 1 from ‘[01m[Kcv::RotatedRect[m[K’ to ‘[01m[Kbool[m[K’
[3.360s]   174 |       operator<<([01;36m[Kbool __n[m[K)
[3.360s]       |                  [01;36m[K~~~~~^~~[m[K
[3.360s] In file included from [01m[K/usr/include/c++/11/ostream:829[m[K,
[3.360s]                  from [01m[K/usr/include/c++/11/iostream:39[m[K,
[3.360s]                  from [01m[K/home/leoxia/Code/XJTU-RMV-Task05/src/detect_and_solve/include/detect_and_solve/recognition.hpp:2[m[K,
[3.361s]                  from [01m[K/home/leoxia/Code/XJTU-RMV-Task05/src/detect_and_solve/src/recognition.cpp:8[m[K:
[3.361s] [01m[K/usr/include/c++/11/bits/ostream.tcc:91:5:[m[K [01;36m[Knote: [m[Kcandidate: ‘[01m[Kstd::basic_ostream<_CharT, _Traits>& std::basic_ostream<_CharT, _Traits>::operator<<(short int) [with _CharT = char; _Traits = std::char_traits<char>][m[K’
[3.361s]    91 |     [01;36m[Kbasic_ostream<_CharT, _Traits>[m[K::
[3.361s]       |     [01;36m[K^~~~~~~~~~~~~~~~~~~~~~~~~~~~~~[m[K
[3.362s] [01m[K/usr/include/c++/11/bits/ostream.tcc:92:22:[m[K [01;36m[Knote: [m[K  no known conversion for argument 1 from ‘[01m[Kcv::RotatedRect[m[K’ to ‘[01m[Kshort int[m[K’
[3.362s]    92 |     operator<<([01;36m[Kshort __n[m[K)
[3.362s]       |                [01;36m[K~~~~~~^~~[m[K
[3.362s] In file included from [01m[K/usr/include/c++/11/iostream:39[m[K,
[3.366s]                  from [01m[K/home/leoxia/Code/XJTU-RMV-Task05/src/detect_and_solve/include/detect_and_solve/recognition.hpp:2[m[K,
[3.367s]                  from [01m[K/home/leoxia/Code/XJTU-RMV-Task05/src/detect_and_solve/src/recognition.cpp:8[m[K:
[3.367s] [01m[K/usr/include/c++/11/ostream:181:7:[m[K [01;36m[Knote: [m[Kcandidate: ‘[01m[Kstd::basic_ostream<_CharT, _Traits>::__ostream_type& std::basic_ostream<_CharT, _Traits>::operator<<(short unsigned int) [with _CharT = char; _Traits = std::char_traits<char>; std::basic_ostream<_CharT, _Traits>::__ostream_type = std::basic_ostream<char>][m[K’
[3.367s]   181 |       [01;36m[Koperator[m[K<<(unsigned short __n)
[3.367s]       |       [01;36m[K^~~~~~~~[m[K
[3.367s] [01m[K/usr/include/c++/11/ostream:181:33:[m[K [01;36m[Knote: [m[K  no known conversion for argument 1 from ‘[01m[Kcv::RotatedRect[m[K’ to ‘[01m[Kshort unsigned int[m[K’
[3.367s]   181 |       operator<<([01;36m[Kunsigned short __n[m[K)
[3.368s]       |                  [01;36m[K~~~~~~~~~~~~~~~^~~[m[K
[3.368s] In file included from [01m[K/usr/include/c++/11/ostream:829[m[K,
[3.368s]                  from [01m[K/usr/include/c++/11/iostream:39[m[K,
[3.368s]                  from [01m[K/home/leoxia/Code/XJTU-RMV-Task05/src/detect_and_solve/include/detect_and_solve/recognition.hpp:2[m[K,
[3.368s]                  from [01m[K/home/leoxia/Code/XJTU-RMV-Task05/src/detect_and_solve/src/recognition.cpp:8[m[K:
[3.368s] [01m[K/usr/include/c++/11/bits/ostream.tcc:105:5:[m[K [01;36m[Knote: [m[Kcandidate: ‘[01m[Kstd::basic_ostream<_CharT, _Traits>& std::basic_ostream<_CharT, _Traits>::operator<<(int) [with _CharT = char; _Traits = std::char_traits<char>][m[K’
[3.368s]   105 |     [01;36m[Kbasic_ostream<_CharT, _Traits>[m[K::
[3.369s]       |     [01;36m[K^~~~~~~~~~~~~~~~~~~~~~~~~~~~~~[m[K
[3.369s] [01m[K/usr/include/c++/11/bits/ostream.tcc:106:20:[m[K [01;36m[Knote: [m[K  no known conversion for argument 1 from ‘[01m[Kcv::RotatedRect[m[K’ to ‘[01m[Kint[m[K’
[3.369s]   106 |     operator<<([01;36m[Kint __n[m[K)
[3.369s]       |                [01;36m[K~~~~^~~[m[K
[3.369s] In file included from [01m[K/usr/include/c++/11/iostream:39[m[K,
[3.369s]                  from [01m[K/home/leoxia/Code/XJTU-RMV-Task05/src/detect_and_solve/include/detect_and_solve/recognition.hpp:2[m[K,
[3.369s]                  from [01m[K/home/leoxia/Code/XJTU-RMV-Task05/src/detect_and_solve/src/recognition.cpp:8[m[K:
[3.369s] [01m[K/usr/include/c++/11/ostream:192:7:[m[K [01;36m[Knote: [m[Kcandidate: ‘[01m[Kstd::basic_ostream<_CharT, _Traits>::__ostream_type& std::basic_ostream<_CharT, _Traits>::operator<<(unsigned int) [with _CharT = char; _Traits = std::char_traits<char>; std::basic_ostream<_CharT, _Traits>::__ostream_type = std::basic_ostream<char>][m[K’
[3.370s]   192 |       [01;36m[Koperator[m[K<<(unsigned int __n)
[3.370s]       |       [01;36m[K^~~~~~~~[m[K
[3.372s] [01m[K/usr/include/c++/11/ostream:192:31:[m[K [01;36m[Knote: [m[K  no known conversion for argument 1 from ‘[01m[Kcv::RotatedRect[m[K’ to ‘[01m[Kunsigned int[m[K’
[3.372s]   192 |       operator<<([01;36m[Kunsigned int __n[m[K)
[3.372s]       |                  [01;36m[K~~~~~~~~~~~~~^~~[m[K
[3.372s] [01m[K/usr/include/c++/11/ostream:201:7:[m[K [01;36m[Knote: [m[Kcandidate: ‘[01m[Kstd::basic_ostream<_CharT, _Traits>::__ostream_type& std::basic_ostream<_CharT, _Traits>::operator<<(long long int) [with _CharT = char; _Traits = std::char_traits<char>; std::basic_ostream<_CharT, _Traits>::__ostream_type = std::basic_ostream<char>][m[K’
[3.372s]   201 |       [01;36m[Koperator[m[K<<(long long __n)
[3.372s]       |       [01;36m[K^~~~~~~~[m[K
[3.373s] [01m[K/usr/include/c++/11/ostream:201:28:[m[K [01;36m[Knote: [m[K  no known conversion for argument 1 from ‘[01m[Kcv::RotatedRect[m[K’ to ‘[01m[Klong long int[m[K’
[3.373s]   201 |       operator<<([01;36m[Klong long __n[m[K)
[3.373s]       |                  [01;36m[K~~~~~~~~~~^~~[m[K
[3.373s] [01m[K/usr/include/c++/11/ostream:205:7:[m[K [01;36m[Knote: [m[Kcandidate: ‘[01m[Kstd::basic_ostream<_CharT, _Traits>::__ostream_type& std::basic_ostream<_CharT, _Traits>::operator<<(long long unsigned int) [with _CharT = char; _Traits = std::char_traits<char>; std::basic_ostream<_CharT, _Traits>::__ostream_type = std::basic_ostream<char>][m[K’
[3.373s]   205 |       [01;36m[Koperator[m[K<<(unsigned long long __n)
[3.373s]       |       [01;36m[K^~~~~~~~[m[K
[3.373s] [01m[K/usr/include/c++/11/ostream:205:37:[m[K [01;36m[Knote: [m[K  no known conversion for argument 1 from ‘[01m[Kcv::RotatedRect[m[K’ to ‘[01m[Klong long unsigned int[m[K’
[3.373s]   205 |       operator<<([01;36m[Kunsigned long long __n[m[K)
[3.373s]       |                  [01;36m[K~~~~~~~~~~~~~~~~~~~^~~[m[K
[3.373s] [01m[K/usr/include/c++/11/ostream:220:7:[m[K [01;36m[Knote: [m[Kcandidate: ‘[01m[Kstd::basic_ostream<_CharT, _Traits>::__ostream_type& std::basic_ostream<_CharT, _Traits>::operator<<(double) [with _CharT = char; _Traits = std::char_traits<char>; std::basic_ostream<_CharT, _Traits>::__ostream_type = std::basic_ostream<char>][m[K’
[3.374s]   220 |       [01;36m[Koperator[m[K<<(double __f)
[3.374s]       |       [01;36m[K^~~~~~~~[m[K
[3.374s] [01m[K/usr/include/c++/11/ostream:220:25:[m[K [01;36m[Knote: [m[K  no known conversion for argument 1 from ‘[01m[Kcv::RotatedRect[m[K’ to ‘[01m[Kdouble[m[K’
[3.374s]   220 |       operator<<([01;36m[Kdouble __f[m[K)
[3.374s]       |                  [01;36m[K~~~~~~~^~~[m[K
[3.374s] [01m[K/usr/include/c++/11/ostream:224:7:[m[K [01;36m[Knote: [m[Kcandidate: ‘[01m[Kstd::basic_ostream<_CharT, _Traits>::__ostream_type& std::basic_ostream<_CharT, _Traits>::operator<<(float) [with _CharT = char; _Traits = std::char_traits<char>; std::basic_ostream<_CharT, _Traits>::__ostream_type = std::basic_ostream<char>][m[K’
[3.374s]   224 |       [01;36m[Koperator[m[K<<(float __f)
[3.374s]       |       [01;36m[K^~~~~~~~[m[K
[3.374s] [01m[K/usr/include/c++/11/ostream:224:24:[m[K [01;36m[Knote: [m[K  no known conversion for argument 1 from ‘[01m[Kcv::RotatedRect[m[K’ to ‘[01m[Kfloat[m[K’
[3.374s]   224 |       operator<<([01;36m[Kfloat __f[m[K)
[3.375s]       |                  [01;36m[K~~~~~~^~~[m[K
[3.378s] [01m[K/usr/include/c++/11/ostream:232:7:[m[K [01;36m[Knote: [m[Kcandidate: ‘[01m[Kstd::basic_ostream<_CharT, _Traits>::__ostream_type& std::basic_ostream<_CharT, _Traits>::operator<<(long double) [with _CharT = char; _Traits = std::char_traits<char>; std::basic_ostream<_CharT, _Traits>::__ostream_type = std::basic_ostream<char>][m[K’
[3.378s]   232 |       [01;36m[Koperator[m[K<<(long double __f)
[3.378s]       |       [01;36m[K^~~~~~~~[m[K
[3.378s] [01m[K/usr/include/c++/11/ostream:232:30:[m[K [01;36m[Knote: [m[K  no known conversion for argument 1 from ‘[01m[Kcv::RotatedRect[m[K’ to ‘[01m[Klong double[m[K’
[3.378s]   232 |       operator<<([01;36m[Klong double __f[m[K)
[3.378s]       |                  [01;36m[K~~~~~~~~~~~~^~~[m[K
[3.378s] [01m[K/usr/include/c++/11/ostream:245:7:[m[K [01;36m[Knote: [m[Kcandidate: ‘[01m[Kstd::basic_ostream<_CharT, _Traits>::__ostream_type& std::basic_ostream<_CharT, _Traits>::operator<<(const void*) [with _CharT = char; _Traits = std::char_traits<char>; std::basic_ostream<_CharT, _Traits>::__ostream_type = std::basic_ostream<char>][m[K’
[3.379s]   245 |       [01;36m[Koperator[m[K<<(const void* __p)
[3.379s]       |       [01;36m[K^~~~~~~~[m[K
[3.379s] [01m[K/usr/include/c++/11/ostream:245:30:[m[K [01;36m[Knote: [m[K  no known conversion for argument 1 from ‘[01m[Kcv::RotatedRect[m[K’ to ‘[01m[Kconst void*[m[K’
[3.379s]   245 |       operator<<([01;36m[Kconst void* __p[m[K)
[3.379s]       |                  [01;36m[K~~~~~~~~~~~~^~~[m[K
[3.379s] [01m[K/usr/include/c++/11/ostream:250:7:[m[K [01;36m[Knote: [m[Kcandidate: ‘[01m[Kstd::basic_ostream<_CharT, _Traits>::__ostream_type& std::basic_ostream<_CharT, _Traits>::operator<<(std::nullptr_t) [with _CharT = char; _Traits = std::char_traits<char>; std::basic_ostream<_CharT, _Traits>::__ostream_type = std::basic_ostream<char>; std::nullptr_t = std::nullptr_t][m[K’
[3.379s]   250 |       [01;36m[Koperator[m[K<<(nullptr_t)
[3.379s]       |       [01;36m[K^~~~~~~~[m[K
[3.379s] [01m[K/usr/include/c++/11/ostream:250:18:[m[K [01;36m[Knote: [m[K  no known conversion for argument 1 from ‘[01m[Kcv::RotatedRect[m[K’ to ‘[01m[Kstd::nullptr_t[m[K’
[3.380s]   250 |       operator<<([01;36m[Knullptr_t[m[K)
[3.380s]       |                  [01;36m[K^~~~~~~~~[m[K
[3.380s] In file included from [01m[K/usr/include/c++/11/ostream:829[m[K,
[3.380s]                  from [01m[K/usr/include/c++/11/iostream:39[m[K,
[3.380s]                  from [01m[K/home/leoxia/Code/XJTU-RMV-Task05/src/detect_and_solve/include/detect_and_solve/recognition.hpp:2[m[K,
[3.380s]                  from [01m[K/home/leoxia/Code/XJTU-RMV-Task05/src/detect_and_solve/src/recognition.cpp:8[m[K:
[3.380s] [01m[K/usr/include/c++/11/bits/ostream.tcc:119:5:[m[K [01;36m[Knote: [m[Kcandidate: ‘[01m[Kstd::basic_ostream<_CharT, _Traits>& std::basic_ostream<_CharT, _Traits>::operator<<(std::basic_ostream<_CharT, _Traits>::__streambuf_type*) [with _CharT = char; _Traits = std::char_traits<char>; std::basic_ostream<_CharT, _Traits>::__streambuf_type = std::basic_streambuf<char>][m[K’
[3.381s]   119 |     [01;36m[Kbasic_ostream<_CharT, _Traits>[m[K::
[3.384s]       |     [01;36m[K^~~~~~~~~~~~~~~~~~~~~~~~~~~~~~[m[K
[3.384s] [01m[K/usr/include/c++/11/bits/ostream.tcc:120:34:[m[K [01;36m[Knote: [m[K  no known conversion for argument 1 from ‘[01m[Kcv::RotatedRect[m[K’ to ‘[01m[Kstd::basic_ostream<char>::__streambuf_type*[m[K’ {aka ‘[01m[Kstd::basic_streambuf<char>*[m[K’}
[3.384s]   120 |     operator<<([01;36m[K__streambuf_type* __sbin[m[K)
[3.384s]       |                [01;36m[K~~~~~~~~~~~~~~~~~~^~~~~~[m[K
[3.384s] In file included from [01m[K/usr/include/opencv4/opencv2/core.hpp:56[m[K,
[3.384s]                  from [01m[K/usr/include/opencv4/opencv2/opencv.hpp:52[m[K,
[3.384s]                  from [01m[K/home/leoxia/Code/XJTU-RMV-Task05/src/detect_and_solve/include/detect_and_solve/recognition.hpp:4[m[K,
[3.385s]                  from [01m[K/home/leoxia/Code/XJTU-RMV-Task05/src/detect_and_solve/src/recognition.cpp:8[m[K:
[3.385s] [01m[K/usr/include/opencv4/opencv2/core/matx.hpp:947:33:[m[K [01;36m[Knote: [m[Kcandidate: ‘[01m[Ktemplate<class _Tp, class _T2, int m, int n> cv::MatxCommaInitializer<_Tp, m, n> cv::operator<<(const cv::Matx<_Tp, m, n>&, _T2)[m[K’
[3.385s]   947 | MatxCommaInitializer<_Tp, m, n> [01;36m[Koperator[m[K << (const Matx<_Tp, m, n>& mtx, _T2 val)
[3.385s]       |                                 [01;36m[K^~~~~~~~[m[K
[3.385s] [01m[K/usr/include/opencv4/opencv2/core/matx.hpp:947:33:[m[K [01;36m[Knote: [m[K  template argument deduction/substitution failed:
[3.385s] [01m[K/home/leoxia/Code/XJTU-RMV-Task05/src/detect_and_solve/src/recognition.cpp:225:20:[m[K [01;36m[Knote: [m[K  ‘[01m[Kstd::ostream[m[K’ {aka ‘[01m[Kstd::basic_ostream<char>[m[K’} is not derived from ‘[01m[Kconst cv::Matx<_Tp, m, n>[m[K’
[3.385s]   225 |         std::cout<<[01;36m[Kout[m[K<<std::endl;
[3.385s]       |                    [01;36m[K^~~[m[K
[3.385s] In file included from [01m[K/usr/include/opencv4/opencv2/core.hpp:56[m[K,
[3.385s]                  from [01m[K/usr/include/opencv4/opencv2/opencv.hpp:52[m[K,
[3.385s]                  from [01m[K/home/leoxia/Code/XJTU-RMV-Task05/src/detect_and_solve/include/detect_and_solve/recognition.hpp:4[m[K,
[3.386s]                  from [01m[K/home/leoxia/Code/XJTU-RMV-Task05/src/detect_and_solve/src/recognition.cpp:8[m[K:
[3.386s] [01m[K/usr/include/opencv4/opencv2/core/matx.hpp:1160:30:[m[K [01;36m[Knote: [m[Kcandidate: ‘[01m[Ktemplate<class _Tp, class _T2, int cn> cv::VecCommaInitializer<_Tp, cn> cv::operator<<(const cv::Vec<_Tp, n>&, _T2)[m[K’
[3.386s]  1160 | VecCommaInitializer<_Tp, cn> [01;36m[Koperator[m[K << (const Vec<_Tp, cn>& vec, _T2 val)
[3.386s]       |                              [01;36m[K^~~~~~~~[m[K
[3.386s] [01m[K/usr/include/opencv4/opencv2/core/matx.hpp:1160:30:[m[K [01;36m[Knote: [m[K  template argument deduction/substitution failed:
[3.386s] [01m[K/home/leoxia/Code/XJTU-RMV-Task05/src/detect_and_solve/src/recognition.cpp:225:20:[m[K [01;36m[Knote: [m[K  ‘[01m[Kstd::ostream[m[K’ {aka ‘[01m[Kstd::basic_ostream<char>[m[K’} is not derived from ‘[01m[Kconst cv::Vec<_Tp, n>[m[K’
[3.386s]   225 |         std::cout<<[01;36m[Kout[m[K<<std::endl;
[3.386s]       |                    [01;36m[K^~~[m[K
[3.386s] In file included from [01m[K/usr/include/opencv4/opencv2/core/mat.hpp:3764[m[K,
[3.386s]                  from [01m[K/usr/include/opencv4/opencv2/core.hpp:58[m[K,
[3.387s]                  from [01m[K/usr/include/opencv4/opencv2/opencv.hpp:52[m[K,
[3.387s]                  from [01m[K/home/leoxia/Code/XJTU-RMV-Task05/src/detect_and_solve/include/detect_and_solve/recognition.hpp:4[m[K,
[3.390s]                  from [01m[K/home/leoxia/Code/XJTU-RMV-Task05/src/detect_and_solve/src/recognition.cpp:8[m[K:
[3.390s] [01m[K/usr/include/opencv4/opencv2/core/mat.inl.hpp:2997:27:[m[K [01;36m[Knote: [m[Kcandidate: ‘[01m[Ktemplate<class _Tp, class T2> cv::MatCommaInitializer_<_Tp> cv::operator<<(const cv::Mat_<_Tp>&, T2)[m[K’
[3.390s]  2997 | MatCommaInitializer_<_Tp> [01;36m[Koperator[m[K << (const Mat_<_Tp>& m, T2 val)
[3.390s]       |                           [01;36m[K^~~~~~~~[m[K
[3.390s] [01m[K/usr/include/opencv4/opencv2/core/mat.inl.hpp:2997:27:[m[K [01;36m[Knote: [m[K  template argument deduction/substitution failed:
[3.390s] [01m[K/home/leoxia/Code/XJTU-RMV-Task05/src/detect_and_solve/src/recognition.cpp:225:20:[m[K [01;36m[Knote: [m[K  ‘[01m[Kstd::ostream[m[K’ {aka ‘[01m[Kstd::basic_ostream<char>[m[K’} is not derived from ‘[01m[Kconst cv::Mat_<_Tp>[m[K’
[3.391s]   225 |         std::cout<<[01;36m[Kout[m[K<<std::endl;
[3.391s]       |                    [01;36m[K^~~[m[K
[3.391s] In file included from [01m[K/usr/include/opencv4/opencv2/core.hpp:59[m[K,
[3.391s]                  from [01m[K/usr/include/opencv4/opencv2/opencv.hpp:52[m[K,
[3.391s]                  from [01m[K/home/leoxia/Code/XJTU-RMV-Task05/src/detect_and_solve/include/detect_and_solve/recognition.hpp:4[m[K,
[3.391s]                  from [01m[K/home/leoxia/Code/XJTU-RMV-Task05/src/detect_and_solve/src/recognition.cpp:8[m[K:
[3.391s] [01m[K/usr/include/opencv4/opencv2/core/persistence.hpp:1219:14:[m[K [01;36m[Knote: [m[Kcandidate: ‘[01m[Ktemplate<class _Tp> cv::FileStorage& cv::operator<<(cv::FileStorage&, const _Tp&)[m[K’
[3.391s]  1219 | FileStorage& [01;36m[Koperator[m[K << (FileStorage& fs, const _Tp& value)
[3.391s]       |              [01;36m[K^~~~~~~~[m[K
[3.392s] [01m[K/usr/include/opencv4/opencv2/core/persistence.hpp:1219:14:[m[K [01;36m[Knote: [m[K  template argument deduction/substitution failed:
[3.392s] [01m[K/home/leoxia/Code/XJTU-RMV-Task05/src/detect_and_solve/src/recognition.cpp:225:14:[m[K [01;36m[Knote: [m[K  cannot convert ‘[01m[Kstd::cout[m[K’ (type ‘[01m[Kstd::ostream[m[K’ {aka ‘[01m[Kstd::basic_ostream<char>[m[K’}) to type ‘[01m[Kcv::FileStorage&[m[K’
[3.392s]   225 |         [01;36m[Kstd::cout[m[K<<out<<std::endl;
[3.392s]       |         [01;36m[K~~~~~^~~~[m[K
[3.392s] In file included from [01m[K/usr/include/opencv4/opencv2/core.hpp:3306[m[K,
[3.392s]                  from [01m[K/usr/include/opencv4/opencv2/opencv.hpp:52[m[K,
[3.392s]                  from [01m[K/home/leoxia/Code/XJTU-RMV-Task05/src/detect_and_solve/include/detect_and_solve/recognition.hpp:4[m[K,
[3.392s]                  from [01m[K/home/leoxia/Code/XJTU-RMV-Task05/src/detect_and_solve/src/recognition.cpp:8[m[K:
[3.393s] [01m[K/usr/include/opencv4/opencv2/core/cvstd.inl.hpp:99:15:[m[K [01;36m[Knote: [m[Kcandidate: ‘[01m[Ktemplate<class _Tp> std::ostream& cv::operator<<(std::ostream&, const cv::Complex<_Tp>&)[m[K’
[3.393s]    99 | std::ostream& [01;36m[Koperator[m[K << (std::ostream& out, const Complex<_Tp>& c)
[3.396s]       |               [01;36m[K^~~~~~~~[m[K
[3.396s] [01m[K/usr/include/opencv4/opencv2/core/cvstd.inl.hpp:99:15:[m[K [01;36m[Knote: [m[K  template argument deduction/substitution failed:
[3.396s] [01m[K/home/leoxia/Code/XJTU-RMV-Task05/src/detect_and_solve/src/recognition.cpp:225:20:[m[K [01;36m[Knote: [m[K  ‘[01m[Kcv::RotatedRect[m[K’ is not derived from ‘[01m[Kconst cv::Complex<_Tp>[m[K’
[3.396s]   225 |         std::cout<<[01;36m[Kout[m[K<<std::endl;
[3.396s]       |                    [01;36m[K^~~[m[K
[3.396s] In file included from [01m[K/usr/include/opencv4/opencv2/core.hpp:3306[m[K,
[3.397s]                  from [01m[K/usr/include/opencv4/opencv2/opencv.hpp:52[m[K,
[3.397s]                  from [01m[K/home/leoxia/Code/XJTU-RMV-Task05/src/detect_and_solve/include/detect_and_solve/recognition.hpp:4[m[K,
[3.397s]                  from [01m[K/home/leoxia/Code/XJTU-RMV-Task05/src/detect_and_solve/src/recognition.cpp:8[m[K:
[3.397s] [01m[K/usr/include/opencv4/opencv2/core/cvstd.inl.hpp:105:15:[m[K [01;36m[Knote: [m[Kcandidate: ‘[01m[Ktemplate<class _Tp> std::ostream& cv::operator<<(std::ostream&, const std::vector<cv::Point_<_Tp> >&)[m[K’
[3.397s]   105 | std::ostream& [01;36m[Koperator[m[K << (std::ostream& out, const std::vector<Point_<_Tp> >& vec)
[3.397s]       |               [01;36m[K^~~~~~~~[m[K
[3.397s] [01m[K/usr/include/opencv4/opencv2/core/cvstd.inl.hpp:105:15:[m[K [01;36m[Knote: [m[K  template argument deduction/substitution failed:
[3.397s] [01m[K/home/leoxia/Code/XJTU-RMV-Task05/src/detect_and_solve/src/recognition.cpp:225:20:[m[K [01;36m[Knote: [m[K  ‘[01m[Kcv::RotatedRect[m[K’ is not derived from ‘[01m[Kconst std::vector<cv::Point_<_Tp> >[m[K’
[3.397s]   225 |         std::cout<<[01;36m[Kout[m[K<<std::endl;
[3.398s]       |                    [01;36m[K^~~[m[K
[3.398s] In file included from [01m[K/usr/include/opencv4/opencv2/core.hpp:3306[m[K,
[3.398s]                  from [01m[K/usr/include/opencv4/opencv2/opencv.hpp:52[m[K,
[3.398s]                  from [01m[K/home/leoxia/Code/XJTU-RMV-Task05/src/detect_and_solve/include/detect_and_solve/recognition.hpp:4[m[K,
[3.398s]                  from [01m[K/home/leoxia/Code/XJTU-RMV-Task05/src/detect_and_solve/src/recognition.cpp:8[m[K:
[3.398s] [01m[K/usr/include/opencv4/opencv2/core/cvstd.inl.hpp:112:15:[m[K [01;36m[Knote: [m[Kcandidate: ‘[01m[Ktemplate<class _Tp> std::ostream& cv::operator<<(std::ostream&, const std::vector<cv::Point3_<_Tp> >&)[m[K’
[3.398s]   112 | std::ostream& [01;36m[Koperator[m[K << (std::ostream& out, const std::vector<Point3_<_Tp> >& vec)
[3.398s]       |               [01;36m[K^~~~~~~~[m[K
[3.398s] [01m[K/usr/include/opencv4/opencv2/core/cvstd.inl.hpp:112:15:[m[K [01;36m[Knote: [m[K  template argument deduction/substitution failed:
[3.398s] [01m[K/home/leoxia/Code/XJTU-RMV-Task05/src/detect_and_solve/src/recognition.cpp:225:20:[m[K [01;36m[Knote: [m[K  ‘[01m[Kcv::RotatedRect[m[K’ is not derived from ‘[01m[Kconst std::vector<cv::Point3_<_Tp> >[m[K’
[3.399s]   225 |         std::cout<<[01;36m[Kout[m[K<<std::endl;
[3.399s]       |                    [01;36m[K^~~[m[K
[3.402s] In file included from [01m[K/usr/include/opencv4/opencv2/core.hpp:3306[m[K,
[3.402s]                  from [01m[K/usr/include/opencv4/opencv2/opencv.hpp:52[m[K,
[3.402s]                  from [01m[K/home/leoxia/Code/XJTU-RMV-Task05/src/detect_and_solve/include/detect_and_solve/recognition.hpp:4[m[K,
[3.402s]                  from [01m[K/home/leoxia/Code/XJTU-RMV-Task05/src/detect_and_solve/src/recognition.cpp:8[m[K:
[3.402s] [01m[K/usr/include/opencv4/opencv2/core/cvstd.inl.hpp:119:15:[m[K [01;36m[Knote: [m[Kcandidate: ‘[01m[Ktemplate<class _Tp, int m, int n> std::ostream& cv::operator<<(std::ostream&, const cv::Matx<_Tp, m, n>&)[m[K’
[3.403s]   119 | std::ostream& [01;36m[Koperator[m[K << (std::ostream& out, const Matx<_Tp, m, n>& matx)
[3.403s]       |               [01;36m[K^~~~~~~~[m[K
[3.403s] [01m[K/usr/include/opencv4/opencv2/core/cvstd.inl.hpp:119:15:[m[K [01;36m[Knote: [m[K  template argument deduction/substitution failed:
[3.403s] [01m[K/home/leoxia/Code/XJTU-RMV-Task05/src/detect_and_solve/src/recognition.cpp:225:20:[m[K [01;36m[Knote: [m[K  ‘[01m[Kcv::RotatedRect[m[K’ is not derived from ‘[01m[Kconst cv::Matx<_Tp, m, n>[m[K’
[3.403s]   225 |         std::cout<<[01;36m[Kout[m[K<<std::endl;
[3.403s]       |                    [01;36m[K^~~[m[K
[3.403s] In file included from [01m[K/usr/include/opencv4/opencv2/core.hpp:3306[m[K,
[3.403s]                  from [01m[K/usr/include/opencv4/opencv2/opencv.hpp:52[m[K,
[3.403s]                  from [01m[K/home/leoxia/Code/XJTU-RMV-Task05/src/detect_and_solve/include/detect_and_solve/recognition.hpp:4[m[K,
[3.403s]                  from [01m[K/home/leoxia/Code/XJTU-RMV-Task05/src/detect_and_solve/src/recognition.cpp:8[m[K:
[3.404s] [01m[K/usr/include/opencv4/opencv2/core/cvstd.inl.hpp:125:15:[m[K [01;36m[Knote: [m[Kcandidate: ‘[01m[Ktemplate<class _Tp> std::ostream& cv::operator<<(std::ostream&, const cv::Point_<_Tp>&)[m[K’
[3.404s]   125 | std::ostream& [01;36m[Koperator[m[K << (std::ostream& out, const Point_<_Tp>& p)
[3.404s]       |               [01;36m[K^~~~~~~~[m[K
[3.404s] [01m[K/usr/include/opencv4/opencv2/core/cvstd.inl.hpp:125:15:[m[K [01;36m[Knote: [m[K  template argument deduction/substitution failed:
[3.404s] [01m[K/home/leoxia/Code/XJTU-RMV-Task05/src/detect_and_solve/src/recognition.cpp:225:20:[m[K [01;36m[Knote: [m[K  ‘[01m[Kcv::RotatedRect[m[K’ is not derived from ‘[01m[Kconst cv::Point_<_Tp>[m[K’
[3.404s]   225 |         std::cout<<[01;36m[Kout[m[K<<std::endl;
[3.404s]       |                    [01;36m[K^~~[m[K
[3.404s] In file included from [01m[K/usr/include/opencv4/opencv2/core.hpp:3306[m[K,
[3.404s]                  from [01m[K/usr/include/opencv4/opencv2/opencv.hpp:52[m[K,
[3.405s]                  from [01m[K/home/leoxia/Code/XJTU-RMV-Task05/src/detect_and_solve/include/detect_and_solve/recognition.hpp:4[m[K,
[3.408s]                  from [01m[K/home/leoxia/Code/XJTU-RMV-Task05/src/detect_and_solve/src/recognition.cpp:8[m[K:
[3.408s] [01m[K/usr/include/opencv4/opencv2/core/cvstd.inl.hpp:132:15:[m[K [01;36m[Knote: [m[Kcandidate: ‘[01m[Ktemplate<class _Tp> std::ostream& cv::operator<<(std::ostream&, const cv::Point3_<_Tp>&)[m[K’
[3.408s]   132 | std::ostream& [01;36m[Koperator[m[K << (std::ostream& out, const Point3_<_Tp>& p)
[3.408s]       |               [01;36m[K^~~~~~~~[m[K
[3.408s] [01m[K/usr/include/opencv4/opencv2/core/cvstd.inl.hpp:132:15:[m[K [01;36m[Knote: [m[K  template argument deduction/substitution failed:
[3.408s] [01m[K/home/leoxia/Code/XJTU-RMV-Task05/src/detect_and_solve/src/recognition.cpp:225:20:[m[K [01;36m[Knote: [m[K  ‘[01m[Kcv::RotatedRect[m[K’ is not derived from ‘[01m[Kconst cv::Point3_<_Tp>[m[K’
[3.408s]   225 |         std::cout<<[01;36m[Kout[m[K<<std::endl;
[3.409s]       |                    [01;36m[K^~~[m[K
[3.409s] In file included from [01m[K/usr/include/opencv4/opencv2/core.hpp:3306[m[K,
[3.409s]                  from [01m[K/usr/include/opencv4/opencv2/opencv.hpp:52[m[K,
[3.409s]                  from [01m[K/home/leoxia/Code/XJTU-RMV-Task05/src/detect_and_solve/include/detect_and_solve/recognition.hpp:4[m[K,
[3.409s]                  from [01m[K/home/leoxia/Code/XJTU-RMV-Task05/src/detect_and_solve/src/recognition.cpp:8[m[K:
[3.409s] [01m[K/usr/include/opencv4/opencv2/core/cvstd.inl.hpp:139:15:[m[K [01;36m[Knote: [m[Kcandidate: ‘[01m[Ktemplate<class _Tp, int n> std::ostream& cv::operator<<(std::ostream&, const cv::Vec<_Tp, m>&)[m[K’
[3.409s]   139 | std::ostream& [01;36m[Koperator[m[K << (std::ostream& out, const Vec<_Tp, n>& vec)
[3.409s]       |               [01;36m[K^~~~~~~~[m[K
[3.410s] [01m[K/usr/include/opencv4/opencv2/core/cvstd.inl.hpp:139:15:[m[K [01;36m[Knote: [m[K  template argument deduction/substitution failed:
[3.410s] [01m[K/home/leoxia/Code/XJTU-RMV-Task05/src/detect_and_solve/src/recognition.cpp:225:20:[m[K [01;36m[Knote: [m[K  ‘[01m[Kcv::RotatedRect[m[K’ is not derived from ‘[01m[Kconst cv::Vec<_Tp, m>[m[K’
[3.410s]   225 |         std::cout<<[01;36m[Kout[m[K<<std::endl;
[3.410s]       |                    [01;36m[K^~~[m[K
[3.410s] In file included from [01m[K/usr/include/opencv4/opencv2/core.hpp:3306[m[K,
[3.410s]                  from [01m[K/usr/include/opencv4/opencv2/opencv.hpp:52[m[K,
[3.410s]                  from [01m[K/home/leoxia/Code/XJTU-RMV-Task05/src/detect_and_solve/include/detect_and_solve/recognition.hpp:4[m[K,
[3.410s]                  from [01m[K/home/leoxia/Code/XJTU-RMV-Task05/src/detect_and_solve/src/recognition.cpp:8[m[K:
[3.410s] [01m[K/usr/include/opencv4/opencv2/core/cvstd.inl.hpp:161:15:[m[K [01;36m[Knote: [m[Kcandidate: ‘[01m[Ktemplate<class _Tp> std::ostream& cv::operator<<(std::ostream&, const cv::Size_<_Tp>&)[m[K’
[3.410s]   161 | std::ostream& [01;36m[Koperator[m[K << (std::ostream& out, const Size_<_Tp>& size)
[3.411s]       |               [01;36m[K^~~~~~~~[m[K
[3.414s] [01m[K/usr/include/opencv4/opencv2/core/cvstd.inl.hpp:161:15:[m[K [01;36m[Knote: [m[K  template argument deduction/substitution failed:
[3.414s] [01m[K/home/leoxia/Code/XJTU-RMV-Task05/src/detect_and_solve/src/recognition.cpp:225:20:[m[K [01;36m[Knote: [m[K  ‘[01m[Kcv::RotatedRect[m[K’ is not derived from ‘[01m[Kconst cv::Size_<_Tp>[m[K’
[3.414s]   225 |         std::cout<<[01;36m[Kout[m[K<<std::endl;
[3.414s]       |                    [01;36m[K^~~[m[K
[3.414s] In file included from [01m[K/usr/include/opencv4/opencv2/core.hpp:3306[m[K,
[3.414s]                  from [01m[K/usr/include/opencv4/opencv2/opencv.hpp:52[m[K,
[3.415s]                  from [01m[K/home/leoxia/Code/XJTU-RMV-Task05/src/detect_and_solve/include/detect_and_solve/recognition.hpp:4[m[K,
[3.415s]                  from [01m[K/home/leoxia/Code/XJTU-RMV-Task05/src/detect_and_solve/src/recognition.cpp:8[m[K:
[3.415s] [01m[K/usr/include/opencv4/opencv2/core/cvstd.inl.hpp:167:15:[m[K [01;36m[Knote: [m[Kcandidate: ‘[01m[Ktemplate<class _Tp> std::ostream& cv::operator<<(std::ostream&, const cv::Rect_<_Tp>&)[m[K’
[3.415s]   167 | std::ostream& [01;36m[Koperator[m[K << (std::ostream& out, const Rect_<_Tp>& rect)
[3.415s]       |               [01;36m[K^~~~~~~~[m[K
[3.415s] [01m[K/usr/include/opencv4/opencv2/core/cvstd.inl.hpp:167:15:[m[K [01;36m[Knote: [m[K  template argument deduction/substitution failed:
[3.415s] [01m[K/home/leoxia/Code/XJTU-RMV-Task05/src/detect_and_solve/src/recognition.cpp:225:20:[m[K [01;36m[Knote: [m[K  ‘[01m[Kcv::RotatedRect[m[K’ is not derived from ‘[01m[Kconst cv::Rect_<_Tp>[m[K’
[3.415s]   225 |         std::cout<<[01;36m[Kout[m[K<<std::endl;
[3.415s]       |                    [01;36m[K^~~[m[K
[3.415s] In file included from [01m[K/usr/include/c++/11/bits/basic_string.h:48[m[K,
[3.415s]                  from [01m[K/usr/include/c++/11/string:55[m[K,
[3.416s]                  from [01m[K/usr/include/c++/11/bits/locale_classes.h:40[m[K,
[3.416s]                  from [01m[K/usr/include/c++/11/bits/ios_base.h:41[m[K,
[3.416s]                  from [01m[K/usr/include/c++/11/ios:42[m[K,
[3.416s]                  from [01m[K/usr/include/c++/11/ostream:38[m[K,
[3.416s]                  from [01m[K/usr/include/c++/11/iostream:39[m[K,
[3.416s]                  from [01m[K/home/leoxia/Code/XJTU-RMV-Task05/src/detect_and_solve/include/detect_and_solve/recognition.hpp:2[m[K,
[3.416s]                  from [01m[K/home/leoxia/Code/XJTU-RMV-Task05/src/detect_and_solve/src/recognition.cpp:8[m[K:
[3.416s] [01m[K/usr/include/c++/11/string_view:667:5:[m[K [01;36m[Knote: [m[Kcandidate: ‘[01m[Ktemplate<class _CharT, class _Traits> std::basic_ostream<_CharT, _Traits>& std::operator<<(std::basic_ostream<_CharT, _Traits>&, std::basic_string_view<_CharT, _Traits>)[m[K’
[3.416s]   667 |     [01;36m[Koperator[m[K<<(basic_ostream<_CharT, _Traits>& __os,
[3.416s]       |     [01;36m[K^~~~~~~~[m[K
[3.417s] [01m[K/usr/include/c++/11/string_view:667:5:[m[K [01;36m[Knote: [m[K  template argument deduction/substitution failed:
[3.420s] [01m[K/home/leoxia/Code/XJTU-RMV-Task05/src/detect_and_solve/src/recognition.cpp:225:20:[m[K [01;36m[Knote: [m[K  ‘[01m[Kcv::RotatedRect[m[K’ is not derived from ‘[01m[Kstd::basic_string_view<_CharT, _Traits>[m[K’
[3.420s]   225 |         std::cout<<[01;36m[Kout[m[K<<std::endl;
[3.420s]       |                    [01;36m[K^~~[m[K
[3.420s] In file included from [01m[K/usr/include/c++/11/string:55[m[K,
[3.420s]                  from [01m[K/usr/include/c++/11/bits/locale_classes.h:40[m[K,
[3.420s]                  from [01m[K/usr/include/c++/11/bits/ios_base.h:41[m[K,
[3.420s]                  from [01m[K/usr/include/c++/11/ios:42[m[K,
[3.421s]                  from [01m[K/usr/include/c++/11/ostream:38[m[K,
[3.421s]                  from [01m[K/usr/include/c++/11/iostream:39[m[K,
[3.421s]                  from [01m[K/home/leoxia/Code/XJTU-RMV-Task05/src/detect_and_solve/include/detect_and_solve/recognition.hpp:2[m[K,
[3.421s]                  from [01m[K/home/leoxia/Code/XJTU-RMV-Task05/src/detect_and_solve/src/recognition.cpp:8[m[K:
[3.421s] [01m[K/usr/include/c++/11/bits/basic_string.h:6531:5:[m[K [01;36m[Knote: [m[Kcandidate: ‘[01m[Ktemplate<class _CharT, class _Traits, class _Alloc> std::basic_ostream<_CharT, _Traits>& std::operator<<(std::basic_ostream<_CharT, _Traits>&, const std::__cxx11::basic_string<_CharT, _Traits, _Allocator>&)[m[K’
[3.421s]  6531 |     [01;36m[Koperator[m[K<<(basic_ostream<_CharT, _Traits>& __os,
[3.421s]       |     [01;36m[K^~~~~~~~[m[K
[3.421s] [01m[K/usr/include/c++/11/bits/basic_string.h:6531:5:[m[K [01;36m[Knote: [m[K  template argument deduction/substitution failed:
[3.422s] [01m[K/home/leoxia/Code/XJTU-RMV-Task05/src/detect_and_solve/src/recognition.cpp:225:20:[m[K [01;36m[Knote: [m[K  ‘[01m[Kcv::RotatedRect[m[K’ is not derived from ‘[01m[Kconst std::__cxx11::basic_string<_CharT, _Traits, _Allocator>[m[K’
[3.422s]   225 |         std::cout<<[01;36m[Kout[m[K<<std::endl;
[3.422s]       |                    [01;36m[K^~~[m[K
[3.422s] In file included from [01m[K/usr/include/c++/11/bits/ios_base.h:46[m[K,
[3.422s]                  from [01m[K/usr/include/c++/11/ios:42[m[K,
[3.422s]                  from [01m[K/usr/include/c++/11/ostream:38[m[K,
[3.422s]                  from [01m[K/usr/include/c++/11/iostream:39[m[K,
[3.422s]                  from [01m[K/home/leoxia/Code/XJTU-RMV-Task05/src/detect_and_solve/include/detect_and_solve/recognition.hpp:2[m[K,
[3.422s]                  from [01m[K/home/leoxia/Code/XJTU-RMV-Task05/src/detect_and_solve/src/recognition.cpp:8[m[K:
[3.423s] [01m[K/usr/include/c++/11/system_error:279:5:[m[K [01;36m[Knote: [m[Kcandidate: ‘[01m[Ktemplate<class _CharT, class _Traits> std::basic_ostream<_CharT, _Traits>& std::operator<<(std::basic_ostream<_CharT, _Traits>&, const std::error_code&)[m[K’
[3.423s]   279 |     [01;36m[Koperator[m[K<<(basic_ostream<_CharT, _Traits>& __os, const error_code& __e)
[3.426s]       |     [01;36m[K^~~~~~~~[m[K
[3.426s] [01m[K/usr/include/c++/11/system_error:279:5:[m[K [01;36m[Knote: [m[K  template argument deduction/substitution failed:
[3.426s] [01m[K/home/leoxia/Code/XJTU-RMV-Task05/src/detect_and_solve/src/recognition.cpp:225:20:[m[K [01;36m[Knote: [m[K  cannot convert ‘[01m[Kout[m[K’ (type ‘[01m[Kcv::RotatedRect[m[K’) to type ‘[01m[Kconst std::error_code&[m[K’
[3.426s]   225 |         std::cout<<[01;36m[Kout[m[K<<std::endl;
[3.426s]       |                    [01;36m[K^~~[m[K
[3.426s] In file included from [01m[K/usr/include/c++/11/iostream:39[m[K,
[3.426s]                  from [01m[K/home/leoxia/Code/XJTU-RMV-Task05/src/detect_and_solve/include/detect_and_solve/recognition.hpp:2[m[K,
[3.427s]                  from [01m[K/home/leoxia/Code/XJTU-RMV-Task05/src/detect_and_solve/src/recognition.cpp:8[m[K:
[3.427s] [01m[K/usr/include/c++/11/ostream:513:5:[m[K [01;36m[Knote: [m[Kcandidate: ‘[01m[Ktemplate<class _CharT, class _Traits> std::basic_ostream<_CharT, _Traits>& std::operator<<(std::basic_ostream<_CharT, _Traits>&, _CharT)[m[K’
[3.427s]   513 |     [01;36m[Koperator[m[K<<(basic_ostream<_CharT, _Traits>& __out, _CharT __c)
[3.427s]       |     [01;36m[K^~~~~~~~[m[K
[3.427s] [01m[K/usr/include/c++/11/ostream:513:5:[m[K [01;36m[Knote: [m[K  template argument deduction/substitution failed:
[3.431s] [01m[K/home/leoxia/Code/XJTU-RMV-Task05/src/detect_and_solve/src/recognition.cpp:225:20:[m[K [01;36m[Knote: [m[K  deduced conflicting types for parameter ‘[01m[K_CharT[m[K’ (‘[01m[Kchar[m[K’ and ‘[01m[Kcv::RotatedRect[m[K’)
[3.431s]   225 |         std::cout<<[01;36m[Kout[m[K<<std::endl;
[3.431s]       |                    [01;36m[K^~~[m[K
[3.431s] In file included from [01m[K/usr/include/c++/11/iostream:39[m[K,
[3.431s]                  from [01m[K/home/leoxia/Code/XJTU-RMV-Task05/src/detect_and_solve/include/detect_and_solve/recognition.hpp:2[m[K,
[3.431s]                  from [01m[K/home/leoxia/Code/XJTU-RMV-Task05/src/detect_and_solve/src/recognition.cpp:8[m[K:
[3.431s] [01m[K/usr/include/c++/11/ostream:518:5:[m[K [01;36m[Knote: [m[Kcandidate: ‘[01m[Ktemplate<class _CharT, class _Traits> std::basic_ostream<_CharT, _Traits>& std::operator<<(std::basic_ostream<_CharT, _Traits>&, char)[m[K’
[3.432s]   518 |     [01;36m[Koperator[m[K<<(basic_ostream<_CharT, _Traits>& __out, char __c)
[3.432s]       |     [01;36m[K^~~~~~~~[m[K
[3.432s] [01m[K/usr/include/c++/11/ostream:518:5:[m[K [01;36m[Knote: [m[K  template argument deduction/substitution failed:
[3.432s] [01m[K/home/leoxia/Code/XJTU-RMV-Task05/src/detect_and_solve/src/recognition.cpp:225:20:[m[K [01;36m[Knote: [m[K  cannot convert ‘[01m[Kout[m[K’ (type ‘[01m[Kcv::RotatedRect[m[K’) to type ‘[01m[Kchar[m[K’
[3.432s]   225 |         std::cout<<[01;36m[Kout[m[K<<std::endl;
[3.432s]       |                    [01;36m[K^~~[m[K
[3.432s] In file included from [01m[K/usr/include/c++/11/iostream:39[m[K,
[3.433s]                  from [01m[K/home/leoxia/Code/XJTU-RMV-Task05/src/detect_and_solve/include/detect_and_solve/recognition.hpp:2[m[K,
[3.433s]                  from [01m[K/home/leoxia/Code/XJTU-RMV-Task05/src/detect_and_solve/src/recognition.cpp:8[m[K:
[3.433s] [01m[K/usr/include/c++/11/ostream:524:5:[m[K [01;36m[Knote: [m[Kcandidate: ‘[01m[Ktemplate<class _Traits> std::basic_ostream<char, _Traits>& std::operator<<(std::basic_ostream<char, _Traits>&, char)[m[K’
[3.433s]   524 |     [01;36m[Koperator[m[K<<(basic_ostream<char, _Traits>& __out, char __c)
[3.433s]       |     [01;36m[K^~~~~~~~[m[K
[3.433s] [01m[K/usr/include/c++/11/ostream:524:5:[m[K [01;36m[Knote: [m[K  template argument deduction/substitution failed:
[3.433s] [01m[K/home/leoxia/Code/XJTU-RMV-Task05/src/detect_and_solve/src/recognition.cpp:225:20:[m[K [01;36m[Knote: [m[K  cannot convert ‘[01m[Kout[m[K’ (type ‘[01m[Kcv::RotatedRect[m[K’) to type ‘[01m[Kchar[m[K’
[3.433s]   225 |         std::cout<<[01;36m[Kout[m[K<<std::endl;
[3.433s]       |                    [01;36m[K^~~[m[K
[3.433s] In file included from [01m[K/usr/include/c++/11/iostream:39[m[K,
[3.434s]                  from [01m[K/home/leoxia/Code/XJTU-RMV-Task05/src/detect_and_solve/include/detect_and_solve/recognition.hpp:2[m[K,
[3.434s]                  from [01m[K/home/leoxia/Code/XJTU-RMV-Task05/src/detect_and_solve/src/recognition.cpp:8[m[K:
[3.434s] [01m[K/usr/include/c++/11/ostream:530:5:[m[K [01;36m[Knote: [m[Kcandidate: ‘[01m[Ktemplate<class _Traits> std::basic_ostream<char, _Traits>& std::operator<<(std::basic_ostream<char, _Traits>&, signed char)[m[K’
[3.434s]   530 |     [01;36m[Koperator[m[K<<(basic_ostream<char, _Traits>& __out, signed char __c)
[3.434s]       |     [01;36m[K^~~~~~~~[m[K
[3.434s] [01m[K/usr/include/c++/11/ostream:530:5:[m[K [01;36m[Knote: [m[K  template argument deduction/substitution failed:
[3.434s] [01m[K/home/leoxia/Code/XJTU-RMV-Task05/src/detect_and_solve/src/recognition.cpp:225:20:[m[K [01;36m[Knote: [m[K  cannot convert ‘[01m[Kout[m[K’ (type ‘[01m[Kcv::RotatedRect[m[K’) to type ‘[01m[Ksigned char[m[K’
[3.434s]   225 |         std::cout<<[01;36m[Kout[m[K<<std::endl;
[3.434s]       |                    [01;36m[K^~~[m[K
[3.434s] In file included from [01m[K/usr/include/c++/11/iostream:39[m[K,
[3.435s]                  from [01m[K/home/leoxia/Code/XJTU-RMV-Task05/src/detect_and_solve/include/detect_and_solve/recognition.hpp:2[m[K,
[3.438s]                  from [01m[K/home/leoxia/Code/XJTU-RMV-Task05/src/detect_and_solve/src/recognition.cpp:8[m[K:
[3.438s] [01m[K/usr/include/c++/11/ostream:535:5:[m[K [01;36m[Knote: [m[Kcandidate: ‘[01m[Ktemplate<class _Traits> std::basic_ostream<char, _Traits>& std::operator<<(std::basic_ostream<char, _Traits>&, unsigned char)[m[K’
[3.438s]   535 |     [01;36m[Koperator[m[K<<(basic_ostream<char, _Traits>& __out, unsigned char __c)
[3.438s]       |     [01;36m[K^~~~~~~~[m[K
[3.438s] [01m[K/usr/include/c++/11/ostream:535:5:[m[K [01;36m[Knote: [m[K  template argument deduction/substitution failed:
[3.438s] [01m[K/home/leoxia/Code/XJTU-RMV-Task05/src/detect_and_solve/src/recognition.cpp:225:20:[m[K [01;36m[Knote: [m[K  cannot convert ‘[01m[Kout[m[K’ (type ‘[01m[Kcv::RotatedRect[m[K’) to type ‘[01m[Kunsigned char[m[K’
[3.438s]   225 |         std::cout<<[01;36m[Kout[m[K<<std::endl;
[3.439s]       |                    [01;36m[K^~~[m[K
[3.439s] In file included from [01m[K/usr/include/c++/11/iostream:39[m[K,
[3.439s]                  from [01m[K/home/leoxia/Code/XJTU-RMV-Task05/src/detect_and_solve/include/detect_and_solve/recognition.hpp:2[m[K,
[3.439s]                  from [01m[K/home/leoxia/Code/XJTU-RMV-Task05/src/detect_and_solve/src/recognition.cpp:8[m[K:
[3.439s] [01m[K/usr/include/c++/11/ostream:594:5:[m[K [01;36m[Knote: [m[Kcandidate: ‘[01m[Ktemplate<class _CharT, class _Traits> std::basic_ostream<_CharT, _Traits>& std::operator<<(std::basic_ostream<_CharT, _Traits>&, const _CharT*)[m[K’
[3.439s]   594 |     [01;36m[Koperator[m[K<<(basic_ostream<_CharT, _Traits>& __out, const _CharT* __s)
[3.439s]       |     [01;36m[K^~~~~~~~[m[K
[3.439s] [01m[K/usr/include/c++/11/ostream:594:5:[m[K [01;36m[Knote: [m[K  template argument deduction/substitution failed:
[3.439s] [01m[K/home/leoxia/Code/XJTU-RMV-Task05/src/detect_and_solve/src/recognition.cpp:225:20:[m[K [01;36m[Knote: [m[K  mismatched types ‘[01m[Kconst _CharT*[m[K’ and ‘[01m[Kcv::RotatedRect[m[K’
[3.440s]   225 |         std::cout<<[01;36m[Kout[m[K<<std::endl;
[3.440s]       |                    [01;36m[K^~~[m[K
[3.440s] In file included from [01m[K/usr/include/c++/11/ostream:829[m[K,
[3.440s]                  from [01m[K/usr/include/c++/11/iostream:39[m[K,
[3.440s]                  from [01m[K/home/leoxia/Code/XJTU-RMV-Task05/src/detect_and_solve/include/detect_and_solve/recognition.hpp:2[m[K,
[3.440s]                  from [01m[K/home/leoxia/Code/XJTU-RMV-Task05/src/detect_and_solve/src/recognition.cpp:8[m[K:
[3.440s] [01m[K/usr/include/c++/11/bits/ostream.tcc:321:5:[m[K [01;36m[Knote: [m[Kcandidate: ‘[01m[Ktemplate<class _CharT, class _Traits> std::basic_ostream<_CharT, _Traits>& std::operator<<(std::basic_ostream<_CharT, _Traits>&, const char*)[m[K’
[3.440s]   321 |     [01;36m[Koperator[m[K<<(basic_ostream<_CharT, _Traits>& __out, const char* __s)
[3.440s]       |     [01;36m[K^~~~~~~~[m[K
[3.440s] [01m[K/usr/include/c++/11/bits/ostream.tcc:321:5:[m[K [01;36m[Knote: [m[K  template argument deduction/substitution failed:
[3.440s] [01m[K/home/leoxia/Code/XJTU-RMV-Task05/src/detect_and_solve/src/recognition.cpp:225:20:[m[K [01;36m[Knote: [m[K  cannot convert ‘[01m[Kout[m[K’ (type ‘[01m[Kcv::RotatedRect[m[K’) to type ‘[01m[Kconst char*[m[K’
[3.441s]   225 |         std::cout<<[01;36m[Kout[m[K<<std::endl;
[3.444s]       |                    [01;36m[K^~~[m[K
[3.444s] In file included from [01m[K/usr/include/c++/11/iostream:39[m[K,
[3.444s]                  from [01m[K/home/leoxia/Code/XJTU-RMV-Task05/src/detect_and_solve/include/detect_and_solve/recognition.hpp:2[m[K,
[3.444s]                  from [01m[K/home/leoxia/Code/XJTU-RMV-Task05/src/detect_and_solve/src/recognition.cpp:8[m[K:
[3.444s] [01m[K/usr/include/c++/11/ostream:611:5:[m[K [01;36m[Knote: [m[Kcandidate: ‘[01m[Ktemplate<class _Traits> std::basic_ostream<char, _Traits>& std::operator<<(std::basic_ostream<char, _Traits>&, const char*)[m[K’
[3.444s]   611 |     [01;36m[Koperator[m[K<<(basic_ostream<char, _Traits>& __out, const char* __s)
[3.445s]       |     [01;36m[K^~~~~~~~[m[K
[3.445s] [01m[K/usr/include/c++/11/ostream:611:5:[m[K [01;36m[Knote: [m[K  template argument deduction/substitution failed:
[3.445s] [01m[K/home/leoxia/Code/XJTU-RMV-Task05/src/detect_and_solve/src/recognition.cpp:225:20:[m[K [01;36m[Knote: [m[K  cannot convert ‘[01m[Kout[m[K’ (type ‘[01m[Kcv::RotatedRect[m[K’) to type ‘[01m[Kconst char*[m[K’
[3.445s]   225 |         std::cout<<[01;36m[Kout[m[K<<std::endl;
[3.445s]       |                    [01;36m[K^~~[m[K
[3.445s] In file included from [01m[K/usr/include/c++/11/iostream:39[m[K,
[3.445s]                  from [01m[K/home/leoxia/Code/XJTU-RMV-Task05/src/detect_and_solve/include/detect_and_solve/recognition.hpp:2[m[K,
[3.445s]                  from [01m[K/home/leoxia/Code/XJTU-RMV-Task05/src/detect_and_solve/src/recognition.cpp:8[m[K:
[3.445s] [01m[K/usr/include/c++/11/ostream:624:5:[m[K [01;36m[Knote: [m[Kcandidate: ‘[01m[Ktemplate<class _Traits> std::basic_ostream<char, _Traits>& std::operator<<(std::basic_ostream<char, _Traits>&, const signed char*)[m[K’
[3.446s]   624 |     [01;36m[Koperator[m[K<<(basic_ostream<char, _Traits>& __out, const signed char* __s)
[3.446s]       |     [01;36m[K^~~~~~~~[m[K
[3.446s] [01m[K/usr/include/c++/11/ostream:624:5:[m[K [01;36m[Knote: [m[K  template argument deduction/substitution failed:
[3.446s] [01m[K/home/leoxia/Code/XJTU-RMV-Task05/src/detect_and_solve/src/recognition.cpp:225:20:[m[K [01;36m[Knote: [m[K  cannot convert ‘[01m[Kout[m[K’ (type ‘[01m[Kcv::RotatedRect[m[K’) to type ‘[01m[Kconst signed char*[m[K’
[3.446s]   225 |         std::cout<<[01;36m[Kout[m[K<<std::endl;
[3.446s]       |                    [01;36m[K^~~[m[K
[3.447s] In file included from [01m[K/usr/include/c++/11/iostream:39[m[K,
[3.450s]                  from [01m[K/home/leoxia/Code/XJTU-RMV-Task05/src/detect_and_solve/include/detect_and_solve/recognition.hpp:2[m[K,
[3.450s]                  from [01m[K/home/leoxia/Code/XJTU-RMV-Task05/src/detect_and_solve/src/recognition.cpp:8[m[K:
[3.450s] [01m[K/usr/include/c++/11/ostream:629:5:[m[K [01;36m[Knote: [m[Kcandidate: ‘[01m[Ktemplate<class _Traits> std::basic_ostream<char, _Traits>& std::operator<<(std::basic_ostream<char, _Traits>&, const unsigned char*)[m[K’
[3.450s]   629 |     [01;36m[Koperator[m[K<<(basic_ostream<char, _Traits>& __out, const unsigned char* __s)
[3.450s]       |     [01;36m[K^~~~~~~~[m[K
[3.451s] [01m[K/usr/include/c++/11/ostream:629:5:[m[K [01;36m[Knote: [m[K  template argument deduction/substitution failed:
[3.451s] [01m[K/home/leoxia/Code/XJTU-RMV-Task05/src/detect_and_solve/src/recognition.cpp:225:20:[m[K [01;36m[Knote: [m[K  cannot convert ‘[01m[Kout[m[K’ (type ‘[01m[Kcv::RotatedRect[m[K’) to type ‘[01m[Kconst unsigned char*[m[K’
[3.451s]   225 |         std::cout<<[01;36m[Kout[m[K<<std::endl;
[3.451s]       |                    [01;36m[K^~~[m[K
[3.451s] In file included from [01m[K/usr/include/c++/11/iostream:39[m[K,
[3.451s]                  from [01m[K/home/leoxia/Code/XJTU-RMV-Task05/src/detect_and_solve/include/detect_and_solve/recognition.hpp:2[m[K,
[3.451s]                  from [01m[K/home/leoxia/Code/XJTU-RMV-Task05/src/detect_and_solve/src/recognition.cpp:8[m[K:
[3.451s] [01m[K/usr/include/c++/11/ostream:750:5:[m[K [01;36m[Knote: [m[Kcandidate: ‘[01m[Ktemplate<class _Ostream, class _Tp> _Ostream&& std::operator<<(_Ostream&&, const _Tp&)[m[K’
[3.452s]   750 |     [01;36m[Koperator[m[K<<(_Ostream&& __os, const _Tp& __x)
[3.452s]       |     [01;36m[K^~~~~~~~[m[K
[3.452s] [01m[K/usr/include/c++/11/ostream:750:5:[m[K [01;36m[Knote: [m[K  template argument deduction/substitution failed:
[3.452s] /usr/include/c++/11/ostream: In substitution of ‘[01m[Ktemplate<class _Ostream, class _Tp> _Ostream&& std::operator<<(_Ostream&&, const _Tp&) [with _Ostream = std::basic_ostream<char>&; _Tp = cv::RotatedRect][m[K’:
[3.452s] [01m[K/home/leoxia/Code/XJTU-RMV-Task05/src/detect_and_solve/src/recognition.cpp:225:20:[m[K   required from here
[3.452s] [01m[K/usr/include/c++/11/ostream:750:5:[m[K [01;31m[Kerror: [m[Kno type named ‘[01m[Ktype[m[K’ in ‘[01m[Kstruct std::enable_if<false, void>[m[K’
[3.452s] In file included from [01m[K/usr/include/opencv4/opencv2/core/hal/interface.h:15[m[K,
[3.452s]                  from [01m[K/usr/include/opencv4/opencv2/core/cvdef.h:190[m[K,
[3.452s]                  from [01m[K/usr/include/opencv4/opencv2/core.hpp:52[m[K,
[3.452s]                  from [01m[K/usr/include/opencv4/opencv2/opencv.hpp:52[m[K,
[3.453s]                  from [01m[K/home/leoxia/Code/XJTU-RMV-Task05/src/detect_and_solve/include/detect_and_solve/recognition.hpp:4[m[K,
[3.456s]                  from [01m[K/home/leoxia/Code/XJTU-RMV-Task05/src/detect_and_solve/src/recognition.cpp:8[m[K:
[3.456s] [01m[K/usr/include/c++/11/cstddef:126:5:[m[K [01;36m[Knote: [m[Kcandidate: ‘[01m[Ktemplate<class _IntegerType> constexpr std::__byte_op_t<_IntegerType> std::operator<<(std::byte, _IntegerType)[m[K’
[3.456s]   126 |     [01;36m[Koperator[m[K<<(byte __b, _IntegerType __shift) noexcept
[3.456s]       |     [01;36m[K^~~~~~~~[m[K
[3.456s] [01m[K/usr/include/c++/11/cstddef:126:5:[m[K [01;36m[Knote: [m[K  template argument deduction/substitution failed:
[3.456s] [01m[K/home/leoxia/Code/XJTU-RMV-Task05/src/detect_and_solve/src/recognition.cpp:225:14:[m[K [01;36m[Knote: [m[K  cannot convert ‘[01m[Kstd::cout[m[K’ (type ‘[01m[Kstd::ostream[m[K’ {aka ‘[01m[Kstd::basic_ostream<char>[m[K’}) to type ‘[01m[Kstd::byte[m[K’
[3.456s]   225 |         [01;36m[Kstd::cout[m[K<<out<<std::endl;
[3.457s]       |         [01;36m[K~~~~~^~~~[m[K
[3.457s] In file included from [01m[K/usr/include/c++/11/memory:77[m[K,
[3.457s]                  from [01m[K/usr/include/opencv4/opencv2/core/cvstd_wrapper.hpp:11[m[K,
[3.457s]                  from [01m[K/usr/include/opencv4/opencv2/core/cvstd.hpp:81[m[K,
[3.457s]                  from [01m[K/usr/include/opencv4/opencv2/core/base.hpp:58[m[K,
[3.457s]                  from [01m[K/usr/include/opencv4/opencv2/core.hpp:53[m[K,
[3.457s]                  from [01m[K/usr/include/opencv4/opencv2/opencv.hpp:52[m[K,
[3.458s]                  from [01m[K/home/leoxia/Code/XJTU-RMV-Task05/src/detect_and_solve/include/detect_and_solve/recognition.hpp:4[m[K,
[3.458s]                  from [01m[K/home/leoxia/Code/XJTU-RMV-Task05/src/detect_and_solve/src/recognition.cpp:8[m[K:
[3.458s] [01m[K/usr/include/c++/11/bits/shared_ptr.h:70:5:[m[K [01;36m[Knote: [m[Kcandidate: ‘[01m[Ktemplate<class _Ch, class _Tr, class _Tp, __gnu_cxx::_Lock_policy _Lp> std::basic_ostream<_CharT, _Traits>& std::operator<<(std::basic_ostream<_CharT, _Traits>&, const std::__shared_ptr<_Tp, _Lp>&)[m[K’
[3.458s]    70 |     [01;36m[Koperator[m[K<<(std::basic_ostream<_Ch, _Tr>& __os,
[3.458s]       |     [01;36m[K^~~~~~~~[m[K
[3.458s] [01m[K/usr/include/c++/11/bits/shared_ptr.h:70:5:[m[K [01;36m[Knote: [m[K  template argument deduction/substitution failed:
[3.458s] [01m[K/home/leoxia/Code/XJTU-RMV-Task05/src/detect_and_solve/src/recognition.cpp:225:20:[m[K [01;36m[Knote: [m[K  ‘[01m[Kcv::RotatedRect[m[K’ is not derived from ‘[01m[Kconst std::__shared_ptr<_Tp, _Lp>[m[K’
[3.458s]   225 |         std::cout<<[01;36m[Kout[m[K<<std::endl;
[3.458s]       |                    [01;36m[K^~~[m[K
[3.459s] In file included from [01m[K/usr/include/opencv4/opencv2/core/cvstd.inl.hpp:47[m[K,
[3.462s]                  from [01m[K/usr/include/opencv4/opencv2/core.hpp:3306[m[K,
[3.462s]                  from [01m[K/usr/include/opencv4/opencv2/opencv.hpp:52[m[K,
[3.463s]                  from [01m[K/home/leoxia/Code/XJTU-RMV-Task05/src/detect_and_solve/include/detect_and_solve/recognition.hpp:4[m[K,
[3.463s]                  from [01m[K/home/leoxia/Code/XJTU-RMV-Task05/src/detect_and_solve/src/recognition.cpp:8[m[K:
[3.463s] [01m[K/usr/include/c++/11/complex:555:5:[m[K [01;36m[Knote: [m[Kcandidate: ‘[01m[Ktemplate<class _Tp, class _CharT, class _Traits> std::basic_ostream<_CharT, _Traits>& std::operator<<(std::basic_ostream<_CharT, _Traits>&, const std::complex<_Tp>&)[m[K’
[3.463s]   555 |     [01;36m[Koperator[m[K<<(basic_ostream<_CharT, _Traits>& __os, const complex<_Tp>& __x)
[3.463s]       |     [01;36m[K^~~~~~~~[m[K
[3.464s] [01m[K/usr/include/c++/11/complex:555:5:[m[K [01;36m[Knote: [m[K  template argument deduction/substitution failed:
[3.464s] [01m[K/home/leoxia/Code/XJTU-RMV-Task05/src/detect_and_solve/src/recognition.cpp:225:20:[m[K [01;36m[Knote: [m[K  ‘[01m[Kcv::RotatedRect[m[K’ is not derived from ‘[01m[Kconst std::complex<_Tp>[m[K’
[3.464s]   225 |         std::cout<<[01;36m[Kout[m[K<<std::endl;
[3.464s]       |                    [01;36m[K^~~[m[K
[3.464s] In file included from [01m[K/usr/include/opencv4/opencv2/flann/lsh_table.h:42[m[K,
[3.464s]                  from [01m[K/usr/include/opencv4/opencv2/flann/lsh_index.h:49[m[K,
[3.464s]                  from [01m[K/usr/include/opencv4/opencv2/flann/all_indices.h:44[m[K,
[3.464s]                  from [01m[K/usr/include/opencv4/opencv2/flann/flann_base.hpp:44[m[K,
[3.465s]                  from [01m[K/usr/include/opencv4/opencv2/flann.hpp:48[m[K,
[3.468s]                  from [01m[K/usr/include/opencv4/opencv2/opencv.hpp:65[m[K,
[3.468s]                  from [01m[K/home/leoxia/Code/XJTU-RMV-Task05/src/detect_and_solve/include/detect_and_solve/recognition.hpp:4[m[K,
[3.468s]                  from [01m[K/home/leoxia/Code/XJTU-RMV-Task05/src/detect_and_solve/src/recognition.cpp:8[m[K:
[3.468s] [01m[K/usr/include/c++/11/iomanip:79:5:[m[K [01;36m[Knote: [m[Kcandidate: ‘[01m[Ktemplate<class _CharT, class _Traits> std::basic_ostream<_CharT, _Traits>& std::operator<<(std::basic_ostream<_CharT, _Traits>&, std::_Resetiosflags)[m[K’
[3.468s]    79 |     [01;36m[Koperator[m[K<<(basic_ostream<_CharT, _Traits>& __os, _Resetiosflags __f)
[3.468s]       |     [01;36m[K^~~~~~~~[m[K
[3.468s] [01m[K/usr/include/c++/11/iomanip:79:5:[m[K [01;36m[Knote: [m[K  template argument deduction/substitution failed:
[3.469s] [01m[K/home/leoxia/Code/XJTU-RMV-Task05/src/detect_and_solve/src/recognition.cpp:225:20:[m[K [01;36m[Knote: [m[K  cannot convert ‘[01m[Kout[m[K’ (type ‘[01m[Kcv::RotatedRect[m[K’) to type ‘[01m[Kstd::_Resetiosflags[m[K’
[3.469s]   225 |         std::cout<<[01;36m[Kout[m[K<<std::endl;
[3.469s]       |                    [01;36m[K^~~[m[K
[3.469s] In file included from [01m[K/usr/include/opencv4/opencv2/flann/lsh_table.h:42[m[K,
[3.469s]                  from [01m[K/usr/include/opencv4/opencv2/flann/lsh_index.h:49[m[K,
[3.469s]                  from [01m[K/usr/include/opencv4/opencv2/flann/all_indices.h:44[m[K,
[3.469s]                  from [01m[K/usr/include/opencv4/opencv2/flann/flann_base.hpp:44[m[K,
[3.469s]                  from [01m[K/usr/include/opencv4/opencv2/flann.hpp:48[m[K,
[3.470s]                  from [01m[K/usr/include/opencv4/opencv2/opencv.hpp:65[m[K,
[3.470s]                  from [01m[K/home/leoxia/Code/XJTU-RMV-Task05/src/detect_and_solve/include/detect_and_solve/recognition.hpp:4[m[K,
[3.470s]                  from [01m[K/home/leoxia/Code/XJTU-RMV-Task05/src/detect_and_solve/src/recognition.cpp:8[m[K:
[3.470s] [01m[K/usr/include/c++/11/iomanip:109:5:[m[K [01;36m[Knote: [m[Kcandidate: ‘[01m[Ktemplate<class _CharT, class _Traits> std::basic_ostream<_CharT, _Traits>& std::operator<<(std::basic_ostream<_CharT, _Traits>&, std::_Setiosflags)[m[K’
[3.470s]   109 |     [01;36m[Koperator[m[K<<(basic_ostream<_CharT, _Traits>& __os, _Setiosflags __f)
[3.470s]       |     [01;36m[K^~~~~~~~[m[K
[3.470s] [01m[K/usr/include/c++/11/iomanip:109:5:[m[K [01;36m[Knote: [m[K  template argument deduction/substitution failed:
[3.470s] [01m[K/home/leoxia/Code/XJTU-RMV-Task05/src/detect_and_solve/src/recognition.cpp:225:20:[m[K [01;36m[Knote: [m[K  cannot convert ‘[01m[Kout[m[K’ (type ‘[01m[Kcv::RotatedRect[m[K’) to type ‘[01m[Kstd::_Setiosflags[m[K’
[3.470s]   225 |         std::cout<<[01;36m[Kout[m[K<<std::endl;
[3.470s]       |                    [01;36m[K^~~[m[K
[3.474s] In file included from [01m[K/usr/include/opencv4/opencv2/flann/lsh_table.h:42[m[K,
[3.474s]                  from [01m[K/usr/include/opencv4/opencv2/flann/lsh_index.h:49[m[K,
[3.474s]                  from [01m[K/usr/include/opencv4/opencv2/flann/all_indices.h:44[m[K,
[3.474s]                  from [01m[K/usr/include/opencv4/opencv2/flann/flann_base.hpp:44[m[K,
[3.474s]                  from [01m[K/usr/include/opencv4/opencv2/flann.hpp:48[m[K,
[3.474s]                  from [01m[K/usr/include/opencv4/opencv2/opencv.hpp:65[m[K,
[3.474s]                  from [01m[K/home/leoxia/Code/XJTU-RMV-Task05/src/detect_and_solve/include/detect_and_solve/recognition.hpp:4[m[K,
[3.474s]                  from [01m[K/home/leoxia/Code/XJTU-RMV-Task05/src/detect_and_solve/src/recognition.cpp:8[m[K:
[3.475s] [01m[K/usr/include/c++/11/iomanip:143:5:[m[K [01;36m[Knote: [m[Kcandidate: ‘[01m[Ktemplate<class _CharT, class _Traits> std::basic_ostream<_CharT, _Traits>& std::operator<<(std::basic_ostream<_CharT, _Traits>&, std::_Setbase)[m[K’
[3.475s]   143 |     [01;36m[Koperator[m[K<<(basic_ostream<_CharT, _Traits>& __os, _Setbase __f)
[3.475s]       |     [01;36m[K^~~~~~~~[m[K
[3.475s] [01m[K/usr/include/c++/11/iomanip:143:5:[m[K [01;36m[Knote: [m[K  template argument deduction/substitution failed:
[3.475s] [01m[K/home/leoxia/Code/XJTU-RMV-Task05/src/detect_and_solve/src/recognition.cpp:225:20:[m[K [01;36m[Knote: [m[K  cannot convert ‘[01m[Kout[m[K’ (type ‘[01m[Kcv::RotatedRect[m[K’) to type ‘[01m[Kstd::_Setbase[m[K’
[3.475s]   225 |         std::cout<<[01;36m[Kout[m[K<<std::endl;
[3.475s]       |                    [01;36m[K^~~[m[K
[3.475s] In file included from [01m[K/usr/include/opencv4/opencv2/flann/lsh_table.h:42[m[K,
[3.475s]                  from [01m[K/usr/include/opencv4/opencv2/flann/lsh_index.h:49[m[K,
[3.476s]                  from [01m[K/usr/include/opencv4/opencv2/flann/all_indices.h:44[m[K,
[3.476s]                  from [01m[K/usr/include/opencv4/opencv2/flann/flann_base.hpp:44[m[K,
[3.476s]                  from [01m[K/usr/include/opencv4/opencv2/flann.hpp:48[m[K,
[3.476s]                  from [01m[K/usr/include/opencv4/opencv2/opencv.hpp:65[m[K,
[3.476s]                  from [01m[K/home/leoxia/Code/XJTU-RMV-Task05/src/detect_and_solve/include/detect_and_solve/recognition.hpp:4[m[K,
[3.476s]                  from [01m[K/home/leoxia/Code/XJTU-RMV-Task05/src/detect_and_solve/src/recognition.cpp:8[m[K:
[3.476s] [01m[K/usr/include/c++/11/iomanip:178:5:[m[K [01;36m[Knote: [m[Kcandidate: ‘[01m[Ktemplate<class _CharT, class _Traits> std::basic_ostream<_CharT, _Traits>& std::operator<<(std::basic_ostream<_CharT, _Traits>&, std::_Setfill<_CharT>)[m[K’
[3.476s]   178 |     [01;36m[Koperator[m[K<<(basic_ostream<_CharT, _Traits>& __os, _Setfill<_CharT> __f)
[3.477s]       |     [01;36m[K^~~~~~~~[m[K
[3.480s] [01m[K/usr/include/c++/11/iomanip:178:5:[m[K [01;36m[Knote: [m[K  template argument deduction/substitution failed:
[3.480s] [01m[K/home/leoxia/Code/XJTU-RMV-Task05/src/detect_and_solve/src/recognition.cpp:225:20:[m[K [01;36m[Knote: [m[K  ‘[01m[Kcv::RotatedRect[m[K’ is not derived from ‘[01m[Kstd::_Setfill<_CharT>[m[K’
[3.480s]   225 |         std::cout<<[01;36m[Kout[m[K<<std::endl;
[3.480s]       |                    [01;36m[K^~~[m[K
[3.481s] In file included from [01m[K/usr/include/opencv4/opencv2/flann/lsh_table.h:42[m[K,
[3.481s]                  from [01m[K/usr/include/opencv4/opencv2/flann/lsh_index.h:49[m[K,
[3.481s]                  from [01m[K/usr/include/opencv4/opencv2/flann/all_indices.h:44[m[K,
[3.481s]                  from [01m[K/usr/include/opencv4/opencv2/flann/flann_base.hpp:44[m[K,
[3.481s]                  from [01m[K/usr/include/opencv4/opencv2/flann.hpp:48[m[K,
[3.481s]                  from [01m[K/usr/include/opencv4/opencv2/opencv.hpp:65[m[K,
[3.481s]                  from [01m[K/home/leoxia/Code/XJTU-RMV-Task05/src/detect_and_solve/include/detect_and_solve/recognition.hpp:4[m[K,
[3.481s]                  from [01m[K/home/leoxia/Code/XJTU-RMV-Task05/src/detect_and_solve/src/recognition.cpp:8[m[K:
[3.481s] [01m[K/usr/include/c++/11/iomanip:208:5:[m[K [01;36m[Knote: [m[Kcandidate: ‘[01m[Ktemplate<class _CharT, class _Traits> std::basic_ostream<_CharT, _Traits>& std::operator<<(std::basic_ostream<_CharT, _Traits>&, std::_Setprecision)[m[K’
[3.481s]   208 |     [01;36m[Koperator[m[K<<(basic_ostream<_CharT, _Traits>& __os, _Setprecision __f)
[3.482s]       |     [01;36m[K^~~~~~~~[m[K
[3.482s] [01m[K/usr/include/c++/11/iomanip:208:5:[m[K [01;36m[Knote: [m[K  template argument deduction/substitution failed:
[3.482s] [01m[K/home/leoxia/Code/XJTU-RMV-Task05/src/detect_and_solve/src/recognition.cpp:225:20:[m[K [01;36m[Knote: [m[K  cannot convert ‘[01m[Kout[m[K’ (type ‘[01m[Kcv::RotatedRect[m[K’) to type ‘[01m[Kstd::_Setprecision[m[K’
[3.482s]   225 |         std::cout<<[01;36m[Kout[m[K<<std::endl;
[3.482s]       |                    [01;36m[K^~~[m[K
[3.482s] In file included from [01m[K/usr/include/opencv4/opencv2/flann/lsh_table.h:42[m[K,
[3.482s]                  from [01m[K/usr/include/opencv4/opencv2/flann/lsh_index.h:49[m[K,
[3.482s]                  from [01m[K/usr/include/opencv4/opencv2/flann/all_indices.h:44[m[K,
[3.483s]                  from [01m[K/usr/include/opencv4/opencv2/flann/flann_base.hpp:44[m[K,
[3.485s]                  from [01m[K/usr/include/opencv4/opencv2/flann.hpp:48[m[K,
[3.485s]                  from [01m[K/usr/include/opencv4/opencv2/opencv.hpp:65[m[K,
[3.485s]                  from [01m[K/home/leoxia/Code/XJTU-RMV-Task05/src/detect_and_solve/include/detect_and_solve/recognition.hpp:4[m[K,
[3.485s]                  from [01m[K/home/leoxia/Code/XJTU-RMV-Task05/src/detect_and_solve/src/recognition.cpp:8[m[K:
[3.486s] [01m[K/usr/include/c++/11/iomanip:238:5:[m[K [01;36m[Knote: [m[Kcandidate: ‘[01m[Ktemplate<class _CharT, class _Traits> std::basic_ostream<_CharT, _Traits>& std::operator<<(std::basic_ostream<_CharT, _Traits>&, std::_Setw)[m[K’
[3.486s]   238 |     [01;36m[Koperator[m[K<<(basic_ostream<_CharT, _Traits>& __os, _Setw __f)
[3.486s]       |     [01;36m[K^~~~~~~~[m[K
[3.486s] [01m[K/usr/include/c++/11/iomanip:238:5:[m[K [01;36m[Knote: [m[K  template argument deduction/substitution failed:
[3.486s] [01m[K/home/leoxia/Code/XJTU-RMV-Task05/src/detect_and_solve/src/recognition.cpp:225:20:[m[K [01;36m[Knote: [m[K  cannot convert ‘[01m[Kout[m[K’ (type ‘[01m[Kcv::RotatedRect[m[K’) to type ‘[01m[Kstd::_Setw[m[K’
[3.486s]   225 |         std::cout<<[01;36m[Kout[m[K<<std::endl;
[3.486s]       |                    [01;36m[K^~~[m[K
[3.486s] In file included from [01m[K/usr/include/opencv4/opencv2/flann/lsh_table.h:42[m[K,
[3.486s]                  from [01m[K/usr/include/opencv4/opencv2/flann/lsh_index.h:49[m[K,
[3.487s]                  from [01m[K/usr/include/opencv4/opencv2/flann/all_indices.h:44[m[K,
[3.487s]                  from [01m[K/usr/include/opencv4/opencv2/flann/flann_base.hpp:44[m[K,
[3.487s]                  from [01m[K/usr/include/opencv4/opencv2/flann.hpp:48[m[K,
[3.487s]                  from [01m[K/usr/include/opencv4/opencv2/opencv.hpp:65[m[K,
[3.487s]                  from [01m[K/home/leoxia/Code/XJTU-RMV-Task05/src/detect_and_solve/include/detect_and_solve/recognition.hpp:4[m[K,
[3.487s]                  from [01m[K/home/leoxia/Code/XJTU-RMV-Task05/src/detect_and_solve/src/recognition.cpp:8[m[K:
[3.487s] [01m[K/usr/include/c++/11/iomanip:311:5:[m[K [01;36m[Knote: [m[Kcandidate: ‘[01m[Ktemplate<class _CharT, class _Traits, class _MoneyT> std::basic_ostream<_CharT, _Traits>& std::operator<<(std::basic_ostream<_CharT, _Traits>&, std::_Put_money<_MoneyT>)[m[K’
[3.487s]   311 |     [01;36m[Koperator[m[K<<(basic_ostream<_CharT, _Traits>& __os, _Put_money<_MoneyT> __f)
[3.487s]       |     [01;36m[K^~~~~~~~[m[K
[3.487s] [01m[K/usr/include/c++/11/iomanip:311:5:[m[K [01;36m[Knote: [m[K  template argument deduction/substitution failed:
[3.488s] [01m[K/home/leoxia/Code/XJTU-RMV-Task05/src/detect_and_solve/src/recognition.cpp:225:20:[m[K [01;36m[Knote: [m[K  ‘[01m[Kcv::RotatedRect[m[K’ is not derived from ‘[01m[Kstd::_Put_money<_MoneyT>[m[K’
[3.491s]   225 |         std::cout<<[01;36m[Kout[m[K<<std::endl;
[3.491s]       |                    [01;36m[K^~~[m[K
[3.491s] In file included from [01m[K/usr/include/opencv4/opencv2/flann/lsh_table.h:42[m[K,
[3.491s]                  from [01m[K/usr/include/opencv4/opencv2/flann/lsh_index.h:49[m[K,
[3.491s]                  from [01m[K/usr/include/opencv4/opencv2/flann/all_indices.h:44[m[K,
[3.492s]                  from [01m[K/usr/include/opencv4/opencv2/flann/flann_base.hpp:44[m[K,
[3.492s]                  from [01m[K/usr/include/opencv4/opencv2/flann.hpp:48[m[K,
[3.492s]                  from [01m[K/usr/include/opencv4/opencv2/opencv.hpp:65[m[K,
[3.492s]                  from [01m[K/home/leoxia/Code/XJTU-RMV-Task05/src/detect_and_solve/include/detect_and_solve/recognition.hpp:4[m[K,
[3.493s]                  from [01m[K/home/leoxia/Code/XJTU-RMV-Task05/src/detect_and_solve/src/recognition.cpp:8[m[K:
[3.493s] [01m[K/usr/include/c++/11/iomanip:363:5:[m[K [01;36m[Knote: [m[Kcandidate: ‘[01m[Ktemplate<class _CharT, class _Traits> std::basic_ostream<_CharT, _Traits>& std::operator<<(std::basic_ostream<_CharT, _Traits>&, std::_Put_time<_CharT>)[m[K’
[3.493s]   363 |     [01;36m[Koperator[m[K<<(basic_ostream<_CharT, _Traits>& __os, _Put_time<_CharT> __f)
[3.493s]       |     [01;36m[K^~~~~~~~[m[K
[3.493s] [01m[K/usr/include/c++/11/iomanip:363:5:[m[K [01;36m[Knote: [m[K  template argument deduction/substitution failed:
[3.493s] [01m[K/home/leoxia/Code/XJTU-RMV-Task05/src/detect_and_solve/src/recognition.cpp:225:20:[m[K [01;36m[Knote: [m[K  ‘[01m[Kcv::RotatedRect[m[K’ is not derived from ‘[01m[Kstd::_Put_time<_CharT>[m[K’
[3.493s]   225 |         std::cout<<[01;36m[Kout[m[K<<std::endl;
[3.494s]       |                    [01;36m[K^~~[m[K
[3.497s] In file included from [01m[K/usr/include/opencv4/opencv2/core.hpp:59[m[K,
[3.497s]                  from [01m[K/usr/include/opencv4/opencv2/opencv.hpp:52[m[K,
[3.497s]                  from [01m[K/home/leoxia/Code/XJTU-RMV-Task05/src/detect_and_solve/include/detect_and_solve/recognition.hpp:4[m[K,
[3.497s]                  from [01m[K/home/leoxia/Code/XJTU-RMV-Task05/src/detect_and_solve/src/recognition.cpp:8[m[K:
[3.497s] [01m[K/usr/include/opencv4/opencv2/core/persistence.hpp:804:25:[m[K [01;36m[Knote: [m[Kcandidate: ‘[01m[Kcv::FileStorage& cv::operator<<(cv::FileStorage&, const String&)[m[K’
[3.497s]   804 | CV_EXPORTS FileStorage& [01;36m[Koperator[m[K << (FileStorage& fs, const String& str);
[3.497s]       |                         [01;36m[K^~~~~~~~[m[K
[3.498s] [01m[K/usr/include/opencv4/opencv2/core/persistence.hpp:804:51:[m[K [01;36m[Knote: [m[K  no known conversion for argument 1 from ‘[01m[Kstd::ostream[m[K’ {aka ‘[01m[Kstd::basic_ostream<char>[m[K’} to ‘[01m[Kcv::FileStorage&[m[K’
[3.498s]   804 | CV_EXPORTS FileStorage& operator << ([01;36m[KFileStorage& fs[m[K, const String& str);
[3.498s]       |                                      [01;36m[K~~~~~~~~~~~~~^~[m[K
[3.498s] [01m[K/usr/include/opencv4/opencv2/core/persistence.hpp:1234:14:[m[K [01;36m[Knote: [m[Kcandidate: ‘[01m[Kcv::FileStorage& cv::operator<<(cv::FileStorage&, const char*)[m[K’
[3.498s]  1234 | FileStorage& [01;36m[Koperator[m[K << (FileStorage& fs, const char* str)
[3.498s]       |              [01;36m[K^~~~~~~~[m[K
[3.498s] [01m[K/usr/include/opencv4/opencv2/core/persistence.hpp:1234:40:[m[K [01;36m[Knote: [m[K  no known conversion for argument 1 from ‘[01m[Kstd::ostream[m[K’ {aka ‘[01m[Kstd::basic_ostream<char>[m[K’} to ‘[01m[Kcv::FileStorage&[m[K’
[3.498s]  1234 | FileStorage& operator << ([01;36m[KFileStorage& fs[m[K, const char* str)
[3.498s]       |                           [01;36m[K~~~~~~~~~~~~~^~[m[K
[3.498s] [01m[K/usr/include/opencv4/opencv2/core/persistence.hpp:1242:14:[m[K [01;36m[Knote: [m[Kcandidate: ‘[01m[Kcv::FileStorage& cv::operator<<(cv::FileStorage&, char*)[m[K’
[3.499s]  1242 | FileStorage& [01;36m[Koperator[m[K << (FileStorage& fs, char* value)
[3.499s]       |              [01;36m[K^~~~~~~~[m[K
[3.499s] [01m[K/usr/include/opencv4/opencv2/core/persistence.hpp:1242:40:[m[K [01;36m[Knote: [m[K  no known conversion for argument 1 from ‘[01m[Kstd::ostream[m[K’ {aka ‘[01m[Kstd::basic_ostream<char>[m[K’} to ‘[01m[Kcv::FileStorage&[m[K’
[3.499s]  1242 | FileStorage& operator << ([01;36m[KFileStorage& fs[m[K, char* value)
[3.499s]       |                           [01;36m[K~~~~~~~~~~~~~^~[m[K
[3.499s] In file included from [01m[K/usr/include/opencv4/opencv2/opencv.hpp:52[m[K,
[3.499s]                  from [01m[K/home/leoxia/Code/XJTU-RMV-Task05/src/detect_and_solve/include/detect_and_solve/recognition.hpp:4[m[K,
[3.499s]                  from [01m[K/home/leoxia/Code/XJTU-RMV-Task05/src/detect_and_solve/src/recognition.cpp:8[m[K:
[3.500s] [01m[K/usr/include/opencv4/opencv2/core.hpp:3058:9:[m[K [01;36m[Knote: [m[Kcandidate: ‘[01m[Kcv::String& cv::operator<<(cv::String&, cv::Ptr<cv::Formatted>)[m[K’
[3.503s]  3058 | String& [01;36m[Koperator[m[K << (String& out, Ptr<Formatted> fmtd)
[3.503s]       |         [01;36m[K^~~~~~~~[m[K
[3.503s] [01m[K/usr/include/opencv4/opencv2/core.hpp:3058:30:[m[K [01;36m[Knote: [m[K  no known conversion for argument 1 from ‘[01m[Kstd::ostream[m[K’ {aka ‘[01m[Kstd::basic_ostream<char>[m[K’} to ‘[01m[Kcv::String&[m[K’ {aka ‘[01m[Kstd::__cxx11::basic_string<char>&[m[K’}
[3.503s]  3058 | String& operator << ([01;36m[KString& out[m[K, Ptr<Formatted> fmtd)
[3.503s]       |                      [01;36m[K~~~~~~~~^~~[m[K
[3.503s] [01m[K/usr/include/opencv4/opencv2/core.hpp:3067:9:[m[K [01;36m[Knote: [m[Kcandidate: ‘[01m[Kcv::String& cv::operator<<(cv::String&, const cv::Mat&)[m[K’
[3.503s]  3067 | String& [01;36m[Koperator[m[K << (String& out, const Mat& mtx)
[3.503s]       |         [01;36m[K^~~~~~~~[m[K
[3.504s] [01m[K/usr/include/opencv4/opencv2/core.hpp:3067:30:[m[K [01;36m[Knote: [m[K  no known conversion for argument 1 from ‘[01m[Kstd::ostream[m[K’ {aka ‘[01m[Kstd::basic_ostream<char>[m[K’} to ‘[01m[Kcv::String&[m[K’ {aka ‘[01m[Kstd::__cxx11::basic_string<char>&[m[K’}
[3.504s]  3067 | String& operator << ([01;36m[KString& out[m[K, const Mat& mtx)
[3.504s]       |                      [01;36m[K~~~~~~~~^~~[m[K
[3.504s] In file included from [01m[K/usr/include/opencv4/opencv2/core.hpp:3306[m[K,
[3.504s]                  from [01m[K/usr/include/opencv4/opencv2/opencv.hpp:52[m[K,
[3.504s]                  from [01m[K/home/leoxia/Code/XJTU-RMV-Task05/src/detect_and_solve/include/detect_and_solve/recognition.hpp:4[m[K,
[3.504s]                  from [01m[K/home/leoxia/Code/XJTU-RMV-Task05/src/detect_and_solve/src/recognition.cpp:8[m[K:
[3.504s] [01m[K/usr/include/opencv4/opencv2/core/cvstd.inl.hpp:78:15:[m[K [01;36m[Knote: [m[Kcandidate: ‘[01m[Kstd::ostream& cv::operator<<(std::ostream&, cv::Ptr<cv::Formatted>)[m[K’
[3.504s]    78 | std::ostream& [01;36m[Koperator[m[K << (std::ostream& out, Ptr<Formatted> fmtd)
[3.505s]       |               [01;36m[K^~~~~~~~[m[K
[3.505s] [01m[K/usr/include/opencv4/opencv2/core/cvstd.inl.hpp:78:62:[m[K [01;36m[Knote: [m[K  no known conversion for argument 2 from ‘[01m[Kcv::RotatedRect[m[K’ to ‘[01m[Kcv::Ptr<cv::Formatted>[m[K’
[3.505s]    78 | std::ostream& operator << (std::ostream& out, [01;36m[KPtr<Formatted> fmtd[m[K)
[3.505s]       |                                               [01;36m[K~~~~~~~~~~~~~~~^~~~[m[K
[3.505s] [01m[K/usr/include/opencv4/opencv2/core/cvstd.inl.hpp:87:15:[m[K [01;36m[Knote: [m[Kcandidate: ‘[01m[Kstd::ostream& cv::operator<<(std::ostream&, const cv::Mat&)[m[K’
[3.505s]    87 | std::ostream& [01;36m[Koperator[m[K << (std::ostream& out, const Mat& mtx)
[3.505s]       |               [01;36m[K^~~~~~~~[m[K
[3.505s] [01m[K/usr/include/opencv4/opencv2/core/cvstd.inl.hpp:87:58:[m[K [01;36m[Knote: [m[K  no known conversion for argument 2 from ‘[01m[Kcv::RotatedRect[m[K’ to ‘[01m[Kconst cv::Mat&[m[K’
[3.505s]    87 | std::ostream& operator << (std::ostream& out, [01;36m[Kconst Mat& mtx[m[K)
[3.505s]       |                                               [01;36m[K~~~~~~~~~~~^~~[m[K
[3.506s] [01m[K/usr/include/opencv4/opencv2/core/cvstd.inl.hpp:93:15:[m[K [01;36m[Knote: [m[Kcandidate: ‘[01m[Kstd::ostream& cv::operator<<(std::ostream&, const cv::UMat&)[m[K’
[3.506s]    93 | std::ostream& [01;36m[Koperator[m[K << (std::ostream& out, const UMat& m)
[3.509s]       |               [01;36m[K^~~~~~~~[m[K
[3.509s] [01m[K/usr/include/opencv4/opencv2/core/cvstd.inl.hpp:93:59:[m[K [01;36m[Knote: [m[K  no known conversion for argument 2 from ‘[01m[Kcv::RotatedRect[m[K’ to ‘[01m[Kconst cv::UMat&[m[K’
[3.509s]    93 | std::ostream& operator << (std::ostream& out, [01;36m[Kconst UMat& m[m[K)
[3.510s]       |                                               [01;36m[K~~~~~~~~~~~~^[m[K
[3.510s] [01m[K/usr/include/opencv4/opencv2/core/cvstd.inl.hpp:172:29:[m[K [01;36m[Knote: [m[Kcandidate: ‘[01m[Kstd::ostream& cv::operator<<(std::ostream&, const cv::MatSize&)[m[K’
[3.510s]   172 | static inline std::ostream& [01;36m[Koperator[m[K << (std::ostream& out, const MatSize& msize)
[3.510s]       |                             [01;36m[K^~~~~~~~[m[K
[3.510s] [01m[K/usr/include/opencv4/opencv2/core/cvstd.inl.hpp:172:76:[m[K [01;36m[Knote: [m[K  no known conversion for argument 2 from ‘[01m[Kcv::RotatedRect[m[K’ to ‘[01m[Kconst cv::MatSize&[m[K’
[3.510s]   172 | static inline std::ostream& operator << (std::ostream& out, [01;36m[Kconst MatSize& msize[m[K)
[3.510s]       |                                                             [01;36m[K~~~~~~~~~~~~~~~^~~~~[m[K
[3.510s] [01m[K/usr/include/opencv4/opencv2/core/cvstd.inl.hpp:184:29:[m[K [01;36m[Knote: [m[Kcandidate: ‘[01m[Kstd::ostream& cv::operator<<(std::ostream&, cv::Range&)[m[K’
[3.511s]   184 | static inline std::ostream &[01;36m[Koperator[m[K<< (std::ostream &s, cv::Range &r)
[3.511s]       |                             [01;36m[K^~~~~~~~[m[K
[3.511s] [01m[K/usr/include/opencv4/opencv2/core/cvstd.inl.hpp:184:69:[m[K [01;36m[Knote: [m[K  no known conversion for argument 2 from ‘[01m[Kcv::RotatedRect[m[K’ to ‘[01m[Kcv::Range&[m[K’
[3.511s]   184 | static inline std::ostream &operator<< (std::ostream &s, [01;36m[Kcv::Range &r[m[K)
[3.511s]       |                                                          [01;36m[K~~~~~~~~~~~^[m[K
[3.511s] In file included from [01m[K/usr/include/opencv4/opencv2/core.hpp:3307[m[K,
[3.511s]                  from [01m[K/usr/include/opencv4/opencv2/opencv.hpp:52[m[K,
[3.511s]                  from [01m[K/home/leoxia/Code/XJTU-RMV-Task05/src/detect_and_solve/include/detect_and_solve/recognition.hpp:4[m[K,
[3.511s]                  from [01m[K/home/leoxia/Code/XJTU-RMV-Task05/src/detect_and_solve/src/recognition.cpp:8[m[K:
[3.511s] [01m[K/usr/include/opencv4/opencv2/core/utility.hpp:398:15:[m[K [01;36m[Knote: [m[Kcandidate: ‘[01m[Kstd::ostream& cv::operator<<(std::ostream&, const cv::TickMeter&)[m[K’
[3.512s]   398 | std::ostream& [01;36m[Koperator[m[K << (std::ostream& out, const TickMeter& tm)
[3.515s]       |               [01;36m[K^~~~~~~~[m[K
[3.515s] [01m[K/usr/include/opencv4/opencv2/core/utility.hpp:398:64:[m[K [01;36m[Knote: [m[K  no known conversion for argument 2 from ‘[01m[Kcv::RotatedRect[m[K’ to ‘[01m[Kconst cv::TickMeter&[m[K’
[3.515s]   398 | std::ostream& operator << (std::ostream& out, [01;36m[Kconst TickMeter& tm[m[K)
[3.515s]       |                                               [01;36m[K~~~~~~~~~~~~~~~~~^~[m[K
[4.379s] gmake[2]: *** [CMakeFiles/detect_and_solve.dir/build.make:104: CMakeFiles/detect_and_solve.dir/src/recognition.cpp.o] Error 1
[4.379s] gmake[2]: *** Waiting for unfinished jobs....
[8.282s] [01m[K/home/leoxia/Code/XJTU-RMV-Task05/src/detect_and_solve/src/node.cpp:[m[K In member function ‘[01m[Kbool DetectorAndSolver::solve_pnp(cv::RotatedRect&)[m[K’:
[8.283s] [01m[K/home/leoxia/Code/XJTU-RMV-Task05/src/detect_and_solve/src/node.cpp:170:12:[m[K [01;35m[Kwarning: [m[Knarrowing conversion of ‘[01m[K((- w) / (double)2)[m[K’ from ‘[01m[Kdouble[m[K’ to ‘[01m[Kfloat[m[K’ [[01;35m[K]8;;https://gcc.gnu.org/onlinedocs/gcc/Warning-Options.html#index-Wnarrowing-Wnarrowing]8;;[m[K]
[8.283s]   170 |         {[01;35m[K-w/2[m[K, -h/2, 0},
[8.283s]       |          [01;35m[K~~^~[m[K
[8.283s] [01m[K/home/leoxia/Code/XJTU-RMV-Task05/src/detect_and_solve/src/node.cpp:170:18:[m[K [01;35m[Kwarning: [m[Knarrowing conversion of ‘[01m[K((- h) / (double)2)[m[K’ from ‘[01m[Kdouble[m[K’ to ‘[01m[Kfloat[m[K’ [[01;35m[K]8;;https://gcc.gnu.org/onlinedocs/gcc/Warning-Options.html#index-Wnarrowing-Wnarrowing]8;;[m[K]
[8.283s]   170 |         {-w/2, [01;35m[K-h/2[m[K, 0},
[8.283s]       |                [01;35m[K~~^~[m[K
[8.283s] [01m[K/home/leoxia/Code/XJTU-RMV-Task05/src/detect_and_solve/src/node.cpp:171:12:[m[K [01;35m[Kwarning: [m[Knarrowing conversion of ‘[01m[K(((double)w) / (double)2)[m[K’ from ‘[01m[Kdouble[m[K’ to ‘[01m[Kfloat[m[K’ [[01;35m[K]8;;https://gcc.gnu.org/onlinedocs/gcc/Warning-Options.html#index-Wnarrowing-Wnarrowing]8;;[m[K]
[8.284s]   171 |         { [01;35m[Kw/2[m[K, -h/2, 0},
[8.284s]       |           [01;35m[K~^~[m[K
[8.284s] [01m[K/home/leoxia/Code/XJTU-RMV-Task05/src/detect_and_solve/src/node.cpp:171:18:[m[K [01;35m[Kwarning: [m[Knarrowing conversion of ‘[01m[K((- h) / (double)2)[m[K’ from ‘[01m[Kdouble[m[K’ to ‘[01m[Kfloat[m[K’ [[01;35m[K]8;;https://gcc.gnu.org/onlinedocs/gcc/Warning-Options.html#index-Wnarrowing-Wnarrowing]8;;[m[K]
[8.284s]   171 |         { w/2, [01;35m[K-h/2[m[K, 0},
[8.284s]       |                [01;35m[K~~^~[m[K
[8.284s] [01m[K/home/leoxia/Code/XJTU-RMV-Task05/src/detect_and_solve/src/node.cpp:172:12:[m[K [01;35m[Kwarning: [m[Knarrowing conversion of ‘[01m[K(((double)w) / (double)2)[m[K’ from ‘[01m[Kdouble[m[K’ to ‘[01m[Kfloat[m[K’ [[01;35m[K]8;;https://gcc.gnu.org/onlinedocs/gcc/Warning-Options.html#index-Wnarrowing-Wnarrowing]8;;[m[K]
[8.285s]   172 |         { [01;35m[Kw/2[m[K,  h/2, 0},
[8.285s]       |           [01;35m[K~^~[m[K
[8.285s] [01m[K/home/leoxia/Code/XJTU-RMV-Task05/src/detect_and_solve/src/node.cpp:172:18:[m[K [01;35m[Kwarning: [m[Knarrowing conversion of ‘[01m[K(((double)h) / (double)2)[m[K’ from ‘[01m[Kdouble[m[K’ to ‘[01m[Kfloat[m[K’ [[01;35m[K]8;;https://gcc.gnu.org/onlinedocs/gcc/Warning-Options.html#index-Wnarrowing-Wnarrowing]8;;[m[K]
[8.285s]   172 |         { w/2,  [01;35m[Kh/2[m[K, 0},
[8.285s]       |                 [01;35m[K~^~[m[K
[8.286s] [01m[K/home/leoxia/Code/XJTU-RMV-Task05/src/detect_and_solve/src/node.cpp:173:12:[m[K [01;35m[Kwarning: [m[Knarrowing conversion of ‘[01m[K((- w) / (double)2)[m[K’ from ‘[01m[Kdouble[m[K’ to ‘[01m[Kfloat[m[K’ [[01;35m[K]8;;https://gcc.gnu.org/onlinedocs/gcc/Warning-Options.html#index-Wnarrowing-Wnarrowing]8;;[m[K]
[8.286s]   173 |         {[01;35m[K-w/2[m[K,  h/2, 0}
[8.286s]       |          [01;35m[K~~^~[m[K
[8.286s] [01m[K/home/leoxia/Code/XJTU-RMV-Task05/src/detect_and_solve/src/node.cpp:173:18:[m[K [01;35m[Kwarning: [m[Knarrowing conversion of ‘[01m[K(((double)h) / (double)2)[m[K’ from ‘[01m[Kdouble[m[K’ to ‘[01m[Kfloat[m[K’ [[01;35m[K]8;;https://gcc.gnu.org/onlinedocs/gcc/Warning-Options.html#index-Wnarrowing-Wnarrowing]8;;[m[K]
[8.286s]   173 |         {-w/2,  [01;35m[Kh/2[m[K, 0}
[8.286s]       |                 [01;35m[K~^~[m[K
[12.777s] [01m[K/home/leoxia/Code/XJTU-RMV-Task05/src/detect_and_solve/src/node.cpp:247:3:[m[K [01;35m[Kwarning: [m[Kcontrol reaches end of non-void function [[01;35m[K]8;;https://gcc.gnu.org/onlinedocs/gcc/Warning-Options.html#index-Wreturn-type-Wreturn-type]8;;[m[K]
[12.777s]   247 |   [01;35m[K}[m[K
[12.777s]       |   [01;35m[K^[m[K
[20.835s] gmake[1]: *** [CMakeFiles/Makefile2:137: CMakeFiles/detect_and_solve.dir/all] Error 2
[20.837s] gmake: *** [Makefile:146: all] Error 2
[20.840s] Invoked command in '/home/leoxia/Code/XJTU-RMV-Task05/src/build/detect_and_solve' returned '2': CMAKE_PREFIX_PATH=${CMAKE_PREFIX_PATH}:/opt/ros/humble /usr/bin/cmake --build /home/leoxia/Code/XJTU-RMV-Task05/src/build/detect_and_solve -- -j4 -l4
