-- Found ament_cmake: 1.3.12 (/opt/ros/humble/share/ament_cmake/cmake)
-- Override CMake install command with custom implementation using symlinks instead of copying resources
-- Found rclcpp: 16.0.15 (/opt/ros/humble/share/rclcpp/cmake)
-- Found rosidl_generator_c: 3.1.7 (/opt/ros/humble/share/rosidl_generator_c/cmake)
-- Found rosidl_adapter: 3.1.7 (/opt/ros/humble/share/rosidl_adapter/cmake)
-- Found rosidl_generator_cpp: 3.1.7 (/opt/ros/humble/share/rosidl_generator_cpp/cmake)
-- Using all available rosidl_typesupport_c: rosidl_typesupport_fastrtps_c;rosidl_typesupport_introspection_c
-- Using all available rosidl_typesupport_cpp: rosidl_typesupport_fastrtps_cpp;rosidl_typesupport_introspection_cpp
-- Found rmw_implementation_cmake: 6.1.2 (/opt/ros/humble/share/rmw_implementation_cmake/cmake)
-- Found rmw_fastrtps_cpp: 6.2.8 (/opt/ros/humble/share/rmw_fastrtps_cpp/cmake)
-- Using RMW implementation 'rmw_fastrtps_cpp' as default
-- Found cv_bridge: 3.2.1 (/opt/ros/humble/share/cv_bridge/cmake)
-- Found ament_lint_auto: 0.12.14 (/opt/ros/humble/share/ament_lint_auto/cmake)
-- Configuring done
-- Generating done
-- Build files have been written to: /home/leoxia/Code/XJTU-RMV-Task05/src/build/detect_and_solve
[35m[1mConsolidate compiler generated dependencies of target detect_and_solve[0m
[ 33%] [32mBuilding CXX object CMakeFiles/detect_and_solve.dir/src/node.cpp.o[0m
[ 66%] [32m[1mLinking CXX executable detect_and_solve[0m
[100%] Built target detect_and_solve
-- Install configuration: ""
-- Execute custom install script
-- Symlinking: /home/leoxia/Code/XJTU-RMV-Task05/src/install/detect_and_solve/lib/detect_and_solve/detect_and_solve
-- Symlinking: /home/leoxia/Code/XJTU-RMV-Task05/src/install/detect_and_solve/share/ament_index/resource_index/package_run_dependencies/detect_and_solve
-- Symlinking: /home/leoxia/Code/XJTU-RMV-Task05/src/install/detect_and_solve/share/ament_index/resource_index/parent_prefix_path/detect_and_solve
-- Symlinking: /home/leoxia/Code/XJTU-RMV-Task05/src/install/detect_and_solve/share/detect_and_solve/environment/ament_prefix_path.sh
-- Symlinking: /home/leoxia/Code/XJTU-RMV-Task05/src/install/detect_and_solve/share/detect_and_solve/environment/ament_prefix_path.dsv
-- Symlinking: /home/leoxia/Code/XJTU-RMV-Task05/src/install/detect_and_solve/share/detect_and_solve/environment/path.sh
-- Symlinking: /home/leoxia/Code/XJTU-RMV-Task05/src/install/detect_and_solve/share/detect_and_solve/environment/path.dsv
-- Symlinking: /home/leoxia/Code/XJTU-RMV-Task05/src/install/detect_and_solve/share/detect_and_solve/local_setup.bash
-- Symlinking: /home/leoxia/Code/XJTU-RMV-Task05/src/install/detect_and_solve/share/detect_and_solve/local_setup.sh
-- Symlinking: /home/leoxia/Code/XJTU-RMV-Task05/src/install/detect_and_solve/share/detect_and_solve/local_setup.zsh
-- Symlinking: /home/leoxia/Code/XJTU-RMV-Task05/src/install/detect_and_solve/share/detect_and_solve/local_setup.dsv
-- Symlinking: /home/leoxia/Code/XJTU-RMV-Task05/src/install/detect_and_solve/share/detect_and_solve/package.dsv
-- Symlinking: /home/leoxia/Code/XJTU-RMV-Task05/src/install/detect_and_solve/share/ament_index/resource_index/packages/detect_and_solve
-- Symlinking: /home/leoxia/Code/XJTU-RMV-Task05/src/install/detect_and_solve/share/detect_and_solve/cmake/detect_and_solveConfig.cmake
-- Symlinking: /home/leoxia/Code/XJTU-RMV-Task05/src/install/detect_and_solve/share/detect_and_solve/cmake/detect_and_solveConfig-version.cmake
-- Symlinking: /home/leoxia/Code/XJTU-RMV-Task05/src/install/detect_and_solve/share/detect_and_solve/package.xml
