[0.511s] DEBUG:colcon:Command line arguments: ['/usr/bin/colcon', 'build', '--symlink-install']
[0.511s] DEBUG:colcon:Parsed command line arguments: Namespace(log_base=None, log_level=None, verb_name='build', build_base='build', install_base='install', merge_install=False, symlink_install=True, test_result_base=None, continue_on_error=False, executor='parallel', parallel_workers=4, event_handlers=None, ignore_user_meta=False, metas=['./colcon.meta'], base_paths=['.'], packages_ignore=None, packages_ignore_regex=None, paths=None, packages_up_to=None, packages_up_to_regex=None, packages_above=None, packages_above_and_dependencies=None, packages_above_depth=None, packages_select_by_dep=None, packages_skip_by_dep=None, packages_skip_up_to=None, packages_select_build_failed=False, packages_skip_build_finished=False, packages_select_test_failures=False, packages_skip_test_passed=False, packages_select=None, packages_skip=None, packages_select_regex=None, packages_skip_regex=None, packages_start=None, packages_end=None, allow_overriding=[], cmake_args=None, cmake_target=None, cmake_target_skip_unavailable=False, cmake_clean_cache=False, cmake_clean_first=False, cmake_force_configure=False, ament_cmake_args=None, catkin_cmake_args=None, catkin_skip_building_tests=False, verb_parser=<colcon_defaults.argument_parser.defaults.DefaultArgumentsDecorator object at 0x7377981fb250>, verb_extension=<colcon_core.verb.build.BuildVerb object at 0x7377981fad70>, main=<bound method BuildVerb.main of <colcon_core.verb.build.BuildVerb object at 0x7377981fad70>>)
[1.068s] Level 1:colcon.colcon_core.package_discovery:discover_packages(colcon_meta) check parameters
[1.068s] Level 1:colcon.colcon_core.package_discovery:discover_packages(recursive) check parameters
[1.068s] Level 1:colcon.colcon_core.package_discovery:discover_packages(ignore) check parameters
[1.068s] Level 1:colcon.colcon_core.package_discovery:discover_packages(path) check parameters
[1.068s] Level 1:colcon.colcon_core.package_discovery:discover_packages(colcon_meta) discover
[1.069s] Level 1:colcon.colcon_core.package_discovery:discover_packages(recursive) discover
[1.069s] INFO:colcon.colcon_core.package_discovery:Crawling recursively for packages in '/home/leoxia/Code/XJTU-RMV-Task05/src'
[1.069s] Level 1:colcon.colcon_core.package_identification:_identify(.) by extensions ['ignore', 'ignore_ament_install']
[1.069s] Level 1:colcon.colcon_core.package_identification:_identify(.) by extension 'ignore'
[1.069s] Level 1:colcon.colcon_core.package_identification:_identify(.) by extension 'ignore_ament_install'
[1.069s] Level 1:colcon.colcon_core.package_identification:_identify(.) by extensions ['colcon_pkg']
[1.069s] Level 1:colcon.colcon_core.package_identification:_identify(.) by extension 'colcon_pkg'
[1.070s] Level 1:colcon.colcon_core.package_identification:_identify(.) by extensions ['colcon_meta']
[1.070s] Level 1:colcon.colcon_core.package_identification:_identify(.) by extension 'colcon_meta'
[1.070s] Level 1:colcon.colcon_core.package_identification:_identify(.) by extensions ['ros']
[1.070s] Level 1:colcon.colcon_core.package_identification:_identify(.) by extension 'ros'
[1.094s] Level 1:colcon.colcon_core.package_identification:_identify(.) by extensions ['cmake', 'python']
[1.095s] Level 1:colcon.colcon_core.package_identification:_identify(.) by extension 'cmake'
[1.095s] Level 1:colcon.colcon_core.package_identification:_identify(.) by extension 'python'
[1.095s] Level 1:colcon.colcon_core.package_identification:_identify(.) by extensions ['python_setup_py']
[1.095s] Level 1:colcon.colcon_core.package_identification:_identify(.) by extension 'python_setup_py'
[1.096s] Level 1:colcon.colcon_core.package_identification:_identify(build) by extensions ['ignore', 'ignore_ament_install']
[1.096s] Level 1:colcon.colcon_core.package_identification:_identify(build) by extension 'ignore'
[1.096s] Level 1:colcon.colcon_core.package_identification:_identify(build) ignored
[1.096s] Level 1:colcon.colcon_core.package_identification:_identify(detect) by extensions ['ignore', 'ignore_ament_install']
[1.097s] Level 1:colcon.colcon_core.package_identification:_identify(detect) by extension 'ignore'
[1.097s] Level 1:colcon.colcon_core.package_identification:_identify(detect) by extension 'ignore_ament_install'
[1.097s] Level 1:colcon.colcon_core.package_identification:_identify(detect) by extensions ['colcon_pkg']
[1.097s] Level 1:colcon.colcon_core.package_identification:_identify(detect) by extension 'colcon_pkg'
[1.097s] Level 1:colcon.colcon_core.package_identification:_identify(detect) by extensions ['colcon_meta']
[1.097s] Level 1:colcon.colcon_core.package_identification:_identify(detect) by extension 'colcon_meta'
[1.097s] Level 1:colcon.colcon_core.package_identification:_identify(detect) by extensions ['ros']
[1.097s] Level 1:colcon.colcon_core.package_identification:_identify(detect) by extension 'ros'
[1.104s] DEBUG:colcon.colcon_core.package_identification:Package 'detect' with type 'ros.catkin' and name 'detect'
[1.104s] Level 1:colcon.colcon_core.package_identification:_identify(install) by extensions ['ignore', 'ignore_ament_install']
[1.104s] Level 1:colcon.colcon_core.package_identification:_identify(install) by extension 'ignore'
[1.104s] Level 1:colcon.colcon_core.package_identification:_identify(install) ignored
[1.104s] Level 1:colcon.colcon_core.package_identification:_identify(log) by extensions ['ignore', 'ignore_ament_install']
[1.105s] Level 1:colcon.colcon_core.package_identification:_identify(log) by extension 'ignore'
[1.105s] Level 1:colcon.colcon_core.package_identification:_identify(log) ignored
[1.105s] Level 1:colcon.colcon_core.package_discovery:discover_packages(recursive) using defaults
[1.105s] Level 1:colcon.colcon_core.package_discovery:discover_packages(ignore) discover
[1.105s] Level 1:colcon.colcon_core.package_discovery:discover_packages(ignore) using defaults
[1.105s] Level 1:colcon.colcon_core.package_discovery:discover_packages(path) discover
[1.105s] Level 1:colcon.colcon_core.package_discovery:discover_packages(path) using defaults
[1.162s] Level 1:colcon.colcon_core.package_discovery:discover_packages(prefix_path) check parameters
[1.162s] Level 1:colcon.colcon_core.package_discovery:discover_packages(prefix_path) discover
[1.167s] WARNING:colcon.colcon_ros.prefix_path.catkin:The path '/home/leoxia/Code/XJTU-RMV-Task05/src/install/detect_and_solve' in the environment variable CMAKE_PREFIX_PATH doesn't exist
[1.169s] DEBUG:colcon.colcon_installed_package_information.package_discovery:Found 0 installed packages in /home/leoxia/Code/XJTU-RMV-Task05/src/install
[1.171s] DEBUG:colcon.colcon_installed_package_information.package_discovery:Found 271 installed packages in /opt/ros/humble
[1.175s] Level 1:colcon.colcon_core.package_discovery:discover_packages(prefix_path) using defaults
[1.268s] Level 5:colcon.colcon_core.verb:set package 'detect' build argument 'cmake_args' from command line to 'None'
[1.268s] Level 5:colcon.colcon_core.verb:set package 'detect' build argument 'cmake_target' from command line to 'None'
[1.268s] Level 5:colcon.colcon_core.verb:set package 'detect' build argument 'cmake_target_skip_unavailable' from command line to 'False'
[1.268s] Level 5:colcon.colcon_core.verb:set package 'detect' build argument 'cmake_clean_cache' from command line to 'False'
[1.268s] Level 5:colcon.colcon_core.verb:set package 'detect' build argument 'cmake_clean_first' from command line to 'False'
[1.268s] Level 5:colcon.colcon_core.verb:set package 'detect' build argument 'cmake_force_configure' from command line to 'False'
[1.268s] Level 5:colcon.colcon_core.verb:set package 'detect' build argument 'ament_cmake_args' from command line to 'None'
[1.268s] Level 5:colcon.colcon_core.verb:set package 'detect' build argument 'catkin_cmake_args' from command line to 'None'
[1.268s] Level 5:colcon.colcon_core.verb:set package 'detect' build argument 'catkin_skip_building_tests' from command line to 'False'
[1.268s] DEBUG:colcon.colcon_core.verb:Building package 'detect' with the following arguments: {'ament_cmake_args': None, 'build_base': '/home/leoxia/Code/XJTU-RMV-Task05/src/build/detect', 'catkin_cmake_args': None, 'catkin_skip_building_tests': False, 'cmake_args': None, 'cmake_clean_cache': False, 'cmake_clean_first': False, 'cmake_force_configure': False, 'cmake_target': None, 'cmake_target_skip_unavailable': False, 'install_base': '/home/leoxia/Code/XJTU-RMV-Task05/src/install/detect', 'merge_install': False, 'path': '/home/leoxia/Code/XJTU-RMV-Task05/src/detect', 'symlink_install': True, 'test_result_base': None}
[1.269s] INFO:colcon.colcon_core.executor:Executing jobs using 'parallel' executor
[1.270s] DEBUG:colcon.colcon_parallel_executor.executor.parallel:run_until_complete
[1.271s] INFO:colcon.colcon_ros.task.catkin.build:Building ROS package in '/home/leoxia/Code/XJTU-RMV-Task05/src/detect' with build type 'catkin'
[1.271s] INFO:colcon.colcon_cmake.task.cmake.build:Building CMake package in '/home/leoxia/Code/XJTU-RMV-Task05/src/detect'
[1.281s] INFO:colcon.colcon_core.plugin_system:Skipping extension 'colcon_core.shell.bat': Not used on non-Windows systems
[1.282s] INFO:colcon.colcon_core.shell:Skip shell extension 'powershell' for command environment: Not usable outside of PowerShell
[1.282s] DEBUG:colcon.colcon_core.shell:Skip shell extension 'dsv' for command environment
[1.298s] DEBUG:colcon.colcon_core.event_handler.log_command:Invoking command in '/home/leoxia/Code/XJTU-RMV-Task05/src/build/detect': /usr/bin/cmake /home/leoxia/Code/XJTU-RMV-Task05/src/detect -DCATKIN_INSTALL_INTO_PREFIX_ROOT=0 -DCATKIN_SYMLINK_INSTALL=ON -DCMAKE_INSTALL_PREFIX=/home/leoxia/Code/XJTU-RMV-Task05/src/install/detect
[3.875s] DEBUG:colcon.colcon_core.event_handler.log_command:Invoked command in '/home/leoxia/Code/XJTU-RMV-Task05/src/build/detect' returned '0': /usr/bin/cmake /home/leoxia/Code/XJTU-RMV-Task05/src/detect -DCATKIN_INSTALL_INTO_PREFIX_ROOT=0 -DCATKIN_SYMLINK_INSTALL=ON -DCMAKE_INSTALL_PREFIX=/home/leoxia/Code/XJTU-RMV-Task05/src/install/detect
[3.876s] DEBUG:colcon.colcon_core.event_handler.log_command:Invoking command in '/home/leoxia/Code/XJTU-RMV-Task05/src/build/detect': /usr/bin/cmake --build /home/leoxia/Code/XJTU-RMV-Task05/src/build/detect -- -j4 -l4
[24.596s] DEBUG:colcon.colcon_core.event_handler.log_command:Invoked command in '/home/leoxia/Code/XJTU-RMV-Task05/src/build/detect' returned '0': /usr/bin/cmake --build /home/leoxia/Code/XJTU-RMV-Task05/src/build/detect -- -j4 -l4
[24.610s] DEBUG:colcon.colcon_core.event_handler.log_command:Invoking command in '/home/leoxia/Code/XJTU-RMV-Task05/src/build/detect': /usr/bin/cmake --install /home/leoxia/Code/XJTU-RMV-Task05/src/build/detect
[24.636s] Level 1:colcon.colcon_core.shell:create_environment_hook('detect', 'ros_package_path')
[24.637s] INFO:colcon.colcon_core.shell:Creating environment hook '/home/leoxia/Code/XJTU-RMV-Task05/src/install/detect/share/detect/hook/ros_package_path.ps1'
[24.637s] DEBUG:colcon.colcon_core.event_handler.log_command:Invoked command in '/home/leoxia/Code/XJTU-RMV-Task05/src/build/detect' returned '0': /usr/bin/cmake --install /home/leoxia/Code/XJTU-RMV-Task05/src/build/detect
[24.640s] INFO:colcon.colcon_core.shell:Creating environment descriptor '/home/leoxia/Code/XJTU-RMV-Task05/src/install/detect/share/detect/hook/ros_package_path.dsv'
[24.641s] INFO:colcon.colcon_core.shell:Creating environment hook '/home/leoxia/Code/XJTU-RMV-Task05/src/install/detect/share/detect/hook/ros_package_path.sh'
[24.643s] Level 1:colcon.colcon_core.shell:create_environment_hook('detect', 'pkg_config_path')
[24.643s] INFO:colcon.colcon_core.shell:Creating environment hook '/home/leoxia/Code/XJTU-RMV-Task05/src/install/detect/share/detect/hook/pkg_config_path.ps1'
[24.644s] INFO:colcon.colcon_core.shell:Creating environment descriptor '/home/leoxia/Code/XJTU-RMV-Task05/src/install/detect/share/detect/hook/pkg_config_path.dsv'
[24.645s] INFO:colcon.colcon_core.shell:Creating environment hook '/home/leoxia/Code/XJTU-RMV-Task05/src/install/detect/share/detect/hook/pkg_config_path.sh'
[24.649s] Level 1:colcon.colcon_core.shell:create_environment_hook('detect', 'pkg_config_path_multiarch')
[24.649s] INFO:colcon.colcon_core.shell:Creating environment hook '/home/leoxia/Code/XJTU-RMV-Task05/src/install/detect/share/detect/hook/pkg_config_path_multiarch.ps1'
[24.650s] INFO:colcon.colcon_core.shell:Creating environment descriptor '/home/leoxia/Code/XJTU-RMV-Task05/src/install/detect/share/detect/hook/pkg_config_path_multiarch.dsv'
[24.651s] INFO:colcon.colcon_core.shell:Creating environment hook '/home/leoxia/Code/XJTU-RMV-Task05/src/install/detect/share/detect/hook/pkg_config_path_multiarch.sh'
[24.653s] Level 1:colcon.colcon_core.environment:create_environment_scripts_only(detect)
[24.666s] Level 1:colcon.colcon_core.environment:checking '/home/leoxia/Code/XJTU-RMV-Task05/src/install/detect' for CMake module files
[24.667s] Level 1:colcon.colcon_core.environment:checking '/home/leoxia/Code/XJTU-RMV-Task05/src/install/detect' for CMake config files
[24.668s] Level 1:colcon.colcon_core.shell:create_environment_hook('detect', 'cmake_prefix_path')
[24.668s] INFO:colcon.colcon_core.shell:Creating environment hook '/home/leoxia/Code/XJTU-RMV-Task05/src/install/detect/share/detect/hook/cmake_prefix_path.ps1'
[24.669s] INFO:colcon.colcon_core.shell:Creating environment descriptor '/home/leoxia/Code/XJTU-RMV-Task05/src/install/detect/share/detect/hook/cmake_prefix_path.dsv'
[24.669s] INFO:colcon.colcon_core.shell:Creating environment hook '/home/leoxia/Code/XJTU-RMV-Task05/src/install/detect/share/detect/hook/cmake_prefix_path.sh'
[24.670s] Level 1:colcon.colcon_core.environment:checking '/home/leoxia/Code/XJTU-RMV-Task05/src/install/detect/lib'
[24.671s] Level 1:colcon.colcon_core.environment:checking '/home/leoxia/Code/XJTU-RMV-Task05/src/install/detect/bin'
[24.671s] Level 1:colcon.colcon_core.environment:checking '/home/leoxia/Code/XJTU-RMV-Task05/src/install/detect/lib/pkgconfig/detect.pc'
[24.671s] Level 1:colcon.colcon_core.environment:checking '/home/leoxia/Code/XJTU-RMV-Task05/src/install/detect/lib/python3.10/site-packages'
[24.672s] Level 1:colcon.colcon_core.environment:checking '/home/leoxia/Code/XJTU-RMV-Task05/src/install/detect/bin'
[24.673s] INFO:colcon.colcon_core.shell:Creating package script '/home/leoxia/Code/XJTU-RMV-Task05/src/install/detect/share/detect/package.ps1'
[24.675s] INFO:colcon.colcon_core.shell:Creating package descriptor '/home/leoxia/Code/XJTU-RMV-Task05/src/install/detect/share/detect/package.dsv'
[24.677s] INFO:colcon.colcon_core.shell:Creating package script '/home/leoxia/Code/XJTU-RMV-Task05/src/install/detect/share/detect/package.sh'
[24.679s] INFO:colcon.colcon_core.shell:Creating package script '/home/leoxia/Code/XJTU-RMV-Task05/src/install/detect/share/detect/package.bash'
[24.681s] INFO:colcon.colcon_core.shell:Creating package script '/home/leoxia/Code/XJTU-RMV-Task05/src/install/detect/share/detect/package.zsh'
[24.685s] Level 1:colcon.colcon_core.environment:create_file_with_runtime_dependencies(/home/leoxia/Code/XJTU-RMV-Task05/src/install/detect/share/colcon-core/packages/detect)
[24.686s] DEBUG:colcon.colcon_parallel_executor.executor.parallel:closing loop
[24.686s] DEBUG:colcon.colcon_parallel_executor.executor.parallel:loop closed
[24.686s] DEBUG:colcon.colcon_parallel_executor.executor.parallel:run_until_complete finished with '0'
[24.686s] DEBUG:colcon.colcon_core.event_reactor:joining thread
[24.711s] INFO:colcon.colcon_core.plugin_system:Skipping extension 'colcon_notification.desktop_notification.terminal_notifier': Not used on non-Darwin systems
[24.711s] INFO:colcon.colcon_core.plugin_system:Skipping extension 'colcon_notification.desktop_notification.win32': Not used on non-Windows systems
[24.712s] INFO:colcon.colcon_notification.desktop_notification:Sending desktop notification using 'notify2'
[24.738s] DEBUG:colcon.colcon_core.event_reactor:joined thread
[24.738s] INFO:colcon.colcon_core.shell:Creating prefix script '/home/leoxia/Code/XJTU-RMV-Task05/src/install/local_setup.ps1'
[24.741s] INFO:colcon.colcon_core.shell:Creating prefix util module '/home/leoxia/Code/XJTU-RMV-Task05/src/install/_local_setup_util_ps1.py'
[24.744s] INFO:colcon.colcon_core.shell:Creating prefix chain script '/home/leoxia/Code/XJTU-RMV-Task05/src/install/setup.ps1'
[24.746s] INFO:colcon.colcon_core.shell:Creating prefix script '/home/leoxia/Code/XJTU-RMV-Task05/src/install/local_setup.sh'
[24.748s] INFO:colcon.colcon_core.shell:Creating prefix util module '/home/leoxia/Code/XJTU-RMV-Task05/src/install/_local_setup_util_sh.py'
[24.749s] INFO:colcon.colcon_core.shell:Creating prefix chain script '/home/leoxia/Code/XJTU-RMV-Task05/src/install/setup.sh'
[24.751s] INFO:colcon.colcon_core.shell:Creating prefix script '/home/leoxia/Code/XJTU-RMV-Task05/src/install/local_setup.bash'
[24.752s] INFO:colcon.colcon_core.shell:Creating prefix chain script '/home/leoxia/Code/XJTU-RMV-Task05/src/install/setup.bash'
[24.754s] INFO:colcon.colcon_core.shell:Creating prefix script '/home/leoxia/Code/XJTU-RMV-Task05/src/install/local_setup.zsh'
[24.756s] INFO:colcon.colcon_core.shell:Creating prefix chain script '/home/leoxia/Code/XJTU-RMV-Task05/src/install/setup.zsh'
