[0.028s] Invoking command in '/home/leoxia/Code/XJTU-RMV-Task05/build/hik_camera': CMAKE_PREFIX_PATH=/opt/ros/humble /usr/bin/cmake /home/leoxia/Code/XJTU-RMV-Task05/src/hik_camera -DAMENT_CMAKE_SYMLINK_INSTALL=1 -DCMAKE_INSTALL_PREFIX=/home/leoxia/Code/XJTU-RMV-Task05/install/hik_camera
[0.290s] -- The C compiler identification is GNU 11.4.0
[0.442s] -- The CXX compiler identification is GNU 11.4.0
[0.470s] -- Detecting C compiler ABI info
[0.661s] -- Detecting C compiler ABI info - done
[0.680s] -- Check for working C compiler: /usr/bin/cc - skipped
[0.681s] -- Detecting C compile features
[0.682s] -- Detecting C compile features - done
[0.696s] -- Detecting CXX compiler ABI info
[0.880s] -- Detecting CXX compiler ABI info - done
[0.910s] -- Check for working CXX compiler: /usr/bin/c++ - skipped
[0.911s] -- Detecting CXX compile features
[0.911s] -- Detecting CXX compile features - done
[0.929s] -- Found ament_cmake: 1.3.12 (/opt/ros/humble/share/ament_cmake/cmake)
[1.265s] -- Found Python3: /usr/bin/python3 (found version "3.10.12") found components: Interpreter 
[1.481s] -- Override CMake install command with custom implementation using symlinks instead of copying resources
[1.563s] -- Found rclcpp: 16.0.15 (/opt/ros/humble/share/rclcpp/cmake)
[1.660s] -- Found rosidl_generator_c: 3.1.7 (/opt/ros/humble/share/rosidl_generator_c/cmake)
[1.673s] -- Found rosidl_adapter: 3.1.7 (/opt/ros/humble/share/rosidl_adapter/cmake)
[1.693s] -- Found rosidl_generator_cpp: 3.1.7 (/opt/ros/humble/share/rosidl_generator_cpp/cmake)
[1.735s] -- Using all available rosidl_typesupport_c: rosidl_typesupport_fastrtps_c;rosidl_typesupport_introspection_c
[1.782s] -- Using all available rosidl_typesupport_cpp: rosidl_typesupport_fastrtps_cpp;rosidl_typesupport_introspection_cpp
[1.904s] -- Found rmw_implementation_cmake: 6.1.2 (/opt/ros/humble/share/rmw_implementation_cmake/cmake)
[1.912s] -- Found rmw_fastrtps_cpp: 6.2.8 (/opt/ros/humble/share/rmw_fastrtps_cpp/cmake)
[2.116s] -- Found OpenSSL: /usr/lib/x86_64-linux-gnu/libcrypto.so (found version "3.0.2")  
[2.182s] -- Found FastRTPS: /opt/ros/humble/include  
[2.267s] -- Using RMW implementation 'rmw_fastrtps_cpp' as default
[2.283s] -- Looking for pthread.h
[2.543s] -- Looking for pthread.h - found
[2.546s] -- Performing Test CMAKE_HAVE_LIBC_PTHREAD
[2.729s] -- Performing Test CMAKE_HAVE_LIBC_PTHREAD - Success
[2.730s] -- Found Threads: TRUE  
[2.890s] -- Found cv_bridge: 3.2.1 (/opt/ros/humble/share/cv_bridge/cmake)
[3.016s] -- Found OpenCV: /usr (found version "4.5.4") 
[3.022s] -- Found ament_lint_auto: 0.12.14 (/opt/ros/humble/share/ament_lint_auto/cmake)
[3.202s] -- Configuring done
[3.269s] -- Generating done
[3.291s] -- Build files have been written to: /home/leoxia/Code/XJTU-RMV-Task05/build/hik_camera
[3.328s] Invoked command in '/home/leoxia/Code/XJTU-RMV-Task05/build/hik_camera' returned '0': CMAKE_PREFIX_PATH=/opt/ros/humble /usr/bin/cmake /home/leoxia/Code/XJTU-RMV-Task05/src/hik_camera -DAMENT_CMAKE_SYMLINK_INSTALL=1 -DCMAKE_INSTALL_PREFIX=/home/leoxia/Code/XJTU-RMV-Task05/install/hik_camera
[3.335s] Invoking command in '/home/leoxia/Code/XJTU-RMV-Task05/build/hik_camera': CMAKE_PREFIX_PATH=/opt/ros/humble /usr/bin/cmake --build /home/leoxia/Code/XJTU-RMV-Task05/build/hik_camera -- -j4 -l4
[3.531s] [ 33%] [32mBuilding CXX object CMakeFiles/hik_camera_node.dir/src/hik_camera_node.cpp.o[0m
[3.547s] [ 66%] [32mBuilding CXX object CMakeFiles/hik_camera_node.dir/src/hik_camera_driver.cpp.o[0m
[15.830s] [01m[K/home/leoxia/Code/XJTU-RMV-Task05/src/hik_camera/src/hik_camera_node.cpp:[m[K In member function ‘[01m[Krcl_interfaces::msg::SetParametersResult HikCameraNode::onParamChange(const std::vector<rclcpp::Parameter>&)[m[K’:
[15.830s] [01m[K/home/leoxia/Code/XJTU-RMV-Task05/src/hik_camera/src/hik_camera_node.cpp:83:55:[m[K [01;35m[Kwarning: [m[Kunused parameter ‘[01m[Kparams[m[K’ [[01;35m[K]8;;https://gcc.gnu.org/onlinedocs/gcc/Warning-Options.html#index-Wunused-parameter-Wunused-parameter]8;;[m[K]
[15.830s]    83 |   onParamChange([01;35m[Kconst std::vector<rclcpp::Parameter> &params[m[K)
[15.830s]       |                 [01;35m[K~~~~~~~~~~~~~~~~~~~~~~~~~~~~~~~~~~~~~~^~~~~~[m[K
[23.508s] [100%] [32m[1mLinking CXX executable hik_camera_node[0m
[24.908s] [100%] Built target hik_camera_node
[25.105s] Invoked command in '/home/leoxia/Code/XJTU-RMV-Task05/build/hik_camera' returned '0': CMAKE_PREFIX_PATH=/opt/ros/humble /usr/bin/cmake --build /home/leoxia/Code/XJTU-RMV-Task05/build/hik_camera -- -j4 -l4
[25.210s] Invoking command in '/home/leoxia/Code/XJTU-RMV-Task05/build/hik_camera': CMAKE_PREFIX_PATH=/opt/ros/humble /usr/bin/cmake --install /home/leoxia/Code/XJTU-RMV-Task05/build/hik_camera
[25.245s] -- Install configuration: ""
[25.248s] -- Execute custom install script
[25.250s] -- Symlinking: /home/leoxia/Code/XJTU-RMV-Task05/install/hik_camera/lib/hik_camera/hik_camera_node
[25.270s] -- Symlinking: /home/leoxia/Code/XJTU-RMV-Task05/install/hik_camera/share/hik_camera/launch/launch.py
[25.295s] -- Symlinking: /home/leoxia/Code/XJTU-RMV-Task05/install/hik_camera/share/ament_index/resource_index/package_run_dependencies/hik_camera
[25.321s] -- Symlinking: /home/leoxia/Code/XJTU-RMV-Task05/install/hik_camera/share/ament_index/resource_index/parent_prefix_path/hik_camera
[25.343s] -- Symlinking: /home/leoxia/Code/XJTU-RMV-Task05/install/hik_camera/share/hik_camera/environment/ament_prefix_path.sh
[25.373s] -- Symlinking: /home/leoxia/Code/XJTU-RMV-Task05/install/hik_camera/share/hik_camera/environment/ament_prefix_path.dsv
[25.396s] -- Symlinking: /home/leoxia/Code/XJTU-RMV-Task05/install/hik_camera/share/hik_camera/environment/path.sh
[25.414s] -- Symlinking: /home/leoxia/Code/XJTU-RMV-Task05/install/hik_camera/share/hik_camera/environment/path.dsv
[25.431s] -- Symlinking: /home/leoxia/Code/XJTU-RMV-Task05/install/hik_camera/share/hik_camera/local_setup.bash
[25.451s] -- Symlinking: /home/leoxia/Code/XJTU-RMV-Task05/install/hik_camera/share/hik_camera/local_setup.sh
[25.467s] -- Symlinking: /home/leoxia/Code/XJTU-RMV-Task05/install/hik_camera/share/hik_camera/local_setup.zsh
[25.483s] -- Symlinking: /home/leoxia/Code/XJTU-RMV-Task05/install/hik_camera/share/hik_camera/local_setup.dsv
[25.501s] -- Symlinking: /home/leoxia/Code/XJTU-RMV-Task05/install/hik_camera/share/hik_camera/package.dsv
[25.518s] -- Symlinking: /home/leoxia/Code/XJTU-RMV-Task05/install/hik_camera/share/ament_index/resource_index/packages/hik_camera
[25.535s] -- Symlinking: /home/leoxia/Code/XJTU-RMV-Task05/install/hik_camera/share/hik_camera/cmake/hik_cameraConfig.cmake
[25.552s] -- Symlinking: /home/leoxia/Code/XJTU-RMV-Task05/install/hik_camera/share/hik_camera/cmake/hik_cameraConfig-version.cmake
[25.592s] -- Symlinking: /home/leoxia/Code/XJTU-RMV-Task05/install/hik_camera/share/hik_camera/package.xml
[25.693s] Invoked command in '/home/leoxia/Code/XJTU-RMV-Task05/build/hik_camera' returned '0': CMAKE_PREFIX_PATH=/opt/ros/humble /usr/bin/cmake --install /home/leoxia/Code/XJTU-RMV-Task05/build/hik_camera
