[0.329s] DEBUG:colcon:Command line arguments: ['/usr/bin/colcon', 'build', '--symlink-install']
[0.329s] DEBUG:colcon:Parsed command line arguments: Namespace(log_base=None, log_level=None, verb_name='build', build_base='build', install_base='install', merge_install=False, symlink_install=True, test_result_base=None, continue_on_error=False, executor='parallel', parallel_workers=4, event_handlers=None, ignore_user_meta=False, metas=['./colcon.meta'], base_paths=['.'], packages_ignore=None, packages_ignore_regex=None, paths=None, packages_up_to=None, packages_up_to_regex=None, packages_above=None, packages_above_and_dependencies=None, packages_above_depth=None, packages_select_by_dep=None, packages_skip_by_dep=None, packages_skip_up_to=None, packages_select_build_failed=False, packages_skip_build_finished=False, packages_select_test_failures=False, packages_skip_test_passed=False, packages_select=None, packages_skip=None, packages_select_regex=None, packages_skip_regex=None, packages_start=None, packages_end=None, allow_overriding=[], cmake_args=None, cmake_target=None, cmake_target_skip_unavailable=False, cmake_clean_cache=False, cmake_clean_first=False, cmake_force_configure=False, ament_cmake_args=None, catkin_cmake_args=None, catkin_skip_building_tests=False, verb_parser=<colcon_defaults.argument_parser.defaults.DefaultArgumentsDecorator object at 0x7f6f3c59f190>, verb_extension=<colcon_core.verb.build.BuildVerb object at 0x7f6f3c59ec80>, main=<bound method BuildVerb.main of <colcon_core.verb.build.BuildVerb object at 0x7f6f3c59ec80>>)
[0.906s] Level 1:colcon.colcon_core.package_discovery:discover_packages(colcon_meta) check parameters
[0.906s] Level 1:colcon.colcon_core.package_discovery:discover_packages(recursive) check parameters
[0.906s] Level 1:colcon.colcon_core.package_discovery:discover_packages(ignore) check parameters
[0.906s] Level 1:colcon.colcon_core.package_discovery:discover_packages(path) check parameters
[0.906s] Level 1:colcon.colcon_core.package_discovery:discover_packages(colcon_meta) discover
[0.906s] Level 1:colcon.colcon_core.package_discovery:discover_packages(recursive) discover
[0.906s] INFO:colcon.colcon_core.package_discovery:Crawling recursively for packages in '/home/leoxia/Code/XJTU-RMV-Task05/src'
[0.907s] Level 1:colcon.colcon_core.package_identification:_identify(.) by extensions ['ignore', 'ignore_ament_install']
[0.907s] Level 1:colcon.colcon_core.package_identification:_identify(.) by extension 'ignore'
[0.908s] Level 1:colcon.colcon_core.package_identification:_identify(.) by extension 'ignore_ament_install'
[0.908s] Level 1:colcon.colcon_core.package_identification:_identify(.) by extensions ['colcon_pkg']
[0.908s] Level 1:colcon.colcon_core.package_identification:_identify(.) by extension 'colcon_pkg'
[0.908s] Level 1:colcon.colcon_core.package_identification:_identify(.) by extensions ['colcon_meta']
[0.908s] Level 1:colcon.colcon_core.package_identification:_identify(.) by extension 'colcon_meta'
[0.908s] Level 1:colcon.colcon_core.package_identification:_identify(.) by extensions ['ros']
[0.908s] Level 1:colcon.colcon_core.package_identification:_identify(.) by extension 'ros'
[0.936s] Level 1:colcon.colcon_core.package_identification:_identify(.) by extensions ['cmake', 'python']
[0.936s] Level 1:colcon.colcon_core.package_identification:_identify(.) by extension 'cmake'
[0.936s] Level 1:colcon.colcon_core.package_identification:_identify(.) by extension 'python'
[0.936s] Level 1:colcon.colcon_core.package_identification:_identify(.) by extensions ['python_setup_py']
[0.936s] Level 1:colcon.colcon_core.package_identification:_identify(.) by extension 'python_setup_py'
[0.936s] Level 1:colcon.colcon_core.package_identification:_identify(build) by extensions ['ignore', 'ignore_ament_install']
[0.937s] Level 1:colcon.colcon_core.package_identification:_identify(build) by extension 'ignore'
[0.937s] Level 1:colcon.colcon_core.package_identification:_identify(build) ignored
[0.937s] Level 1:colcon.colcon_core.package_identification:_identify(detect_and_solve) by extensions ['ignore', 'ignore_ament_install']
[0.937s] Level 1:colcon.colcon_core.package_identification:_identify(detect_and_solve) by extension 'ignore'
[0.937s] Level 1:colcon.colcon_core.package_identification:_identify(detect_and_solve) by extension 'ignore_ament_install'
[0.938s] Level 1:colcon.colcon_core.package_identification:_identify(detect_and_solve) by extensions ['colcon_pkg']
[0.938s] Level 1:colcon.colcon_core.package_identification:_identify(detect_and_solve) by extension 'colcon_pkg'
[0.938s] Level 1:colcon.colcon_core.package_identification:_identify(detect_and_solve) by extensions ['colcon_meta']
[0.938s] Level 1:colcon.colcon_core.package_identification:_identify(detect_and_solve) by extension 'colcon_meta'
[0.938s] Level 1:colcon.colcon_core.package_identification:_identify(detect_and_solve) by extensions ['ros']
[0.938s] Level 1:colcon.colcon_core.package_identification:_identify(detect_and_solve) by extension 'ros'
[0.946s] DEBUG:colcon.colcon_core.package_identification:Package 'detect_and_solve' with type 'ros.ament_cmake' and name 'detect_and_solve'
[0.947s] Level 1:colcon.colcon_core.package_identification:_identify(hik_camera) by extensions ['ignore', 'ignore_ament_install']
[0.947s] Level 1:colcon.colcon_core.package_identification:_identify(hik_camera) by extension 'ignore'
[0.947s] Level 1:colcon.colcon_core.package_identification:_identify(hik_camera) by extension 'ignore_ament_install'
[0.947s] Level 1:colcon.colcon_core.package_identification:_identify(hik_camera) by extensions ['colcon_pkg']
[0.947s] Level 1:colcon.colcon_core.package_identification:_identify(hik_camera) by extension 'colcon_pkg'
[0.948s] Level 1:colcon.colcon_core.package_identification:_identify(hik_camera) by extensions ['colcon_meta']
[0.948s] Level 1:colcon.colcon_core.package_identification:_identify(hik_camera) by extension 'colcon_meta'
[0.948s] Level 1:colcon.colcon_core.package_identification:_identify(hik_camera) by extensions ['ros']
[0.949s] Level 1:colcon.colcon_core.package_identification:_identify(hik_camera) by extension 'ros'
[0.956s] DEBUG:colcon.colcon_core.package_identification:Package 'hik_camera' with type 'ros.ament_cmake' and name 'hik_camera'
[0.956s] Level 1:colcon.colcon_core.package_identification:_identify(install) by extensions ['ignore', 'ignore_ament_install']
[0.957s] Level 1:colcon.colcon_core.package_identification:_identify(install) by extension 'ignore'
[0.957s] Level 1:colcon.colcon_core.package_identification:_identify(install) ignored
[0.957s] Level 1:colcon.colcon_core.package_identification:_identify(log) by extensions ['ignore', 'ignore_ament_install']
[0.958s] Level 1:colcon.colcon_core.package_identification:_identify(log) by extension 'ignore'
[0.958s] Level 1:colcon.colcon_core.package_identification:_identify(log) ignored
[0.958s] Level 1:colcon.colcon_core.package_discovery:discover_packages(recursive) using defaults
[0.958s] Level 1:colcon.colcon_core.package_discovery:discover_packages(ignore) discover
[0.958s] Level 1:colcon.colcon_core.package_discovery:discover_packages(ignore) using defaults
[0.958s] Level 1:colcon.colcon_core.package_discovery:discover_packages(path) discover
[0.958s] Level 1:colcon.colcon_core.package_discovery:discover_packages(path) using defaults
[1.020s] Level 1:colcon.colcon_core.package_discovery:discover_packages(prefix_path) check parameters
[1.020s] Level 1:colcon.colcon_core.package_discovery:discover_packages(prefix_path) discover
[1.026s] DEBUG:colcon.colcon_installed_package_information.package_discovery:Found 2 installed packages in /home/leoxia/Code/XJTU-RMV-Task05/src/install
[1.029s] DEBUG:colcon.colcon_installed_package_information.package_discovery:Found 271 installed packages in /opt/ros/humble
[1.033s] Level 1:colcon.colcon_core.package_discovery:discover_packages(prefix_path) using defaults
[1.229s] Level 5:colcon.colcon_core.verb:set package 'detect_and_solve' build argument 'cmake_args' from command line to 'None'
[1.230s] Level 5:colcon.colcon_core.verb:set package 'detect_and_solve' build argument 'cmake_target' from command line to 'None'
[1.230s] Level 5:colcon.colcon_core.verb:set package 'detect_and_solve' build argument 'cmake_target_skip_unavailable' from command line to 'False'
[1.230s] Level 5:colcon.colcon_core.verb:set package 'detect_and_solve' build argument 'cmake_clean_cache' from command line to 'False'
[1.230s] Level 5:colcon.colcon_core.verb:set package 'detect_and_solve' build argument 'cmake_clean_first' from command line to 'False'
[1.230s] Level 5:colcon.colcon_core.verb:set package 'detect_and_solve' build argument 'cmake_force_configure' from command line to 'False'
[1.230s] Level 5:colcon.colcon_core.verb:set package 'detect_and_solve' build argument 'ament_cmake_args' from command line to 'None'
[1.230s] Level 5:colcon.colcon_core.verb:set package 'detect_and_solve' build argument 'catkin_cmake_args' from command line to 'None'
[1.230s] Level 5:colcon.colcon_core.verb:set package 'detect_and_solve' build argument 'catkin_skip_building_tests' from command line to 'False'
[1.230s] DEBUG:colcon.colcon_core.verb:Building package 'detect_and_solve' with the following arguments: {'ament_cmake_args': None, 'build_base': '/home/leoxia/Code/XJTU-RMV-Task05/src/build/detect_and_solve', 'catkin_cmake_args': None, 'catkin_skip_building_tests': False, 'cmake_args': None, 'cmake_clean_cache': False, 'cmake_clean_first': False, 'cmake_force_configure': False, 'cmake_target': None, 'cmake_target_skip_unavailable': False, 'install_base': '/home/leoxia/Code/XJTU-RMV-Task05/src/install/detect_and_solve', 'merge_install': False, 'path': '/home/leoxia/Code/XJTU-RMV-Task05/src/detect_and_solve', 'symlink_install': True, 'test_result_base': None}
[1.231s] Level 5:colcon.colcon_core.verb:set package 'hik_camera' build argument 'cmake_args' from command line to 'None'
[1.231s] Level 5:colcon.colcon_core.verb:set package 'hik_camera' build argument 'cmake_target' from command line to 'None'
[1.231s] Level 5:colcon.colcon_core.verb:set package 'hik_camera' build argument 'cmake_target_skip_unavailable' from command line to 'False'
[1.231s] Level 5:colcon.colcon_core.verb:set package 'hik_camera' build argument 'cmake_clean_cache' from command line to 'False'
[1.231s] Level 5:colcon.colcon_core.verb:set package 'hik_camera' build argument 'cmake_clean_first' from command line to 'False'
[1.231s] Level 5:colcon.colcon_core.verb:set package 'hik_camera' build argument 'cmake_force_configure' from command line to 'False'
[1.231s] Level 5:colcon.colcon_core.verb:set package 'hik_camera' build argument 'ament_cmake_args' from command line to 'None'
[1.231s] Level 5:colcon.colcon_core.verb:set package 'hik_camera' build argument 'catkin_cmake_args' from command line to 'None'
[1.231s] Level 5:colcon.colcon_core.verb:set package 'hik_camera' build argument 'catkin_skip_building_tests' from command line to 'False'
[1.231s] DEBUG:colcon.colcon_core.verb:Building package 'hik_camera' with the following arguments: {'ament_cmake_args': None, 'build_base': '/home/leoxia/Code/XJTU-RMV-Task05/src/build/hik_camera', 'catkin_cmake_args': None, 'catkin_skip_building_tests': False, 'cmake_args': None, 'cmake_clean_cache': False, 'cmake_clean_first': False, 'cmake_force_configure': False, 'cmake_target': None, 'cmake_target_skip_unavailable': False, 'install_base': '/home/leoxia/Code/XJTU-RMV-Task05/src/install/hik_camera', 'merge_install': False, 'path': '/home/leoxia/Code/XJTU-RMV-Task05/src/hik_camera', 'symlink_install': True, 'test_result_base': None}
[1.232s] INFO:colcon.colcon_core.executor:Executing jobs using 'parallel' executor
[1.233s] DEBUG:colcon.colcon_parallel_executor.executor.parallel:run_until_complete
[1.234s] INFO:colcon.colcon_ros.task.ament_cmake.build:Building ROS package in '/home/leoxia/Code/XJTU-RMV-Task05/src/detect_and_solve' with build type 'ament_cmake'
[1.234s] INFO:colcon.colcon_cmake.task.cmake.build:Building CMake package in '/home/leoxia/Code/XJTU-RMV-Task05/src/detect_and_solve'
[1.245s] INFO:colcon.colcon_core.plugin_system:Skipping extension 'colcon_core.shell.bat': Not used on non-Windows systems
[1.245s] INFO:colcon.colcon_core.shell:Skip shell extension 'powershell' for command environment: Not usable outside of PowerShell
[1.245s] DEBUG:colcon.colcon_core.shell:Skip shell extension 'dsv' for command environment
[1.253s] INFO:colcon.colcon_ros.task.ament_cmake.build:Building ROS package in '/home/leoxia/Code/XJTU-RMV-Task05/src/hik_camera' with build type 'ament_cmake'
[1.254s] INFO:colcon.colcon_cmake.task.cmake.build:Building CMake package in '/home/leoxia/Code/XJTU-RMV-Task05/src/hik_camera'
[1.254s] INFO:colcon.colcon_core.shell:Skip shell extension 'powershell' for command environment: Not usable outside of PowerShell
[1.255s] DEBUG:colcon.colcon_core.shell:Skip shell extension 'dsv' for command environment
[1.276s] DEBUG:colcon.colcon_core.event_handler.log_command:Invoking command in '/home/leoxia/Code/XJTU-RMV-Task05/src/build/detect_and_solve': CMAKE_PREFIX_PATH=${CMAKE_PREFIX_PATH}:/opt/ros/humble /usr/bin/cmake --build /home/leoxia/Code/XJTU-RMV-Task05/src/build/detect_and_solve -- -j4 -l4
[1.288s] DEBUG:colcon.colcon_core.event_handler.log_command:Invoking command in '/home/leoxia/Code/XJTU-RMV-Task05/src/build/hik_camera': CMAKE_PREFIX_PATH=${CMAKE_PREFIX_PATH}:/opt/ros/humble /usr/bin/cmake --build /home/leoxia/Code/XJTU-RMV-Task05/src/build/hik_camera -- -j4 -l4
[1.530s] DEBUG:colcon.colcon_core.event_handler.log_command:Invoked command in '/home/leoxia/Code/XJTU-RMV-Task05/src/build/hik_camera' returned '0': CMAKE_PREFIX_PATH=${CMAKE_PREFIX_PATH}:/opt/ros/humble /usr/bin/cmake --build /home/leoxia/Code/XJTU-RMV-Task05/src/build/hik_camera -- -j4 -l4
[1.561s] DEBUG:colcon.colcon_core.event_handler.log_command:Invoking command in '/home/leoxia/Code/XJTU-RMV-Task05/src/build/hik_camera': CMAKE_PREFIX_PATH=${CMAKE_PREFIX_PATH}:/opt/ros/humble /usr/bin/cmake --install /home/leoxia/Code/XJTU-RMV-Task05/src/build/hik_camera
[1.617s] Level 1:colcon.colcon_core.environment:create_environment_scripts_only(hik_camera)
[1.619s] DEBUG:colcon.colcon_core.event_handler.log_command:Invoked command in '/home/leoxia/Code/XJTU-RMV-Task05/src/build/hik_camera' returned '0': CMAKE_PREFIX_PATH=${CMAKE_PREFIX_PATH}:/opt/ros/humble /usr/bin/cmake --install /home/leoxia/Code/XJTU-RMV-Task05/src/build/hik_camera
[1.629s] Level 1:colcon.colcon_core.environment:checking '/home/leoxia/Code/XJTU-RMV-Task05/src/install/hik_camera' for CMake module files
[1.630s] Level 1:colcon.colcon_core.environment:checking '/home/leoxia/Code/XJTU-RMV-Task05/src/install/hik_camera' for CMake config files
[1.631s] Level 1:colcon.colcon_core.shell:create_environment_hook('hik_camera', 'cmake_prefix_path')
[1.631s] INFO:colcon.colcon_core.shell:Creating environment hook '/home/leoxia/Code/XJTU-RMV-Task05/src/install/hik_camera/share/hik_camera/hook/cmake_prefix_path.ps1'
[1.632s] INFO:colcon.colcon_core.shell:Creating environment descriptor '/home/leoxia/Code/XJTU-RMV-Task05/src/install/hik_camera/share/hik_camera/hook/cmake_prefix_path.dsv'
[1.633s] INFO:colcon.colcon_core.shell:Creating environment hook '/home/leoxia/Code/XJTU-RMV-Task05/src/install/hik_camera/share/hik_camera/hook/cmake_prefix_path.sh'
[1.635s] Level 1:colcon.colcon_core.environment:checking '/home/leoxia/Code/XJTU-RMV-Task05/src/install/hik_camera/lib'
[1.635s] Level 1:colcon.colcon_core.environment:checking '/home/leoxia/Code/XJTU-RMV-Task05/src/install/hik_camera/bin'
[1.635s] Level 1:colcon.colcon_core.environment:checking '/home/leoxia/Code/XJTU-RMV-Task05/src/install/hik_camera/lib/pkgconfig/hik_camera.pc'
[1.636s] Level 1:colcon.colcon_core.environment:checking '/home/leoxia/Code/XJTU-RMV-Task05/src/install/hik_camera/lib/python3.10/site-packages'
[1.637s] Level 1:colcon.colcon_core.environment:checking '/home/leoxia/Code/XJTU-RMV-Task05/src/install/hik_camera/bin'
[1.637s] INFO:colcon.colcon_core.shell:Creating package script '/home/leoxia/Code/XJTU-RMV-Task05/src/install/hik_camera/share/hik_camera/package.ps1'
[1.639s] INFO:colcon.colcon_core.shell:Creating package descriptor '/home/leoxia/Code/XJTU-RMV-Task05/src/install/hik_camera/share/hik_camera/package.dsv'
[1.641s] INFO:colcon.colcon_core.shell:Creating package script '/home/leoxia/Code/XJTU-RMV-Task05/src/install/hik_camera/share/hik_camera/package.sh'
[1.642s] INFO:colcon.colcon_core.shell:Creating package script '/home/leoxia/Code/XJTU-RMV-Task05/src/install/hik_camera/share/hik_camera/package.bash'
[1.643s] INFO:colcon.colcon_core.shell:Creating package script '/home/leoxia/Code/XJTU-RMV-Task05/src/install/hik_camera/share/hik_camera/package.zsh'
[1.645s] Level 1:colcon.colcon_core.environment:create_file_with_runtime_dependencies(/home/leoxia/Code/XJTU-RMV-Task05/src/install/hik_camera/share/colcon-core/packages/hik_camera)
[1.646s] Level 1:colcon.colcon_core.environment:create_environment_scripts_only(hik_camera)
[1.646s] Level 1:colcon.colcon_core.environment:checking '/home/leoxia/Code/XJTU-RMV-Task05/src/install/hik_camera' for CMake module files
[1.647s] Level 1:colcon.colcon_core.environment:checking '/home/leoxia/Code/XJTU-RMV-Task05/src/install/hik_camera' for CMake config files
[1.648s] Level 1:colcon.colcon_core.shell:create_environment_hook('hik_camera', 'cmake_prefix_path')
[1.648s] INFO:colcon.colcon_core.shell:Creating environment hook '/home/leoxia/Code/XJTU-RMV-Task05/src/install/hik_camera/share/hik_camera/hook/cmake_prefix_path.ps1'
[1.649s] INFO:colcon.colcon_core.shell:Creating environment descriptor '/home/leoxia/Code/XJTU-RMV-Task05/src/install/hik_camera/share/hik_camera/hook/cmake_prefix_path.dsv'
[1.650s] INFO:colcon.colcon_core.shell:Creating environment hook '/home/leoxia/Code/XJTU-RMV-Task05/src/install/hik_camera/share/hik_camera/hook/cmake_prefix_path.sh'
[1.651s] Level 1:colcon.colcon_core.environment:checking '/home/leoxia/Code/XJTU-RMV-Task05/src/install/hik_camera/lib'
[1.651s] Level 1:colcon.colcon_core.environment:checking '/home/leoxia/Code/XJTU-RMV-Task05/src/install/hik_camera/bin'
[1.651s] Level 1:colcon.colcon_core.environment:checking '/home/leoxia/Code/XJTU-RMV-Task05/src/install/hik_camera/lib/pkgconfig/hik_camera.pc'
[1.652s] Level 1:colcon.colcon_core.environment:checking '/home/leoxia/Code/XJTU-RMV-Task05/src/install/hik_camera/lib/python3.10/site-packages'
[1.652s] Level 1:colcon.colcon_core.environment:checking '/home/leoxia/Code/XJTU-RMV-Task05/src/install/hik_camera/bin'
[1.653s] INFO:colcon.colcon_core.shell:Creating package script '/home/leoxia/Code/XJTU-RMV-Task05/src/install/hik_camera/share/hik_camera/package.ps1'
[1.654s] INFO:colcon.colcon_core.shell:Creating package descriptor '/home/leoxia/Code/XJTU-RMV-Task05/src/install/hik_camera/share/hik_camera/package.dsv'
[1.655s] INFO:colcon.colcon_core.shell:Creating package script '/home/leoxia/Code/XJTU-RMV-Task05/src/install/hik_camera/share/hik_camera/package.sh'
[1.655s] INFO:colcon.colcon_core.shell:Creating package script '/home/leoxia/Code/XJTU-RMV-Task05/src/install/hik_camera/share/hik_camera/package.bash'
[1.656s] INFO:colcon.colcon_core.shell:Creating package script '/home/leoxia/Code/XJTU-RMV-Task05/src/install/hik_camera/share/hik_camera/package.zsh'
[1.657s] Level 1:colcon.colcon_core.environment:create_file_with_runtime_dependencies(/home/leoxia/Code/XJTU-RMV-Task05/src/install/hik_camera/share/colcon-core/packages/hik_camera)
[22.674s] DEBUG:colcon.colcon_core.event_handler.log_command:Invoked command in '/home/leoxia/Code/XJTU-RMV-Task05/src/build/detect_and_solve' returned '0': CMAKE_PREFIX_PATH=${CMAKE_PREFIX_PATH}:/opt/ros/humble /usr/bin/cmake --build /home/leoxia/Code/XJTU-RMV-Task05/src/build/detect_and_solve -- -j4 -l4
[22.680s] DEBUG:colcon.colcon_core.event_handler.log_command:Invoking command in '/home/leoxia/Code/XJTU-RMV-Task05/src/build/detect_and_solve': CMAKE_PREFIX_PATH=${CMAKE_PREFIX_PATH}:/opt/ros/humble /usr/bin/cmake --install /home/leoxia/Code/XJTU-RMV-Task05/src/build/detect_and_solve
[22.725s] Level 1:colcon.colcon_core.environment:create_environment_scripts_only(detect_and_solve)
[22.725s] Level 1:colcon.colcon_core.environment:checking '/home/leoxia/Code/XJTU-RMV-Task05/src/install/detect_and_solve' for CMake module files
[22.726s] DEBUG:colcon.colcon_core.event_handler.log_command:Invoked command in '/home/leoxia/Code/XJTU-RMV-Task05/src/build/detect_and_solve' returned '0': CMAKE_PREFIX_PATH=${CMAKE_PREFIX_PATH}:/opt/ros/humble /usr/bin/cmake --install /home/leoxia/Code/XJTU-RMV-Task05/src/build/detect_and_solve
[22.727s] Level 1:colcon.colcon_core.environment:checking '/home/leoxia/Code/XJTU-RMV-Task05/src/install/detect_and_solve' for CMake config files
[22.728s] Level 1:colcon.colcon_core.shell:create_environment_hook('detect_and_solve', 'cmake_prefix_path')
[22.729s] INFO:colcon.colcon_core.shell:Creating environment hook '/home/leoxia/Code/XJTU-RMV-Task05/src/install/detect_and_solve/share/detect_and_solve/hook/cmake_prefix_path.ps1'
[22.730s] INFO:colcon.colcon_core.shell:Creating environment descriptor '/home/leoxia/Code/XJTU-RMV-Task05/src/install/detect_and_solve/share/detect_and_solve/hook/cmake_prefix_path.dsv'
[22.730s] INFO:colcon.colcon_core.shell:Creating environment hook '/home/leoxia/Code/XJTU-RMV-Task05/src/install/detect_and_solve/share/detect_and_solve/hook/cmake_prefix_path.sh'
[22.732s] Level 1:colcon.colcon_core.environment:checking '/home/leoxia/Code/XJTU-RMV-Task05/src/install/detect_and_solve/lib'
[22.732s] Level 1:colcon.colcon_core.environment:checking '/home/leoxia/Code/XJTU-RMV-Task05/src/install/detect_and_solve/bin'
[22.732s] Level 1:colcon.colcon_core.environment:checking '/home/leoxia/Code/XJTU-RMV-Task05/src/install/detect_and_solve/lib/pkgconfig/detect_and_solve.pc'
[22.732s] Level 1:colcon.colcon_core.environment:checking '/home/leoxia/Code/XJTU-RMV-Task05/src/install/detect_and_solve/lib/python3.10/site-packages'
[22.733s] Level 1:colcon.colcon_core.environment:checking '/home/leoxia/Code/XJTU-RMV-Task05/src/install/detect_and_solve/bin'
[22.733s] INFO:colcon.colcon_core.shell:Creating package script '/home/leoxia/Code/XJTU-RMV-Task05/src/install/detect_and_solve/share/detect_and_solve/package.ps1'
[22.734s] INFO:colcon.colcon_core.shell:Creating package descriptor '/home/leoxia/Code/XJTU-RMV-Task05/src/install/detect_and_solve/share/detect_and_solve/package.dsv'
[22.735s] INFO:colcon.colcon_core.shell:Creating package script '/home/leoxia/Code/XJTU-RMV-Task05/src/install/detect_and_solve/share/detect_and_solve/package.sh'
[22.736s] INFO:colcon.colcon_core.shell:Creating package script '/home/leoxia/Code/XJTU-RMV-Task05/src/install/detect_and_solve/share/detect_and_solve/package.bash'
[22.736s] INFO:colcon.colcon_core.shell:Creating package script '/home/leoxia/Code/XJTU-RMV-Task05/src/install/detect_and_solve/share/detect_and_solve/package.zsh'
[22.737s] Level 1:colcon.colcon_core.environment:create_file_with_runtime_dependencies(/home/leoxia/Code/XJTU-RMV-Task05/src/install/detect_and_solve/share/colcon-core/packages/detect_and_solve)
[22.738s] Level 1:colcon.colcon_core.environment:create_environment_scripts_only(detect_and_solve)
[22.739s] Level 1:colcon.colcon_core.environment:checking '/home/leoxia/Code/XJTU-RMV-Task05/src/install/detect_and_solve' for CMake module files
[22.739s] Level 1:colcon.colcon_core.environment:checking '/home/leoxia/Code/XJTU-RMV-Task05/src/install/detect_and_solve' for CMake config files
[22.740s] Level 1:colcon.colcon_core.shell:create_environment_hook('detect_and_solve', 'cmake_prefix_path')
[22.740s] INFO:colcon.colcon_core.shell:Creating environment hook '/home/leoxia/Code/XJTU-RMV-Task05/src/install/detect_and_solve/share/detect_and_solve/hook/cmake_prefix_path.ps1'
[22.741s] INFO:colcon.colcon_core.shell:Creating environment descriptor '/home/leoxia/Code/XJTU-RMV-Task05/src/install/detect_and_solve/share/detect_and_solve/hook/cmake_prefix_path.dsv'
[22.742s] INFO:colcon.colcon_core.shell:Creating environment hook '/home/leoxia/Code/XJTU-RMV-Task05/src/install/detect_and_solve/share/detect_and_solve/hook/cmake_prefix_path.sh'
[22.743s] Level 1:colcon.colcon_core.environment:checking '/home/leoxia/Code/XJTU-RMV-Task05/src/install/detect_and_solve/lib'
[22.743s] Level 1:colcon.colcon_core.environment:checking '/home/leoxia/Code/XJTU-RMV-Task05/src/install/detect_and_solve/bin'
[22.743s] Level 1:colcon.colcon_core.environment:checking '/home/leoxia/Code/XJTU-RMV-Task05/src/install/detect_and_solve/lib/pkgconfig/detect_and_solve.pc'
[22.743s] Level 1:colcon.colcon_core.environment:checking '/home/leoxia/Code/XJTU-RMV-Task05/src/install/detect_and_solve/lib/python3.10/site-packages'
[22.744s] Level 1:colcon.colcon_core.environment:checking '/home/leoxia/Code/XJTU-RMV-Task05/src/install/detect_and_solve/bin'
[22.744s] INFO:colcon.colcon_core.shell:Creating package script '/home/leoxia/Code/XJTU-RMV-Task05/src/install/detect_and_solve/share/detect_and_solve/package.ps1'
[22.745s] INFO:colcon.colcon_core.shell:Creating package descriptor '/home/leoxia/Code/XJTU-RMV-Task05/src/install/detect_and_solve/share/detect_and_solve/package.dsv'
[22.746s] INFO:colcon.colcon_core.shell:Creating package script '/home/leoxia/Code/XJTU-RMV-Task05/src/install/detect_and_solve/share/detect_and_solve/package.sh'
[22.747s] INFO:colcon.colcon_core.shell:Creating package script '/home/leoxia/Code/XJTU-RMV-Task05/src/install/detect_and_solve/share/detect_and_solve/package.bash'
[22.747s] INFO:colcon.colcon_core.shell:Creating package script '/home/leoxia/Code/XJTU-RMV-Task05/src/install/detect_and_solve/share/detect_and_solve/package.zsh'
[22.748s] Level 1:colcon.colcon_core.environment:create_file_with_runtime_dependencies(/home/leoxia/Code/XJTU-RMV-Task05/src/install/detect_and_solve/share/colcon-core/packages/detect_and_solve)
[22.749s] DEBUG:colcon.colcon_parallel_executor.executor.parallel:closing loop
[22.750s] DEBUG:colcon.colcon_parallel_executor.executor.parallel:loop closed
[22.750s] DEBUG:colcon.colcon_parallel_executor.executor.parallel:run_until_complete finished with '0'
[22.750s] DEBUG:colcon.colcon_core.event_reactor:joining thread
[22.764s] INFO:colcon.colcon_core.plugin_system:Skipping extension 'colcon_notification.desktop_notification.terminal_notifier': Not used on non-Darwin systems
[22.764s] INFO:colcon.colcon_core.plugin_system:Skipping extension 'colcon_notification.desktop_notification.win32': Not used on non-Windows systems
[22.765s] INFO:colcon.colcon_notification.desktop_notification:Sending desktop notification using 'notify2'
[22.788s] DEBUG:colcon.colcon_core.event_reactor:joined thread
[22.789s] INFO:colcon.colcon_core.shell:Creating prefix script '/home/leoxia/Code/XJTU-RMV-Task05/src/install/local_setup.ps1'
[22.793s] INFO:colcon.colcon_core.shell:Creating prefix util module '/home/leoxia/Code/XJTU-RMV-Task05/src/install/_local_setup_util_ps1.py'
[22.797s] INFO:colcon.colcon_core.shell:Creating prefix chain script '/home/leoxia/Code/XJTU-RMV-Task05/src/install/setup.ps1'
[22.799s] INFO:colcon.colcon_core.shell:Creating prefix script '/home/leoxia/Code/XJTU-RMV-Task05/src/install/local_setup.sh'
[22.800s] INFO:colcon.colcon_core.shell:Creating prefix util module '/home/leoxia/Code/XJTU-RMV-Task05/src/install/_local_setup_util_sh.py'
[22.801s] INFO:colcon.colcon_core.shell:Creating prefix chain script '/home/leoxia/Code/XJTU-RMV-Task05/src/install/setup.sh'
[22.804s] INFO:colcon.colcon_core.shell:Creating prefix script '/home/leoxia/Code/XJTU-RMV-Task05/src/install/local_setup.bash'
[22.806s] INFO:colcon.colcon_core.shell:Creating prefix chain script '/home/leoxia/Code/XJTU-RMV-Task05/src/install/setup.bash'
[22.807s] INFO:colcon.colcon_core.shell:Creating prefix script '/home/leoxia/Code/XJTU-RMV-Task05/src/install/local_setup.zsh'
[22.809s] INFO:colcon.colcon_core.shell:Creating prefix chain script '/home/leoxia/Code/XJTU-RMV-Task05/src/install/setup.zsh'
