[0.027s] Invoking command in '/home/leoxia/Code/XJTU-RMV-Task05/src/build/detect_and_solve': CMAKE_PREFIX_PATH=${CMAKE_PREFIX_PATH}:/opt/ros/humble /usr/bin/cmake --build /home/leoxia/Code/XJTU-RMV-Task05/src/build/detect_and_solve -- -j4 -l4
[0.284s] [100%] Built target detect_and_solve
[0.319s] Invoked command in '/home/leoxia/Code/XJTU-RMV-Task05/src/build/detect_and_solve' returned '0': CMAKE_PREFIX_PATH=${CMAKE_PREFIX_PATH}:/opt/ros/humble /usr/bin/cmake --build /home/leoxia/Code/XJTU-RMV-Task05/src/build/detect_and_solve -- -j4 -l4
[0.345s] Invoking command in '/home/leoxia/Code/XJTU-RMV-Task05/src/build/detect_and_solve': CMAKE_PREFIX_PATH=${CMAKE_PREFIX_PATH}:/opt/ros/humble /usr/bin/cmake --install /home/leoxia/Code/XJTU-RMV-Task05/src/build/detect_and_solve
[0.360s] -- Install configuration: ""
[0.363s] -- Execute custom install script
[0.366s] -- Up-to-date symlink: /home/leoxia/Code/XJTU-RMV-Task05/src/install/detect_and_solve/lib/detect_and_solve/detect_and_solve
[0.366s] -- Up-to-date symlink: /home/leoxia/Code/XJTU-RMV-Task05/src/install/detect_and_solve/include/detect_and_solve/recognition.hpp
[0.367s] -- Up-to-date symlink: /home/leoxia/Code/XJTU-RMV-Task05/src/install/detect_and_solve/include/detect_and_solve/util.hpp
[0.369s] -- Up-to-date symlink: /home/leoxia/Code/XJTU-RMV-Task05/src/install/detect_and_solve/share/detect_and_solve/launch/launch.py
[0.370s] -- Up-to-date symlink: /home/leoxia/Code/XJTU-RMV-Task05/src/install/detect_and_solve/share/detect_and_solve/config/camera.json
[0.371s] -- Up-to-date symlink: /home/leoxia/Code/XJTU-RMV-Task05/src/install/detect_and_solve/share/detect_and_solve/config/camera.yaml
[0.372s] -- Up-to-date symlink: /home/leoxia/Code/XJTU-RMV-Task05/src/install/detect_and_solve/share/ament_index/resource_index/package_run_dependencies/detect_and_solve
[0.373s] -- Up-to-date symlink: /home/leoxia/Code/XJTU-RMV-Task05/src/install/detect_and_solve/share/ament_index/resource_index/parent_prefix_path/detect_and_solve
[0.373s] -- Up-to-date symlink: /home/leoxia/Code/XJTU-RMV-Task05/src/install/detect_and_solve/share/detect_and_solve/environment/ament_prefix_path.sh
[0.374s] -- Up-to-date symlink: /home/leoxia/Code/XJTU-RMV-Task05/src/install/detect_and_solve/share/detect_and_solve/environment/ament_prefix_path.dsv
[0.374s] -- Up-to-date symlink: /home/leoxia/Code/XJTU-RMV-Task05/src/install/detect_and_solve/share/detect_and_solve/environment/path.sh
[0.375s] -- Up-to-date symlink: /home/leoxia/Code/XJTU-RMV-Task05/src/install/detect_and_solve/share/detect_and_solve/environment/path.dsv
[0.377s] -- Up-to-date symlink: /home/leoxia/Code/XJTU-RMV-Task05/src/install/detect_and_solve/share/detect_and_solve/local_setup.bash
[0.377s] -- Up-to-date symlink: /home/leoxia/Code/XJTU-RMV-Task05/src/install/detect_and_solve/share/detect_and_solve/local_setup.sh
[0.378s] -- Up-to-date symlink: /home/leoxia/Code/XJTU-RMV-Task05/src/install/detect_and_solve/share/detect_and_solve/local_setup.zsh
[0.379s] -- Up-to-date symlink: /home/leoxia/Code/XJTU-RMV-Task05/src/install/detect_and_solve/share/detect_and_solve/local_setup.dsv
[0.379s] -- Symlinking: /home/leoxia/Code/XJTU-RMV-Task05/src/install/detect_and_solve/share/detect_and_solve/package.dsv
[0.397s] -- Up-to-date symlink: /home/leoxia/Code/XJTU-RMV-Task05/src/install/detect_and_solve/share/ament_index/resource_index/packages/detect_and_solve
[0.398s] -- Up-to-date symlink: /home/leoxia/Code/XJTU-RMV-Task05/src/install/detect_and_solve/share/detect_and_solve/cmake/detect_and_solveConfig.cmake
[0.399s] -- Up-to-date symlink: /home/leoxia/Code/XJTU-RMV-Task05/src/install/detect_and_solve/share/detect_and_solve/cmake/detect_and_solveConfig-version.cmake
[0.399s] -- Up-to-date symlink: /home/leoxia/Code/XJTU-RMV-Task05/src/install/detect_and_solve/share/detect_and_solve/package.xml
[0.403s] Invoked command in '/home/leoxia/Code/XJTU-RMV-Task05/src/build/detect_and_solve' returned '0': CMAKE_PREFIX_PATH=${CMAKE_PREFIX_PATH}:/opt/ros/humble /usr/bin/cmake --install /home/leoxia/Code/XJTU-RMV-Task05/src/build/detect_and_solve
